00:35:41 **** Build of configuration Release for project libsimitar ****
make all 

* Compiling: ../libsimitar/SimitarWorkspace.cpp -> ../libsimitar/obj/SimitarWorkspace.og++ -fmessage-length=0 -std=c++11 -O0 -g3 -p -pg -ftest-coverage -fprofile-arcs -Wall -c -o ../libsimitar/obj/SimitarWorkspace.o ../libsimitar/SimitarWorkspace.cpp -I ../deps/ -I ../libsimitar/
In file included from ../libsimitar/SimitarWorkspace.h:18:0,
                 from ../libsimitar/SimitarWorkspace.cpp:8:
../libsimitar/PlogMacros.h:20:0: warning: "PLOG_INIT" redefined
 #define PLOG_INIT(logLevel)\
 
In file included from ../libsimitar/SimitarWorkspace.h:17:0,
                 from ../libsimitar/SimitarWorkspace.cpp:8:
../libsimitar/Defines.h:323:0: note: this is the location of the previous definition
 #define PLOG_INIT() plog::RollingFileAppender<plog::CsvFormatter> fileAppender("MultiAppender.csv", 8000, 3); \
 
	 Compile time: 00:00:00

* Compiling: ../libsimitar/DummyFlow.cpp -> ../libsimitar/obj/DummyFlow.og++ -fmessage-length=0 -std=c++11 -O0 -g3 -p -pg -ftest-coverage -fprofile-arcs -Wall -c -o ../libsimitar/obj/DummyFlow.o ../libsimitar/DummyFlow.cpp -I ../deps/ -I ../libsimitar/
../libsimitar/DummyFlow.cpp: In member function ‘void DummyFlow::flowStart()’:
../libsimitar/DummyFlow.cpp:28:10: warning: unused variable ‘flowId’ [-Wunused-variable]
  counter flowId = 0;
          ^~~~~~
../libsimitar/DummyFlow.cpp: In member function ‘virtual void DummyFlow::flowGenerate(const counter&, const time_sec&, const uint&, const uint&, const string&)’:
../libsimitar/DummyFlow.cpp:76:6: warning: unused variable ‘rc’ [-Wunused-variable]
  int rc = 0;
      ^~
../libsimitar/DummyFlow.cpp:78:15: warning: unused variable ‘usecs’ [-Wunused-variable]
  unsigned int usecs = (unsigned int) (this->getFlowStartDelay() * MEGA_POWER);
               ^~~~~
../libsimitar/DummyFlow.cpp:80:11: warning: unused variable ‘prt’ [-Wunused-variable]
  protocol prt;
           ^~~
	 Compile time: 00:00:02

* Compiling: ../libsimitar/RegressionTests.cpp -> ../libsimitar/obj/RegressionTests.og++ -fmessage-length=0 -std=c++11 -O0 -g3 -p -pg -ftest-coverage -fprofile-arcs -Wall -c -o ../libsimitar/obj/RegressionTests.o ../libsimitar/RegressionTests.cpp -I ../deps/ -I ../libsimitar/
	 Compile time: 00:00:00

* Compiling: ../libsimitar/NetworkTrace.cpp -> ../libsimitar/obj/NetworkTrace.og++ -fmessage-length=0 -std=c++11 -O0 -g3 -p -pg -ftest-coverage -fprofile-arcs -Wall -c -o ../libsimitar/obj/NetworkTrace.o ../libsimitar/NetworkTrace.cpp -I ../deps/ -I ../libsimitar/
In file included from ../libsimitar/SimitarWorkspace.h:18:0,
                 from ../libsimitar/NetworkTrace.h:47,
                 from ../libsimitar/NetworkTrace.cpp:8:
../libsimitar/PlogMacros.h:20:0: warning: "PLOG_INIT" redefined
 #define PLOG_INIT(logLevel)\
 
In file included from ../libsimitar/NetworkTrace.h:41:0,
                 from ../libsimitar/NetworkTrace.cpp:8:
../libsimitar/Defines.h:323:0: note: this is the location of the previous definition
 #define PLOG_INIT() plog::RollingFileAppender<plog::CsvFormatter> fileAppender("MultiAppender.csv", 8000, 3); \
 
../libsimitar/NetworkTrace.cpp: In constructor ‘NetworkTrace::NetworkTrace(const string&, const string&)’:
../libsimitar/NetworkTrace.cpp:28:11: warning: variable ‘fcounter’ set but not used [-Wunused-but-set-variable]
  long int fcounter = 0;
           ^~~~~~~~
../libsimitar/NetworkTrace.cpp: In member function ‘int NetworkTrace::getLocalIfIp(char*, char*)’:
../libsimitar/NetworkTrace.cpp:969:6: warning: unused variable ‘family’ [-Wunused-variable]
  int family, s;
      ^~~~~~
../libsimitar/NetworkTrace.cpp: In member function ‘int NetworkTrace::getLocalIp(const char*, char*)’:
../libsimitar/NetworkTrace.cpp:1008:6: warning: unused variable ‘family’ [-Wunused-variable]
  int family, s;
      ^~~~~~
	 Compile time: 00:00:03

* Compiling: ../libsimitar/cfunctions.cpp -> ../libsimitar/obj/cfunctions.og++ -fmessage-length=0 -std=c++11 -O0 -g3 -p -pg -ftest-coverage -fprofile-arcs -Wall -c -o ../libsimitar/obj/cfunctions.o ../libsimitar/cfunctions.cpp -I ../deps/ -I ../libsimitar/
../libsimitar/cfunctions.cpp: In function ‘void charvet2type(const char*, std::__cxx11::list<unsigned int>&)’:
../libsimitar/cfunctions.cpp:310:36: warning: format ‘%d’ expects argument of type ‘int*’, but argument 3 has type ‘long int*’ [-Wformat=]
    sscanf(buffer, "%d", &val_buffer);
                                    ^
../libsimitar/cfunctions.cpp: In function ‘bool test_charvet2type()’:
../libsimitar/cfunctions.cpp:611:7: warning: unused variable ‘in_cstrN’ [-Wunused-variable]
  char in_cstrN[CHAR_BUFFER] = "";
       ^~~~~~~~
	 Compile time: 00:00:02

* Compiling: ../libsimitar/NetworkFlow.cpp -> ../libsimitar/obj/NetworkFlow.og++ -fmessage-length=0 -std=c++11 -O0 -g3 -p -pg -ftest-coverage -fprofile-arcs -Wall -c -o ../libsimitar/obj/NetworkFlow.o ../libsimitar/NetworkFlow.cpp -I ../deps/ -I ../libsimitar/
../libsimitar/NetworkFlow.cpp: In member function ‘int NetworkFlow::getLocalIfIp(char*, char*)’:
../libsimitar/NetworkFlow.cpp:806:6: warning: unused variable ‘family’ [-Wunused-variable]
  int family, s;
      ^~~~~~
../libsimitar/NetworkFlow.cpp: In member function ‘int NetworkFlow::getLocalIp(const char*, char*)’:
../libsimitar/NetworkFlow.cpp:845:6: warning: unused variable ‘family’ [-Wunused-variable]
  int family, s;
      ^~~~~~
	 Compile time: 00:00:02

* Compiling: ../libsimitar/DatabaseInterface.cpp -> ../libsimitar/obj/DatabaseInterface.og++ -fmessage-length=0 -std=c++11 -O0 -g3 -p -pg -ftest-coverage -fprofile-arcs -Wall -c -o ../libsimitar/obj/DatabaseInterface.o ../libsimitar/DatabaseInterface.cpp -I ../deps/ -I ../libsimitar/
In file included from ../libsimitar/SimitarWorkspace.h:18:0,
                 from ../libsimitar/DatabaseInterface.h:29,
                 from ../libsimitar/DatabaseInterface.cpp:8:
../libsimitar/PlogMacros.h:20:0: warning: "PLOG_INIT" redefined
 #define PLOG_INIT(logLevel)\
 
In file included from ../libsimitar/cfunctions.h:23:0,
                 from ../libsimitar/DatabaseInterface.h:28,
                 from ../libsimitar/DatabaseInterface.cpp:8:
../libsimitar/Defines.h:323:0: note: this is the location of the previous definition
 #define PLOG_INIT() plog::RollingFileAppender<plog::CsvFormatter> fileAppender("MultiAppender.csv", 8000, 3); \
 
	 Compile time: 00:00:01

* Compiling: ../libsimitar/StochasticModelFit.cpp -> ../libsimitar/obj/StochasticModelFit.og++ -fmessage-length=0 -std=c++11 -O0 -g3 -p -pg -ftest-coverage -fprofile-arcs -Wall -c -o ../libsimitar/obj/StochasticModelFit.o ../libsimitar/StochasticModelFit.cpp -I ../deps/ -I ../libsimitar/
	 Compile time: 00:00:02

* Compiling: ../libsimitar/DataProcessor.cpp -> ../libsimitar/obj/DataProcessor.og++ -fmessage-length=0 -std=c++11 -O0 -g3 -p -pg -ftest-coverage -fprofile-arcs -Wall -c -o ../libsimitar/obj/DataProcessor.o ../libsimitar/DataProcessor.cpp -I ../deps/ -I ../libsimitar/
In file included from ../libsimitar/SimitarWorkspace.h:18:0,
                 from ../libsimitar/DatabaseInterface.h:29,
                 from ../libsimitar/DataProcessor.h:32,
                 from ../libsimitar/DataProcessor.cpp:8:
../libsimitar/PlogMacros.h:20:0: warning: "PLOG_INIT" redefined
 #define PLOG_INIT(logLevel)\
 
In file included from ../libsimitar/DataProcessor.h:31:0,
                 from ../libsimitar/DataProcessor.cpp:8:
../libsimitar/Defines.h:323:0: note: this is the location of the previous definition
 #define PLOG_INIT() plog::RollingFileAppender<plog::CsvFormatter> fileAppender("MultiAppender.csv", 8000, 3); \
 
	 Compile time: 00:00:03

* Compiling: ../libsimitar/CsvFile.cpp -> ../libsimitar/obj/CsvFile.og++ -fmessage-length=0 -std=c++11 -O0 -g3 -p -pg -ftest-coverage -fprofile-arcs -Wall -c -o ../libsimitar/obj/CsvFile.o ../libsimitar/CsvFile.cpp -I ../deps/ -I ../libsimitar/
	 Compile time: 00:00:01

* Archiving: libsimitar.aar rvs   libsimitar.a  ../libsimitar/obj/SimitarWorkspace.o ../libsimitar/obj/DummyFlow.o ../libsimitar/obj/RegressionTests.o ../libsimitar/obj/NetworkTrace.o ../libsimitar/obj/cfunctions.o ../libsimitar/obj/NetworkFlow.o ../libsimitar/obj/DatabaseInterface.o ../libsimitar/obj/StochasticModelFit.o ../libsimitar/obj/DataProcessor.o ../libsimitar/obj/CsvFile.o 
ar: criando libsimitar.a
a - ../libsimitar/obj/SimitarWorkspace.o
a - ../libsimitar/obj/DummyFlow.o
a - ../libsimitar/obj/RegressionTests.o
a - ../libsimitar/obj/NetworkTrace.o
a - ../libsimitar/obj/cfunctions.o
a - ../libsimitar/obj/NetworkFlow.o
a - ../libsimitar/obj/DatabaseInterface.o
a - ../libsimitar/obj/StochasticModelFit.o
a - ../libsimitar/obj/DataProcessor.o
a - ../libsimitar/obj/CsvFile.o
	 Link time: 00:00:00
01:25:15 **** Incremental Build of configuration Release for project libsimitar ****
make all 
make: Nothing to be done for 'all'.
01:25:15 **** Incremental Build of configuration Default for project trace-analyzer ****
make all 

* Compiling: ../trace-analyzer/src/Main.cpp -> ../trace-analyzer/obj/Main.og++ -fmessage-length=0 -std=c++11 -O0 -g3 -p -pg -ftest-coverage -fprofile-arcs -Wall -c -o ../trace-analyzer/obj/Main.o ../trace-analyzer/src/Main.cpp -I ../deps/ -I ../libsimitar/
In file included from ../libsimitar/SimitarWorkspace.h:18:0,
                 from ../libsimitar/DatabaseInterface.h:29,
                 from ../trace-analyzer/src/Main.cpp:17:
../libsimitar/PlogMacros.h:20:0: warning: "PLOG_INIT" redefined
 #define PLOG_INIT(logLevel)\
 
In file included from ../libsimitar/cfunctions.h:23:0,
                 from ../libsimitar/DatabaseInterface.h:28,
                 from ../trace-analyzer/src/Main.cpp:17:
../libsimitar/Defines.h:323:0: note: this is the location of the previous definition
 #define PLOG_INIT() plog::RollingFileAppender<plog::CsvFormatter> fileAppender("MultiAppender.csv", 8000, 3); \
 
../trace-analyzer/src/Main.cpp: In function ‘int main(int, char**)’:
../trace-analyzer/src/Main.cpp:136:75: error: no matching function for call to ‘DataProcessor::DataProcessor(time_scale&, double&, double&, int&)’
    DataProcessor dp = DataProcessor(dpTimeScale, on_val, off_val, pkts_val);
                                                                           ^
In file included from ../trace-analyzer/src/Main.cpp:18:0:
../libsimitar/DataProcessor.h:70:2: note: candidate: DataProcessor::DataProcessor(time_scale, time_sec, time_sec, uint, const string&)
  DataProcessor(time_scale timeScale, time_sec minOnTime,
  ^~~~~~~~~~~~~
../libsimitar/DataProcessor.h:70:2: note:   candidate expects 5 arguments, 4 provided
../libsimitar/DataProcessor.h:60:2: note: candidate: DataProcessor::DataProcessor()
  DataProcessor();
  ^~~~~~~~~~~~~
../libsimitar/DataProcessor.h:60:2: note:   candidate expects 0 arguments, 4 provided
../libsimitar/DataProcessor.h:53:7: note: candidate: DataProcessor::DataProcessor(const DataProcessor&)
 class DataProcessor
       ^~~~~~~~~~~~~
../libsimitar/DataProcessor.h:53:7: note:   candidate expects 1 argument, 4 provided
../trace-analyzer/src/Main.cpp:140:48: error: no match for ‘operator+’ (operand types are ‘std::__cxx11::basic_string<char>’ and ‘NetworkTrace’)
    trace.writeToFile(workspace.dir_xml() + "/" + trace + ".xml");
                      ~~~~~~~~~~~~~~~~~~~~~~~~~~^~~~~~~
In file included from /usr/include/armadillo:396:0,
                 from ../libsimitar/cfunctions.h:19,
                 from ../libsimitar/DatabaseInterface.h:28,
                 from ../trace-analyzer/src/Main.cpp:17:
/usr/include/armadillo_bits/operator_plus.hpp:21:1: note: candidate: template<class T1> typename arma::enable_if2<arma::is_arma_type<T1>::value, const T1&>::result arma::operator+(const T1&)
 operator+
 ^~~~~~~~
/usr/include/armadillo_bits/operator_plus.hpp:21:1: note:   template argument deduction/substitution failed:
../trace-analyzer/src/Main.cpp:140:50: note:   candidate expects 1 argument, 2 provided
    trace.writeToFile(workspace.dir_xml() + "/" + trace + ".xml");
                                                  ^~~~~
In file included from /usr/include/armadillo:396:0,
                 from ../libsimitar/cfunctions.h:19,
                 from ../libsimitar/DatabaseInterface.h:28,
                 from ../trace-analyzer/src/Main.cpp:17:
/usr/include/armadillo_bits/operator_plus.hpp:35:1: note: candidate: template<class T1> typename arma::enable_if2<arma::is_arma_type<T1>::value, const arma::eOp<T1, arma::eop_scalar_plus> >::result arma::operator+(const T1&, typename T1::elem_type)
 operator+
 ^~~~~~~~
/usr/include/armadillo_bits/operator_plus.hpp:35:1: note:   template argument deduction/substitution failed:
/usr/include/armadillo_bits/operator_plus.hpp: In substitution of ‘template<class T1> typename arma::enable_if2<arma::is_arma_type<T1>::value, const arma::eOp<T1, arma::eop_scalar_plus> >::result arma::operator+(const T1&, typename T1::elem_type) [with T1 = std::__cxx11::basic_string<char>]’:
../trace-analyzer/src/Main.cpp:140:50:   required from here
/usr/include/armadillo_bits/operator_plus.hpp:35:1: error: no type named ‘result’ in ‘struct arma::enable_if2<false, const arma::eOp<std::__cxx11::basic_string<char>, arma::eop_scalar_plus> >’
/usr/include/armadillo_bits/operator_plus.hpp:49:1: note: candidate: template<class T1> typename arma::enable_if2<arma::is_arma_type<T1>::value, const arma::eOp<T1, arma::eop_scalar_plus> >::result arma::operator+(typename T1::elem_type, const T1&)
 operator+
 ^~~~~~~~
/usr/include/armadillo_bits/operator_plus.hpp:49:1: note:   template argument deduction/substitution failed:
/usr/include/armadillo_bits/operator_plus.hpp: In substitution of ‘template<class T1> typename arma::enable_if2<arma::is_arma_type<T1>::value, const arma::eOp<T1, arma::eop_scalar_plus> >::result arma::operator+(typename T1::elem_type, const T1&) [with T1 = NetworkTrace]’:
../trace-analyzer/src/Main.cpp:140:50:   required from here
/usr/include/armadillo_bits/operator_plus.hpp:49:1: error: no type named ‘result’ in ‘struct arma::enable_if2<false, const arma::eOp<NetworkTrace, arma::eop_scalar_plus> >’
/usr/include/armadillo_bits/operator_plus.hpp:68:1: note: candidate: template<class T1> typename arma::enable_if2<(arma::is_arma_type<T1>::value && arma::is_cx<typename T1::elem_type>::no), const arma::mtOp<std::complex<typename T1::pod_type>, T1, arma::op_cx_scalar_plus> >::result arma::operator+(const T1&, const std::complex<typename T1::pod_type>&)
 operator+
 ^~~~~~~~
/usr/include/armadillo_bits/operator_plus.hpp:68:1: note:   template argument deduction/substitution failed:
/usr/include/armadillo_bits/operator_plus.hpp: In substitution of ‘template<class T1> typename arma::enable_if2<(arma::is_arma_type<T1>::value && arma::is_cx<typename T1::elem_type>::no), const arma::mtOp<std::complex<typename T1::pod_type>, T1, arma::op_cx_scalar_plus> >::result arma::operator+(const T1&, const std::complex<typename T1::pod_type>&) [with T1 = std::__cxx11::basic_string<char>]’:
../trace-analyzer/src/Main.cpp:140:50:   required from here
/usr/include/armadillo_bits/operator_plus.hpp:65:28: error: no type named ‘elem_type’ in ‘class std::__cxx11::basic_string<char>’
   (is_arma_type<T1>::value && is_cx<typename T1::elem_type>::no),
   ~~~~~~~~~~~~~~~~~~~~~~~~~^~~~~~~~~~~~~~~~~~~~~~~~~~~~~~~~~~~~~
/usr/include/armadillo_bits/operator_plus.hpp:90:1: note: candidate: template<class T1> typename arma::enable_if2<(arma::is_arma_type<T1>::value && arma::is_cx<typename T1::elem_type>::no), const arma::mtOp<std::complex<typename T1::pod_type>, T1, arma::op_cx_scalar_plus> >::result arma::operator+(const std::complex<typename T1::pod_type>&, const T1&)
 operator+
 ^~~~~~~~
/usr/include/armadillo_bits/operator_plus.hpp:90:1: note:   template argument deduction/substitution failed:
/usr/include/armadillo_bits/operator_plus.hpp: In substitution of ‘template<class T1> typename arma::enable_if2<(arma::is_arma_type<T1>::value && arma::is_cx<typename T1::elem_type>::no), const arma::mtOp<std::complex<typename T1::pod_type>, T1, arma::op_cx_scalar_plus> >::result arma::operator+(const std::complex<typename T1::pod_type>&, const T1&) [with T1 = NetworkTrace]’:
../trace-analyzer/src/Main.cpp:140:50:   required from here
/usr/include/armadillo_bits/operator_plus.hpp:65:28: error: no type named ‘elem_type’ in ‘class NetworkTrace’
   (is_arma_type<T1>::value && is_cx<typename T1::elem_type>::no),
   ~~~~~~~~~~~~~~~~~~~~~~~~~^~~~~~~~~~~~~~~~~~~~~~~~~~~~~~~~~~~~~
/usr/include/armadillo_bits/operator_plus.hpp:112:1: note: candidate: template<class T1, class T2> typename arma::enable_if2<((arma::is_arma_type<T1>::value && arma::is_arma_type<T2>::value) && arma::is_same_type<typename T1::elem_type, typename T2::elem_type>::value), const arma::eGlue<T1, T2, arma::eglue_plus> >::result arma::operator+(const T1&, const T2&)
 operator+
 ^~~~~~~~
/usr/include/armadillo_bits/operator_plus.hpp:112:1: note:   template argument deduction/substitution failed:
/usr/include/armadillo_bits/operator_plus.hpp: In substitution of ‘template<class T1, class T2> typename arma::enable_if2<((arma::is_arma_type<T1>::value && arma::is_arma_type<T2>::value) && arma::is_same_type<typename T1::elem_type, typename T2::elem_type>::value), const arma::eGlue<T1, T2, arma::eglue_plus> >::result arma::operator+(const T1&, const T2&) [with T1 = std::__cxx11::basic_string<char>; T2 = NetworkTrace]’:
../trace-analyzer/src/Main.cpp:140:50:   required from here
/usr/include/armadillo_bits/operator_plus.hpp:109:54: error: no type named ‘elem_type’ in ‘class std::__cxx11::basic_string<char>’
   is_arma_type<T1>::value && is_arma_type<T2>::value && is_same_type<typename T1::elem_type, typename T2::elem_type>::value,
   ~~~~~~~~~~~~~~~~~~~~~~~~~~~~~~~~~~~~~~~~~~~~~~~~~~~^~~~~~~~~~~~~~~~~~~~~~~~~~~~~~~~~~~~~~~~~~~~~~~~~~~~~~~~~~~~~~~
/usr/include/armadillo_bits/operator_plus.hpp:134:1: note: candidate: template<class T1, class T2> typename arma::enable_if2<((arma::is_arma_type<T1>::value && arma::is_arma_type<T2>::value) && arma::is_same_type<typename T1::elem_type, typename T2::elem_type>::no), const arma::mtGlue<typename arma::promote_type<typename T1::elem_type, typename T2::elem_type>::result, T1, T2, arma::glue_mixed_plus> >::result arma::operator+(const T1&, const T2&)
 operator+
 ^~~~~~~~
/usr/include/armadillo_bits/operator_plus.hpp:134:1: note:   template argument deduction/substitution failed:
/usr/include/armadillo_bits/operator_plus.hpp: In substitution of ‘template<class T1, class T2> typename arma::enable_if2<((arma::is_arma_type<T1>::value && arma::is_arma_type<T2>::value) && arma::is_same_type<typename T1::elem_type, typename T2::elem_type>::no), const arma::mtGlue<typename arma::promote_type<typename T1::elem_type, typename T2::elem_type>::result, T1, T2, arma::glue_mixed_plus> >::result arma::operator+(const T1&, const T2&) [with T1 = std::__cxx11::basic_string<char>; T2 = NetworkTrace]’:
../trace-analyzer/src/Main.cpp:140:50:   required from here
/usr/include/armadillo_bits/operator_plus.hpp:131:59: error: no type named ‘elem_type’ in ‘class std::__cxx11::basic_string<char>’
   (is_arma_type<T1>::value && is_arma_type<T2>::value && (is_same_type<typename T1::elem_type, typename T2::elem_type>::no)),
                                                          ~^~~~~~~~~~~~~~~~~~~~~~~~~~~~~~~~~~~~~~~~~~~~~~~~~~~~~~~~~~~~~~~~~
In file included from /usr/include/armadillo:396:0,
                 from ../libsimitar/cfunctions.h:19,
                 from ../libsimitar/DatabaseInterface.h:28,
                 from ../trace-analyzer/src/Main.cpp:17:
/usr/include/armadillo_bits/operator_plus.hpp:164:1: note: candidate: template<class T1, class T2> typename arma::enable_if2<((arma::is_arma_sparse_type<T1>::value && arma::is_arma_sparse_type<T2>::value) && arma::is_same_type<typename T1::elem_type, typename T2::elem_type>::value), arma::SpGlue<T1, T2, arma::spglue_plus> >::result arma::operator+(const T1&, const T2&)
 operator+
 ^~~~~~~~
/usr/include/armadillo_bits/operator_plus.hpp:164:1: note:   template argument deduction/substitution failed:
In file included from /usr/include/armadillo:396:0,
                 from ../libsimitar/cfunctions.h:19,
                 from ../libsimitar/DatabaseInterface.h:28,
                 from ../trace-analyzer/src/Main.cpp:17:
/usr/include/armadillo_bits/operator_plus.hpp: In substitution of ‘template<class T1, class T2> typename arma::enable_if2<((arma::is_arma_sparse_type<T1>::value && arma::is_arma_sparse_type<T2>::value) && arma::is_same_type<typename T1::elem_type, typename T2::elem_type>::value), arma::SpGlue<T1, T2, arma::spglue_plus> >::result arma::operator+(const T1&, const T2&) [with T1 = std::__cxx11::basic_string<char>; T2 = NetworkTrace]’:
../trace-analyzer/src/Main.cpp:140:50:   required from here
/usr/include/armadillo_bits/operator_plus.hpp:161:69: error: no type named ‘elem_type’ in ‘class std::__cxx11::basic_string<char>’
   (is_arma_sparse_type<T1>::value && is_arma_sparse_type<T2>::value && is_same_type<typename T1::elem_type, typename T2::elem_type>::value),
   ~~~~~~~~~~~~~~~~~~~~~~~~~~~~~~~~~~~~~~~~~~~~~~~~~~~~~~~~~~~~~~~~~~^~~~~~~~~~~~~~~~~~~~~~~~~~~~~~~~~~~~~~~~~~~~~~~~~~~~~~~~~~~~~~~~~~~~~~~
In file included from /usr/include/armadillo:396:0,
                 from ../libsimitar/cfunctions.h:19,
                 from ../libsimitar/DatabaseInterface.h:28,
                 from ../trace-analyzer/src/Main.cpp:17:
/usr/include/armadillo_bits/operator_plus.hpp:186:1: note: candidate: template<class T1, class T2> typename arma::enable_if2<((arma::is_arma_type<T1>::value && arma::is_arma_sparse_type<T2>::value) && arma::is_same_type<typename T1::elem_type, typename T2::elem_type>::value), arma::Mat<typename T1::elem_type> >::result arma::operator+(const T1&, const T2&)
 operator+
 ^~~~~~~~
/usr/include/armadillo_bits/operator_plus.hpp:186:1: note:   template argument deduction/substitution failed:
/usr/include/armadillo_bits/operator_plus.hpp: In substitution of ‘template<class T1, class T2> typename arma::enable_if2<((arma::is_arma_type<T1>::value && arma::is_arma_sparse_type<T2>::value) && arma::is_same_type<typename T1::elem_type, typename T2::elem_type>::value), arma::Mat<typename T1::elem_type> >::result arma::operator+(const T1&, const T2&) [with T1 = std::__cxx11::basic_string<char>; T2 = NetworkTrace]’:
../trace-analyzer/src/Main.cpp:140:50:   required from here
/usr/include/armadillo_bits/operator_plus.hpp:183:62: error: no type named ‘elem_type’ in ‘class std::__cxx11::basic_string<char>’
   (is_arma_type<T1>::value && is_arma_sparse_type<T2>::value && is_same_type<typename T1::elem_type, typename T2::elem_type>::value),
   ~~~~~~~~~~~~~~~~~~~~~~~~~~~~~~~~~~~~~~~~~~~~~~~~~~~~~~~~~~~^~~~~~~~~~~~~~~~~~~~~~~~~~~~~~~~~~~~~~~~~~~~~~~~~~~~~~~~~~~~~~~~~~~~~~~
/usr/include/armadillo_bits/operator_plus.hpp:223:1: note: candidate: template<class T1, class T2> typename arma::enable_if2<((arma::is_arma_sparse_type<T1>::value && arma::is_arma_type<T2>::value) && arma::is_same_type<typename T1::elem_type, typename T2::elem_type>::value), arma::Mat<typename T1::elem_type> >::result arma::operator+(const T1&, const T2&)
 operator+
 ^~~~~~~~
/usr/include/armadillo_bits/operator_plus.hpp:223:1: note:   template argument deduction/substitution failed:
/usr/include/armadillo_bits/operator_plus.hpp: In substitution of ‘template<class T1, class T2> typename arma::enable_if2<((arma::is_arma_sparse_type<T1>::value && arma::is_arma_type<T2>::value) && arma::is_same_type<typename T1::elem_type, typename T2::elem_type>::value), arma::Mat<typename T1::elem_type> >::result arma::operator+(const T1&, const T2&) [with T1 = std::__cxx11::basic_string<char>; T2 = NetworkTrace]’:
../trace-analyzer/src/Main.cpp:140:50:   required from here
/usr/include/armadillo_bits/operator_plus.hpp:220:62: error: no type named ‘elem_type’ in ‘class std::__cxx11::basic_string<char>’
   (is_arma_sparse_type<T1>::value && is_arma_type<T2>::value && is_same_type<typename T1::elem_type, typename T2::elem_type>::value),
   ~~~~~~~~~~~~~~~~~~~~~~~~~~~~~~~~~~~~~~~~~~~~~~~~~~~~~~~~~~~^~~~~~~~~~~~~~~~~~~~~~~~~~~~~~~~~~~~~~~~~~~~~~~~~~~~~~~~~~~~~~~~~~~~~~~
/usr/include/armadillo_bits/operator_plus.hpp:240:1: note: candidate: template<class parent, unsigned int mode, class T2> arma::Mat<typename T1::elem_type> arma::operator+(const arma::subview_each1<parent, mode>&, const arma::Base<typename parent::elem_type, T2>&)
 operator+
 ^~~~~~~~
/usr/include/armadillo_bits/operator_plus.hpp:240:1: note:   template argument deduction/substitution failed:
../trace-analyzer/src/Main.cpp:140:50: note:   ‘std::__cxx11::basic_string<char>’ is not derived from ‘const arma::subview_each1<parent, mode>’
    trace.writeToFile(workspace.dir_xml() + "/" + trace + ".xml");
                                                  ^~~~~
In file included from /usr/include/armadillo:396:0,
                 from ../libsimitar/cfunctions.h:19,
                 from ../libsimitar/DatabaseInterface.h:28,
                 from ../trace-analyzer/src/Main.cpp:17:
/usr/include/armadillo_bits/operator_plus.hpp:256:1: note: candidate: template<class T1, class parent, unsigned int mode> arma::Mat<typename parent::elem_type> arma::operator+(const arma::Base<typename parent::elem_type, T1>&, const arma::subview_each1<parent, mode>&)
 operator+
 ^~~~~~~~
/usr/include/armadillo_bits/operator_plus.hpp:256:1: note:   template argument deduction/substitution failed:
../trace-analyzer/src/Main.cpp:140:50: note:   ‘std::__cxx11::basic_string<char>’ is not derived from ‘const arma::Base<typename parent::elem_type, T1>’
    trace.writeToFile(workspace.dir_xml() + "/" + trace + ".xml");
                                                  ^~~~~
In file included from /usr/include/armadillo:396:0,
                 from ../libsimitar/cfunctions.h:19,
                 from ../libsimitar/DatabaseInterface.h:28,
                 from ../trace-analyzer/src/Main.cpp:17:
/usr/include/armadillo_bits/operator_plus.hpp:272:1: note: candidate: template<class parent, unsigned int mode, class TB, class T2> arma::Mat<typename T1::elem_type> arma::operator+(const arma::subview_each2<parent, mode, TB>&, const arma::Base<typename parent::elem_type, T2>&)
 operator+
 ^~~~~~~~
/usr/include/armadillo_bits/operator_plus.hpp:272:1: note:   template argument deduction/substitution failed:
../trace-analyzer/src/Main.cpp:140:50: note:   ‘std::__cxx11::basic_string<char>’ is not derived from ‘const arma::subview_each2<parent, mode, TB>’
    trace.writeToFile(workspace.dir_xml() + "/" + trace + ".xml");
                                                  ^~~~~
In file included from /usr/include/armadillo:396:0,
                 from ../libsimitar/cfunctions.h:19,
                 from ../libsimitar/DatabaseInterface.h:28,
                 from ../trace-analyzer/src/Main.cpp:17:
/usr/include/armadillo_bits/operator_plus.hpp:288:1: note: candidate: template<class T1, class parent, unsigned int mode, class TB> arma::Mat<typename parent::elem_type> arma::operator+(const arma::Base<typename parent::elem_type, T1>&, const arma::subview_each2<parent, mode, TB>&)
 operator+
 ^~~~~~~~
/usr/include/armadillo_bits/operator_plus.hpp:288:1: note:   template argument deduction/substitution failed:
../trace-analyzer/src/Main.cpp:140:50: note:   ‘std::__cxx11::basic_string<char>’ is not derived from ‘const arma::Base<typename parent::elem_type, T1>’
    trace.writeToFile(workspace.dir_xml() + "/" + trace + ".xml");
                                                  ^~~~~
In file included from /usr/include/armadillo:403:0,
                 from ../libsimitar/cfunctions.h:19,
                 from ../libsimitar/DatabaseInterface.h:28,
                 from ../trace-analyzer/src/Main.cpp:17:
/usr/include/armadillo_bits/operator_cube_plus.hpp:20:1: note: candidate: template<class T1> const arma::BaseCube<typename T1::elem_type, T1>& arma::operator+(const arma::BaseCube<typename T1::elem_type, T1>&)
 operator+
 ^~~~~~~~
/usr/include/armadillo_bits/operator_cube_plus.hpp:20:1: note:   template argument deduction/substitution failed:
../trace-analyzer/src/Main.cpp:140:50: note:   ‘std::__cxx11::basic_string<char>’ is not derived from ‘const arma::BaseCube<typename T1::elem_type, T1>’
    trace.writeToFile(workspace.dir_xml() + "/" + trace + ".xml");
                                                  ^~~~~
In file included from /usr/include/armadillo:403:0,
                 from ../libsimitar/cfunctions.h:19,
                 from ../libsimitar/DatabaseInterface.h:28,
                 from ../trace-analyzer/src/Main.cpp:17:
/usr/include/armadillo_bits/operator_cube_plus.hpp:36:1: note: candidate: template<class T1> const arma::eOpCube<T1, arma::eop_scalar_plus> arma::operator+(const arma::BaseCube<typename T1::elem_type, T1>&, typename T1::elem_type)
 operator+
 ^~~~~~~~
/usr/include/armadillo_bits/operator_cube_plus.hpp:36:1: note:   template argument deduction/substitution failed:
../trace-analyzer/src/Main.cpp:140:50: note:   ‘std::__cxx11::basic_string<char>’ is not derived from ‘const arma::BaseCube<typename T1::elem_type, T1>’
    trace.writeToFile(workspace.dir_xml() + "/" + trace + ".xml");
                                                  ^~~~~
In file included from /usr/include/armadillo:403:0,
                 from ../libsimitar/cfunctions.h:19,
                 from ../libsimitar/DatabaseInterface.h:28,
                 from ../trace-analyzer/src/Main.cpp:17:
/usr/include/armadillo_bits/operator_cube_plus.hpp:53:1: note: candidate: template<class T1> const arma::eOpCube<T1, arma::eop_scalar_plus> arma::operator+(typename T1::elem_type, const arma::BaseCube<typename T1::elem_type, T1>&)
 operator+
 ^~~~~~~~
/usr/include/armadillo_bits/operator_cube_plus.hpp:53:1: note:   template argument deduction/substitution failed:
../trace-analyzer/src/Main.cpp:140:50: note:   ‘NetworkTrace’ is not derived from ‘const arma::BaseCube<typename T1::elem_type, T1>’
    trace.writeToFile(workspace.dir_xml() + "/" + trace + ".xml");
                                                  ^~~~~
In file included from /usr/include/armadillo:403:0,
                 from ../libsimitar/cfunctions.h:19,
                 from ../libsimitar/DatabaseInterface.h:28,
                 from ../trace-analyzer/src/Main.cpp:17:
/usr/include/armadillo_bits/operator_cube_plus.hpp:70:1: note: candidate: template<class T1> const arma::mtOpCube<std::complex<typename T1::pod_type>, T1, arma::op_cx_scalar_plus> arma::operator+(const arma::BaseCube<typename T1::pod_type, T1>&, const std::complex<typename T1::pod_type>&)
 operator+
 ^~~~~~~~
/usr/include/armadillo_bits/operator_cube_plus.hpp:70:1: note:   template argument deduction/substitution failed:
../trace-analyzer/src/Main.cpp:140:50: note:   ‘std::__cxx11::basic_string<char>’ is not derived from ‘const arma::BaseCube<typename T1::pod_type, T1>’
    trace.writeToFile(workspace.dir_xml() + "/" + trace + ".xml");
                                                  ^~~~~
In file included from /usr/include/armadillo:403:0,
                 from ../libsimitar/cfunctions.h:19,
                 from ../libsimitar/DatabaseInterface.h:28,
                 from ../trace-analyzer/src/Main.cpp:17:
/usr/include/armadillo_bits/operator_cube_plus.hpp:87:1: note: candidate: template<class T1> const arma::mtOpCube<std::complex<typename T1::pod_type>, T1, arma::op_cx_scalar_plus> arma::operator+(const std::complex<typename T1::pod_type>&, const arma::BaseCube<typename T1::pod_type, T1>&)
 operator+
 ^~~~~~~~
/usr/include/armadillo_bits/operator_cube_plus.hpp:87:1: note:   template argument deduction/substitution failed:
../trace-analyzer/src/Main.cpp:140:50: note:   ‘NetworkTrace’ is not derived from ‘const arma::BaseCube<typename T1::pod_type, T1>’
    trace.writeToFile(workspace.dir_xml() + "/" + trace + ".xml");
                                                  ^~~~~
In file included from /usr/include/armadillo:403:0,
                 from ../libsimitar/cfunctions.h:19,
                 from ../libsimitar/DatabaseInterface.h:28,
                 from ../trace-analyzer/src/Main.cpp:17:
/usr/include/armadillo_bits/operator_cube_plus.hpp:104:1: note: candidate: template<class T1, class T2> const arma::eGlueCube<T1, T2, arma::eglue_plus> arma::operator+(const arma::BaseCube<typename T1::elem_type, T1>&, const arma::BaseCube<typename T1::elem_type, T2>&)
 operator+
 ^~~~~~~~
/usr/include/armadillo_bits/operator_cube_plus.hpp:104:1: note:   template argument deduction/substitution failed:
../trace-analyzer/src/Main.cpp:140:50: note:   ‘std::__cxx11::basic_string<char>’ is not derived from ‘const arma::BaseCube<typename T1::elem_type, T1>’
    trace.writeToFile(workspace.dir_xml() + "/" + trace + ".xml");
                                                  ^~~~~
In file included from /usr/include/armadillo:403:0,
                 from ../libsimitar/cfunctions.h:19,
                 from ../libsimitar/DatabaseInterface.h:28,
                 from ../trace-analyzer/src/Main.cpp:17:
/usr/include/armadillo_bits/operator_cube_plus.hpp:121:1: note: candidate: template<class T1, class T2> const arma::mtGlueCube<typename arma::promote_type<typename T1::elem_type, typename T2::elem_type>::result, T1, T2, arma::glue_mixed_plus> arma::operator+(const arma::BaseCube<typename arma::force_different_type<typename T1::elem_type, typename T2::elem_type>::T1_result, T1>&, const arma::BaseCube<typename arma::force_different_type<typename T1::elem_type, typename T2::elem_type>::T2_result, T2>&)
 operator+
 ^~~~~~~~
/usr/include/armadillo_bits/operator_cube_plus.hpp:121:1: note:   template argument deduction/substitution failed:
../trace-analyzer/src/Main.cpp:140:50: note:   ‘std::__cxx11::basic_string<char>’ is not derived from ‘const arma::BaseCube<typename arma::force_different_type<typename T1::elem_type, typename T2::elem_type>::T1_result, T1>’
    trace.writeToFile(workspace.dir_xml() + "/" + trace + ".xml");
                                                  ^~~~~
In file included from /usr/include/armadillo:403:0,
                 from ../libsimitar/cfunctions.h:19,
                 from ../libsimitar/DatabaseInterface.h:28,
                 from ../trace-analyzer/src/Main.cpp:17:
/usr/include/armadillo_bits/operator_cube_plus.hpp:144:1: note: candidate: template<class eT, class T2> arma::Cube<eT> arma::operator+(const arma::subview_cube_each1<eT>&, const arma::Base<eT, T1>&)
 operator+
 ^~~~~~~~
/usr/include/armadillo_bits/operator_cube_plus.hpp:144:1: note:   template argument deduction/substitution failed:
../trace-analyzer/src/Main.cpp:140:50: note:   ‘std::__cxx11::basic_string<char>’ is not derived from ‘const arma::subview_cube_each1<eT>’
    trace.writeToFile(workspace.dir_xml() + "/" + trace + ".xml");
                                                  ^~~~~
In file included from /usr/include/armadillo:403:0,
                 from ../libsimitar/cfunctions.h:19,
                 from ../libsimitar/DatabaseInterface.h:28,
                 from ../trace-analyzer/src/Main.cpp:17:
/usr/include/armadillo_bits/operator_cube_plus.hpp:160:1: note: candidate: template<class T1, class eT> arma::Cube<eT> arma::operator+(const arma::Base<eT, T1>&, const arma::subview_cube_each1<eT>&)
 operator+
 ^~~~~~~~
/usr/include/armadillo_bits/operator_cube_plus.hpp:160:1: note:   template argument deduction/substitution failed:
../trace-analyzer/src/Main.cpp:140:50: note:   ‘std::__cxx11::basic_string<char>’ is not derived from ‘const arma::Base<eT, T1>’
    trace.writeToFile(workspace.dir_xml() + "/" + trace + ".xml");
                                                  ^~~~~
In file included from /usr/include/armadillo:403:0,
                 from ../libsimitar/cfunctions.h:19,
                 from ../libsimitar/DatabaseInterface.h:28,
                 from ../trace-analyzer/src/Main.cpp:17:
/usr/include/armadillo_bits/operator_cube_plus.hpp:176:1: note: candidate: template<class eT, class TB, class T2> arma::Cube<eT> arma::operator+(const arma::subview_cube_each2<eT, TB>&, const arma::Base<T, T2>&)
 operator+
 ^~~~~~~~
/usr/include/armadillo_bits/operator_cube_plus.hpp:176:1: note:   template argument deduction/substitution failed:
../trace-analyzer/src/Main.cpp:140:50: note:   ‘std::__cxx11::basic_string<char>’ is not derived from ‘const arma::subview_cube_each2<eT, TB>’
    trace.writeToFile(workspace.dir_xml() + "/" + trace + ".xml");
                                                  ^~~~~
In file included from /usr/include/armadillo:403:0,
                 from ../libsimitar/cfunctions.h:19,
                 from ../libsimitar/DatabaseInterface.h:28,
                 from ../trace-analyzer/src/Main.cpp:17:
/usr/include/armadillo_bits/operator_cube_plus.hpp:192:1: note: candidate: template<class T1, class eT, class TB> arma::Cube<eT> arma::operator+(const arma::Base<eT, T1>&, const arma::subview_cube_each2<eT, TB>&)
 operator+
 ^~~~~~~~
/usr/include/armadillo_bits/operator_cube_plus.hpp:192:1: note:   template argument deduction/substitution failed:
../trace-analyzer/src/Main.cpp:140:50: note:   ‘std::__cxx11::basic_string<char>’ is not derived from ‘const arma::Base<eT, T1>’
    trace.writeToFile(workspace.dir_xml() + "/" + trace + ".xml");
                                                  ^~~~~
In file included from /usr/include/armadillo:29:0,
                 from ../libsimitar/cfunctions.h:19,
                 from ../libsimitar/DatabaseInterface.h:28,
                 from ../trace-analyzer/src/Main.cpp:17:
/usr/include/c++/6/complex:445:5: note: candidate: template<class _Tp> std::complex<_Tp> std::operator+(const std::complex<_Tp>&)
     operator+(const complex<_Tp>& __x)
     ^~~~~~~~
/usr/include/c++/6/complex:445:5: note:   template argument deduction/substitution failed:
../trace-analyzer/src/Main.cpp:140:50: note:   ‘std::__cxx11::basic_string<char>’ is not derived from ‘const std::complex<_Tp>’
    trace.writeToFile(workspace.dir_xml() + "/" + trace + ".xml");
                                                  ^~~~~
In file included from /usr/include/armadillo:29:0,
                 from ../libsimitar/cfunctions.h:19,
                 from ../libsimitar/DatabaseInterface.h:28,
                 from ../trace-analyzer/src/Main.cpp:17:
/usr/include/c++/6/complex:344:5: note: candidate: template<class _Tp> std::complex<_Tp> std::operator+(const _Tp&, const std::complex<_Tp>&)
     operator+(const _Tp& __x, const complex<_Tp>& __y)
     ^~~~~~~~
/usr/include/c++/6/complex:344:5: note:   template argument deduction/substitution failed:
../trace-analyzer/src/Main.cpp:140:50: note:   ‘NetworkTrace’ is not derived from ‘const std::complex<_Tp>’
    trace.writeToFile(workspace.dir_xml() + "/" + trace + ".xml");
                                                  ^~~~~
In file included from /usr/include/armadillo:29:0,
                 from ../libsimitar/cfunctions.h:19,
                 from ../libsimitar/DatabaseInterface.h:28,
                 from ../trace-analyzer/src/Main.cpp:17:
/usr/include/c++/6/complex:335:5: note: candidate: template<class _Tp> std::complex<_Tp> std::operator+(const std::complex<_Tp>&, const _Tp&)
     operator+(const complex<_Tp>& __x, const _Tp& __y)
     ^~~~~~~~
/usr/include/c++/6/complex:335:5: note:   template argument deduction/substitution failed:
../trace-analyzer/src/Main.cpp:140:50: note:   ‘std::__cxx11::basic_string<char>’ is not derived from ‘const std::complex<_Tp>’
    trace.writeToFile(workspace.dir_xml() + "/" + trace + ".xml");
                                                  ^~~~~
In file included from /usr/include/armadillo:29:0,
                 from ../libsimitar/cfunctions.h:19,
                 from ../libsimitar/DatabaseInterface.h:28,
                 from ../trace-analyzer/src/Main.cpp:17:
/usr/include/c++/6/complex:326:5: note: candidate: template<class _Tp> std::complex<_Tp> std::operator+(const std::complex<_Tp>&, const std::complex<_Tp>&)
     operator+(const complex<_Tp>& __x, const complex<_Tp>& __y)
     ^~~~~~~~
/usr/include/c++/6/complex:326:5: note:   template argument deduction/substitution failed:
../trace-analyzer/src/Main.cpp:140:50: note:   ‘std::__cxx11::basic_string<char>’ is not derived from ‘const std::complex<_Tp>’
    trace.writeToFile(workspace.dir_xml() + "/" + trace + ".xml");
                                                  ^~~~~
In file included from /usr/include/c++/6/vector:65:0,
                 from /usr/include/tclap/SwitchArg.h:28,
                 from /usr/include/tclap/CmdLine.h:27,
                 from ../trace-analyzer/src/Main.cpp:14:
/usr/include/c++/6/bits/stl_bvector.h:387:3: note: candidate: std::_Bit_const_iterator std::operator+(std::ptrdiff_t, const std::_Bit_const_iterator&)
   operator+(ptrdiff_t __n, const _Bit_const_iterator& __x)
   ^~~~~~~~
/usr/include/c++/6/bits/stl_bvector.h:387:3: note:   no known conversion for argument 1 from ‘std::__cxx11::basic_string<char>’ to ‘std::ptrdiff_t {aka long int}’
/usr/include/c++/6/bits/stl_bvector.h:297:3: note: candidate: std::_Bit_iterator std::operator+(std::ptrdiff_t, const std::_Bit_iterator&)
   operator+(ptrdiff_t __n, const _Bit_iterator& __x)
   ^~~~~~~~
/usr/include/c++/6/bits/stl_bvector.h:297:3: note:   no known conversion for argument 1 from ‘std::__cxx11::basic_string<char>’ to ‘std::ptrdiff_t {aka long int}’
In file included from /usr/include/c++/6/string:52:0,
                 from /usr/include/c++/6/bits/locale_classes.h:40,
                 from /usr/include/c++/6/bits/ios_base.h:41,
                 from /usr/include/c++/6/ios:42,
                 from /usr/include/c++/6/ostream:38,
                 from /usr/include/c++/6/iostream:39,
                 from ../trace-analyzer/src/Main.cpp:10:
/usr/include/c++/6/bits/basic_string.h:5036:5: note: candidate: template<class _CharT, class _Traits, class _Alloc> std::__cxx11::basic_string<_CharT, _Traits, _Alloc> std::operator+(std::__cxx11::basic_string<_CharT, _Traits, _Alloc>&&, _CharT)
     operator+(basic_string<_CharT, _Traits, _Alloc>&& __lhs,
     ^~~~~~~~
/usr/include/c++/6/bits/basic_string.h:5036:5: note:   template argument deduction/substitution failed:
../trace-analyzer/src/Main.cpp:140:50: note:   deduced conflicting types for parameter ‘_CharT’ (‘char’ and ‘NetworkTrace’)
    trace.writeToFile(workspace.dir_xml() + "/" + trace + ".xml");
                                                  ^~~~~
In file included from /usr/include/c++/6/string:52:0,
                 from /usr/include/c++/6/bits/locale_classes.h:40,
                 from /usr/include/c++/6/bits/ios_base.h:41,
                 from /usr/include/c++/6/ios:42,
                 from /usr/include/c++/6/ostream:38,
                 from /usr/include/c++/6/iostream:39,
                 from ../trace-analyzer/src/Main.cpp:10:
/usr/include/c++/6/bits/basic_string.h:5030:5: note: candidate: template<class _CharT, class _Traits, class _Alloc> std::__cxx11::basic_string<_CharT, _Traits, _Alloc> std::operator+(std::__cxx11::basic_string<_CharT, _Traits, _Alloc>&&, const _CharT*)
     operator+(basic_string<_CharT, _Traits, _Alloc>&& __lhs,
     ^~~~~~~~
/usr/include/c++/6/bits/basic_string.h:5030:5: note:   template argument deduction/substitution failed:
../trace-analyzer/src/Main.cpp:140:50: note:   mismatched types ‘const _CharT*’ and ‘NetworkTrace’
    trace.writeToFile(workspace.dir_xml() + "/" + trace + ".xml");
                                                  ^~~~~
In file included from /usr/include/c++/6/string:52:0,
                 from /usr/include/c++/6/bits/locale_classes.h:40,
                 from /usr/include/c++/6/bits/ios_base.h:41,
                 from /usr/include/c++/6/ios:42,
                 from /usr/include/c++/6/ostream:38,
                 from /usr/include/c++/6/iostream:39,
                 from ../trace-analyzer/src/Main.cpp:10:
/usr/include/c++/6/bits/basic_string.h:5024:5: note: candidate: template<class _CharT, class _Traits, class _Alloc> std::__cxx11::basic_string<_CharT, _Traits, _Alloc> std::operator+(_CharT, std::__cxx11::basic_string<_CharT, _Traits, _Alloc>&&)
     operator+(_CharT __lhs,
     ^~~~~~~~
/usr/include/c++/6/bits/basic_string.h:5024:5: note:   template argument deduction/substitution failed:
../trace-analyzer/src/Main.cpp:140:50: note:   ‘NetworkTrace’ is not derived from ‘std::__cxx11::basic_string<_CharT, _Traits, _Alloc>’
    trace.writeToFile(workspace.dir_xml() + "/" + trace + ".xml");
                                                  ^~~~~
In file included from /usr/include/c++/6/string:52:0,
                 from /usr/include/c++/6/bits/locale_classes.h:40,
                 from /usr/include/c++/6/bits/ios_base.h:41,
                 from /usr/include/c++/6/ios:42,
                 from /usr/include/c++/6/ostream:38,
                 from /usr/include/c++/6/iostream:39,
                 from ../trace-analyzer/src/Main.cpp:10:
/usr/include/c++/6/bits/basic_string.h:5018:5: note: candidate: template<class _CharT, class _Traits, class _Alloc> std::__cxx11::basic_string<_CharT, _Traits, _Alloc> std::operator+(const _CharT*, std::__cxx11::basic_string<_CharT, _Traits, _Alloc>&&)
     operator+(const _CharT* __lhs,
     ^~~~~~~~
/usr/include/c++/6/bits/basic_string.h:5018:5: note:   template argument deduction/substitution failed:
../trace-analyzer/src/Main.cpp:140:50: note:   mismatched types ‘const _CharT*’ and ‘std::__cxx11::basic_string<char>’
    trace.writeToFile(workspace.dir_xml() + "/" + trace + ".xml");
                                                  ^~~~~
In file included from /usr/include/c++/6/string:52:0,
                 from /usr/include/c++/6/bits/locale_classes.h:40,
                 from /usr/include/c++/6/bits/ios_base.h:41,
                 from /usr/include/c++/6/ios:42,
                 from /usr/include/c++/6/ostream:38,
                 from /usr/include/c++/6/iostream:39,
                 from ../trace-analyzer/src/Main.cpp:10:
/usr/include/c++/6/bits/basic_string.h:5006:5: note: candidate: template<class _CharT, class _Traits, class _Alloc> std::__cxx11::basic_string<_CharT, _Traits, _Alloc> std::operator+(std::__cxx11::basic_string<_CharT, _Traits, _Alloc>&&, std::__cxx11::basic_string<_CharT, _Traits, _Alloc>&&)
     operator+(basic_string<_CharT, _Traits, _Alloc>&& __lhs,
     ^~~~~~~~
/usr/include/c++/6/bits/basic_string.h:5006:5: note:   template argument deduction/substitution failed:
../trace-analyzer/src/Main.cpp:140:50: note:   ‘NetworkTrace’ is not derived from ‘std::__cxx11::basic_string<_CharT, _Traits, _Alloc>’
    trace.writeToFile(workspace.dir_xml() + "/" + trace + ".xml");
                                                  ^~~~~
In file included from /usr/include/c++/6/string:52:0,
                 from /usr/include/c++/6/bits/locale_classes.h:40,
                 from /usr/include/c++/6/bits/ios_base.h:41,
                 from /usr/include/c++/6/ios:42,
                 from /usr/include/c++/6/ostream:38,
                 from /usr/include/c++/6/iostream:39,
                 from ../trace-analyzer/src/Main.cpp:10:
/usr/include/c++/6/bits/basic_string.h:5000:5: note: candidate: template<class _CharT, class _Traits, class _Alloc> std::__cxx11::basic_string<_CharT, _Traits, _Alloc> std::operator+(const std::__cxx11::basic_string<_CharT, _Traits, _Alloc>&, std::__cxx11::basic_string<_CharT, _Traits, _Alloc>&&)
     operator+(const basic_string<_CharT, _Traits, _Alloc>& __lhs,
     ^~~~~~~~
/usr/include/c++/6/bits/basic_string.h:5000:5: note:   template argument deduction/substitution failed:
../trace-analyzer/src/Main.cpp:140:50: note:   ‘NetworkTrace’ is not derived from ‘std::__cxx11::basic_string<_CharT, _Traits, _Alloc>’
    trace.writeToFile(workspace.dir_xml() + "/" + trace + ".xml");
                                                  ^~~~~
In file included from /usr/include/c++/6/string:52:0,
                 from /usr/include/c++/6/bits/locale_classes.h:40,
                 from /usr/include/c++/6/bits/ios_base.h:41,
                 from /usr/include/c++/6/ios:42,
                 from /usr/include/c++/6/ostream:38,
                 from /usr/include/c++/6/iostream:39,
                 from ../trace-analyzer/src/Main.cpp:10:
/usr/include/c++/6/bits/basic_string.h:4994:5: note: candidate: template<class _CharT, class _Traits, class _Alloc> std::__cxx11::basic_string<_CharT, _Traits, _Alloc> std::operator+(std::__cxx11::basic_string<_CharT, _Traits, _Alloc>&&, const std::__cxx11::basic_string<_CharT, _Traits, _Alloc>&)
     operator+(basic_string<_CharT, _Traits, _Alloc>&& __lhs,
     ^~~~~~~~
/usr/include/c++/6/bits/basic_string.h:4994:5: note:   template argument deduction/substitution failed:
../trace-analyzer/src/Main.cpp:140:50: note:   ‘NetworkTrace’ is not derived from ‘const std::__cxx11::basic_string<_CharT, _Traits, _Alloc>’
    trace.writeToFile(workspace.dir_xml() + "/" + trace + ".xml");
                                                  ^~~~~
In file included from /usr/include/c++/6/string:52:0,
                 from /usr/include/c++/6/bits/locale_classes.h:40,
                 from /usr/include/c++/6/bits/ios_base.h:41,
                 from /usr/include/c++/6/ios:42,
                 from /usr/include/c++/6/ostream:38,
                 from /usr/include/c++/6/iostream:39,
                 from ../trace-analyzer/src/Main.cpp:10:
/usr/include/c++/6/bits/basic_string.h:4982:5: note: candidate: template<class _CharT, class _Traits, class _Alloc> std::__cxx11::basic_string<_CharT, _Traits, _Alloc> std::operator+(const std::__cxx11::basic_string<_CharT, _Traits, _Alloc>&, _CharT)
     operator+(const basic_string<_CharT, _Traits, _Alloc>& __lhs, _CharT __rhs)
     ^~~~~~~~
/usr/include/c++/6/bits/basic_string.h:4982:5: note:   template argument deduction/substitution failed:
../trace-analyzer/src/Main.cpp:140:50: note:   deduced conflicting types for parameter ‘_CharT’ (‘char’ and ‘NetworkTrace’)
    trace.writeToFile(workspace.dir_xml() + "/" + trace + ".xml");
                                                  ^~~~~
In file included from /usr/include/c++/6/string:52:0,
                 from /usr/include/c++/6/bits/locale_classes.h:40,
                 from /usr/include/c++/6/bits/ios_base.h:41,
                 from /usr/include/c++/6/ios:42,
                 from /usr/include/c++/6/ostream:38,
                 from /usr/include/c++/6/iostream:39,
                 from ../trace-analyzer/src/Main.cpp:10:
/usr/include/c++/6/bits/basic_string.h:4966:5: note: candidate: template<class _CharT, class _Traits, class _Alloc> std::__cxx11::basic_string<_CharT, _Traits, _Alloc> std::operator+(const std::__cxx11::basic_string<_CharT, _Traits, _Alloc>&, const _CharT*)
     operator+(const basic_string<_CharT, _Traits, _Alloc>& __lhs,
     ^~~~~~~~
/usr/include/c++/6/bits/basic_string.h:4966:5: note:   template argument deduction/substitution failed:
../trace-analyzer/src/Main.cpp:140:50: note:   mismatched types ‘const _CharT*’ and ‘NetworkTrace’
    trace.writeToFile(workspace.dir_xml() + "/" + trace + ".xml");
                                                  ^~~~~
In file included from /usr/include/c++/6/string:53:0,
                 from /usr/include/c++/6/bits/locale_classes.h:40,
                 from /usr/include/c++/6/bits/ios_base.h:41,
                 from /usr/include/c++/6/ios:42,
                 from /usr/include/c++/6/ostream:38,
                 from /usr/include/c++/6/iostream:39,
                 from ../trace-analyzer/src/Main.cpp:10:
/usr/include/c++/6/bits/basic_string.tcc:1163:5: note: candidate: template<class _CharT, class _Traits, class _Alloc> std::__cxx11::basic_string<_CharT, _Traits, _Alloc> std::operator+(_CharT, const std::__cxx11::basic_string<_CharT, _Traits, _Alloc>&)
     operator+(_CharT __lhs, const basic_string<_CharT, _Traits, _Alloc>& __rhs)
     ^~~~~~~~
/usr/include/c++/6/bits/basic_string.tcc:1163:5: note:   template argument deduction/substitution failed:
../trace-analyzer/src/Main.cpp:140:50: note:   ‘NetworkTrace’ is not derived from ‘const std::__cxx11::basic_string<_CharT, _Traits, _Alloc>’
    trace.writeToFile(workspace.dir_xml() + "/" + trace + ".xml");
                                                  ^~~~~
In file included from /usr/include/c++/6/string:53:0,
                 from /usr/include/c++/6/bits/locale_classes.h:40,
                 from /usr/include/c++/6/bits/ios_base.h:41,
                 from /usr/include/c++/6/ios:42,
                 from /usr/include/c++/6/ostream:38,
                 from /usr/include/c++/6/iostream:39,
                 from ../trace-analyzer/src/Main.cpp:10:
/usr/include/c++/6/bits/basic_string.tcc:1147:5: note: candidate: template<class _CharT, class _Traits, class _Alloc> std::__cxx11::basic_string<_CharT, _Traits, _Alloc> std::operator+(const _CharT*, const std::__cxx11::basic_string<_CharT, _Traits, _Alloc>&)
     operator+(const _CharT* __lhs,
     ^~~~~~~~
/usr/include/c++/6/bits/basic_string.tcc:1147:5: note:   template argument deduction/substitution failed:
../trace-analyzer/src/Main.cpp:140:50: note:   mismatched types ‘const _CharT*’ and ‘std::__cxx11::basic_string<char>’
    trace.writeToFile(workspace.dir_xml() + "/" + trace + ".xml");
                                                  ^~~~~
In file included from /usr/include/c++/6/string:52:0,
                 from /usr/include/c++/6/bits/locale_classes.h:40,
                 from /usr/include/c++/6/bits/ios_base.h:41,
                 from /usr/include/c++/6/ios:42,
                 from /usr/include/c++/6/ostream:38,
                 from /usr/include/c++/6/iostream:39,
                 from ../trace-analyzer/src/Main.cpp:10:
/usr/include/c++/6/bits/basic_string.h:4929:5: note: candidate: template<class _CharT, class _Traits, class _Alloc> std::__cxx11::basic_string<_CharT, _Traits, _Alloc> std::operator+(const std::__cxx11::basic_string<_CharT, _Traits, _Alloc>&, const std::__cxx11::basic_string<_CharT, _Traits, _Alloc>&)
     operator+(const basic_string<_CharT, _Traits, _Alloc>& __lhs,
     ^~~~~~~~
/usr/include/c++/6/bits/basic_string.h:4929:5: note:   template argument deduction/substitution failed:
../trace-analyzer/src/Main.cpp:140:50: note:   ‘NetworkTrace’ is not derived from ‘const std::__cxx11::basic_string<_CharT, _Traits, _Alloc>’
    trace.writeToFile(workspace.dir_xml() + "/" + trace + ".xml");
                                                  ^~~~~
In file included from /usr/include/c++/6/bits/stl_algobase.h:67:0,
                 from /usr/include/c++/6/bits/char_traits.h:39,
                 from /usr/include/c++/6/ios:40,
                 from /usr/include/c++/6/ostream:38,
                 from /usr/include/c++/6/iostream:39,
                 from ../trace-analyzer/src/Main.cpp:10:
/usr/include/c++/6/bits/stl_iterator.h:1200:5: note: candidate: template<class _Iterator> std::move_iterator<_IteratorL> std::operator+(typename std::move_iterator<_IteratorL>::difference_type, const std::move_iterator<_IteratorL>&)
     operator+(typename move_iterator<_Iterator>::difference_type __n,
     ^~~~~~~~
/usr/include/c++/6/bits/stl_iterator.h:1200:5: note:   template argument deduction/substitution failed:
../trace-analyzer/src/Main.cpp:140:50: note:   ‘NetworkTrace’ is not derived from ‘const std::move_iterator<_IteratorL>’
    trace.writeToFile(workspace.dir_xml() + "/" + trace + ".xml");
                                                  ^~~~~
In file included from /usr/include/c++/6/bits/stl_algobase.h:67:0,
                 from /usr/include/c++/6/bits/char_traits.h:39,
                 from /usr/include/c++/6/ios:40,
                 from /usr/include/c++/6/ostream:38,
                 from /usr/include/c++/6/iostream:39,
                 from ../trace-analyzer/src/Main.cpp:10:
/usr/include/c++/6/bits/stl_iterator.h:341:5: note: candidate: template<class _Iterator> std::reverse_iterator<_Iterator> std::operator+(typename std::reverse_iterator<_Iterator>::difference_type, const std::reverse_iterator<_Iterator>&)
     operator+(typename reverse_iterator<_Iterator>::difference_type __n,
     ^~~~~~~~
/usr/include/c++/6/bits/stl_iterator.h:341:5: note:   template argument deduction/substitution failed:
../trace-analyzer/src/Main.cpp:140:50: note:   ‘NetworkTrace’ is not derived from ‘const std::reverse_iterator<_Iterator>’
    trace.writeToFile(workspace.dir_xml() + "/" + trace + ".xml");
                                                  ^~~~~
In file included from /usr/include/c++/6/bits/stl_algobase.h:67:0,
                 from /usr/include/c++/6/bits/char_traits.h:39,
                 from /usr/include/c++/6/ios:40,
                 from /usr/include/c++/6/ostream:38,
                 from /usr/include/c++/6/iostream:39,
                 from ../trace-analyzer/src/Main.cpp:10:
/usr/include/c++/6/bits/stl_iterator.h:966:5: note: candidate: template<class _Iterator, class _Container> __gnu_cxx::__normal_iterator<_Iterator, _Container> __gnu_cxx::operator+(typename __gnu_cxx::__normal_iterator<_Iterator, _Container>::difference_type, const __gnu_cxx::__normal_iterator<_Iterator, _Container>&)
     operator+(typename __normal_iterator<_Iterator, _Container>::difference_type
     ^~~~~~~~
/usr/include/c++/6/bits/stl_iterator.h:966:5: note:   template argument deduction/substitution failed:
../trace-analyzer/src/Main.cpp:140:50: note:   ‘NetworkTrace’ is not derived from ‘const __gnu_cxx::__normal_iterator<_Iterator, _Container>’
    trace.writeToFile(workspace.dir_xml() + "/" + trace + ".xml");
                                                  ^~~~~
make: *** [../trace-analyzer/obj/Main.o] Error 1
Makefile:111: recipe for target '../trace-analyzer/obj/Main.o' failed
01:25:17 **** Incremental Build of configuration Debug for project tests ****
make all 
make -C integration/
make[1]: Entering directory '/home/anderson/SIMITAR/tests/integration'

* Compiling: ../../tests/integration/integration-tests.cpp -> ../../tests/integration/integration-tests.og++ -fmessage-length=0 -std=c++11 -O0 -g3 -p -pg  -fprofile-arcs -Wall -c -o ../../tests/integration/integration-tests.o ../../tests/integration/integration-tests.cpp -I ../../deps/ -I ../../libsimitar/
In file included from ../../libsimitar/SimitarWorkspace.h:18:0,
                 from ../../libsimitar/DatabaseInterface.h:29,
                 from ../../tests/integration/integration-tests.cpp:10:
../../libsimitar/PlogMacros.h:20:0: warning: "PLOG_INIT" redefined
 #define PLOG_INIT(logLevel)\
 
In file included from ../../libsimitar/cfunctions.h:23:0,
                 from ../../libsimitar/DatabaseInterface.h:28,
                 from ../../tests/integration/integration-tests.cpp:10:
../../libsimitar/Defines.h:323:0: note: this is the location of the previous definition
 #define PLOG_INIT() plog::RollingFileAppender<plog::CsvFormatter> fileAppender("MultiAppender.csv", 8000, 3); \
 
	 Compile time: 00:00:02

* Linking: ../integration-testsg++ -p  -ftest-coverage -fprofile-arcs -o ../integration-tests ../../tests/integration/integration-tests.o -I ../../deps/ -I ../../libsimitar/ -Wl,-Bstatic ../../libsimitar/libsimitar.a -Wl,-Bdynamic -lpthread -llog4cpp -lsqlite3 -larmadillo -lITG  
	 Link time: 00:00:00
make[1]: Leaving directory '/home/anderson/SIMITAR/tests/integration'
make -C unity/
make[1]: Entering directory '/home/anderson/SIMITAR/tests/unity'
make[1]: Nothing to be done for 'all'.
make[1]: Leaving directory '/home/anderson/SIMITAR/tests/unity'
01:26:45 **** Incremental Build of configuration Release for project libsimitar ****
make all 
make: Nothing to be done for 'all'.
01:26:45 **** Incremental Build of configuration Default for project trace-analyzer ****
make all 

* Compiling: ../trace-analyzer/src/Main.cpp -> ../trace-analyzer/obj/Main.og++ -fmessage-length=0 -std=c++11 -O0 -g3 -p -pg -ftest-coverage -fprofile-arcs -Wall -c -o ../trace-analyzer/obj/Main.o ../trace-analyzer/src/Main.cpp -I ../deps/ -I ../libsimitar/
In file included from ../libsimitar/SimitarWorkspace.h:18:0,
                 from ../libsimitar/DatabaseInterface.h:29,
                 from ../trace-analyzer/src/Main.cpp:17:
../libsimitar/PlogMacros.h:20:0: warning: "PLOG_INIT" redefined
 #define PLOG_INIT(logLevel)\
 
In file included from ../libsimitar/cfunctions.h:23:0,
                 from ../libsimitar/DatabaseInterface.h:28,
                 from ../trace-analyzer/src/Main.cpp:17:
../libsimitar/Defines.h:323:0: note: this is the location of the previous definition
 #define PLOG_INIT() plog::RollingFileAppender<plog::CsvFormatter> fileAppender("MultiAppender.csv", 8000, 3); \
 
../trace-analyzer/src/Main.cpp: In function ‘int main(int, char**)’:
../trace-analyzer/src/Main.cpp:140:48: error: no match for ‘operator+’ (operand types are ‘std::__cxx11::basic_string<char>’ and ‘NetworkTrace’)
    trace.writeToFile(workspace.dir_xml() + "/" + trace + ".xml");
                      ~~~~~~~~~~~~~~~~~~~~~~~~~~^~~~~~~
In file included from /usr/include/armadillo:396:0,
                 from ../libsimitar/cfunctions.h:19,
                 from ../libsimitar/DatabaseInterface.h:28,
                 from ../trace-analyzer/src/Main.cpp:17:
/usr/include/armadillo_bits/operator_plus.hpp:21:1: note: candidate: template<class T1> typename arma::enable_if2<arma::is_arma_type<T1>::value, const T1&>::result arma::operator+(const T1&)
 operator+
 ^~~~~~~~
/usr/include/armadillo_bits/operator_plus.hpp:21:1: note:   template argument deduction/substitution failed:
../trace-analyzer/src/Main.cpp:140:50: note:   candidate expects 1 argument, 2 provided
    trace.writeToFile(workspace.dir_xml() + "/" + trace + ".xml");
                                                  ^~~~~
In file included from /usr/include/armadillo:396:0,
                 from ../libsimitar/cfunctions.h:19,
                 from ../libsimitar/DatabaseInterface.h:28,
                 from ../trace-analyzer/src/Main.cpp:17:
/usr/include/armadillo_bits/operator_plus.hpp:35:1: note: candidate: template<class T1> typename arma::enable_if2<arma::is_arma_type<T1>::value, const arma::eOp<T1, arma::eop_scalar_plus> >::result arma::operator+(const T1&, typename T1::elem_type)
 operator+
 ^~~~~~~~
/usr/include/armadillo_bits/operator_plus.hpp:35:1: note:   template argument deduction/substitution failed:
/usr/include/armadillo_bits/operator_plus.hpp: In substitution of ‘template<class T1> typename arma::enable_if2<arma::is_arma_type<T1>::value, const arma::eOp<T1, arma::eop_scalar_plus> >::result arma::operator+(const T1&, typename T1::elem_type) [with T1 = std::__cxx11::basic_string<char>]’:
../trace-analyzer/src/Main.cpp:140:50:   required from here
/usr/include/armadillo_bits/operator_plus.hpp:35:1: error: no type named ‘result’ in ‘struct arma::enable_if2<false, const arma::eOp<std::__cxx11::basic_string<char>, arma::eop_scalar_plus> >’
/usr/include/armadillo_bits/operator_plus.hpp:49:1: note: candidate: template<class T1> typename arma::enable_if2<arma::is_arma_type<T1>::value, const arma::eOp<T1, arma::eop_scalar_plus> >::result arma::operator+(typename T1::elem_type, const T1&)
 operator+
 ^~~~~~~~
/usr/include/armadillo_bits/operator_plus.hpp:49:1: note:   template argument deduction/substitution failed:
/usr/include/armadillo_bits/operator_plus.hpp: In substitution of ‘template<class T1> typename arma::enable_if2<arma::is_arma_type<T1>::value, const arma::eOp<T1, arma::eop_scalar_plus> >::result arma::operator+(typename T1::elem_type, const T1&) [with T1 = NetworkTrace]’:
../trace-analyzer/src/Main.cpp:140:50:   required from here
/usr/include/armadillo_bits/operator_plus.hpp:49:1: error: no type named ‘result’ in ‘struct arma::enable_if2<false, const arma::eOp<NetworkTrace, arma::eop_scalar_plus> >’
/usr/include/armadillo_bits/operator_plus.hpp:68:1: note: candidate: template<class T1> typename arma::enable_if2<(arma::is_arma_type<T1>::value && arma::is_cx<typename T1::elem_type>::no), const arma::mtOp<std::complex<typename T1::pod_type>, T1, arma::op_cx_scalar_plus> >::result arma::operator+(const T1&, const std::complex<typename T1::pod_type>&)
 operator+
 ^~~~~~~~
/usr/include/armadillo_bits/operator_plus.hpp:68:1: note:   template argument deduction/substitution failed:
/usr/include/armadillo_bits/operator_plus.hpp: In substitution of ‘template<class T1> typename arma::enable_if2<(arma::is_arma_type<T1>::value && arma::is_cx<typename T1::elem_type>::no), const arma::mtOp<std::complex<typename T1::pod_type>, T1, arma::op_cx_scalar_plus> >::result arma::operator+(const T1&, const std::complex<typename T1::pod_type>&) [with T1 = std::__cxx11::basic_string<char>]’:
../trace-analyzer/src/Main.cpp:140:50:   required from here
/usr/include/armadillo_bits/operator_plus.hpp:65:28: error: no type named ‘elem_type’ in ‘class std::__cxx11::basic_string<char>’
   (is_arma_type<T1>::value && is_cx<typename T1::elem_type>::no),
   ~~~~~~~~~~~~~~~~~~~~~~~~~^~~~~~~~~~~~~~~~~~~~~~~~~~~~~~~~~~~~~
/usr/include/armadillo_bits/operator_plus.hpp:90:1: note: candidate: template<class T1> typename arma::enable_if2<(arma::is_arma_type<T1>::value && arma::is_cx<typename T1::elem_type>::no), const arma::mtOp<std::complex<typename T1::pod_type>, T1, arma::op_cx_scalar_plus> >::result arma::operator+(const std::complex<typename T1::pod_type>&, const T1&)
 operator+
 ^~~~~~~~
/usr/include/armadillo_bits/operator_plus.hpp:90:1: note:   template argument deduction/substitution failed:
/usr/include/armadillo_bits/operator_plus.hpp: In substitution of ‘template<class T1> typename arma::enable_if2<(arma::is_arma_type<T1>::value && arma::is_cx<typename T1::elem_type>::no), const arma::mtOp<std::complex<typename T1::pod_type>, T1, arma::op_cx_scalar_plus> >::result arma::operator+(const std::complex<typename T1::pod_type>&, const T1&) [with T1 = NetworkTrace]’:
../trace-analyzer/src/Main.cpp:140:50:   required from here
/usr/include/armadillo_bits/operator_plus.hpp:65:28: error: no type named ‘elem_type’ in ‘class NetworkTrace’
   (is_arma_type<T1>::value && is_cx<typename T1::elem_type>::no),
   ~~~~~~~~~~~~~~~~~~~~~~~~~^~~~~~~~~~~~~~~~~~~~~~~~~~~~~~~~~~~~~
/usr/include/armadillo_bits/operator_plus.hpp:112:1: note: candidate: template<class T1, class T2> typename arma::enable_if2<((arma::is_arma_type<T1>::value && arma::is_arma_type<T2>::value) && arma::is_same_type<typename T1::elem_type, typename T2::elem_type>::value), const arma::eGlue<T1, T2, arma::eglue_plus> >::result arma::operator+(const T1&, const T2&)
 operator+
 ^~~~~~~~
/usr/include/armadillo_bits/operator_plus.hpp:112:1: note:   template argument deduction/substitution failed:
/usr/include/armadillo_bits/operator_plus.hpp: In substitution of ‘template<class T1, class T2> typename arma::enable_if2<((arma::is_arma_type<T1>::value && arma::is_arma_type<T2>::value) && arma::is_same_type<typename T1::elem_type, typename T2::elem_type>::value), const arma::eGlue<T1, T2, arma::eglue_plus> >::result arma::operator+(const T1&, const T2&) [with T1 = std::__cxx11::basic_string<char>; T2 = NetworkTrace]’:
../trace-analyzer/src/Main.cpp:140:50:   required from here
/usr/include/armadillo_bits/operator_plus.hpp:109:54: error: no type named ‘elem_type’ in ‘class std::__cxx11::basic_string<char>’
   is_arma_type<T1>::value && is_arma_type<T2>::value && is_same_type<typename T1::elem_type, typename T2::elem_type>::value,
   ~~~~~~~~~~~~~~~~~~~~~~~~~~~~~~~~~~~~~~~~~~~~~~~~~~~^~~~~~~~~~~~~~~~~~~~~~~~~~~~~~~~~~~~~~~~~~~~~~~~~~~~~~~~~~~~~~~
/usr/include/armadillo_bits/operator_plus.hpp:134:1: note: candidate: template<class T1, class T2> typename arma::enable_if2<((arma::is_arma_type<T1>::value && arma::is_arma_type<T2>::value) && arma::is_same_type<typename T1::elem_type, typename T2::elem_type>::no), const arma::mtGlue<typename arma::promote_type<typename T1::elem_type, typename T2::elem_type>::result, T1, T2, arma::glue_mixed_plus> >::result arma::operator+(const T1&, const T2&)
 operator+
 ^~~~~~~~
/usr/include/armadillo_bits/operator_plus.hpp:134:1: note:   template argument deduction/substitution failed:
/usr/include/armadillo_bits/operator_plus.hpp: In substitution of ‘template<class T1, class T2> typename arma::enable_if2<((arma::is_arma_type<T1>::value && arma::is_arma_type<T2>::value) && arma::is_same_type<typename T1::elem_type, typename T2::elem_type>::no), const arma::mtGlue<typename arma::promote_type<typename T1::elem_type, typename T2::elem_type>::result, T1, T2, arma::glue_mixed_plus> >::result arma::operator+(const T1&, const T2&) [with T1 = std::__cxx11::basic_string<char>; T2 = NetworkTrace]’:
../trace-analyzer/src/Main.cpp:140:50:   required from here
/usr/include/armadillo_bits/operator_plus.hpp:131:59: error: no type named ‘elem_type’ in ‘class std::__cxx11::basic_string<char>’
   (is_arma_type<T1>::value && is_arma_type<T2>::value && (is_same_type<typename T1::elem_type, typename T2::elem_type>::no)),
                                                          ~^~~~~~~~~~~~~~~~~~~~~~~~~~~~~~~~~~~~~~~~~~~~~~~~~~~~~~~~~~~~~~~~~
In file included from /usr/include/armadillo:396:0,
                 from ../libsimitar/cfunctions.h:19,
                 from ../libsimitar/DatabaseInterface.h:28,
                 from ../trace-analyzer/src/Main.cpp:17:
/usr/include/armadillo_bits/operator_plus.hpp:164:1: note: candidate: template<class T1, class T2> typename arma::enable_if2<((arma::is_arma_sparse_type<T1>::value && arma::is_arma_sparse_type<T2>::value) && arma::is_same_type<typename T1::elem_type, typename T2::elem_type>::value), arma::SpGlue<T1, T2, arma::spglue_plus> >::result arma::operator+(const T1&, const T2&)
 operator+
 ^~~~~~~~
/usr/include/armadillo_bits/operator_plus.hpp:164:1: note:   template argument deduction/substitution failed:
In file included from /usr/include/armadillo:396:0,
                 from ../libsimitar/cfunctions.h:19,
                 from ../libsimitar/DatabaseInterface.h:28,
                 from ../trace-analyzer/src/Main.cpp:17:
/usr/include/armadillo_bits/operator_plus.hpp: In substitution of ‘template<class T1, class T2> typename arma::enable_if2<((arma::is_arma_sparse_type<T1>::value && arma::is_arma_sparse_type<T2>::value) && arma::is_same_type<typename T1::elem_type, typename T2::elem_type>::value), arma::SpGlue<T1, T2, arma::spglue_plus> >::result arma::operator+(const T1&, const T2&) [with T1 = std::__cxx11::basic_string<char>; T2 = NetworkTrace]’:
../trace-analyzer/src/Main.cpp:140:50:   required from here
/usr/include/armadillo_bits/operator_plus.hpp:161:69: error: no type named ‘elem_type’ in ‘class std::__cxx11::basic_string<char>’
   (is_arma_sparse_type<T1>::value && is_arma_sparse_type<T2>::value && is_same_type<typename T1::elem_type, typename T2::elem_type>::value),
   ~~~~~~~~~~~~~~~~~~~~~~~~~~~~~~~~~~~~~~~~~~~~~~~~~~~~~~~~~~~~~~~~~~^~~~~~~~~~~~~~~~~~~~~~~~~~~~~~~~~~~~~~~~~~~~~~~~~~~~~~~~~~~~~~~~~~~~~~~
In file included from /usr/include/armadillo:396:0,
                 from ../libsimitar/cfunctions.h:19,
                 from ../libsimitar/DatabaseInterface.h:28,
                 from ../trace-analyzer/src/Main.cpp:17:
/usr/include/armadillo_bits/operator_plus.hpp:186:1: note: candidate: template<class T1, class T2> typename arma::enable_if2<((arma::is_arma_type<T1>::value && arma::is_arma_sparse_type<T2>::value) && arma::is_same_type<typename T1::elem_type, typename T2::elem_type>::value), arma::Mat<typename T1::elem_type> >::result arma::operator+(const T1&, const T2&)
 operator+
 ^~~~~~~~
/usr/include/armadillo_bits/operator_plus.hpp:186:1: note:   template argument deduction/substitution failed:
/usr/include/armadillo_bits/operator_plus.hpp: In substitution of ‘template<class T1, class T2> typename arma::enable_if2<((arma::is_arma_type<T1>::value && arma::is_arma_sparse_type<T2>::value) && arma::is_same_type<typename T1::elem_type, typename T2::elem_type>::value), arma::Mat<typename T1::elem_type> >::result arma::operator+(const T1&, const T2&) [with T1 = std::__cxx11::basic_string<char>; T2 = NetworkTrace]’:
../trace-analyzer/src/Main.cpp:140:50:   required from here
/usr/include/armadillo_bits/operator_plus.hpp:183:62: error: no type named ‘elem_type’ in ‘class std::__cxx11::basic_string<char>’
   (is_arma_type<T1>::value && is_arma_sparse_type<T2>::value && is_same_type<typename T1::elem_type, typename T2::elem_type>::value),
   ~~~~~~~~~~~~~~~~~~~~~~~~~~~~~~~~~~~~~~~~~~~~~~~~~~~~~~~~~~~^~~~~~~~~~~~~~~~~~~~~~~~~~~~~~~~~~~~~~~~~~~~~~~~~~~~~~~~~~~~~~~~~~~~~~~
/usr/include/armadillo_bits/operator_plus.hpp:223:1: note: candidate: template<class T1, class T2> typename arma::enable_if2<((arma::is_arma_sparse_type<T1>::value && arma::is_arma_type<T2>::value) && arma::is_same_type<typename T1::elem_type, typename T2::elem_type>::value), arma::Mat<typename T1::elem_type> >::result arma::operator+(const T1&, const T2&)
 operator+
 ^~~~~~~~
/usr/include/armadillo_bits/operator_plus.hpp:223:1: note:   template argument deduction/substitution failed:
/usr/include/armadillo_bits/operator_plus.hpp: In substitution of ‘template<class T1, class T2> typename arma::enable_if2<((arma::is_arma_sparse_type<T1>::value && arma::is_arma_type<T2>::value) && arma::is_same_type<typename T1::elem_type, typename T2::elem_type>::value), arma::Mat<typename T1::elem_type> >::result arma::operator+(const T1&, const T2&) [with T1 = std::__cxx11::basic_string<char>; T2 = NetworkTrace]’:
../trace-analyzer/src/Main.cpp:140:50:   required from here
/usr/include/armadillo_bits/operator_plus.hpp:220:62: error: no type named ‘elem_type’ in ‘class std::__cxx11::basic_string<char>’
   (is_arma_sparse_type<T1>::value && is_arma_type<T2>::value && is_same_type<typename T1::elem_type, typename T2::elem_type>::value),
   ~~~~~~~~~~~~~~~~~~~~~~~~~~~~~~~~~~~~~~~~~~~~~~~~~~~~~~~~~~~^~~~~~~~~~~~~~~~~~~~~~~~~~~~~~~~~~~~~~~~~~~~~~~~~~~~~~~~~~~~~~~~~~~~~~~
/usr/include/armadillo_bits/operator_plus.hpp:240:1: note: candidate: template<class parent, unsigned int mode, class T2> arma::Mat<typename T1::elem_type> arma::operator+(const arma::subview_each1<parent, mode>&, const arma::Base<typename parent::elem_type, T2>&)
 operator+
 ^~~~~~~~
/usr/include/armadillo_bits/operator_plus.hpp:240:1: note:   template argument deduction/substitution failed:
../trace-analyzer/src/Main.cpp:140:50: note:   ‘std::__cxx11::basic_string<char>’ is not derived from ‘const arma::subview_each1<parent, mode>’
    trace.writeToFile(workspace.dir_xml() + "/" + trace + ".xml");
                                                  ^~~~~
In file included from /usr/include/armadillo:396:0,
                 from ../libsimitar/cfunctions.h:19,
                 from ../libsimitar/DatabaseInterface.h:28,
                 from ../trace-analyzer/src/Main.cpp:17:
/usr/include/armadillo_bits/operator_plus.hpp:256:1: note: candidate: template<class T1, class parent, unsigned int mode> arma::Mat<typename parent::elem_type> arma::operator+(const arma::Base<typename parent::elem_type, T1>&, const arma::subview_each1<parent, mode>&)
 operator+
 ^~~~~~~~
/usr/include/armadillo_bits/operator_plus.hpp:256:1: note:   template argument deduction/substitution failed:
../trace-analyzer/src/Main.cpp:140:50: note:   ‘std::__cxx11::basic_string<char>’ is not derived from ‘const arma::Base<typename parent::elem_type, T1>’
    trace.writeToFile(workspace.dir_xml() + "/" + trace + ".xml");
                                                  ^~~~~
In file included from /usr/include/armadillo:396:0,
                 from ../libsimitar/cfunctions.h:19,
                 from ../libsimitar/DatabaseInterface.h:28,
                 from ../trace-analyzer/src/Main.cpp:17:
/usr/include/armadillo_bits/operator_plus.hpp:272:1: note: candidate: template<class parent, unsigned int mode, class TB, class T2> arma::Mat<typename T1::elem_type> arma::operator+(const arma::subview_each2<parent, mode, TB>&, const arma::Base<typename parent::elem_type, T2>&)
 operator+
 ^~~~~~~~
/usr/include/armadillo_bits/operator_plus.hpp:272:1: note:   template argument deduction/substitution failed:
../trace-analyzer/src/Main.cpp:140:50: note:   ‘std::__cxx11::basic_string<char>’ is not derived from ‘const arma::subview_each2<parent, mode, TB>’
    trace.writeToFile(workspace.dir_xml() + "/" + trace + ".xml");
                                                  ^~~~~
In file included from /usr/include/armadillo:396:0,
                 from ../libsimitar/cfunctions.h:19,
                 from ../libsimitar/DatabaseInterface.h:28,
                 from ../trace-analyzer/src/Main.cpp:17:
/usr/include/armadillo_bits/operator_plus.hpp:288:1: note: candidate: template<class T1, class parent, unsigned int mode, class TB> arma::Mat<typename parent::elem_type> arma::operator+(const arma::Base<typename parent::elem_type, T1>&, const arma::subview_each2<parent, mode, TB>&)
 operator+
 ^~~~~~~~
/usr/include/armadillo_bits/operator_plus.hpp:288:1: note:   template argument deduction/substitution failed:
../trace-analyzer/src/Main.cpp:140:50: note:   ‘std::__cxx11::basic_string<char>’ is not derived from ‘const arma::Base<typename parent::elem_type, T1>’
    trace.writeToFile(workspace.dir_xml() + "/" + trace + ".xml");
                                                  ^~~~~
In file included from /usr/include/armadillo:403:0,
                 from ../libsimitar/cfunctions.h:19,
                 from ../libsimitar/DatabaseInterface.h:28,
                 from ../trace-analyzer/src/Main.cpp:17:
/usr/include/armadillo_bits/operator_cube_plus.hpp:20:1: note: candidate: template<class T1> const arma::BaseCube<typename T1::elem_type, T1>& arma::operator+(const arma::BaseCube<typename T1::elem_type, T1>&)
 operator+
 ^~~~~~~~
/usr/include/armadillo_bits/operator_cube_plus.hpp:20:1: note:   template argument deduction/substitution failed:
../trace-analyzer/src/Main.cpp:140:50: note:   ‘std::__cxx11::basic_string<char>’ is not derived from ‘const arma::BaseCube<typename T1::elem_type, T1>’
    trace.writeToFile(workspace.dir_xml() + "/" + trace + ".xml");
                                                  ^~~~~
In file included from /usr/include/armadillo:403:0,
                 from ../libsimitar/cfunctions.h:19,
                 from ../libsimitar/DatabaseInterface.h:28,
                 from ../trace-analyzer/src/Main.cpp:17:
/usr/include/armadillo_bits/operator_cube_plus.hpp:36:1: note: candidate: template<class T1> const arma::eOpCube<T1, arma::eop_scalar_plus> arma::operator+(const arma::BaseCube<typename T1::elem_type, T1>&, typename T1::elem_type)
 operator+
 ^~~~~~~~
/usr/include/armadillo_bits/operator_cube_plus.hpp:36:1: note:   template argument deduction/substitution failed:
../trace-analyzer/src/Main.cpp:140:50: note:   ‘std::__cxx11::basic_string<char>’ is not derived from ‘const arma::BaseCube<typename T1::elem_type, T1>’
    trace.writeToFile(workspace.dir_xml() + "/" + trace + ".xml");
                                                  ^~~~~
In file included from /usr/include/armadillo:403:0,
                 from ../libsimitar/cfunctions.h:19,
                 from ../libsimitar/DatabaseInterface.h:28,
                 from ../trace-analyzer/src/Main.cpp:17:
/usr/include/armadillo_bits/operator_cube_plus.hpp:53:1: note: candidate: template<class T1> const arma::eOpCube<T1, arma::eop_scalar_plus> arma::operator+(typename T1::elem_type, const arma::BaseCube<typename T1::elem_type, T1>&)
 operator+
 ^~~~~~~~
/usr/include/armadillo_bits/operator_cube_plus.hpp:53:1: note:   template argument deduction/substitution failed:
../trace-analyzer/src/Main.cpp:140:50: note:   ‘NetworkTrace’ is not derived from ‘const arma::BaseCube<typename T1::elem_type, T1>’
    trace.writeToFile(workspace.dir_xml() + "/" + trace + ".xml");
                                                  ^~~~~
In file included from /usr/include/armadillo:403:0,
                 from ../libsimitar/cfunctions.h:19,
                 from ../libsimitar/DatabaseInterface.h:28,
                 from ../trace-analyzer/src/Main.cpp:17:
/usr/include/armadillo_bits/operator_cube_plus.hpp:70:1: note: candidate: template<class T1> const arma::mtOpCube<std::complex<typename T1::pod_type>, T1, arma::op_cx_scalar_plus> arma::operator+(const arma::BaseCube<typename T1::pod_type, T1>&, const std::complex<typename T1::pod_type>&)
 operator+
 ^~~~~~~~
/usr/include/armadillo_bits/operator_cube_plus.hpp:70:1: note:   template argument deduction/substitution failed:
../trace-analyzer/src/Main.cpp:140:50: note:   ‘std::__cxx11::basic_string<char>’ is not derived from ‘const arma::BaseCube<typename T1::pod_type, T1>’
    trace.writeToFile(workspace.dir_xml() + "/" + trace + ".xml");
                                                  ^~~~~
In file included from /usr/include/armadillo:403:0,
                 from ../libsimitar/cfunctions.h:19,
                 from ../libsimitar/DatabaseInterface.h:28,
                 from ../trace-analyzer/src/Main.cpp:17:
/usr/include/armadillo_bits/operator_cube_plus.hpp:87:1: note: candidate: template<class T1> const arma::mtOpCube<std::complex<typename T1::pod_type>, T1, arma::op_cx_scalar_plus> arma::operator+(const std::complex<typename T1::pod_type>&, const arma::BaseCube<typename T1::pod_type, T1>&)
 operator+
 ^~~~~~~~
/usr/include/armadillo_bits/operator_cube_plus.hpp:87:1: note:   template argument deduction/substitution failed:
../trace-analyzer/src/Main.cpp:140:50: note:   ‘NetworkTrace’ is not derived from ‘const arma::BaseCube<typename T1::pod_type, T1>’
    trace.writeToFile(workspace.dir_xml() + "/" + trace + ".xml");
                                                  ^~~~~
In file included from /usr/include/armadillo:403:0,
                 from ../libsimitar/cfunctions.h:19,
                 from ../libsimitar/DatabaseInterface.h:28,
                 from ../trace-analyzer/src/Main.cpp:17:
/usr/include/armadillo_bits/operator_cube_plus.hpp:104:1: note: candidate: template<class T1, class T2> const arma::eGlueCube<T1, T2, arma::eglue_plus> arma::operator+(const arma::BaseCube<typename T1::elem_type, T1>&, const arma::BaseCube<typename T1::elem_type, T2>&)
 operator+
 ^~~~~~~~
/usr/include/armadillo_bits/operator_cube_plus.hpp:104:1: note:   template argument deduction/substitution failed:
../trace-analyzer/src/Main.cpp:140:50: note:   ‘std::__cxx11::basic_string<char>’ is not derived from ‘const arma::BaseCube<typename T1::elem_type, T1>’
    trace.writeToFile(workspace.dir_xml() + "/" + trace + ".xml");
                                                  ^~~~~
In file included from /usr/include/armadillo:403:0,
                 from ../libsimitar/cfunctions.h:19,
                 from ../libsimitar/DatabaseInterface.h:28,
                 from ../trace-analyzer/src/Main.cpp:17:
/usr/include/armadillo_bits/operator_cube_plus.hpp:121:1: note: candidate: template<class T1, class T2> const arma::mtGlueCube<typename arma::promote_type<typename T1::elem_type, typename T2::elem_type>::result, T1, T2, arma::glue_mixed_plus> arma::operator+(const arma::BaseCube<typename arma::force_different_type<typename T1::elem_type, typename T2::elem_type>::T1_result, T1>&, const arma::BaseCube<typename arma::force_different_type<typename T1::elem_type, typename T2::elem_type>::T2_result, T2>&)
 operator+
 ^~~~~~~~
/usr/include/armadillo_bits/operator_cube_plus.hpp:121:1: note:   template argument deduction/substitution failed:
../trace-analyzer/src/Main.cpp:140:50: note:   ‘std::__cxx11::basic_string<char>’ is not derived from ‘const arma::BaseCube<typename arma::force_different_type<typename T1::elem_type, typename T2::elem_type>::T1_result, T1>’
    trace.writeToFile(workspace.dir_xml() + "/" + trace + ".xml");
                                                  ^~~~~
In file included from /usr/include/armadillo:403:0,
                 from ../libsimitar/cfunctions.h:19,
                 from ../libsimitar/DatabaseInterface.h:28,
                 from ../trace-analyzer/src/Main.cpp:17:
/usr/include/armadillo_bits/operator_cube_plus.hpp:144:1: note: candidate: template<class eT, class T2> arma::Cube<eT> arma::operator+(const arma::subview_cube_each1<eT>&, const arma::Base<eT, T1>&)
 operator+
 ^~~~~~~~
/usr/include/armadillo_bits/operator_cube_plus.hpp:144:1: note:   template argument deduction/substitution failed:
../trace-analyzer/src/Main.cpp:140:50: note:   ‘std::__cxx11::basic_string<char>’ is not derived from ‘const arma::subview_cube_each1<eT>’
    trace.writeToFile(workspace.dir_xml() + "/" + trace + ".xml");
                                                  ^~~~~
In file included from /usr/include/armadillo:403:0,
                 from ../libsimitar/cfunctions.h:19,
                 from ../libsimitar/DatabaseInterface.h:28,
                 from ../trace-analyzer/src/Main.cpp:17:
/usr/include/armadillo_bits/operator_cube_plus.hpp:160:1: note: candidate: template<class T1, class eT> arma::Cube<eT> arma::operator+(const arma::Base<eT, T1>&, const arma::subview_cube_each1<eT>&)
 operator+
 ^~~~~~~~
/usr/include/armadillo_bits/operator_cube_plus.hpp:160:1: note:   template argument deduction/substitution failed:
../trace-analyzer/src/Main.cpp:140:50: note:   ‘std::__cxx11::basic_string<char>’ is not derived from ‘const arma::Base<eT, T1>’
    trace.writeToFile(workspace.dir_xml() + "/" + trace + ".xml");
                                                  ^~~~~
In file included from /usr/include/armadillo:403:0,
                 from ../libsimitar/cfunctions.h:19,
                 from ../libsimitar/DatabaseInterface.h:28,
                 from ../trace-analyzer/src/Main.cpp:17:
/usr/include/armadillo_bits/operator_cube_plus.hpp:176:1: note: candidate: template<class eT, class TB, class T2> arma::Cube<eT> arma::operator+(const arma::subview_cube_each2<eT, TB>&, const arma::Base<T, T2>&)
 operator+
 ^~~~~~~~
/usr/include/armadillo_bits/operator_cube_plus.hpp:176:1: note:   template argument deduction/substitution failed:
../trace-analyzer/src/Main.cpp:140:50: note:   ‘std::__cxx11::basic_string<char>’ is not derived from ‘const arma::subview_cube_each2<eT, TB>’
    trace.writeToFile(workspace.dir_xml() + "/" + trace + ".xml");
                                                  ^~~~~
In file included from /usr/include/armadillo:403:0,
                 from ../libsimitar/cfunctions.h:19,
                 from ../libsimitar/DatabaseInterface.h:28,
                 from ../trace-analyzer/src/Main.cpp:17:
/usr/include/armadillo_bits/operator_cube_plus.hpp:192:1: note: candidate: template<class T1, class eT, class TB> arma::Cube<eT> arma::operator+(const arma::Base<eT, T1>&, const arma::subview_cube_each2<eT, TB>&)
 operator+
 ^~~~~~~~
/usr/include/armadillo_bits/operator_cube_plus.hpp:192:1: note:   template argument deduction/substitution failed:
../trace-analyzer/src/Main.cpp:140:50: note:   ‘std::__cxx11::basic_string<char>’ is not derived from ‘const arma::Base<eT, T1>’
    trace.writeToFile(workspace.dir_xml() + "/" + trace + ".xml");
                                                  ^~~~~
In file included from /usr/include/armadillo:29:0,
                 from ../libsimitar/cfunctions.h:19,
                 from ../libsimitar/DatabaseInterface.h:28,
                 from ../trace-analyzer/src/Main.cpp:17:
/usr/include/c++/6/complex:445:5: note: candidate: template<class _Tp> std::complex<_Tp> std::operator+(const std::complex<_Tp>&)
     operator+(const complex<_Tp>& __x)
     ^~~~~~~~
/usr/include/c++/6/complex:445:5: note:   template argument deduction/substitution failed:
../trace-analyzer/src/Main.cpp:140:50: note:   ‘std::__cxx11::basic_string<char>’ is not derived from ‘const std::complex<_Tp>’
    trace.writeToFile(workspace.dir_xml() + "/" + trace + ".xml");
                                                  ^~~~~
In file included from /usr/include/armadillo:29:0,
                 from ../libsimitar/cfunctions.h:19,
                 from ../libsimitar/DatabaseInterface.h:28,
                 from ../trace-analyzer/src/Main.cpp:17:
/usr/include/c++/6/complex:344:5: note: candidate: template<class _Tp> std::complex<_Tp> std::operator+(const _Tp&, const std::complex<_Tp>&)
     operator+(const _Tp& __x, const complex<_Tp>& __y)
     ^~~~~~~~
/usr/include/c++/6/complex:344:5: note:   template argument deduction/substitution failed:
../trace-analyzer/src/Main.cpp:140:50: note:   ‘NetworkTrace’ is not derived from ‘const std::complex<_Tp>’
    trace.writeToFile(workspace.dir_xml() + "/" + trace + ".xml");
                                                  ^~~~~
In file included from /usr/include/armadillo:29:0,
                 from ../libsimitar/cfunctions.h:19,
                 from ../libsimitar/DatabaseInterface.h:28,
                 from ../trace-analyzer/src/Main.cpp:17:
/usr/include/c++/6/complex:335:5: note: candidate: template<class _Tp> std::complex<_Tp> std::operator+(const std::complex<_Tp>&, const _Tp&)
     operator+(const complex<_Tp>& __x, const _Tp& __y)
     ^~~~~~~~
/usr/include/c++/6/complex:335:5: note:   template argument deduction/substitution failed:
../trace-analyzer/src/Main.cpp:140:50: note:   ‘std::__cxx11::basic_string<char>’ is not derived from ‘const std::complex<_Tp>’
    trace.writeToFile(workspace.dir_xml() + "/" + trace + ".xml");
                                                  ^~~~~
In file included from /usr/include/armadillo:29:0,
                 from ../libsimitar/cfunctions.h:19,
                 from ../libsimitar/DatabaseInterface.h:28,
                 from ../trace-analyzer/src/Main.cpp:17:
/usr/include/c++/6/complex:326:5: note: candidate: template<class _Tp> std::complex<_Tp> std::operator+(const std::complex<_Tp>&, const std::complex<_Tp>&)
     operator+(const complex<_Tp>& __x, const complex<_Tp>& __y)
     ^~~~~~~~
/usr/include/c++/6/complex:326:5: note:   template argument deduction/substitution failed:
../trace-analyzer/src/Main.cpp:140:50: note:   ‘std::__cxx11::basic_string<char>’ is not derived from ‘const std::complex<_Tp>’
    trace.writeToFile(workspace.dir_xml() + "/" + trace + ".xml");
                                                  ^~~~~
In file included from /usr/include/c++/6/vector:65:0,
                 from /usr/include/tclap/SwitchArg.h:28,
                 from /usr/include/tclap/CmdLine.h:27,
                 from ../trace-analyzer/src/Main.cpp:14:
/usr/include/c++/6/bits/stl_bvector.h:387:3: note: candidate: std::_Bit_const_iterator std::operator+(std::ptrdiff_t, const std::_Bit_const_iterator&)
   operator+(ptrdiff_t __n, const _Bit_const_iterator& __x)
   ^~~~~~~~
/usr/include/c++/6/bits/stl_bvector.h:387:3: note:   no known conversion for argument 1 from ‘std::__cxx11::basic_string<char>’ to ‘std::ptrdiff_t {aka long int}’
/usr/include/c++/6/bits/stl_bvector.h:297:3: note: candidate: std::_Bit_iterator std::operator+(std::ptrdiff_t, const std::_Bit_iterator&)
   operator+(ptrdiff_t __n, const _Bit_iterator& __x)
   ^~~~~~~~
/usr/include/c++/6/bits/stl_bvector.h:297:3: note:   no known conversion for argument 1 from ‘std::__cxx11::basic_string<char>’ to ‘std::ptrdiff_t {aka long int}’
In file included from /usr/include/c++/6/string:52:0,
                 from /usr/include/c++/6/bits/locale_classes.h:40,
                 from /usr/include/c++/6/bits/ios_base.h:41,
                 from /usr/include/c++/6/ios:42,
                 from /usr/include/c++/6/ostream:38,
                 from /usr/include/c++/6/iostream:39,
                 from ../trace-analyzer/src/Main.cpp:10:
/usr/include/c++/6/bits/basic_string.h:5036:5: note: candidate: template<class _CharT, class _Traits, class _Alloc> std::__cxx11::basic_string<_CharT, _Traits, _Alloc> std::operator+(std::__cxx11::basic_string<_CharT, _Traits, _Alloc>&&, _CharT)
     operator+(basic_string<_CharT, _Traits, _Alloc>&& __lhs,
     ^~~~~~~~
/usr/include/c++/6/bits/basic_string.h:5036:5: note:   template argument deduction/substitution failed:
../trace-analyzer/src/Main.cpp:140:50: note:   deduced conflicting types for parameter ‘_CharT’ (‘char’ and ‘NetworkTrace’)
    trace.writeToFile(workspace.dir_xml() + "/" + trace + ".xml");
                                                  ^~~~~
In file included from /usr/include/c++/6/string:52:0,
                 from /usr/include/c++/6/bits/locale_classes.h:40,
                 from /usr/include/c++/6/bits/ios_base.h:41,
                 from /usr/include/c++/6/ios:42,
                 from /usr/include/c++/6/ostream:38,
                 from /usr/include/c++/6/iostream:39,
                 from ../trace-analyzer/src/Main.cpp:10:
/usr/include/c++/6/bits/basic_string.h:5030:5: note: candidate: template<class _CharT, class _Traits, class _Alloc> std::__cxx11::basic_string<_CharT, _Traits, _Alloc> std::operator+(std::__cxx11::basic_string<_CharT, _Traits, _Alloc>&&, const _CharT*)
     operator+(basic_string<_CharT, _Traits, _Alloc>&& __lhs,
     ^~~~~~~~
/usr/include/c++/6/bits/basic_string.h:5030:5: note:   template argument deduction/substitution failed:
../trace-analyzer/src/Main.cpp:140:50: note:   mismatched types ‘const _CharT*’ and ‘NetworkTrace’
    trace.writeToFile(workspace.dir_xml() + "/" + trace + ".xml");
                                                  ^~~~~
In file included from /usr/include/c++/6/string:52:0,
                 from /usr/include/c++/6/bits/locale_classes.h:40,
                 from /usr/include/c++/6/bits/ios_base.h:41,
                 from /usr/include/c++/6/ios:42,
                 from /usr/include/c++/6/ostream:38,
                 from /usr/include/c++/6/iostream:39,
                 from ../trace-analyzer/src/Main.cpp:10:
/usr/include/c++/6/bits/basic_string.h:5024:5: note: candidate: template<class _CharT, class _Traits, class _Alloc> std::__cxx11::basic_string<_CharT, _Traits, _Alloc> std::operator+(_CharT, std::__cxx11::basic_string<_CharT, _Traits, _Alloc>&&)
     operator+(_CharT __lhs,
     ^~~~~~~~
/usr/include/c++/6/bits/basic_string.h:5024:5: note:   template argument deduction/substitution failed:
../trace-analyzer/src/Main.cpp:140:50: note:   ‘NetworkTrace’ is not derived from ‘std::__cxx11::basic_string<_CharT, _Traits, _Alloc>’
    trace.writeToFile(workspace.dir_xml() + "/" + trace + ".xml");
                                                  ^~~~~
In file included from /usr/include/c++/6/string:52:0,
                 from /usr/include/c++/6/bits/locale_classes.h:40,
                 from /usr/include/c++/6/bits/ios_base.h:41,
                 from /usr/include/c++/6/ios:42,
                 from /usr/include/c++/6/ostream:38,
                 from /usr/include/c++/6/iostream:39,
                 from ../trace-analyzer/src/Main.cpp:10:
/usr/include/c++/6/bits/basic_string.h:5018:5: note: candidate: template<class _CharT, class _Traits, class _Alloc> std::__cxx11::basic_string<_CharT, _Traits, _Alloc> std::operator+(const _CharT*, std::__cxx11::basic_string<_CharT, _Traits, _Alloc>&&)
     operator+(const _CharT* __lhs,
     ^~~~~~~~
/usr/include/c++/6/bits/basic_string.h:5018:5: note:   template argument deduction/substitution failed:
../trace-analyzer/src/Main.cpp:140:50: note:   mismatched types ‘const _CharT*’ and ‘std::__cxx11::basic_string<char>’
    trace.writeToFile(workspace.dir_xml() + "/" + trace + ".xml");
                                                  ^~~~~
In file included from /usr/include/c++/6/string:52:0,
                 from /usr/include/c++/6/bits/locale_classes.h:40,
                 from /usr/include/c++/6/bits/ios_base.h:41,
                 from /usr/include/c++/6/ios:42,
                 from /usr/include/c++/6/ostream:38,
                 from /usr/include/c++/6/iostream:39,
                 from ../trace-analyzer/src/Main.cpp:10:
/usr/include/c++/6/bits/basic_string.h:5006:5: note: candidate: template<class _CharT, class _Traits, class _Alloc> std::__cxx11::basic_string<_CharT, _Traits, _Alloc> std::operator+(std::__cxx11::basic_string<_CharT, _Traits, _Alloc>&&, std::__cxx11::basic_string<_CharT, _Traits, _Alloc>&&)
     operator+(basic_string<_CharT, _Traits, _Alloc>&& __lhs,
     ^~~~~~~~
/usr/include/c++/6/bits/basic_string.h:5006:5: note:   template argument deduction/substitution failed:
../trace-analyzer/src/Main.cpp:140:50: note:   ‘NetworkTrace’ is not derived from ‘std::__cxx11::basic_string<_CharT, _Traits, _Alloc>’
    trace.writeToFile(workspace.dir_xml() + "/" + trace + ".xml");
                                                  ^~~~~
In file included from /usr/include/c++/6/string:52:0,
                 from /usr/include/c++/6/bits/locale_classes.h:40,
                 from /usr/include/c++/6/bits/ios_base.h:41,
                 from /usr/include/c++/6/ios:42,
                 from /usr/include/c++/6/ostream:38,
                 from /usr/include/c++/6/iostream:39,
                 from ../trace-analyzer/src/Main.cpp:10:
/usr/include/c++/6/bits/basic_string.h:5000:5: note: candidate: template<class _CharT, class _Traits, class _Alloc> std::__cxx11::basic_string<_CharT, _Traits, _Alloc> std::operator+(const std::__cxx11::basic_string<_CharT, _Traits, _Alloc>&, std::__cxx11::basic_string<_CharT, _Traits, _Alloc>&&)
     operator+(const basic_string<_CharT, _Traits, _Alloc>& __lhs,
     ^~~~~~~~
/usr/include/c++/6/bits/basic_string.h:5000:5: note:   template argument deduction/substitution failed:
../trace-analyzer/src/Main.cpp:140:50: note:   ‘NetworkTrace’ is not derived from ‘std::__cxx11::basic_string<_CharT, _Traits, _Alloc>’
    trace.writeToFile(workspace.dir_xml() + "/" + trace + ".xml");
                                                  ^~~~~
In file included from /usr/include/c++/6/string:52:0,
                 from /usr/include/c++/6/bits/locale_classes.h:40,
                 from /usr/include/c++/6/bits/ios_base.h:41,
                 from /usr/include/c++/6/ios:42,
                 from /usr/include/c++/6/ostream:38,
                 from /usr/include/c++/6/iostream:39,
                 from ../trace-analyzer/src/Main.cpp:10:
/usr/include/c++/6/bits/basic_string.h:4994:5: note: candidate: template<class _CharT, class _Traits, class _Alloc> std::__cxx11::basic_string<_CharT, _Traits, _Alloc> std::operator+(std::__cxx11::basic_string<_CharT, _Traits, _Alloc>&&, const std::__cxx11::basic_string<_CharT, _Traits, _Alloc>&)
     operator+(basic_string<_CharT, _Traits, _Alloc>&& __lhs,
     ^~~~~~~~
/usr/include/c++/6/bits/basic_string.h:4994:5: note:   template argument deduction/substitution failed:
../trace-analyzer/src/Main.cpp:140:50: note:   ‘NetworkTrace’ is not derived from ‘const std::__cxx11::basic_string<_CharT, _Traits, _Alloc>’
    trace.writeToFile(workspace.dir_xml() + "/" + trace + ".xml");
                                                  ^~~~~
In file included from /usr/include/c++/6/string:52:0,
                 from /usr/include/c++/6/bits/locale_classes.h:40,
                 from /usr/include/c++/6/bits/ios_base.h:41,
                 from /usr/include/c++/6/ios:42,
                 from /usr/include/c++/6/ostream:38,
                 from /usr/include/c++/6/iostream:39,
                 from ../trace-analyzer/src/Main.cpp:10:
/usr/include/c++/6/bits/basic_string.h:4982:5: note: candidate: template<class _CharT, class _Traits, class _Alloc> std::__cxx11::basic_string<_CharT, _Traits, _Alloc> std::operator+(const std::__cxx11::basic_string<_CharT, _Traits, _Alloc>&, _CharT)
     operator+(const basic_string<_CharT, _Traits, _Alloc>& __lhs, _CharT __rhs)
     ^~~~~~~~
/usr/include/c++/6/bits/basic_string.h:4982:5: note:   template argument deduction/substitution failed:
../trace-analyzer/src/Main.cpp:140:50: note:   deduced conflicting types for parameter ‘_CharT’ (‘char’ and ‘NetworkTrace’)
    trace.writeToFile(workspace.dir_xml() + "/" + trace + ".xml");
                                                  ^~~~~
In file included from /usr/include/c++/6/string:52:0,
                 from /usr/include/c++/6/bits/locale_classes.h:40,
                 from /usr/include/c++/6/bits/ios_base.h:41,
                 from /usr/include/c++/6/ios:42,
                 from /usr/include/c++/6/ostream:38,
                 from /usr/include/c++/6/iostream:39,
                 from ../trace-analyzer/src/Main.cpp:10:
/usr/include/c++/6/bits/basic_string.h:4966:5: note: candidate: template<class _CharT, class _Traits, class _Alloc> std::__cxx11::basic_string<_CharT, _Traits, _Alloc> std::operator+(const std::__cxx11::basic_string<_CharT, _Traits, _Alloc>&, const _CharT*)
     operator+(const basic_string<_CharT, _Traits, _Alloc>& __lhs,
     ^~~~~~~~
/usr/include/c++/6/bits/basic_string.h:4966:5: note:   template argument deduction/substitution failed:
../trace-analyzer/src/Main.cpp:140:50: note:   mismatched types ‘const _CharT*’ and ‘NetworkTrace’
    trace.writeToFile(workspace.dir_xml() + "/" + trace + ".xml");
                                                  ^~~~~
In file included from /usr/include/c++/6/string:53:0,
                 from /usr/include/c++/6/bits/locale_classes.h:40,
                 from /usr/include/c++/6/bits/ios_base.h:41,
                 from /usr/include/c++/6/ios:42,
                 from /usr/include/c++/6/ostream:38,
                 from /usr/include/c++/6/iostream:39,
                 from ../trace-analyzer/src/Main.cpp:10:
/usr/include/c++/6/bits/basic_string.tcc:1163:5: note: candidate: template<class _CharT, class _Traits, class _Alloc> std::__cxx11::basic_string<_CharT, _Traits, _Alloc> std::operator+(_CharT, const std::__cxx11::basic_string<_CharT, _Traits, _Alloc>&)
     operator+(_CharT __lhs, const basic_string<_CharT, _Traits, _Alloc>& __rhs)
     ^~~~~~~~
/usr/include/c++/6/bits/basic_string.tcc:1163:5: note:   template argument deduction/substitution failed:
../trace-analyzer/src/Main.cpp:140:50: note:   ‘NetworkTrace’ is not derived from ‘const std::__cxx11::basic_string<_CharT, _Traits, _Alloc>’
    trace.writeToFile(workspace.dir_xml() + "/" + trace + ".xml");
                                                  ^~~~~
In file included from /usr/include/c++/6/string:53:0,
                 from /usr/include/c++/6/bits/locale_classes.h:40,
                 from /usr/include/c++/6/bits/ios_base.h:41,
                 from /usr/include/c++/6/ios:42,
                 from /usr/include/c++/6/ostream:38,
                 from /usr/include/c++/6/iostream:39,
                 from ../trace-analyzer/src/Main.cpp:10:
/usr/include/c++/6/bits/basic_string.tcc:1147:5: note: candidate: template<class _CharT, class _Traits, class _Alloc> std::__cxx11::basic_string<_CharT, _Traits, _Alloc> std::operator+(const _CharT*, const std::__cxx11::basic_string<_CharT, _Traits, _Alloc>&)
     operator+(const _CharT* __lhs,
     ^~~~~~~~
/usr/include/c++/6/bits/basic_string.tcc:1147:5: note:   template argument deduction/substitution failed:
../trace-analyzer/src/Main.cpp:140:50: note:   mismatched types ‘const _CharT*’ and ‘std::__cxx11::basic_string<char>’
    trace.writeToFile(workspace.dir_xml() + "/" + trace + ".xml");
                                                  ^~~~~
In file included from /usr/include/c++/6/string:52:0,
                 from /usr/include/c++/6/bits/locale_classes.h:40,
                 from /usr/include/c++/6/bits/ios_base.h:41,
                 from /usr/include/c++/6/ios:42,
                 from /usr/include/c++/6/ostream:38,
                 from /usr/include/c++/6/iostream:39,
                 from ../trace-analyzer/src/Main.cpp:10:
/usr/include/c++/6/bits/basic_string.h:4929:5: note: candidate: template<class _CharT, class _Traits, class _Alloc> std::__cxx11::basic_string<_CharT, _Traits, _Alloc> std::operator+(const std::__cxx11::basic_string<_CharT, _Traits, _Alloc>&, const std::__cxx11::basic_string<_CharT, _Traits, _Alloc>&)
     operator+(const basic_string<_CharT, _Traits, _Alloc>& __lhs,
     ^~~~~~~~
/usr/include/c++/6/bits/basic_string.h:4929:5: note:   template argument deduction/substitution failed:
../trace-analyzer/src/Main.cpp:140:50: note:   ‘NetworkTrace’ is not derived from ‘const std::__cxx11::basic_string<_CharT, _Traits, _Alloc>’
    trace.writeToFile(workspace.dir_xml() + "/" + trace + ".xml");
                                                  ^~~~~
In file included from /usr/include/c++/6/bits/stl_algobase.h:67:0,
                 from /usr/include/c++/6/bits/char_traits.h:39,
                 from /usr/include/c++/6/ios:40,
                 from /usr/include/c++/6/ostream:38,
                 from /usr/include/c++/6/iostream:39,
                 from ../trace-analyzer/src/Main.cpp:10:
/usr/include/c++/6/bits/stl_iterator.h:1200:5: note: candidate: template<class _Iterator> std::move_iterator<_IteratorL> std::operator+(typename std::move_iterator<_IteratorL>::difference_type, const std::move_iterator<_IteratorL>&)
     operator+(typename move_iterator<_Iterator>::difference_type __n,
     ^~~~~~~~
/usr/include/c++/6/bits/stl_iterator.h:1200:5: note:   template argument deduction/substitution failed:
../trace-analyzer/src/Main.cpp:140:50: note:   ‘NetworkTrace’ is not derived from ‘const std::move_iterator<_IteratorL>’
    trace.writeToFile(workspace.dir_xml() + "/" + trace + ".xml");
                                                  ^~~~~
In file included from /usr/include/c++/6/bits/stl_algobase.h:67:0,
                 from /usr/include/c++/6/bits/char_traits.h:39,
                 from /usr/include/c++/6/ios:40,
                 from /usr/include/c++/6/ostream:38,
                 from /usr/include/c++/6/iostream:39,
                 from ../trace-analyzer/src/Main.cpp:10:
/usr/include/c++/6/bits/stl_iterator.h:341:5: note: candidate: template<class _Iterator> std::reverse_iterator<_Iterator> std::operator+(typename std::reverse_iterator<_Iterator>::difference_type, const std::reverse_iterator<_Iterator>&)
     operator+(typename reverse_iterator<_Iterator>::difference_type __n,
     ^~~~~~~~
/usr/include/c++/6/bits/stl_iterator.h:341:5: note:   template argument deduction/substitution failed:
../trace-analyzer/src/Main.cpp:140:50: note:   ‘NetworkTrace’ is not derived from ‘const std::reverse_iterator<_Iterator>’
    trace.writeToFile(workspace.dir_xml() + "/" + trace + ".xml");
                                                  ^~~~~
In file included from /usr/include/c++/6/bits/stl_algobase.h:67:0,
                 from /usr/include/c++/6/bits/char_traits.h:39,
                 from /usr/include/c++/6/ios:40,
                 from /usr/include/c++/6/ostream:38,
                 from /usr/include/c++/6/iostream:39,
                 from ../trace-analyzer/src/Main.cpp:10:
/usr/include/c++/6/bits/stl_iterator.h:966:5: note: candidate: template<class _Iterator, class _Container> __gnu_cxx::__normal_iterator<_Iterator, _Container> __gnu_cxx::operator+(typename __gnu_cxx::__normal_iterator<_Iterator, _Container>::difference_type, const __gnu_cxx::__normal_iterator<_Iterator, _Container>&)
     operator+(typename __normal_iterator<_Iterator, _Container>::difference_type
     ^~~~~~~~
/usr/include/c++/6/bits/stl_iterator.h:966:5: note:   template argument deduction/substitution failed:
../trace-analyzer/src/Main.cpp:140:50: note:   ‘NetworkTrace’ is not derived from ‘const __gnu_cxx::__normal_iterator<_Iterator, _Container>’
    trace.writeToFile(workspace.dir_xml() + "/" + trace + ".xml");
                                                  ^~~~~
make: *** [../trace-analyzer/obj/Main.o] Error 1
Makefile:111: recipe for target '../trace-analyzer/obj/Main.o' failed
01:26:47 **** Incremental Build of configuration Debug for project tests ****
make all 
make -C integration/
make[1]: Entering directory '/home/anderson/SIMITAR/tests/integration'
make[1]: Nothing to be done for 'all'.
make[1]: Leaving directory '/home/anderson/SIMITAR/tests/integration'
make -C unity/
make[1]: Entering directory '/home/anderson/SIMITAR/tests/unity'
make[1]: Nothing to be done for 'all'.
make[1]: Leaving directory '/home/anderson/SIMITAR/tests/unity'
01:27:57 **** Incremental Build of configuration Release for project libsimitar ****
make all 
make: Nothing to be done for 'all'.
01:27:58 **** Incremental Build of configuration Default for project trace-analyzer ****
make all 

* Compiling: ../trace-analyzer/src/Main.cpp -> ../trace-analyzer/obj/Main.og++ -fmessage-length=0 -std=c++11 -O0 -g3 -p -pg -ftest-coverage -fprofile-arcs -Wall -c -o ../trace-analyzer/obj/Main.o ../trace-analyzer/src/Main.cpp -I ../deps/ -I ../libsimitar/
In file included from ../libsimitar/SimitarWorkspace.h:18:0,
                 from ../libsimitar/DatabaseInterface.h:29,
                 from ../trace-analyzer/src/Main.cpp:17:
../libsimitar/PlogMacros.h:20:0: warning: "PLOG_INIT" redefined
 #define PLOG_INIT(logLevel)\
 
In file included from ../libsimitar/cfunctions.h:23:0,
                 from ../libsimitar/DatabaseInterface.h:28,
                 from ../trace-analyzer/src/Main.cpp:17:
../libsimitar/Defines.h:323:0: note: this is the location of the previous definition
 #define PLOG_INIT() plog::RollingFileAppender<plog::CsvFormatter> fileAppender("MultiAppender.csv", 8000, 3); \
 
../trace-analyzer/src/Main.cpp: In function ‘int main(int, char**)’:
../trace-analyzer/src/Main.cpp:137:58: error: no match for ‘operator+’ (operand types are ‘std::__cxx11::basic_string<char>’ and ‘NetworkTrace’)
    std::string ctd_file_name = workspace.dir_xml() + "/" + trace + ".xml";
                                ~~~~~~~~~~~~~~~~~~~~~~~~~~^~~~~~~
In file included from /usr/include/armadillo:396:0,
                 from ../libsimitar/cfunctions.h:19,
                 from ../libsimitar/DatabaseInterface.h:28,
                 from ../trace-analyzer/src/Main.cpp:17:
/usr/include/armadillo_bits/operator_plus.hpp:21:1: note: candidate: template<class T1> typename arma::enable_if2<arma::is_arma_type<T1>::value, const T1&>::result arma::operator+(const T1&)
 operator+
 ^~~~~~~~
/usr/include/armadillo_bits/operator_plus.hpp:21:1: note:   template argument deduction/substitution failed:
../trace-analyzer/src/Main.cpp:137:60: note:   candidate expects 1 argument, 2 provided
    std::string ctd_file_name = workspace.dir_xml() + "/" + trace + ".xml";
                                                            ^~~~~
In file included from /usr/include/armadillo:396:0,
                 from ../libsimitar/cfunctions.h:19,
                 from ../libsimitar/DatabaseInterface.h:28,
                 from ../trace-analyzer/src/Main.cpp:17:
/usr/include/armadillo_bits/operator_plus.hpp:35:1: note: candidate: template<class T1> typename arma::enable_if2<arma::is_arma_type<T1>::value, const arma::eOp<T1, arma::eop_scalar_plus> >::result arma::operator+(const T1&, typename T1::elem_type)
 operator+
 ^~~~~~~~
/usr/include/armadillo_bits/operator_plus.hpp:35:1: note:   template argument deduction/substitution failed:
/usr/include/armadillo_bits/operator_plus.hpp: In substitution of ‘template<class T1> typename arma::enable_if2<arma::is_arma_type<T1>::value, const arma::eOp<T1, arma::eop_scalar_plus> >::result arma::operator+(const T1&, typename T1::elem_type) [with T1 = std::__cxx11::basic_string<char>]’:
../trace-analyzer/src/Main.cpp:137:60:   required from here
/usr/include/armadillo_bits/operator_plus.hpp:35:1: error: no type named ‘result’ in ‘struct arma::enable_if2<false, const arma::eOp<std::__cxx11::basic_string<char>, arma::eop_scalar_plus> >’
/usr/include/armadillo_bits/operator_plus.hpp:49:1: note: candidate: template<class T1> typename arma::enable_if2<arma::is_arma_type<T1>::value, const arma::eOp<T1, arma::eop_scalar_plus> >::result arma::operator+(typename T1::elem_type, const T1&)
 operator+
 ^~~~~~~~
/usr/include/armadillo_bits/operator_plus.hpp:49:1: note:   template argument deduction/substitution failed:
/usr/include/armadillo_bits/operator_plus.hpp: In substitution of ‘template<class T1> typename arma::enable_if2<arma::is_arma_type<T1>::value, const arma::eOp<T1, arma::eop_scalar_plus> >::result arma::operator+(typename T1::elem_type, const T1&) [with T1 = NetworkTrace]’:
../trace-analyzer/src/Main.cpp:137:60:   required from here
/usr/include/armadillo_bits/operator_plus.hpp:49:1: error: no type named ‘result’ in ‘struct arma::enable_if2<false, const arma::eOp<NetworkTrace, arma::eop_scalar_plus> >’
/usr/include/armadillo_bits/operator_plus.hpp:68:1: note: candidate: template<class T1> typename arma::enable_if2<(arma::is_arma_type<T1>::value && arma::is_cx<typename T1::elem_type>::no), const arma::mtOp<std::complex<typename T1::pod_type>, T1, arma::op_cx_scalar_plus> >::result arma::operator+(const T1&, const std::complex<typename T1::pod_type>&)
 operator+
 ^~~~~~~~
/usr/include/armadillo_bits/operator_plus.hpp:68:1: note:   template argument deduction/substitution failed:
/usr/include/armadillo_bits/operator_plus.hpp: In substitution of ‘template<class T1> typename arma::enable_if2<(arma::is_arma_type<T1>::value && arma::is_cx<typename T1::elem_type>::no), const arma::mtOp<std::complex<typename T1::pod_type>, T1, arma::op_cx_scalar_plus> >::result arma::operator+(const T1&, const std::complex<typename T1::pod_type>&) [with T1 = std::__cxx11::basic_string<char>]’:
../trace-analyzer/src/Main.cpp:137:60:   required from here
/usr/include/armadillo_bits/operator_plus.hpp:65:28: error: no type named ‘elem_type’ in ‘class std::__cxx11::basic_string<char>’
   (is_arma_type<T1>::value && is_cx<typename T1::elem_type>::no),
   ~~~~~~~~~~~~~~~~~~~~~~~~~^~~~~~~~~~~~~~~~~~~~~~~~~~~~~~~~~~~~~
/usr/include/armadillo_bits/operator_plus.hpp:90:1: note: candidate: template<class T1> typename arma::enable_if2<(arma::is_arma_type<T1>::value && arma::is_cx<typename T1::elem_type>::no), const arma::mtOp<std::complex<typename T1::pod_type>, T1, arma::op_cx_scalar_plus> >::result arma::operator+(const std::complex<typename T1::pod_type>&, const T1&)
 operator+
 ^~~~~~~~
/usr/include/armadillo_bits/operator_plus.hpp:90:1: note:   template argument deduction/substitution failed:
/usr/include/armadillo_bits/operator_plus.hpp: In substitution of ‘template<class T1> typename arma::enable_if2<(arma::is_arma_type<T1>::value && arma::is_cx<typename T1::elem_type>::no), const arma::mtOp<std::complex<typename T1::pod_type>, T1, arma::op_cx_scalar_plus> >::result arma::operator+(const std::complex<typename T1::pod_type>&, const T1&) [with T1 = NetworkTrace]’:
../trace-analyzer/src/Main.cpp:137:60:   required from here
/usr/include/armadillo_bits/operator_plus.hpp:65:28: error: no type named ‘elem_type’ in ‘class NetworkTrace’
   (is_arma_type<T1>::value && is_cx<typename T1::elem_type>::no),
   ~~~~~~~~~~~~~~~~~~~~~~~~~^~~~~~~~~~~~~~~~~~~~~~~~~~~~~~~~~~~~~
/usr/include/armadillo_bits/operator_plus.hpp:112:1: note: candidate: template<class T1, class T2> typename arma::enable_if2<((arma::is_arma_type<T1>::value && arma::is_arma_type<T2>::value) && arma::is_same_type<typename T1::elem_type, typename T2::elem_type>::value), const arma::eGlue<T1, T2, arma::eglue_plus> >::result arma::operator+(const T1&, const T2&)
 operator+
 ^~~~~~~~
/usr/include/armadillo_bits/operator_plus.hpp:112:1: note:   template argument deduction/substitution failed:
/usr/include/armadillo_bits/operator_plus.hpp: In substitution of ‘template<class T1, class T2> typename arma::enable_if2<((arma::is_arma_type<T1>::value && arma::is_arma_type<T2>::value) && arma::is_same_type<typename T1::elem_type, typename T2::elem_type>::value), const arma::eGlue<T1, T2, arma::eglue_plus> >::result arma::operator+(const T1&, const T2&) [with T1 = std::__cxx11::basic_string<char>; T2 = NetworkTrace]’:
../trace-analyzer/src/Main.cpp:137:60:   required from here
/usr/include/armadillo_bits/operator_plus.hpp:109:54: error: no type named ‘elem_type’ in ‘class std::__cxx11::basic_string<char>’
   is_arma_type<T1>::value && is_arma_type<T2>::value && is_same_type<typename T1::elem_type, typename T2::elem_type>::value,
   ~~~~~~~~~~~~~~~~~~~~~~~~~~~~~~~~~~~~~~~~~~~~~~~~~~~^~~~~~~~~~~~~~~~~~~~~~~~~~~~~~~~~~~~~~~~~~~~~~~~~~~~~~~~~~~~~~~
/usr/include/armadillo_bits/operator_plus.hpp:134:1: note: candidate: template<class T1, class T2> typename arma::enable_if2<((arma::is_arma_type<T1>::value && arma::is_arma_type<T2>::value) && arma::is_same_type<typename T1::elem_type, typename T2::elem_type>::no), const arma::mtGlue<typename arma::promote_type<typename T1::elem_type, typename T2::elem_type>::result, T1, T2, arma::glue_mixed_plus> >::result arma::operator+(const T1&, const T2&)
 operator+
 ^~~~~~~~
/usr/include/armadillo_bits/operator_plus.hpp:134:1: note:   template argument deduction/substitution failed:
/usr/include/armadillo_bits/operator_plus.hpp: In substitution of ‘template<class T1, class T2> typename arma::enable_if2<((arma::is_arma_type<T1>::value && arma::is_arma_type<T2>::value) && arma::is_same_type<typename T1::elem_type, typename T2::elem_type>::no), const arma::mtGlue<typename arma::promote_type<typename T1::elem_type, typename T2::elem_type>::result, T1, T2, arma::glue_mixed_plus> >::result arma::operator+(const T1&, const T2&) [with T1 = std::__cxx11::basic_string<char>; T2 = NetworkTrace]’:
../trace-analyzer/src/Main.cpp:137:60:   required from here
/usr/include/armadillo_bits/operator_plus.hpp:131:59: error: no type named ‘elem_type’ in ‘class std::__cxx11::basic_string<char>’
   (is_arma_type<T1>::value && is_arma_type<T2>::value && (is_same_type<typename T1::elem_type, typename T2::elem_type>::no)),
                                                          ~^~~~~~~~~~~~~~~~~~~~~~~~~~~~~~~~~~~~~~~~~~~~~~~~~~~~~~~~~~~~~~~~~
In file included from /usr/include/armadillo:396:0,
                 from ../libsimitar/cfunctions.h:19,
                 from ../libsimitar/DatabaseInterface.h:28,
                 from ../trace-analyzer/src/Main.cpp:17:
/usr/include/armadillo_bits/operator_plus.hpp:164:1: note: candidate: template<class T1, class T2> typename arma::enable_if2<((arma::is_arma_sparse_type<T1>::value && arma::is_arma_sparse_type<T2>::value) && arma::is_same_type<typename T1::elem_type, typename T2::elem_type>::value), arma::SpGlue<T1, T2, arma::spglue_plus> >::result arma::operator+(const T1&, const T2&)
 operator+
 ^~~~~~~~
/usr/include/armadillo_bits/operator_plus.hpp:164:1: note:   template argument deduction/substitution failed:
In file included from /usr/include/armadillo:396:0,
                 from ../libsimitar/cfunctions.h:19,
                 from ../libsimitar/DatabaseInterface.h:28,
                 from ../trace-analyzer/src/Main.cpp:17:
/usr/include/armadillo_bits/operator_plus.hpp: In substitution of ‘template<class T1, class T2> typename arma::enable_if2<((arma::is_arma_sparse_type<T1>::value && arma::is_arma_sparse_type<T2>::value) && arma::is_same_type<typename T1::elem_type, typename T2::elem_type>::value), arma::SpGlue<T1, T2, arma::spglue_plus> >::result arma::operator+(const T1&, const T2&) [with T1 = std::__cxx11::basic_string<char>; T2 = NetworkTrace]’:
../trace-analyzer/src/Main.cpp:137:60:   required from here
/usr/include/armadillo_bits/operator_plus.hpp:161:69: error: no type named ‘elem_type’ in ‘class std::__cxx11::basic_string<char>’
   (is_arma_sparse_type<T1>::value && is_arma_sparse_type<T2>::value && is_same_type<typename T1::elem_type, typename T2::elem_type>::value),
   ~~~~~~~~~~~~~~~~~~~~~~~~~~~~~~~~~~~~~~~~~~~~~~~~~~~~~~~~~~~~~~~~~~^~~~~~~~~~~~~~~~~~~~~~~~~~~~~~~~~~~~~~~~~~~~~~~~~~~~~~~~~~~~~~~~~~~~~~~
In file included from /usr/include/armadillo:396:0,
                 from ../libsimitar/cfunctions.h:19,
                 from ../libsimitar/DatabaseInterface.h:28,
                 from ../trace-analyzer/src/Main.cpp:17:
/usr/include/armadillo_bits/operator_plus.hpp:186:1: note: candidate: template<class T1, class T2> typename arma::enable_if2<((arma::is_arma_type<T1>::value && arma::is_arma_sparse_type<T2>::value) && arma::is_same_type<typename T1::elem_type, typename T2::elem_type>::value), arma::Mat<typename T1::elem_type> >::result arma::operator+(const T1&, const T2&)
 operator+
 ^~~~~~~~
/usr/include/armadillo_bits/operator_plus.hpp:186:1: note:   template argument deduction/substitution failed:
/usr/include/armadillo_bits/operator_plus.hpp: In substitution of ‘template<class T1, class T2> typename arma::enable_if2<((arma::is_arma_type<T1>::value && arma::is_arma_sparse_type<T2>::value) && arma::is_same_type<typename T1::elem_type, typename T2::elem_type>::value), arma::Mat<typename T1::elem_type> >::result arma::operator+(const T1&, const T2&) [with T1 = std::__cxx11::basic_string<char>; T2 = NetworkTrace]’:
../trace-analyzer/src/Main.cpp:137:60:   required from here
/usr/include/armadillo_bits/operator_plus.hpp:183:62: error: no type named ‘elem_type’ in ‘class std::__cxx11::basic_string<char>’
   (is_arma_type<T1>::value && is_arma_sparse_type<T2>::value && is_same_type<typename T1::elem_type, typename T2::elem_type>::value),
   ~~~~~~~~~~~~~~~~~~~~~~~~~~~~~~~~~~~~~~~~~~~~~~~~~~~~~~~~~~~^~~~~~~~~~~~~~~~~~~~~~~~~~~~~~~~~~~~~~~~~~~~~~~~~~~~~~~~~~~~~~~~~~~~~~~
/usr/include/armadillo_bits/operator_plus.hpp:223:1: note: candidate: template<class T1, class T2> typename arma::enable_if2<((arma::is_arma_sparse_type<T1>::value && arma::is_arma_type<T2>::value) && arma::is_same_type<typename T1::elem_type, typename T2::elem_type>::value), arma::Mat<typename T1::elem_type> >::result arma::operator+(const T1&, const T2&)
 operator+
 ^~~~~~~~
/usr/include/armadillo_bits/operator_plus.hpp:223:1: note:   template argument deduction/substitution failed:
/usr/include/armadillo_bits/operator_plus.hpp: In substitution of ‘template<class T1, class T2> typename arma::enable_if2<((arma::is_arma_sparse_type<T1>::value && arma::is_arma_type<T2>::value) && arma::is_same_type<typename T1::elem_type, typename T2::elem_type>::value), arma::Mat<typename T1::elem_type> >::result arma::operator+(const T1&, const T2&) [with T1 = std::__cxx11::basic_string<char>; T2 = NetworkTrace]’:
../trace-analyzer/src/Main.cpp:137:60:   required from here
/usr/include/armadillo_bits/operator_plus.hpp:220:62: error: no type named ‘elem_type’ in ‘class std::__cxx11::basic_string<char>’
   (is_arma_sparse_type<T1>::value && is_arma_type<T2>::value && is_same_type<typename T1::elem_type, typename T2::elem_type>::value),
   ~~~~~~~~~~~~~~~~~~~~~~~~~~~~~~~~~~~~~~~~~~~~~~~~~~~~~~~~~~~^~~~~~~~~~~~~~~~~~~~~~~~~~~~~~~~~~~~~~~~~~~~~~~~~~~~~~~~~~~~~~~~~~~~~~~
/usr/include/armadillo_bits/operator_plus.hpp:240:1: note: candidate: template<class parent, unsigned int mode, class T2> arma::Mat<typename T1::elem_type> arma::operator+(const arma::subview_each1<parent, mode>&, const arma::Base<typename parent::elem_type, T2>&)
 operator+
 ^~~~~~~~
/usr/include/armadillo_bits/operator_plus.hpp:240:1: note:   template argument deduction/substitution failed:
../trace-analyzer/src/Main.cpp:137:60: note:   ‘std::__cxx11::basic_string<char>’ is not derived from ‘const arma::subview_each1<parent, mode>’
    std::string ctd_file_name = workspace.dir_xml() + "/" + trace + ".xml";
                                                            ^~~~~
In file included from /usr/include/armadillo:396:0,
                 from ../libsimitar/cfunctions.h:19,
                 from ../libsimitar/DatabaseInterface.h:28,
                 from ../trace-analyzer/src/Main.cpp:17:
/usr/include/armadillo_bits/operator_plus.hpp:256:1: note: candidate: template<class T1, class parent, unsigned int mode> arma::Mat<typename parent::elem_type> arma::operator+(const arma::Base<typename parent::elem_type, T1>&, const arma::subview_each1<parent, mode>&)
 operator+
 ^~~~~~~~
/usr/include/armadillo_bits/operator_plus.hpp:256:1: note:   template argument deduction/substitution failed:
../trace-analyzer/src/Main.cpp:137:60: note:   ‘std::__cxx11::basic_string<char>’ is not derived from ‘const arma::Base<typename parent::elem_type, T1>’
    std::string ctd_file_name = workspace.dir_xml() + "/" + trace + ".xml";
                                                            ^~~~~
In file included from /usr/include/armadillo:396:0,
                 from ../libsimitar/cfunctions.h:19,
                 from ../libsimitar/DatabaseInterface.h:28,
                 from ../trace-analyzer/src/Main.cpp:17:
/usr/include/armadillo_bits/operator_plus.hpp:272:1: note: candidate: template<class parent, unsigned int mode, class TB, class T2> arma::Mat<typename T1::elem_type> arma::operator+(const arma::subview_each2<parent, mode, TB>&, const arma::Base<typename parent::elem_type, T2>&)
 operator+
 ^~~~~~~~
/usr/include/armadillo_bits/operator_plus.hpp:272:1: note:   template argument deduction/substitution failed:
../trace-analyzer/src/Main.cpp:137:60: note:   ‘std::__cxx11::basic_string<char>’ is not derived from ‘const arma::subview_each2<parent, mode, TB>’
    std::string ctd_file_name = workspace.dir_xml() + "/" + trace + ".xml";
                                                            ^~~~~
In file included from /usr/include/armadillo:396:0,
                 from ../libsimitar/cfunctions.h:19,
                 from ../libsimitar/DatabaseInterface.h:28,
                 from ../trace-analyzer/src/Main.cpp:17:
/usr/include/armadillo_bits/operator_plus.hpp:288:1: note: candidate: template<class T1, class parent, unsigned int mode, class TB> arma::Mat<typename parent::elem_type> arma::operator+(const arma::Base<typename parent::elem_type, T1>&, const arma::subview_each2<parent, mode, TB>&)
 operator+
 ^~~~~~~~
/usr/include/armadillo_bits/operator_plus.hpp:288:1: note:   template argument deduction/substitution failed:
../trace-analyzer/src/Main.cpp:137:60: note:   ‘std::__cxx11::basic_string<char>’ is not derived from ‘const arma::Base<typename parent::elem_type, T1>’
    std::string ctd_file_name = workspace.dir_xml() + "/" + trace + ".xml";
                                                            ^~~~~
In file included from /usr/include/armadillo:403:0,
                 from ../libsimitar/cfunctions.h:19,
                 from ../libsimitar/DatabaseInterface.h:28,
                 from ../trace-analyzer/src/Main.cpp:17:
/usr/include/armadillo_bits/operator_cube_plus.hpp:20:1: note: candidate: template<class T1> const arma::BaseCube<typename T1::elem_type, T1>& arma::operator+(const arma::BaseCube<typename T1::elem_type, T1>&)
 operator+
 ^~~~~~~~
/usr/include/armadillo_bits/operator_cube_plus.hpp:20:1: note:   template argument deduction/substitution failed:
../trace-analyzer/src/Main.cpp:137:60: note:   ‘std::__cxx11::basic_string<char>’ is not derived from ‘const arma::BaseCube<typename T1::elem_type, T1>’
    std::string ctd_file_name = workspace.dir_xml() + "/" + trace + ".xml";
                                                            ^~~~~
In file included from /usr/include/armadillo:403:0,
                 from ../libsimitar/cfunctions.h:19,
                 from ../libsimitar/DatabaseInterface.h:28,
                 from ../trace-analyzer/src/Main.cpp:17:
/usr/include/armadillo_bits/operator_cube_plus.hpp:36:1: note: candidate: template<class T1> const arma::eOpCube<T1, arma::eop_scalar_plus> arma::operator+(const arma::BaseCube<typename T1::elem_type, T1>&, typename T1::elem_type)
 operator+
 ^~~~~~~~
/usr/include/armadillo_bits/operator_cube_plus.hpp:36:1: note:   template argument deduction/substitution failed:
../trace-analyzer/src/Main.cpp:137:60: note:   ‘std::__cxx11::basic_string<char>’ is not derived from ‘const arma::BaseCube<typename T1::elem_type, T1>’
    std::string ctd_file_name = workspace.dir_xml() + "/" + trace + ".xml";
                                                            ^~~~~
In file included from /usr/include/armadillo:403:0,
                 from ../libsimitar/cfunctions.h:19,
                 from ../libsimitar/DatabaseInterface.h:28,
                 from ../trace-analyzer/src/Main.cpp:17:
/usr/include/armadillo_bits/operator_cube_plus.hpp:53:1: note: candidate: template<class T1> const arma::eOpCube<T1, arma::eop_scalar_plus> arma::operator+(typename T1::elem_type, const arma::BaseCube<typename T1::elem_type, T1>&)
 operator+
 ^~~~~~~~
/usr/include/armadillo_bits/operator_cube_plus.hpp:53:1: note:   template argument deduction/substitution failed:
../trace-analyzer/src/Main.cpp:137:60: note:   ‘NetworkTrace’ is not derived from ‘const arma::BaseCube<typename T1::elem_type, T1>’
    std::string ctd_file_name = workspace.dir_xml() + "/" + trace + ".xml";
                                                            ^~~~~
In file included from /usr/include/armadillo:403:0,
                 from ../libsimitar/cfunctions.h:19,
                 from ../libsimitar/DatabaseInterface.h:28,
                 from ../trace-analyzer/src/Main.cpp:17:
/usr/include/armadillo_bits/operator_cube_plus.hpp:70:1: note: candidate: template<class T1> const arma::mtOpCube<std::complex<typename T1::pod_type>, T1, arma::op_cx_scalar_plus> arma::operator+(const arma::BaseCube<typename T1::pod_type, T1>&, const std::complex<typename T1::pod_type>&)
 operator+
 ^~~~~~~~
/usr/include/armadillo_bits/operator_cube_plus.hpp:70:1: note:   template argument deduction/substitution failed:
../trace-analyzer/src/Main.cpp:137:60: note:   ‘std::__cxx11::basic_string<char>’ is not derived from ‘const arma::BaseCube<typename T1::pod_type, T1>’
    std::string ctd_file_name = workspace.dir_xml() + "/" + trace + ".xml";
                                                            ^~~~~
In file included from /usr/include/armadillo:403:0,
                 from ../libsimitar/cfunctions.h:19,
                 from ../libsimitar/DatabaseInterface.h:28,
                 from ../trace-analyzer/src/Main.cpp:17:
/usr/include/armadillo_bits/operator_cube_plus.hpp:87:1: note: candidate: template<class T1> const arma::mtOpCube<std::complex<typename T1::pod_type>, T1, arma::op_cx_scalar_plus> arma::operator+(const std::complex<typename T1::pod_type>&, const arma::BaseCube<typename T1::pod_type, T1>&)
 operator+
 ^~~~~~~~
/usr/include/armadillo_bits/operator_cube_plus.hpp:87:1: note:   template argument deduction/substitution failed:
../trace-analyzer/src/Main.cpp:137:60: note:   ‘NetworkTrace’ is not derived from ‘const arma::BaseCube<typename T1::pod_type, T1>’
    std::string ctd_file_name = workspace.dir_xml() + "/" + trace + ".xml";
                                                            ^~~~~
In file included from /usr/include/armadillo:403:0,
                 from ../libsimitar/cfunctions.h:19,
                 from ../libsimitar/DatabaseInterface.h:28,
                 from ../trace-analyzer/src/Main.cpp:17:
/usr/include/armadillo_bits/operator_cube_plus.hpp:104:1: note: candidate: template<class T1, class T2> const arma::eGlueCube<T1, T2, arma::eglue_plus> arma::operator+(const arma::BaseCube<typename T1::elem_type, T1>&, const arma::BaseCube<typename T1::elem_type, T2>&)
 operator+
 ^~~~~~~~
/usr/include/armadillo_bits/operator_cube_plus.hpp:104:1: note:   template argument deduction/substitution failed:
../trace-analyzer/src/Main.cpp:137:60: note:   ‘std::__cxx11::basic_string<char>’ is not derived from ‘const arma::BaseCube<typename T1::elem_type, T1>’
    std::string ctd_file_name = workspace.dir_xml() + "/" + trace + ".xml";
                                                            ^~~~~
In file included from /usr/include/armadillo:403:0,
                 from ../libsimitar/cfunctions.h:19,
                 from ../libsimitar/DatabaseInterface.h:28,
                 from ../trace-analyzer/src/Main.cpp:17:
/usr/include/armadillo_bits/operator_cube_plus.hpp:121:1: note: candidate: template<class T1, class T2> const arma::mtGlueCube<typename arma::promote_type<typename T1::elem_type, typename T2::elem_type>::result, T1, T2, arma::glue_mixed_plus> arma::operator+(const arma::BaseCube<typename arma::force_different_type<typename T1::elem_type, typename T2::elem_type>::T1_result, T1>&, const arma::BaseCube<typename arma::force_different_type<typename T1::elem_type, typename T2::elem_type>::T2_result, T2>&)
 operator+
 ^~~~~~~~
/usr/include/armadillo_bits/operator_cube_plus.hpp:121:1: note:   template argument deduction/substitution failed:
../trace-analyzer/src/Main.cpp:137:60: note:   ‘std::__cxx11::basic_string<char>’ is not derived from ‘const arma::BaseCube<typename arma::force_different_type<typename T1::elem_type, typename T2::elem_type>::T1_result, T1>’
    std::string ctd_file_name = workspace.dir_xml() + "/" + trace + ".xml";
                                                            ^~~~~
In file included from /usr/include/armadillo:403:0,
                 from ../libsimitar/cfunctions.h:19,
                 from ../libsimitar/DatabaseInterface.h:28,
                 from ../trace-analyzer/src/Main.cpp:17:
/usr/include/armadillo_bits/operator_cube_plus.hpp:144:1: note: candidate: template<class eT, class T2> arma::Cube<eT> arma::operator+(const arma::subview_cube_each1<eT>&, const arma::Base<eT, T1>&)
 operator+
 ^~~~~~~~
/usr/include/armadillo_bits/operator_cube_plus.hpp:144:1: note:   template argument deduction/substitution failed:
../trace-analyzer/src/Main.cpp:137:60: note:   ‘std::__cxx11::basic_string<char>’ is not derived from ‘const arma::subview_cube_each1<eT>’
    std::string ctd_file_name = workspace.dir_xml() + "/" + trace + ".xml";
                                                            ^~~~~
In file included from /usr/include/armadillo:403:0,
                 from ../libsimitar/cfunctions.h:19,
                 from ../libsimitar/DatabaseInterface.h:28,
                 from ../trace-analyzer/src/Main.cpp:17:
/usr/include/armadillo_bits/operator_cube_plus.hpp:160:1: note: candidate: template<class T1, class eT> arma::Cube<eT> arma::operator+(const arma::Base<eT, T1>&, const arma::subview_cube_each1<eT>&)
 operator+
 ^~~~~~~~
/usr/include/armadillo_bits/operator_cube_plus.hpp:160:1: note:   template argument deduction/substitution failed:
../trace-analyzer/src/Main.cpp:137:60: note:   ‘std::__cxx11::basic_string<char>’ is not derived from ‘const arma::Base<eT, T1>’
    std::string ctd_file_name = workspace.dir_xml() + "/" + trace + ".xml";
                                                            ^~~~~
In file included from /usr/include/armadillo:403:0,
                 from ../libsimitar/cfunctions.h:19,
                 from ../libsimitar/DatabaseInterface.h:28,
                 from ../trace-analyzer/src/Main.cpp:17:
/usr/include/armadillo_bits/operator_cube_plus.hpp:176:1: note: candidate: template<class eT, class TB, class T2> arma::Cube<eT> arma::operator+(const arma::subview_cube_each2<eT, TB>&, const arma::Base<T, T2>&)
 operator+
 ^~~~~~~~
/usr/include/armadillo_bits/operator_cube_plus.hpp:176:1: note:   template argument deduction/substitution failed:
../trace-analyzer/src/Main.cpp:137:60: note:   ‘std::__cxx11::basic_string<char>’ is not derived from ‘const arma::subview_cube_each2<eT, TB>’
    std::string ctd_file_name = workspace.dir_xml() + "/" + trace + ".xml";
                                                            ^~~~~
In file included from /usr/include/armadillo:403:0,
                 from ../libsimitar/cfunctions.h:19,
                 from ../libsimitar/DatabaseInterface.h:28,
                 from ../trace-analyzer/src/Main.cpp:17:
/usr/include/armadillo_bits/operator_cube_plus.hpp:192:1: note: candidate: template<class T1, class eT, class TB> arma::Cube<eT> arma::operator+(const arma::Base<eT, T1>&, const arma::subview_cube_each2<eT, TB>&)
 operator+
 ^~~~~~~~
/usr/include/armadillo_bits/operator_cube_plus.hpp:192:1: note:   template argument deduction/substitution failed:
../trace-analyzer/src/Main.cpp:137:60: note:   ‘std::__cxx11::basic_string<char>’ is not derived from ‘const arma::Base<eT, T1>’
    std::string ctd_file_name = workspace.dir_xml() + "/" + trace + ".xml";
                                                            ^~~~~
In file included from /usr/include/armadillo:29:0,
                 from ../libsimitar/cfunctions.h:19,
                 from ../libsimitar/DatabaseInterface.h:28,
                 from ../trace-analyzer/src/Main.cpp:17:
/usr/include/c++/6/complex:445:5: note: candidate: template<class _Tp> std::complex<_Tp> std::operator+(const std::complex<_Tp>&)
     operator+(const complex<_Tp>& __x)
     ^~~~~~~~
/usr/include/c++/6/complex:445:5: note:   template argument deduction/substitution failed:
../trace-analyzer/src/Main.cpp:137:60: note:   ‘std::__cxx11::basic_string<char>’ is not derived from ‘const std::complex<_Tp>’
    std::string ctd_file_name = workspace.dir_xml() + "/" + trace + ".xml";
                                                            ^~~~~
In file included from /usr/include/armadillo:29:0,
                 from ../libsimitar/cfunctions.h:19,
                 from ../libsimitar/DatabaseInterface.h:28,
                 from ../trace-analyzer/src/Main.cpp:17:
/usr/include/c++/6/complex:344:5: note: candidate: template<class _Tp> std::complex<_Tp> std::operator+(const _Tp&, const std::complex<_Tp>&)
     operator+(const _Tp& __x, const complex<_Tp>& __y)
     ^~~~~~~~
/usr/include/c++/6/complex:344:5: note:   template argument deduction/substitution failed:
../trace-analyzer/src/Main.cpp:137:60: note:   ‘NetworkTrace’ is not derived from ‘const std::complex<_Tp>’
    std::string ctd_file_name = workspace.dir_xml() + "/" + trace + ".xml";
                                                            ^~~~~
In file included from /usr/include/armadillo:29:0,
                 from ../libsimitar/cfunctions.h:19,
                 from ../libsimitar/DatabaseInterface.h:28,
                 from ../trace-analyzer/src/Main.cpp:17:
/usr/include/c++/6/complex:335:5: note: candidate: template<class _Tp> std::complex<_Tp> std::operator+(const std::complex<_Tp>&, const _Tp&)
     operator+(const complex<_Tp>& __x, const _Tp& __y)
     ^~~~~~~~
/usr/include/c++/6/complex:335:5: note:   template argument deduction/substitution failed:
../trace-analyzer/src/Main.cpp:137:60: note:   ‘std::__cxx11::basic_string<char>’ is not derived from ‘const std::complex<_Tp>’
    std::string ctd_file_name = workspace.dir_xml() + "/" + trace + ".xml";
                                                            ^~~~~
In file included from /usr/include/armadillo:29:0,
                 from ../libsimitar/cfunctions.h:19,
                 from ../libsimitar/DatabaseInterface.h:28,
                 from ../trace-analyzer/src/Main.cpp:17:
/usr/include/c++/6/complex:326:5: note: candidate: template<class _Tp> std::complex<_Tp> std::operator+(const std::complex<_Tp>&, const std::complex<_Tp>&)
     operator+(const complex<_Tp>& __x, const complex<_Tp>& __y)
     ^~~~~~~~
/usr/include/c++/6/complex:326:5: note:   template argument deduction/substitution failed:
../trace-analyzer/src/Main.cpp:137:60: note:   ‘std::__cxx11::basic_string<char>’ is not derived from ‘const std::complex<_Tp>’
    std::string ctd_file_name = workspace.dir_xml() + "/" + trace + ".xml";
                                                            ^~~~~
In file included from /usr/include/c++/6/vector:65:0,
                 from /usr/include/tclap/SwitchArg.h:28,
                 from /usr/include/tclap/CmdLine.h:27,
                 from ../trace-analyzer/src/Main.cpp:14:
/usr/include/c++/6/bits/stl_bvector.h:387:3: note: candidate: std::_Bit_const_iterator std::operator+(std::ptrdiff_t, const std::_Bit_const_iterator&)
   operator+(ptrdiff_t __n, const _Bit_const_iterator& __x)
   ^~~~~~~~
/usr/include/c++/6/bits/stl_bvector.h:387:3: note:   no known conversion for argument 1 from ‘std::__cxx11::basic_string<char>’ to ‘std::ptrdiff_t {aka long int}’
/usr/include/c++/6/bits/stl_bvector.h:297:3: note: candidate: std::_Bit_iterator std::operator+(std::ptrdiff_t, const std::_Bit_iterator&)
   operator+(ptrdiff_t __n, const _Bit_iterator& __x)
   ^~~~~~~~
/usr/include/c++/6/bits/stl_bvector.h:297:3: note:   no known conversion for argument 1 from ‘std::__cxx11::basic_string<char>’ to ‘std::ptrdiff_t {aka long int}’
In file included from /usr/include/c++/6/string:52:0,
                 from /usr/include/c++/6/bits/locale_classes.h:40,
                 from /usr/include/c++/6/bits/ios_base.h:41,
                 from /usr/include/c++/6/ios:42,
                 from /usr/include/c++/6/ostream:38,
                 from /usr/include/c++/6/iostream:39,
                 from ../trace-analyzer/src/Main.cpp:10:
/usr/include/c++/6/bits/basic_string.h:5036:5: note: candidate: template<class _CharT, class _Traits, class _Alloc> std::__cxx11::basic_string<_CharT, _Traits, _Alloc> std::operator+(std::__cxx11::basic_string<_CharT, _Traits, _Alloc>&&, _CharT)
     operator+(basic_string<_CharT, _Traits, _Alloc>&& __lhs,
     ^~~~~~~~
/usr/include/c++/6/bits/basic_string.h:5036:5: note:   template argument deduction/substitution failed:
../trace-analyzer/src/Main.cpp:137:60: note:   deduced conflicting types for parameter ‘_CharT’ (‘char’ and ‘NetworkTrace’)
    std::string ctd_file_name = workspace.dir_xml() + "/" + trace + ".xml";
                                                            ^~~~~
In file included from /usr/include/c++/6/string:52:0,
                 from /usr/include/c++/6/bits/locale_classes.h:40,
                 from /usr/include/c++/6/bits/ios_base.h:41,
                 from /usr/include/c++/6/ios:42,
                 from /usr/include/c++/6/ostream:38,
                 from /usr/include/c++/6/iostream:39,
                 from ../trace-analyzer/src/Main.cpp:10:
/usr/include/c++/6/bits/basic_string.h:5030:5: note: candidate: template<class _CharT, class _Traits, class _Alloc> std::__cxx11::basic_string<_CharT, _Traits, _Alloc> std::operator+(std::__cxx11::basic_string<_CharT, _Traits, _Alloc>&&, const _CharT*)
     operator+(basic_string<_CharT, _Traits, _Alloc>&& __lhs,
     ^~~~~~~~
/usr/include/c++/6/bits/basic_string.h:5030:5: note:   template argument deduction/substitution failed:
../trace-analyzer/src/Main.cpp:137:60: note:   mismatched types ‘const _CharT*’ and ‘NetworkTrace’
    std::string ctd_file_name = workspace.dir_xml() + "/" + trace + ".xml";
                                                            ^~~~~
In file included from /usr/include/c++/6/string:52:0,
                 from /usr/include/c++/6/bits/locale_classes.h:40,
                 from /usr/include/c++/6/bits/ios_base.h:41,
                 from /usr/include/c++/6/ios:42,
                 from /usr/include/c++/6/ostream:38,
                 from /usr/include/c++/6/iostream:39,
                 from ../trace-analyzer/src/Main.cpp:10:
/usr/include/c++/6/bits/basic_string.h:5024:5: note: candidate: template<class _CharT, class _Traits, class _Alloc> std::__cxx11::basic_string<_CharT, _Traits, _Alloc> std::operator+(_CharT, std::__cxx11::basic_string<_CharT, _Traits, _Alloc>&&)
     operator+(_CharT __lhs,
     ^~~~~~~~
/usr/include/c++/6/bits/basic_string.h:5024:5: note:   template argument deduction/substitution failed:
../trace-analyzer/src/Main.cpp:137:60: note:   ‘NetworkTrace’ is not derived from ‘std::__cxx11::basic_string<_CharT, _Traits, _Alloc>’
    std::string ctd_file_name = workspace.dir_xml() + "/" + trace + ".xml";
                                                            ^~~~~
In file included from /usr/include/c++/6/string:52:0,
                 from /usr/include/c++/6/bits/locale_classes.h:40,
                 from /usr/include/c++/6/bits/ios_base.h:41,
                 from /usr/include/c++/6/ios:42,
                 from /usr/include/c++/6/ostream:38,
                 from /usr/include/c++/6/iostream:39,
                 from ../trace-analyzer/src/Main.cpp:10:
/usr/include/c++/6/bits/basic_string.h:5018:5: note: candidate: template<class _CharT, class _Traits, class _Alloc> std::__cxx11::basic_string<_CharT, _Traits, _Alloc> std::operator+(const _CharT*, std::__cxx11::basic_string<_CharT, _Traits, _Alloc>&&)
     operator+(const _CharT* __lhs,
     ^~~~~~~~
/usr/include/c++/6/bits/basic_string.h:5018:5: note:   template argument deduction/substitution failed:
../trace-analyzer/src/Main.cpp:137:60: note:   mismatched types ‘const _CharT*’ and ‘std::__cxx11::basic_string<char>’
    std::string ctd_file_name = workspace.dir_xml() + "/" + trace + ".xml";
                                                            ^~~~~
In file included from /usr/include/c++/6/string:52:0,
                 from /usr/include/c++/6/bits/locale_classes.h:40,
                 from /usr/include/c++/6/bits/ios_base.h:41,
                 from /usr/include/c++/6/ios:42,
                 from /usr/include/c++/6/ostream:38,
                 from /usr/include/c++/6/iostream:39,
                 from ../trace-analyzer/src/Main.cpp:10:
/usr/include/c++/6/bits/basic_string.h:5006:5: note: candidate: template<class _CharT, class _Traits, class _Alloc> std::__cxx11::basic_string<_CharT, _Traits, _Alloc> std::operator+(std::__cxx11::basic_string<_CharT, _Traits, _Alloc>&&, std::__cxx11::basic_string<_CharT, _Traits, _Alloc>&&)
     operator+(basic_string<_CharT, _Traits, _Alloc>&& __lhs,
     ^~~~~~~~
/usr/include/c++/6/bits/basic_string.h:5006:5: note:   template argument deduction/substitution failed:
../trace-analyzer/src/Main.cpp:137:60: note:   ‘NetworkTrace’ is not derived from ‘std::__cxx11::basic_string<_CharT, _Traits, _Alloc>’
    std::string ctd_file_name = workspace.dir_xml() + "/" + trace + ".xml";
                                                            ^~~~~
In file included from /usr/include/c++/6/string:52:0,
                 from /usr/include/c++/6/bits/locale_classes.h:40,
                 from /usr/include/c++/6/bits/ios_base.h:41,
                 from /usr/include/c++/6/ios:42,
                 from /usr/include/c++/6/ostream:38,
                 from /usr/include/c++/6/iostream:39,
                 from ../trace-analyzer/src/Main.cpp:10:
/usr/include/c++/6/bits/basic_string.h:5000:5: note: candidate: template<class _CharT, class _Traits, class _Alloc> std::__cxx11::basic_string<_CharT, _Traits, _Alloc> std::operator+(const std::__cxx11::basic_string<_CharT, _Traits, _Alloc>&, std::__cxx11::basic_string<_CharT, _Traits, _Alloc>&&)
     operator+(const basic_string<_CharT, _Traits, _Alloc>& __lhs,
     ^~~~~~~~
/usr/include/c++/6/bits/basic_string.h:5000:5: note:   template argument deduction/substitution failed:
../trace-analyzer/src/Main.cpp:137:60: note:   ‘NetworkTrace’ is not derived from ‘std::__cxx11::basic_string<_CharT, _Traits, _Alloc>’
    std::string ctd_file_name = workspace.dir_xml() + "/" + trace + ".xml";
                                                            ^~~~~
In file included from /usr/include/c++/6/string:52:0,
                 from /usr/include/c++/6/bits/locale_classes.h:40,
                 from /usr/include/c++/6/bits/ios_base.h:41,
                 from /usr/include/c++/6/ios:42,
                 from /usr/include/c++/6/ostream:38,
                 from /usr/include/c++/6/iostream:39,
                 from ../trace-analyzer/src/Main.cpp:10:
/usr/include/c++/6/bits/basic_string.h:4994:5: note: candidate: template<class _CharT, class _Traits, class _Alloc> std::__cxx11::basic_string<_CharT, _Traits, _Alloc> std::operator+(std::__cxx11::basic_string<_CharT, _Traits, _Alloc>&&, const std::__cxx11::basic_string<_CharT, _Traits, _Alloc>&)
     operator+(basic_string<_CharT, _Traits, _Alloc>&& __lhs,
     ^~~~~~~~
/usr/include/c++/6/bits/basic_string.h:4994:5: note:   template argument deduction/substitution failed:
../trace-analyzer/src/Main.cpp:137:60: note:   ‘NetworkTrace’ is not derived from ‘const std::__cxx11::basic_string<_CharT, _Traits, _Alloc>’
    std::string ctd_file_name = workspace.dir_xml() + "/" + trace + ".xml";
                                                            ^~~~~
In file included from /usr/include/c++/6/string:52:0,
                 from /usr/include/c++/6/bits/locale_classes.h:40,
                 from /usr/include/c++/6/bits/ios_base.h:41,
                 from /usr/include/c++/6/ios:42,
                 from /usr/include/c++/6/ostream:38,
                 from /usr/include/c++/6/iostream:39,
                 from ../trace-analyzer/src/Main.cpp:10:
/usr/include/c++/6/bits/basic_string.h:4982:5: note: candidate: template<class _CharT, class _Traits, class _Alloc> std::__cxx11::basic_string<_CharT, _Traits, _Alloc> std::operator+(const std::__cxx11::basic_string<_CharT, _Traits, _Alloc>&, _CharT)
     operator+(const basic_string<_CharT, _Traits, _Alloc>& __lhs, _CharT __rhs)
     ^~~~~~~~
/usr/include/c++/6/bits/basic_string.h:4982:5: note:   template argument deduction/substitution failed:
../trace-analyzer/src/Main.cpp:137:60: note:   deduced conflicting types for parameter ‘_CharT’ (‘char’ and ‘NetworkTrace’)
    std::string ctd_file_name = workspace.dir_xml() + "/" + trace + ".xml";
                                                            ^~~~~
In file included from /usr/include/c++/6/string:52:0,
                 from /usr/include/c++/6/bits/locale_classes.h:40,
                 from /usr/include/c++/6/bits/ios_base.h:41,
                 from /usr/include/c++/6/ios:42,
                 from /usr/include/c++/6/ostream:38,
                 from /usr/include/c++/6/iostream:39,
                 from ../trace-analyzer/src/Main.cpp:10:
/usr/include/c++/6/bits/basic_string.h:4966:5: note: candidate: template<class _CharT, class _Traits, class _Alloc> std::__cxx11::basic_string<_CharT, _Traits, _Alloc> std::operator+(const std::__cxx11::basic_string<_CharT, _Traits, _Alloc>&, const _CharT*)
     operator+(const basic_string<_CharT, _Traits, _Alloc>& __lhs,
     ^~~~~~~~
/usr/include/c++/6/bits/basic_string.h:4966:5: note:   template argument deduction/substitution failed:
../trace-analyzer/src/Main.cpp:137:60: note:   mismatched types ‘const _CharT*’ and ‘NetworkTrace’
    std::string ctd_file_name = workspace.dir_xml() + "/" + trace + ".xml";
                                                            ^~~~~
In file included from /usr/include/c++/6/string:53:0,
                 from /usr/include/c++/6/bits/locale_classes.h:40,
                 from /usr/include/c++/6/bits/ios_base.h:41,
                 from /usr/include/c++/6/ios:42,
                 from /usr/include/c++/6/ostream:38,
                 from /usr/include/c++/6/iostream:39,
                 from ../trace-analyzer/src/Main.cpp:10:
/usr/include/c++/6/bits/basic_string.tcc:1163:5: note: candidate: template<class _CharT, class _Traits, class _Alloc> std::__cxx11::basic_string<_CharT, _Traits, _Alloc> std::operator+(_CharT, const std::__cxx11::basic_string<_CharT, _Traits, _Alloc>&)
     operator+(_CharT __lhs, const basic_string<_CharT, _Traits, _Alloc>& __rhs)
     ^~~~~~~~
/usr/include/c++/6/bits/basic_string.tcc:1163:5: note:   template argument deduction/substitution failed:
../trace-analyzer/src/Main.cpp:137:60: note:   ‘NetworkTrace’ is not derived from ‘const std::__cxx11::basic_string<_CharT, _Traits, _Alloc>’
    std::string ctd_file_name = workspace.dir_xml() + "/" + trace + ".xml";
                                                            ^~~~~
In file included from /usr/include/c++/6/string:53:0,
                 from /usr/include/c++/6/bits/locale_classes.h:40,
                 from /usr/include/c++/6/bits/ios_base.h:41,
                 from /usr/include/c++/6/ios:42,
                 from /usr/include/c++/6/ostream:38,
                 from /usr/include/c++/6/iostream:39,
                 from ../trace-analyzer/src/Main.cpp:10:
/usr/include/c++/6/bits/basic_string.tcc:1147:5: note: candidate: template<class _CharT, class _Traits, class _Alloc> std::__cxx11::basic_string<_CharT, _Traits, _Alloc> std::operator+(const _CharT*, const std::__cxx11::basic_string<_CharT, _Traits, _Alloc>&)
     operator+(const _CharT* __lhs,
     ^~~~~~~~
/usr/include/c++/6/bits/basic_string.tcc:1147:5: note:   template argument deduction/substitution failed:
../trace-analyzer/src/Main.cpp:137:60: note:   mismatched types ‘const _CharT*’ and ‘std::__cxx11::basic_string<char>’
    std::string ctd_file_name = workspace.dir_xml() + "/" + trace + ".xml";
                                                            ^~~~~
In file included from /usr/include/c++/6/string:52:0,
                 from /usr/include/c++/6/bits/locale_classes.h:40,
                 from /usr/include/c++/6/bits/ios_base.h:41,
                 from /usr/include/c++/6/ios:42,
                 from /usr/include/c++/6/ostream:38,
                 from /usr/include/c++/6/iostream:39,
                 from ../trace-analyzer/src/Main.cpp:10:
/usr/include/c++/6/bits/basic_string.h:4929:5: note: candidate: template<class _CharT, class _Traits, class _Alloc> std::__cxx11::basic_string<_CharT, _Traits, _Alloc> std::operator+(const std::__cxx11::basic_string<_CharT, _Traits, _Alloc>&, const std::__cxx11::basic_string<_CharT, _Traits, _Alloc>&)
     operator+(const basic_string<_CharT, _Traits, _Alloc>& __lhs,
     ^~~~~~~~
/usr/include/c++/6/bits/basic_string.h:4929:5: note:   template argument deduction/substitution failed:
../trace-analyzer/src/Main.cpp:137:60: note:   ‘NetworkTrace’ is not derived from ‘const std::__cxx11::basic_string<_CharT, _Traits, _Alloc>’
    std::string ctd_file_name = workspace.dir_xml() + "/" + trace + ".xml";
                                                            ^~~~~
In file included from /usr/include/c++/6/bits/stl_algobase.h:67:0,
                 from /usr/include/c++/6/bits/char_traits.h:39,
                 from /usr/include/c++/6/ios:40,
                 from /usr/include/c++/6/ostream:38,
                 from /usr/include/c++/6/iostream:39,
                 from ../trace-analyzer/src/Main.cpp:10:
/usr/include/c++/6/bits/stl_iterator.h:1200:5: note: candidate: template<class _Iterator> std::move_iterator<_IteratorL> std::operator+(typename std::move_iterator<_IteratorL>::difference_type, const std::move_iterator<_IteratorL>&)
     operator+(typename move_iterator<_Iterator>::difference_type __n,
     ^~~~~~~~
/usr/include/c++/6/bits/stl_iterator.h:1200:5: note:   template argument deduction/substitution failed:
../trace-analyzer/src/Main.cpp:137:60: note:   ‘NetworkTrace’ is not derived from ‘const std::move_iterator<_IteratorL>’
    std::string ctd_file_name = workspace.dir_xml() + "/" + trace + ".xml";
                                                            ^~~~~
In file included from /usr/include/c++/6/bits/stl_algobase.h:67:0,
                 from /usr/include/c++/6/bits/char_traits.h:39,
                 from /usr/include/c++/6/ios:40,
                 from /usr/include/c++/6/ostream:38,
                 from /usr/include/c++/6/iostream:39,
                 from ../trace-analyzer/src/Main.cpp:10:
/usr/include/c++/6/bits/stl_iterator.h:341:5: note: candidate: template<class _Iterator> std::reverse_iterator<_Iterator> std::operator+(typename std::reverse_iterator<_Iterator>::difference_type, const std::reverse_iterator<_Iterator>&)
     operator+(typename reverse_iterator<_Iterator>::difference_type __n,
     ^~~~~~~~
/usr/include/c++/6/bits/stl_iterator.h:341:5: note:   template argument deduction/substitution failed:
../trace-analyzer/src/Main.cpp:137:60: note:   ‘NetworkTrace’ is not derived from ‘const std::reverse_iterator<_Iterator>’
    std::string ctd_file_name = workspace.dir_xml() + "/" + trace + ".xml";
                                                            ^~~~~
In file included from /usr/include/c++/6/bits/stl_algobase.h:67:0,
                 from /usr/include/c++/6/bits/char_traits.h:39,
                 from /usr/include/c++/6/ios:40,
                 from /usr/include/c++/6/ostream:38,
                 from /usr/include/c++/6/iostream:39,
                 from ../trace-analyzer/src/Main.cpp:10:
/usr/include/c++/6/bits/stl_iterator.h:966:5: note: candidate: template<class _Iterator, class _Container> __gnu_cxx::__normal_iterator<_Iterator, _Container> __gnu_cxx::operator+(typename __gnu_cxx::__normal_iterator<_Iterator, _Container>::difference_type, const __gnu_cxx::__normal_iterator<_Iterator, _Container>&)
     operator+(typename __normal_iterator<_Iterator, _Container>::difference_type
     ^~~~~~~~
/usr/include/c++/6/bits/stl_iterator.h:966:5: note:   template argument deduction/substitution failed:
../trace-analyzer/src/Main.cpp:137:60: note:   ‘NetworkTrace’ is not derived from ‘const __gnu_cxx::__normal_iterator<_Iterator, _Container>’
    std::string ctd_file_name = workspace.dir_xml() + "/" + trace + ".xml";
                                                            ^~~~~
Makefile:111: recipe for target '../trace-analyzer/obj/Main.o' failed
make: *** [../trace-analyzer/obj/Main.o] Error 1
01:27:59 **** Incremental Build of configuration Debug for project tests ****
make all 
make -C integration/
make[1]: Entering directory '/home/anderson/SIMITAR/tests/integration'
make[1]: Nothing to be done for 'all'.
make[1]: Leaving directory '/home/anderson/SIMITAR/tests/integration'
make -C unity/
make[1]: Entering directory '/home/anderson/SIMITAR/tests/unity'
make[1]: Nothing to be done for 'all'.
make[1]: Leaving directory '/home/anderson/SIMITAR/tests/unity'
01:28:50 **** Incremental Build of configuration Release for project libsimitar ****
make all 
make: Nothing to be done for 'all'.
01:28:50 **** Incremental Build of configuration Default for project trace-analyzer ****
make all 

* Compiling: ../trace-analyzer/src/Main.cpp -> ../trace-analyzer/obj/Main.og++ -fmessage-length=0 -std=c++11 -O0 -g3 -p -pg -ftest-coverage -fprofile-arcs -Wall -c -o ../trace-analyzer/obj/Main.o ../trace-analyzer/src/Main.cpp -I ../deps/ -I ../libsimitar/
In file included from ../libsimitar/SimitarWorkspace.h:18:0,
                 from ../libsimitar/DatabaseInterface.h:29,
                 from ../trace-analyzer/src/Main.cpp:17:
../libsimitar/PlogMacros.h:20:0: warning: "PLOG_INIT" redefined
 #define PLOG_INIT(logLevel)\
 
In file included from ../libsimitar/cfunctions.h:23:0,
                 from ../libsimitar/DatabaseInterface.h:28,
                 from ../trace-analyzer/src/Main.cpp:17:
../libsimitar/Defines.h:323:0: note: this is the location of the previous definition
 #define PLOG_INIT() plog::RollingFileAppender<plog::CsvFormatter> fileAppender("MultiAppender.csv", 8000, 3); \
 
../trace-analyzer/src/Main.cpp: In function ‘int main(int, char**)’:
../trace-analyzer/src/Main.cpp:137:71: error: no match for ‘operator+’ (operand types are ‘std::__cxx11::basic_string<char>’ and ‘NetworkTrace’)
    std::string ctd_file_name = workspace.dir_xml() + std::string("/") + trace + std::string(".xml");
                                ~~~~~~~~~~~~~~~~~~~~~~~~~~~~~~~~~~~~~~~^~~~~~~
In file included from /usr/include/armadillo:396:0,
                 from ../libsimitar/cfunctions.h:19,
                 from ../libsimitar/DatabaseInterface.h:28,
                 from ../trace-analyzer/src/Main.cpp:17:
/usr/include/armadillo_bits/operator_plus.hpp:21:1: note: candidate: template<class T1> typename arma::enable_if2<arma::is_arma_type<T1>::value, const T1&>::result arma::operator+(const T1&)
 operator+
 ^~~~~~~~
/usr/include/armadillo_bits/operator_plus.hpp:21:1: note:   template argument deduction/substitution failed:
../trace-analyzer/src/Main.cpp:137:73: note:   candidate expects 1 argument, 2 provided
    std::string ctd_file_name = workspace.dir_xml() + std::string("/") + trace + std::string(".xml");
                                                                         ^~~~~
In file included from /usr/include/armadillo:396:0,
                 from ../libsimitar/cfunctions.h:19,
                 from ../libsimitar/DatabaseInterface.h:28,
                 from ../trace-analyzer/src/Main.cpp:17:
/usr/include/armadillo_bits/operator_plus.hpp:35:1: note: candidate: template<class T1> typename arma::enable_if2<arma::is_arma_type<T1>::value, const arma::eOp<T1, arma::eop_scalar_plus> >::result arma::operator+(const T1&, typename T1::elem_type)
 operator+
 ^~~~~~~~
/usr/include/armadillo_bits/operator_plus.hpp:35:1: note:   template argument deduction/substitution failed:
/usr/include/armadillo_bits/operator_plus.hpp: In substitution of ‘template<class T1> typename arma::enable_if2<arma::is_arma_type<T1>::value, const arma::eOp<T1, arma::eop_scalar_plus> >::result arma::operator+(const T1&, typename T1::elem_type) [with T1 = std::__cxx11::basic_string<char>]’:
../trace-analyzer/src/Main.cpp:137:73:   required from here
/usr/include/armadillo_bits/operator_plus.hpp:35:1: error: no type named ‘result’ in ‘struct arma::enable_if2<false, const arma::eOp<std::__cxx11::basic_string<char>, arma::eop_scalar_plus> >’
/usr/include/armadillo_bits/operator_plus.hpp:49:1: note: candidate: template<class T1> typename arma::enable_if2<arma::is_arma_type<T1>::value, const arma::eOp<T1, arma::eop_scalar_plus> >::result arma::operator+(typename T1::elem_type, const T1&)
 operator+
 ^~~~~~~~
/usr/include/armadillo_bits/operator_plus.hpp:49:1: note:   template argument deduction/substitution failed:
/usr/include/armadillo_bits/operator_plus.hpp: In substitution of ‘template<class T1> typename arma::enable_if2<arma::is_arma_type<T1>::value, const arma::eOp<T1, arma::eop_scalar_plus> >::result arma::operator+(typename T1::elem_type, const T1&) [with T1 = NetworkTrace]’:
../trace-analyzer/src/Main.cpp:137:73:   required from here
/usr/include/armadillo_bits/operator_plus.hpp:49:1: error: no type named ‘result’ in ‘struct arma::enable_if2<false, const arma::eOp<NetworkTrace, arma::eop_scalar_plus> >’
/usr/include/armadillo_bits/operator_plus.hpp:68:1: note: candidate: template<class T1> typename arma::enable_if2<(arma::is_arma_type<T1>::value && arma::is_cx<typename T1::elem_type>::no), const arma::mtOp<std::complex<typename T1::pod_type>, T1, arma::op_cx_scalar_plus> >::result arma::operator+(const T1&, const std::complex<typename T1::pod_type>&)
 operator+
 ^~~~~~~~
/usr/include/armadillo_bits/operator_plus.hpp:68:1: note:   template argument deduction/substitution failed:
/usr/include/armadillo_bits/operator_plus.hpp: In substitution of ‘template<class T1> typename arma::enable_if2<(arma::is_arma_type<T1>::value && arma::is_cx<typename T1::elem_type>::no), const arma::mtOp<std::complex<typename T1::pod_type>, T1, arma::op_cx_scalar_plus> >::result arma::operator+(const T1&, const std::complex<typename T1::pod_type>&) [with T1 = std::__cxx11::basic_string<char>]’:
../trace-analyzer/src/Main.cpp:137:73:   required from here
/usr/include/armadillo_bits/operator_plus.hpp:65:28: error: no type named ‘elem_type’ in ‘class std::__cxx11::basic_string<char>’
   (is_arma_type<T1>::value && is_cx<typename T1::elem_type>::no),
   ~~~~~~~~~~~~~~~~~~~~~~~~~^~~~~~~~~~~~~~~~~~~~~~~~~~~~~~~~~~~~~
/usr/include/armadillo_bits/operator_plus.hpp:90:1: note: candidate: template<class T1> typename arma::enable_if2<(arma::is_arma_type<T1>::value && arma::is_cx<typename T1::elem_type>::no), const arma::mtOp<std::complex<typename T1::pod_type>, T1, arma::op_cx_scalar_plus> >::result arma::operator+(const std::complex<typename T1::pod_type>&, const T1&)
 operator+
 ^~~~~~~~
/usr/include/armadillo_bits/operator_plus.hpp:90:1: note:   template argument deduction/substitution failed:
/usr/include/armadillo_bits/operator_plus.hpp: In substitution of ‘template<class T1> typename arma::enable_if2<(arma::is_arma_type<T1>::value && arma::is_cx<typename T1::elem_type>::no), const arma::mtOp<std::complex<typename T1::pod_type>, T1, arma::op_cx_scalar_plus> >::result arma::operator+(const std::complex<typename T1::pod_type>&, const T1&) [with T1 = NetworkTrace]’:
../trace-analyzer/src/Main.cpp:137:73:   required from here
/usr/include/armadillo_bits/operator_plus.hpp:65:28: error: no type named ‘elem_type’ in ‘class NetworkTrace’
   (is_arma_type<T1>::value && is_cx<typename T1::elem_type>::no),
   ~~~~~~~~~~~~~~~~~~~~~~~~~^~~~~~~~~~~~~~~~~~~~~~~~~~~~~~~~~~~~~
/usr/include/armadillo_bits/operator_plus.hpp:112:1: note: candidate: template<class T1, class T2> typename arma::enable_if2<((arma::is_arma_type<T1>::value && arma::is_arma_type<T2>::value) && arma::is_same_type<typename T1::elem_type, typename T2::elem_type>::value), const arma::eGlue<T1, T2, arma::eglue_plus> >::result arma::operator+(const T1&, const T2&)
 operator+
 ^~~~~~~~
/usr/include/armadillo_bits/operator_plus.hpp:112:1: note:   template argument deduction/substitution failed:
/usr/include/armadillo_bits/operator_plus.hpp: In substitution of ‘template<class T1, class T2> typename arma::enable_if2<((arma::is_arma_type<T1>::value && arma::is_arma_type<T2>::value) && arma::is_same_type<typename T1::elem_type, typename T2::elem_type>::value), const arma::eGlue<T1, T2, arma::eglue_plus> >::result arma::operator+(const T1&, const T2&) [with T1 = std::__cxx11::basic_string<char>; T2 = NetworkTrace]’:
../trace-analyzer/src/Main.cpp:137:73:   required from here
/usr/include/armadillo_bits/operator_plus.hpp:109:54: error: no type named ‘elem_type’ in ‘class std::__cxx11::basic_string<char>’
   is_arma_type<T1>::value && is_arma_type<T2>::value && is_same_type<typename T1::elem_type, typename T2::elem_type>::value,
   ~~~~~~~~~~~~~~~~~~~~~~~~~~~~~~~~~~~~~~~~~~~~~~~~~~~^~~~~~~~~~~~~~~~~~~~~~~~~~~~~~~~~~~~~~~~~~~~~~~~~~~~~~~~~~~~~~~
/usr/include/armadillo_bits/operator_plus.hpp:134:1: note: candidate: template<class T1, class T2> typename arma::enable_if2<((arma::is_arma_type<T1>::value && arma::is_arma_type<T2>::value) && arma::is_same_type<typename T1::elem_type, typename T2::elem_type>::no), const arma::mtGlue<typename arma::promote_type<typename T1::elem_type, typename T2::elem_type>::result, T1, T2, arma::glue_mixed_plus> >::result arma::operator+(const T1&, const T2&)
 operator+
 ^~~~~~~~
/usr/include/armadillo_bits/operator_plus.hpp:134:1: note:   template argument deduction/substitution failed:
/usr/include/armadillo_bits/operator_plus.hpp: In substitution of ‘template<class T1, class T2> typename arma::enable_if2<((arma::is_arma_type<T1>::value && arma::is_arma_type<T2>::value) && arma::is_same_type<typename T1::elem_type, typename T2::elem_type>::no), const arma::mtGlue<typename arma::promote_type<typename T1::elem_type, typename T2::elem_type>::result, T1, T2, arma::glue_mixed_plus> >::result arma::operator+(const T1&, const T2&) [with T1 = std::__cxx11::basic_string<char>; T2 = NetworkTrace]’:
../trace-analyzer/src/Main.cpp:137:73:   required from here
/usr/include/armadillo_bits/operator_plus.hpp:131:59: error: no type named ‘elem_type’ in ‘class std::__cxx11::basic_string<char>’
   (is_arma_type<T1>::value && is_arma_type<T2>::value && (is_same_type<typename T1::elem_type, typename T2::elem_type>::no)),
                                                          ~^~~~~~~~~~~~~~~~~~~~~~~~~~~~~~~~~~~~~~~~~~~~~~~~~~~~~~~~~~~~~~~~~
In file included from /usr/include/armadillo:396:0,
                 from ../libsimitar/cfunctions.h:19,
                 from ../libsimitar/DatabaseInterface.h:28,
                 from ../trace-analyzer/src/Main.cpp:17:
/usr/include/armadillo_bits/operator_plus.hpp:164:1: note: candidate: template<class T1, class T2> typename arma::enable_if2<((arma::is_arma_sparse_type<T1>::value && arma::is_arma_sparse_type<T2>::value) && arma::is_same_type<typename T1::elem_type, typename T2::elem_type>::value), arma::SpGlue<T1, T2, arma::spglue_plus> >::result arma::operator+(const T1&, const T2&)
 operator+
 ^~~~~~~~
/usr/include/armadillo_bits/operator_plus.hpp:164:1: note:   template argument deduction/substitution failed:
In file included from /usr/include/armadillo:396:0,
                 from ../libsimitar/cfunctions.h:19,
                 from ../libsimitar/DatabaseInterface.h:28,
                 from ../trace-analyzer/src/Main.cpp:17:
/usr/include/armadillo_bits/operator_plus.hpp: In substitution of ‘template<class T1, class T2> typename arma::enable_if2<((arma::is_arma_sparse_type<T1>::value && arma::is_arma_sparse_type<T2>::value) && arma::is_same_type<typename T1::elem_type, typename T2::elem_type>::value), arma::SpGlue<T1, T2, arma::spglue_plus> >::result arma::operator+(const T1&, const T2&) [with T1 = std::__cxx11::basic_string<char>; T2 = NetworkTrace]’:
../trace-analyzer/src/Main.cpp:137:73:   required from here
/usr/include/armadillo_bits/operator_plus.hpp:161:69: error: no type named ‘elem_type’ in ‘class std::__cxx11::basic_string<char>’
   (is_arma_sparse_type<T1>::value && is_arma_sparse_type<T2>::value && is_same_type<typename T1::elem_type, typename T2::elem_type>::value),
   ~~~~~~~~~~~~~~~~~~~~~~~~~~~~~~~~~~~~~~~~~~~~~~~~~~~~~~~~~~~~~~~~~~^~~~~~~~~~~~~~~~~~~~~~~~~~~~~~~~~~~~~~~~~~~~~~~~~~~~~~~~~~~~~~~~~~~~~~~
In file included from /usr/include/armadillo:396:0,
                 from ../libsimitar/cfunctions.h:19,
                 from ../libsimitar/DatabaseInterface.h:28,
                 from ../trace-analyzer/src/Main.cpp:17:
/usr/include/armadillo_bits/operator_plus.hpp:186:1: note: candidate: template<class T1, class T2> typename arma::enable_if2<((arma::is_arma_type<T1>::value && arma::is_arma_sparse_type<T2>::value) && arma::is_same_type<typename T1::elem_type, typename T2::elem_type>::value), arma::Mat<typename T1::elem_type> >::result arma::operator+(const T1&, const T2&)
 operator+
 ^~~~~~~~
/usr/include/armadillo_bits/operator_plus.hpp:186:1: note:   template argument deduction/substitution failed:
/usr/include/armadillo_bits/operator_plus.hpp: In substitution of ‘template<class T1, class T2> typename arma::enable_if2<((arma::is_arma_type<T1>::value && arma::is_arma_sparse_type<T2>::value) && arma::is_same_type<typename T1::elem_type, typename T2::elem_type>::value), arma::Mat<typename T1::elem_type> >::result arma::operator+(const T1&, const T2&) [with T1 = std::__cxx11::basic_string<char>; T2 = NetworkTrace]’:
../trace-analyzer/src/Main.cpp:137:73:   required from here
/usr/include/armadillo_bits/operator_plus.hpp:183:62: error: no type named ‘elem_type’ in ‘class std::__cxx11::basic_string<char>’
   (is_arma_type<T1>::value && is_arma_sparse_type<T2>::value && is_same_type<typename T1::elem_type, typename T2::elem_type>::value),
   ~~~~~~~~~~~~~~~~~~~~~~~~~~~~~~~~~~~~~~~~~~~~~~~~~~~~~~~~~~~^~~~~~~~~~~~~~~~~~~~~~~~~~~~~~~~~~~~~~~~~~~~~~~~~~~~~~~~~~~~~~~~~~~~~~~
/usr/include/armadillo_bits/operator_plus.hpp:223:1: note: candidate: template<class T1, class T2> typename arma::enable_if2<((arma::is_arma_sparse_type<T1>::value && arma::is_arma_type<T2>::value) && arma::is_same_type<typename T1::elem_type, typename T2::elem_type>::value), arma::Mat<typename T1::elem_type> >::result arma::operator+(const T1&, const T2&)
 operator+
 ^~~~~~~~
/usr/include/armadillo_bits/operator_plus.hpp:223:1: note:   template argument deduction/substitution failed:
/usr/include/armadillo_bits/operator_plus.hpp: In substitution of ‘template<class T1, class T2> typename arma::enable_if2<((arma::is_arma_sparse_type<T1>::value && arma::is_arma_type<T2>::value) && arma::is_same_type<typename T1::elem_type, typename T2::elem_type>::value), arma::Mat<typename T1::elem_type> >::result arma::operator+(const T1&, const T2&) [with T1 = std::__cxx11::basic_string<char>; T2 = NetworkTrace]’:
../trace-analyzer/src/Main.cpp:137:73:   required from here
/usr/include/armadillo_bits/operator_plus.hpp:220:62: error: no type named ‘elem_type’ in ‘class std::__cxx11::basic_string<char>’
   (is_arma_sparse_type<T1>::value && is_arma_type<T2>::value && is_same_type<typename T1::elem_type, typename T2::elem_type>::value),
   ~~~~~~~~~~~~~~~~~~~~~~~~~~~~~~~~~~~~~~~~~~~~~~~~~~~~~~~~~~~^~~~~~~~~~~~~~~~~~~~~~~~~~~~~~~~~~~~~~~~~~~~~~~~~~~~~~~~~~~~~~~~~~~~~~~
/usr/include/armadillo_bits/operator_plus.hpp:240:1: note: candidate: template<class parent, unsigned int mode, class T2> arma::Mat<typename T1::elem_type> arma::operator+(const arma::subview_each1<parent, mode>&, const arma::Base<typename parent::elem_type, T2>&)
 operator+
 ^~~~~~~~
/usr/include/armadillo_bits/operator_plus.hpp:240:1: note:   template argument deduction/substitution failed:
../trace-analyzer/src/Main.cpp:137:73: note:   ‘std::__cxx11::basic_string<char>’ is not derived from ‘const arma::subview_each1<parent, mode>’
    std::string ctd_file_name = workspace.dir_xml() + std::string("/") + trace + std::string(".xml");
                                                                         ^~~~~
In file included from /usr/include/armadillo:396:0,
                 from ../libsimitar/cfunctions.h:19,
                 from ../libsimitar/DatabaseInterface.h:28,
                 from ../trace-analyzer/src/Main.cpp:17:
/usr/include/armadillo_bits/operator_plus.hpp:256:1: note: candidate: template<class T1, class parent, unsigned int mode> arma::Mat<typename parent::elem_type> arma::operator+(const arma::Base<typename parent::elem_type, T1>&, const arma::subview_each1<parent, mode>&)
 operator+
 ^~~~~~~~
/usr/include/armadillo_bits/operator_plus.hpp:256:1: note:   template argument deduction/substitution failed:
../trace-analyzer/src/Main.cpp:137:73: note:   ‘std::__cxx11::basic_string<char>’ is not derived from ‘const arma::Base<typename parent::elem_type, T1>’
    std::string ctd_file_name = workspace.dir_xml() + std::string("/") + trace + std::string(".xml");
                                                                         ^~~~~
In file included from /usr/include/armadillo:396:0,
                 from ../libsimitar/cfunctions.h:19,
                 from ../libsimitar/DatabaseInterface.h:28,
                 from ../trace-analyzer/src/Main.cpp:17:
/usr/include/armadillo_bits/operator_plus.hpp:272:1: note: candidate: template<class parent, unsigned int mode, class TB, class T2> arma::Mat<typename T1::elem_type> arma::operator+(const arma::subview_each2<parent, mode, TB>&, const arma::Base<typename parent::elem_type, T2>&)
 operator+
 ^~~~~~~~
/usr/include/armadillo_bits/operator_plus.hpp:272:1: note:   template argument deduction/substitution failed:
../trace-analyzer/src/Main.cpp:137:73: note:   ‘std::__cxx11::basic_string<char>’ is not derived from ‘const arma::subview_each2<parent, mode, TB>’
    std::string ctd_file_name = workspace.dir_xml() + std::string("/") + trace + std::string(".xml");
                                                                         ^~~~~
In file included from /usr/include/armadillo:396:0,
                 from ../libsimitar/cfunctions.h:19,
                 from ../libsimitar/DatabaseInterface.h:28,
                 from ../trace-analyzer/src/Main.cpp:17:
/usr/include/armadillo_bits/operator_plus.hpp:288:1: note: candidate: template<class T1, class parent, unsigned int mode, class TB> arma::Mat<typename parent::elem_type> arma::operator+(const arma::Base<typename parent::elem_type, T1>&, const arma::subview_each2<parent, mode, TB>&)
 operator+
 ^~~~~~~~
/usr/include/armadillo_bits/operator_plus.hpp:288:1: note:   template argument deduction/substitution failed:
../trace-analyzer/src/Main.cpp:137:73: note:   ‘std::__cxx11::basic_string<char>’ is not derived from ‘const arma::Base<typename parent::elem_type, T1>’
    std::string ctd_file_name = workspace.dir_xml() + std::string("/") + trace + std::string(".xml");
                                                                         ^~~~~
In file included from /usr/include/armadillo:403:0,
                 from ../libsimitar/cfunctions.h:19,
                 from ../libsimitar/DatabaseInterface.h:28,
                 from ../trace-analyzer/src/Main.cpp:17:
/usr/include/armadillo_bits/operator_cube_plus.hpp:20:1: note: candidate: template<class T1> const arma::BaseCube<typename T1::elem_type, T1>& arma::operator+(const arma::BaseCube<typename T1::elem_type, T1>&)
 operator+
 ^~~~~~~~
/usr/include/armadillo_bits/operator_cube_plus.hpp:20:1: note:   template argument deduction/substitution failed:
../trace-analyzer/src/Main.cpp:137:73: note:   ‘std::__cxx11::basic_string<char>’ is not derived from ‘const arma::BaseCube<typename T1::elem_type, T1>’
    std::string ctd_file_name = workspace.dir_xml() + std::string("/") + trace + std::string(".xml");
                                                                         ^~~~~
In file included from /usr/include/armadillo:403:0,
                 from ../libsimitar/cfunctions.h:19,
                 from ../libsimitar/DatabaseInterface.h:28,
                 from ../trace-analyzer/src/Main.cpp:17:
/usr/include/armadillo_bits/operator_cube_plus.hpp:36:1: note: candidate: template<class T1> const arma::eOpCube<T1, arma::eop_scalar_plus> arma::operator+(const arma::BaseCube<typename T1::elem_type, T1>&, typename T1::elem_type)
 operator+
 ^~~~~~~~
/usr/include/armadillo_bits/operator_cube_plus.hpp:36:1: note:   template argument deduction/substitution failed:
../trace-analyzer/src/Main.cpp:137:73: note:   ‘std::__cxx11::basic_string<char>’ is not derived from ‘const arma::BaseCube<typename T1::elem_type, T1>’
    std::string ctd_file_name = workspace.dir_xml() + std::string("/") + trace + std::string(".xml");
                                                                         ^~~~~
In file included from /usr/include/armadillo:403:0,
                 from ../libsimitar/cfunctions.h:19,
                 from ../libsimitar/DatabaseInterface.h:28,
                 from ../trace-analyzer/src/Main.cpp:17:
/usr/include/armadillo_bits/operator_cube_plus.hpp:53:1: note: candidate: template<class T1> const arma::eOpCube<T1, arma::eop_scalar_plus> arma::operator+(typename T1::elem_type, const arma::BaseCube<typename T1::elem_type, T1>&)
 operator+
 ^~~~~~~~
/usr/include/armadillo_bits/operator_cube_plus.hpp:53:1: note:   template argument deduction/substitution failed:
../trace-analyzer/src/Main.cpp:137:73: note:   ‘NetworkTrace’ is not derived from ‘const arma::BaseCube<typename T1::elem_type, T1>’
    std::string ctd_file_name = workspace.dir_xml() + std::string("/") + trace + std::string(".xml");
                                                                         ^~~~~
In file included from /usr/include/armadillo:403:0,
                 from ../libsimitar/cfunctions.h:19,
                 from ../libsimitar/DatabaseInterface.h:28,
                 from ../trace-analyzer/src/Main.cpp:17:
/usr/include/armadillo_bits/operator_cube_plus.hpp:70:1: note: candidate: template<class T1> const arma::mtOpCube<std::complex<typename T1::pod_type>, T1, arma::op_cx_scalar_plus> arma::operator+(const arma::BaseCube<typename T1::pod_type, T1>&, const std::complex<typename T1::pod_type>&)
 operator+
 ^~~~~~~~
/usr/include/armadillo_bits/operator_cube_plus.hpp:70:1: note:   template argument deduction/substitution failed:
../trace-analyzer/src/Main.cpp:137:73: note:   ‘std::__cxx11::basic_string<char>’ is not derived from ‘const arma::BaseCube<typename T1::pod_type, T1>’
    std::string ctd_file_name = workspace.dir_xml() + std::string("/") + trace + std::string(".xml");
                                                                         ^~~~~
In file included from /usr/include/armadillo:403:0,
                 from ../libsimitar/cfunctions.h:19,
                 from ../libsimitar/DatabaseInterface.h:28,
                 from ../trace-analyzer/src/Main.cpp:17:
/usr/include/armadillo_bits/operator_cube_plus.hpp:87:1: note: candidate: template<class T1> const arma::mtOpCube<std::complex<typename T1::pod_type>, T1, arma::op_cx_scalar_plus> arma::operator+(const std::complex<typename T1::pod_type>&, const arma::BaseCube<typename T1::pod_type, T1>&)
 operator+
 ^~~~~~~~
/usr/include/armadillo_bits/operator_cube_plus.hpp:87:1: note:   template argument deduction/substitution failed:
../trace-analyzer/src/Main.cpp:137:73: note:   ‘NetworkTrace’ is not derived from ‘const arma::BaseCube<typename T1::pod_type, T1>’
    std::string ctd_file_name = workspace.dir_xml() + std::string("/") + trace + std::string(".xml");
                                                                         ^~~~~
In file included from /usr/include/armadillo:403:0,
                 from ../libsimitar/cfunctions.h:19,
                 from ../libsimitar/DatabaseInterface.h:28,
                 from ../trace-analyzer/src/Main.cpp:17:
/usr/include/armadillo_bits/operator_cube_plus.hpp:104:1: note: candidate: template<class T1, class T2> const arma::eGlueCube<T1, T2, arma::eglue_plus> arma::operator+(const arma::BaseCube<typename T1::elem_type, T1>&, const arma::BaseCube<typename T1::elem_type, T2>&)
 operator+
 ^~~~~~~~
/usr/include/armadillo_bits/operator_cube_plus.hpp:104:1: note:   template argument deduction/substitution failed:
../trace-analyzer/src/Main.cpp:137:73: note:   ‘std::__cxx11::basic_string<char>’ is not derived from ‘const arma::BaseCube<typename T1::elem_type, T1>’
    std::string ctd_file_name = workspace.dir_xml() + std::string("/") + trace + std::string(".xml");
                                                                         ^~~~~
In file included from /usr/include/armadillo:403:0,
                 from ../libsimitar/cfunctions.h:19,
                 from ../libsimitar/DatabaseInterface.h:28,
                 from ../trace-analyzer/src/Main.cpp:17:
/usr/include/armadillo_bits/operator_cube_plus.hpp:121:1: note: candidate: template<class T1, class T2> const arma::mtGlueCube<typename arma::promote_type<typename T1::elem_type, typename T2::elem_type>::result, T1, T2, arma::glue_mixed_plus> arma::operator+(const arma::BaseCube<typename arma::force_different_type<typename T1::elem_type, typename T2::elem_type>::T1_result, T1>&, const arma::BaseCube<typename arma::force_different_type<typename T1::elem_type, typename T2::elem_type>::T2_result, T2>&)
 operator+
 ^~~~~~~~
/usr/include/armadillo_bits/operator_cube_plus.hpp:121:1: note:   template argument deduction/substitution failed:
../trace-analyzer/src/Main.cpp:137:73: note:   ‘std::__cxx11::basic_string<char>’ is not derived from ‘const arma::BaseCube<typename arma::force_different_type<typename T1::elem_type, typename T2::elem_type>::T1_result, T1>’
    std::string ctd_file_name = workspace.dir_xml() + std::string("/") + trace + std::string(".xml");
                                                                         ^~~~~
In file included from /usr/include/armadillo:403:0,
                 from ../libsimitar/cfunctions.h:19,
                 from ../libsimitar/DatabaseInterface.h:28,
                 from ../trace-analyzer/src/Main.cpp:17:
/usr/include/armadillo_bits/operator_cube_plus.hpp:144:1: note: candidate: template<class eT, class T2> arma::Cube<eT> arma::operator+(const arma::subview_cube_each1<eT>&, const arma::Base<eT, T1>&)
 operator+
 ^~~~~~~~
/usr/include/armadillo_bits/operator_cube_plus.hpp:144:1: note:   template argument deduction/substitution failed:
../trace-analyzer/src/Main.cpp:137:73: note:   ‘std::__cxx11::basic_string<char>’ is not derived from ‘const arma::subview_cube_each1<eT>’
    std::string ctd_file_name = workspace.dir_xml() + std::string("/") + trace + std::string(".xml");
                                                                         ^~~~~
In file included from /usr/include/armadillo:403:0,
                 from ../libsimitar/cfunctions.h:19,
                 from ../libsimitar/DatabaseInterface.h:28,
                 from ../trace-analyzer/src/Main.cpp:17:
/usr/include/armadillo_bits/operator_cube_plus.hpp:160:1: note: candidate: template<class T1, class eT> arma::Cube<eT> arma::operator+(const arma::Base<eT, T1>&, const arma::subview_cube_each1<eT>&)
 operator+
 ^~~~~~~~
/usr/include/armadillo_bits/operator_cube_plus.hpp:160:1: note:   template argument deduction/substitution failed:
../trace-analyzer/src/Main.cpp:137:73: note:   ‘std::__cxx11::basic_string<char>’ is not derived from ‘const arma::Base<eT, T1>’
    std::string ctd_file_name = workspace.dir_xml() + std::string("/") + trace + std::string(".xml");
                                                                         ^~~~~
In file included from /usr/include/armadillo:403:0,
                 from ../libsimitar/cfunctions.h:19,
                 from ../libsimitar/DatabaseInterface.h:28,
                 from ../trace-analyzer/src/Main.cpp:17:
/usr/include/armadillo_bits/operator_cube_plus.hpp:176:1: note: candidate: template<class eT, class TB, class T2> arma::Cube<eT> arma::operator+(const arma::subview_cube_each2<eT, TB>&, const arma::Base<T, T2>&)
 operator+
 ^~~~~~~~
/usr/include/armadillo_bits/operator_cube_plus.hpp:176:1: note:   template argument deduction/substitution failed:
../trace-analyzer/src/Main.cpp:137:73: note:   ‘std::__cxx11::basic_string<char>’ is not derived from ‘const arma::subview_cube_each2<eT, TB>’
    std::string ctd_file_name = workspace.dir_xml() + std::string("/") + trace + std::string(".xml");
                                                                         ^~~~~
In file included from /usr/include/armadillo:403:0,
                 from ../libsimitar/cfunctions.h:19,
                 from ../libsimitar/DatabaseInterface.h:28,
                 from ../trace-analyzer/src/Main.cpp:17:
/usr/include/armadillo_bits/operator_cube_plus.hpp:192:1: note: candidate: template<class T1, class eT, class TB> arma::Cube<eT> arma::operator+(const arma::Base<eT, T1>&, const arma::subview_cube_each2<eT, TB>&)
 operator+
 ^~~~~~~~
/usr/include/armadillo_bits/operator_cube_plus.hpp:192:1: note:   template argument deduction/substitution failed:
../trace-analyzer/src/Main.cpp:137:73: note:   ‘std::__cxx11::basic_string<char>’ is not derived from ‘const arma::Base<eT, T1>’
    std::string ctd_file_name = workspace.dir_xml() + std::string("/") + trace + std::string(".xml");
                                                                         ^~~~~
In file included from /usr/include/armadillo:29:0,
                 from ../libsimitar/cfunctions.h:19,
                 from ../libsimitar/DatabaseInterface.h:28,
                 from ../trace-analyzer/src/Main.cpp:17:
/usr/include/c++/6/complex:445:5: note: candidate: template<class _Tp> std::complex<_Tp> std::operator+(const std::complex<_Tp>&)
     operator+(const complex<_Tp>& __x)
     ^~~~~~~~
/usr/include/c++/6/complex:445:5: note:   template argument deduction/substitution failed:
../trace-analyzer/src/Main.cpp:137:73: note:   ‘std::__cxx11::basic_string<char>’ is not derived from ‘const std::complex<_Tp>’
    std::string ctd_file_name = workspace.dir_xml() + std::string("/") + trace + std::string(".xml");
                                                                         ^~~~~
In file included from /usr/include/armadillo:29:0,
                 from ../libsimitar/cfunctions.h:19,
                 from ../libsimitar/DatabaseInterface.h:28,
                 from ../trace-analyzer/src/Main.cpp:17:
/usr/include/c++/6/complex:344:5: note: candidate: template<class _Tp> std::complex<_Tp> std::operator+(const _Tp&, const std::complex<_Tp>&)
     operator+(const _Tp& __x, const complex<_Tp>& __y)
     ^~~~~~~~
/usr/include/c++/6/complex:344:5: note:   template argument deduction/substitution failed:
../trace-analyzer/src/Main.cpp:137:73: note:   ‘NetworkTrace’ is not derived from ‘const std::complex<_Tp>’
    std::string ctd_file_name = workspace.dir_xml() + std::string("/") + trace + std::string(".xml");
                                                                         ^~~~~
In file included from /usr/include/armadillo:29:0,
                 from ../libsimitar/cfunctions.h:19,
                 from ../libsimitar/DatabaseInterface.h:28,
                 from ../trace-analyzer/src/Main.cpp:17:
/usr/include/c++/6/complex:335:5: note: candidate: template<class _Tp> std::complex<_Tp> std::operator+(const std::complex<_Tp>&, const _Tp&)
     operator+(const complex<_Tp>& __x, const _Tp& __y)
     ^~~~~~~~
/usr/include/c++/6/complex:335:5: note:   template argument deduction/substitution failed:
../trace-analyzer/src/Main.cpp:137:73: note:   ‘std::__cxx11::basic_string<char>’ is not derived from ‘const std::complex<_Tp>’
    std::string ctd_file_name = workspace.dir_xml() + std::string("/") + trace + std::string(".xml");
                                                                         ^~~~~
In file included from /usr/include/armadillo:29:0,
                 from ../libsimitar/cfunctions.h:19,
                 from ../libsimitar/DatabaseInterface.h:28,
                 from ../trace-analyzer/src/Main.cpp:17:
/usr/include/c++/6/complex:326:5: note: candidate: template<class _Tp> std::complex<_Tp> std::operator+(const std::complex<_Tp>&, const std::complex<_Tp>&)
     operator+(const complex<_Tp>& __x, const complex<_Tp>& __y)
     ^~~~~~~~
/usr/include/c++/6/complex:326:5: note:   template argument deduction/substitution failed:
../trace-analyzer/src/Main.cpp:137:73: note:   ‘std::__cxx11::basic_string<char>’ is not derived from ‘const std::complex<_Tp>’
    std::string ctd_file_name = workspace.dir_xml() + std::string("/") + trace + std::string(".xml");
                                                                         ^~~~~
In file included from /usr/include/c++/6/vector:65:0,
                 from /usr/include/tclap/SwitchArg.h:28,
                 from /usr/include/tclap/CmdLine.h:27,
                 from ../trace-analyzer/src/Main.cpp:14:
/usr/include/c++/6/bits/stl_bvector.h:387:3: note: candidate: std::_Bit_const_iterator std::operator+(std::ptrdiff_t, const std::_Bit_const_iterator&)
   operator+(ptrdiff_t __n, const _Bit_const_iterator& __x)
   ^~~~~~~~
/usr/include/c++/6/bits/stl_bvector.h:387:3: note:   no known conversion for argument 1 from ‘std::__cxx11::basic_string<char>’ to ‘std::ptrdiff_t {aka long int}’
/usr/include/c++/6/bits/stl_bvector.h:297:3: note: candidate: std::_Bit_iterator std::operator+(std::ptrdiff_t, const std::_Bit_iterator&)
   operator+(ptrdiff_t __n, const _Bit_iterator& __x)
   ^~~~~~~~
/usr/include/c++/6/bits/stl_bvector.h:297:3: note:   no known conversion for argument 1 from ‘std::__cxx11::basic_string<char>’ to ‘std::ptrdiff_t {aka long int}’
In file included from /usr/include/c++/6/string:52:0,
                 from /usr/include/c++/6/bits/locale_classes.h:40,
                 from /usr/include/c++/6/bits/ios_base.h:41,
                 from /usr/include/c++/6/ios:42,
                 from /usr/include/c++/6/ostream:38,
                 from /usr/include/c++/6/iostream:39,
                 from ../trace-analyzer/src/Main.cpp:10:
/usr/include/c++/6/bits/basic_string.h:5036:5: note: candidate: template<class _CharT, class _Traits, class _Alloc> std::__cxx11::basic_string<_CharT, _Traits, _Alloc> std::operator+(std::__cxx11::basic_string<_CharT, _Traits, _Alloc>&&, _CharT)
     operator+(basic_string<_CharT, _Traits, _Alloc>&& __lhs,
     ^~~~~~~~
/usr/include/c++/6/bits/basic_string.h:5036:5: note:   template argument deduction/substitution failed:
../trace-analyzer/src/Main.cpp:137:73: note:   deduced conflicting types for parameter ‘_CharT’ (‘char’ and ‘NetworkTrace’)
    std::string ctd_file_name = workspace.dir_xml() + std::string("/") + trace + std::string(".xml");
                                                                         ^~~~~
In file included from /usr/include/c++/6/string:52:0,
                 from /usr/include/c++/6/bits/locale_classes.h:40,
                 from /usr/include/c++/6/bits/ios_base.h:41,
                 from /usr/include/c++/6/ios:42,
                 from /usr/include/c++/6/ostream:38,
                 from /usr/include/c++/6/iostream:39,
                 from ../trace-analyzer/src/Main.cpp:10:
/usr/include/c++/6/bits/basic_string.h:5030:5: note: candidate: template<class _CharT, class _Traits, class _Alloc> std::__cxx11::basic_string<_CharT, _Traits, _Alloc> std::operator+(std::__cxx11::basic_string<_CharT, _Traits, _Alloc>&&, const _CharT*)
     operator+(basic_string<_CharT, _Traits, _Alloc>&& __lhs,
     ^~~~~~~~
/usr/include/c++/6/bits/basic_string.h:5030:5: note:   template argument deduction/substitution failed:
../trace-analyzer/src/Main.cpp:137:73: note:   mismatched types ‘const _CharT*’ and ‘NetworkTrace’
    std::string ctd_file_name = workspace.dir_xml() + std::string("/") + trace + std::string(".xml");
                                                                         ^~~~~
In file included from /usr/include/c++/6/string:52:0,
                 from /usr/include/c++/6/bits/locale_classes.h:40,
                 from /usr/include/c++/6/bits/ios_base.h:41,
                 from /usr/include/c++/6/ios:42,
                 from /usr/include/c++/6/ostream:38,
                 from /usr/include/c++/6/iostream:39,
                 from ../trace-analyzer/src/Main.cpp:10:
/usr/include/c++/6/bits/basic_string.h:5024:5: note: candidate: template<class _CharT, class _Traits, class _Alloc> std::__cxx11::basic_string<_CharT, _Traits, _Alloc> std::operator+(_CharT, std::__cxx11::basic_string<_CharT, _Traits, _Alloc>&&)
     operator+(_CharT __lhs,
     ^~~~~~~~
/usr/include/c++/6/bits/basic_string.h:5024:5: note:   template argument deduction/substitution failed:
../trace-analyzer/src/Main.cpp:137:73: note:   ‘NetworkTrace’ is not derived from ‘std::__cxx11::basic_string<_CharT, _Traits, _Alloc>’
    std::string ctd_file_name = workspace.dir_xml() + std::string("/") + trace + std::string(".xml");
                                                                         ^~~~~
In file included from /usr/include/c++/6/string:52:0,
                 from /usr/include/c++/6/bits/locale_classes.h:40,
                 from /usr/include/c++/6/bits/ios_base.h:41,
                 from /usr/include/c++/6/ios:42,
                 from /usr/include/c++/6/ostream:38,
                 from /usr/include/c++/6/iostream:39,
                 from ../trace-analyzer/src/Main.cpp:10:
/usr/include/c++/6/bits/basic_string.h:5018:5: note: candidate: template<class _CharT, class _Traits, class _Alloc> std::__cxx11::basic_string<_CharT, _Traits, _Alloc> std::operator+(const _CharT*, std::__cxx11::basic_string<_CharT, _Traits, _Alloc>&&)
     operator+(const _CharT* __lhs,
     ^~~~~~~~
/usr/include/c++/6/bits/basic_string.h:5018:5: note:   template argument deduction/substitution failed:
../trace-analyzer/src/Main.cpp:137:73: note:   mismatched types ‘const _CharT*’ and ‘std::__cxx11::basic_string<char>’
    std::string ctd_file_name = workspace.dir_xml() + std::string("/") + trace + std::string(".xml");
                                                                         ^~~~~
In file included from /usr/include/c++/6/string:52:0,
                 from /usr/include/c++/6/bits/locale_classes.h:40,
                 from /usr/include/c++/6/bits/ios_base.h:41,
                 from /usr/include/c++/6/ios:42,
                 from /usr/include/c++/6/ostream:38,
                 from /usr/include/c++/6/iostream:39,
                 from ../trace-analyzer/src/Main.cpp:10:
/usr/include/c++/6/bits/basic_string.h:5006:5: note: candidate: template<class _CharT, class _Traits, class _Alloc> std::__cxx11::basic_string<_CharT, _Traits, _Alloc> std::operator+(std::__cxx11::basic_string<_CharT, _Traits, _Alloc>&&, std::__cxx11::basic_string<_CharT, _Traits, _Alloc>&&)
     operator+(basic_string<_CharT, _Traits, _Alloc>&& __lhs,
     ^~~~~~~~
/usr/include/c++/6/bits/basic_string.h:5006:5: note:   template argument deduction/substitution failed:
../trace-analyzer/src/Main.cpp:137:73: note:   ‘NetworkTrace’ is not derived from ‘std::__cxx11::basic_string<_CharT, _Traits, _Alloc>’
    std::string ctd_file_name = workspace.dir_xml() + std::string("/") + trace + std::string(".xml");
                                                                         ^~~~~
In file included from /usr/include/c++/6/string:52:0,
                 from /usr/include/c++/6/bits/locale_classes.h:40,
                 from /usr/include/c++/6/bits/ios_base.h:41,
                 from /usr/include/c++/6/ios:42,
                 from /usr/include/c++/6/ostream:38,
                 from /usr/include/c++/6/iostream:39,
                 from ../trace-analyzer/src/Main.cpp:10:
/usr/include/c++/6/bits/basic_string.h:5000:5: note: candidate: template<class _CharT, class _Traits, class _Alloc> std::__cxx11::basic_string<_CharT, _Traits, _Alloc> std::operator+(const std::__cxx11::basic_string<_CharT, _Traits, _Alloc>&, std::__cxx11::basic_string<_CharT, _Traits, _Alloc>&&)
     operator+(const basic_string<_CharT, _Traits, _Alloc>& __lhs,
     ^~~~~~~~
/usr/include/c++/6/bits/basic_string.h:5000:5: note:   template argument deduction/substitution failed:
../trace-analyzer/src/Main.cpp:137:73: note:   ‘NetworkTrace’ is not derived from ‘std::__cxx11::basic_string<_CharT, _Traits, _Alloc>’
    std::string ctd_file_name = workspace.dir_xml() + std::string("/") + trace + std::string(".xml");
                                                                         ^~~~~
In file included from /usr/include/c++/6/string:52:0,
                 from /usr/include/c++/6/bits/locale_classes.h:40,
                 from /usr/include/c++/6/bits/ios_base.h:41,
                 from /usr/include/c++/6/ios:42,
                 from /usr/include/c++/6/ostream:38,
                 from /usr/include/c++/6/iostream:39,
                 from ../trace-analyzer/src/Main.cpp:10:
/usr/include/c++/6/bits/basic_string.h:4994:5: note: candidate: template<class _CharT, class _Traits, class _Alloc> std::__cxx11::basic_string<_CharT, _Traits, _Alloc> std::operator+(std::__cxx11::basic_string<_CharT, _Traits, _Alloc>&&, const std::__cxx11::basic_string<_CharT, _Traits, _Alloc>&)
     operator+(basic_string<_CharT, _Traits, _Alloc>&& __lhs,
     ^~~~~~~~
/usr/include/c++/6/bits/basic_string.h:4994:5: note:   template argument deduction/substitution failed:
../trace-analyzer/src/Main.cpp:137:73: note:   ‘NetworkTrace’ is not derived from ‘const std::__cxx11::basic_string<_CharT, _Traits, _Alloc>’
    std::string ctd_file_name = workspace.dir_xml() + std::string("/") + trace + std::string(".xml");
                                                                         ^~~~~
In file included from /usr/include/c++/6/string:52:0,
                 from /usr/include/c++/6/bits/locale_classes.h:40,
                 from /usr/include/c++/6/bits/ios_base.h:41,
                 from /usr/include/c++/6/ios:42,
                 from /usr/include/c++/6/ostream:38,
                 from /usr/include/c++/6/iostream:39,
                 from ../trace-analyzer/src/Main.cpp:10:
/usr/include/c++/6/bits/basic_string.h:4982:5: note: candidate: template<class _CharT, class _Traits, class _Alloc> std::__cxx11::basic_string<_CharT, _Traits, _Alloc> std::operator+(const std::__cxx11::basic_string<_CharT, _Traits, _Alloc>&, _CharT)
     operator+(const basic_string<_CharT, _Traits, _Alloc>& __lhs, _CharT __rhs)
     ^~~~~~~~
/usr/include/c++/6/bits/basic_string.h:4982:5: note:   template argument deduction/substitution failed:
../trace-analyzer/src/Main.cpp:137:73: note:   deduced conflicting types for parameter ‘_CharT’ (‘char’ and ‘NetworkTrace’)
    std::string ctd_file_name = workspace.dir_xml() + std::string("/") + trace + std::string(".xml");
                                                                         ^~~~~
In file included from /usr/include/c++/6/string:52:0,
                 from /usr/include/c++/6/bits/locale_classes.h:40,
                 from /usr/include/c++/6/bits/ios_base.h:41,
                 from /usr/include/c++/6/ios:42,
                 from /usr/include/c++/6/ostream:38,
                 from /usr/include/c++/6/iostream:39,
                 from ../trace-analyzer/src/Main.cpp:10:
/usr/include/c++/6/bits/basic_string.h:4966:5: note: candidate: template<class _CharT, class _Traits, class _Alloc> std::__cxx11::basic_string<_CharT, _Traits, _Alloc> std::operator+(const std::__cxx11::basic_string<_CharT, _Traits, _Alloc>&, const _CharT*)
     operator+(const basic_string<_CharT, _Traits, _Alloc>& __lhs,
     ^~~~~~~~
/usr/include/c++/6/bits/basic_string.h:4966:5: note:   template argument deduction/substitution failed:
../trace-analyzer/src/Main.cpp:137:73: note:   mismatched types ‘const _CharT*’ and ‘NetworkTrace’
    std::string ctd_file_name = workspace.dir_xml() + std::string("/") + trace + std::string(".xml");
                                                                         ^~~~~
In file included from /usr/include/c++/6/string:53:0,
                 from /usr/include/c++/6/bits/locale_classes.h:40,
                 from /usr/include/c++/6/bits/ios_base.h:41,
                 from /usr/include/c++/6/ios:42,
                 from /usr/include/c++/6/ostream:38,
                 from /usr/include/c++/6/iostream:39,
                 from ../trace-analyzer/src/Main.cpp:10:
/usr/include/c++/6/bits/basic_string.tcc:1163:5: note: candidate: template<class _CharT, class _Traits, class _Alloc> std::__cxx11::basic_string<_CharT, _Traits, _Alloc> std::operator+(_CharT, const std::__cxx11::basic_string<_CharT, _Traits, _Alloc>&)
     operator+(_CharT __lhs, const basic_string<_CharT, _Traits, _Alloc>& __rhs)
     ^~~~~~~~
/usr/include/c++/6/bits/basic_string.tcc:1163:5: note:   template argument deduction/substitution failed:
../trace-analyzer/src/Main.cpp:137:73: note:   ‘NetworkTrace’ is not derived from ‘const std::__cxx11::basic_string<_CharT, _Traits, _Alloc>’
    std::string ctd_file_name = workspace.dir_xml() + std::string("/") + trace + std::string(".xml");
                                                                         ^~~~~
In file included from /usr/include/c++/6/string:53:0,
                 from /usr/include/c++/6/bits/locale_classes.h:40,
                 from /usr/include/c++/6/bits/ios_base.h:41,
                 from /usr/include/c++/6/ios:42,
                 from /usr/include/c++/6/ostream:38,
                 from /usr/include/c++/6/iostream:39,
                 from ../trace-analyzer/src/Main.cpp:10:
/usr/include/c++/6/bits/basic_string.tcc:1147:5: note: candidate: template<class _CharT, class _Traits, class _Alloc> std::__cxx11::basic_string<_CharT, _Traits, _Alloc> std::operator+(const _CharT*, const std::__cxx11::basic_string<_CharT, _Traits, _Alloc>&)
     operator+(const _CharT* __lhs,
     ^~~~~~~~
/usr/include/c++/6/bits/basic_string.tcc:1147:5: note:   template argument deduction/substitution failed:
../trace-analyzer/src/Main.cpp:137:73: note:   mismatched types ‘const _CharT*’ and ‘std::__cxx11::basic_string<char>’
    std::string ctd_file_name = workspace.dir_xml() + std::string("/") + trace + std::string(".xml");
                                                                         ^~~~~
In file included from /usr/include/c++/6/string:52:0,
                 from /usr/include/c++/6/bits/locale_classes.h:40,
                 from /usr/include/c++/6/bits/ios_base.h:41,
                 from /usr/include/c++/6/ios:42,
                 from /usr/include/c++/6/ostream:38,
                 from /usr/include/c++/6/iostream:39,
                 from ../trace-analyzer/src/Main.cpp:10:
/usr/include/c++/6/bits/basic_string.h:4929:5: note: candidate: template<class _CharT, class _Traits, class _Alloc> std::__cxx11::basic_string<_CharT, _Traits, _Alloc> std::operator+(const std::__cxx11::basic_string<_CharT, _Traits, _Alloc>&, const std::__cxx11::basic_string<_CharT, _Traits, _Alloc>&)
     operator+(const basic_string<_CharT, _Traits, _Alloc>& __lhs,
     ^~~~~~~~
/usr/include/c++/6/bits/basic_string.h:4929:5: note:   template argument deduction/substitution failed:
../trace-analyzer/src/Main.cpp:137:73: note:   ‘NetworkTrace’ is not derived from ‘const std::__cxx11::basic_string<_CharT, _Traits, _Alloc>’
    std::string ctd_file_name = workspace.dir_xml() + std::string("/") + trace + std::string(".xml");
                                                                         ^~~~~
In file included from /usr/include/c++/6/bits/stl_algobase.h:67:0,
                 from /usr/include/c++/6/bits/char_traits.h:39,
                 from /usr/include/c++/6/ios:40,
                 from /usr/include/c++/6/ostream:38,
                 from /usr/include/c++/6/iostream:39,
                 from ../trace-analyzer/src/Main.cpp:10:
/usr/include/c++/6/bits/stl_iterator.h:1200:5: note: candidate: template<class _Iterator> std::move_iterator<_IteratorL> std::operator+(typename std::move_iterator<_IteratorL>::difference_type, const std::move_iterator<_IteratorL>&)
     operator+(typename move_iterator<_Iterator>::difference_type __n,
     ^~~~~~~~
/usr/include/c++/6/bits/stl_iterator.h:1200:5: note:   template argument deduction/substitution failed:
../trace-analyzer/src/Main.cpp:137:73: note:   ‘NetworkTrace’ is not derived from ‘const std::move_iterator<_IteratorL>’
    std::string ctd_file_name = workspace.dir_xml() + std::string("/") + trace + std::string(".xml");
                                                                         ^~~~~
In file included from /usr/include/c++/6/bits/stl_algobase.h:67:0,
                 from /usr/include/c++/6/bits/char_traits.h:39,
                 from /usr/include/c++/6/ios:40,
                 from /usr/include/c++/6/ostream:38,
                 from /usr/include/c++/6/iostream:39,
                 from ../trace-analyzer/src/Main.cpp:10:
/usr/include/c++/6/bits/stl_iterator.h:341:5: note: candidate: template<class _Iterator> std::reverse_iterator<_Iterator> std::operator+(typename std::reverse_iterator<_Iterator>::difference_type, const std::reverse_iterator<_Iterator>&)
     operator+(typename reverse_iterator<_Iterator>::difference_type __n,
     ^~~~~~~~
/usr/include/c++/6/bits/stl_iterator.h:341:5: note:   template argument deduction/substitution failed:
../trace-analyzer/src/Main.cpp:137:73: note:   ‘NetworkTrace’ is not derived from ‘const std::reverse_iterator<_Iterator>’
    std::string ctd_file_name = workspace.dir_xml() + std::string("/") + trace + std::string(".xml");
                                                                         ^~~~~
In file included from /usr/include/c++/6/bits/stl_algobase.h:67:0,
                 from /usr/include/c++/6/bits/char_traits.h:39,
                 from /usr/include/c++/6/ios:40,
                 from /usr/include/c++/6/ostream:38,
                 from /usr/include/c++/6/iostream:39,
                 from ../trace-analyzer/src/Main.cpp:10:
/usr/include/c++/6/bits/stl_iterator.h:966:5: note: candidate: template<class _Iterator, class _Container> __gnu_cxx::__normal_iterator<_Iterator, _Container> __gnu_cxx::operator+(typename __gnu_cxx::__normal_iterator<_Iterator, _Container>::difference_type, const __gnu_cxx::__normal_iterator<_Iterator, _Container>&)
     operator+(typename __normal_iterator<_Iterator, _Container>::difference_type
     ^~~~~~~~
/usr/include/c++/6/bits/stl_iterator.h:966:5: note:   template argument deduction/substitution failed:
../trace-analyzer/src/Main.cpp:137:73: note:   ‘NetworkTrace’ is not derived from ‘const __gnu_cxx::__normal_iterator<_Iterator, _Container>’
    std::string ctd_file_name = workspace.dir_xml() + std::string("/") + trace + std::string(".xml");
                                                                         ^~~~~
make: *** [../trace-analyzer/obj/Main.o] Error 1
Makefile:111: recipe for target '../trace-analyzer/obj/Main.o' failed
01:28:52 **** Incremental Build of configuration Debug for project tests ****
make all 
make -C integration/
make[1]: Entering directory '/home/anderson/SIMITAR/tests/integration'
make[1]: Nothing to be done for 'all'.
make[1]: Leaving directory '/home/anderson/SIMITAR/tests/integration'
make -C unity/
make[1]: Entering directory '/home/anderson/SIMITAR/tests/unity'
make[1]: Nothing to be done for 'all'.
make[1]: Leaving directory '/home/anderson/SIMITAR/tests/unity'
01:35:28 **** Incremental Build of configuration Release for project libsimitar ****
make all 
make: Nothing to be done for 'all'.
01:35:28 **** Incremental Build of configuration Default for project trace-analyzer ****
make all 

* Compiling: ../trace-analyzer/src/Main.cpp -> ../trace-analyzer/obj/Main.og++ -fmessage-length=0 -std=c++11 -O0 -g3 -p -pg -ftest-coverage -fprofile-arcs -Wall -c -o ../trace-analyzer/obj/Main.o ../trace-analyzer/src/Main.cpp -I ../deps/ -I ../libsimitar/
In file included from ../libsimitar/SimitarWorkspace.h:18:0,
                 from ../libsimitar/DatabaseInterface.h:29,
                 from ../trace-analyzer/src/Main.cpp:17:
../libsimitar/PlogMacros.h:20:0: warning: "PLOG_INIT" redefined
 #define PLOG_INIT(logLevel)\
 
In file included from ../libsimitar/cfunctions.h:23:0,
                 from ../libsimitar/DatabaseInterface.h:28,
                 from ../trace-analyzer/src/Main.cpp:17:
../libsimitar/Defines.h:323:0: note: this is the location of the previous definition
 #define PLOG_INIT() plog::RollingFileAppender<plog::CsvFormatter> fileAppender("MultiAppender.csv", 8000, 3); \
 
	 Compile time: 00:00:02

* Linking: trace-analyzerg++ -p -pg -ftest-coverage -fprofile-arcs -o trace-analyzer ../trace-analyzer/obj/Main.o -I ../deps/ -I ../libsimitar/   -Wl,-Bstatic ../libsimitar/libsimitar.a -Wl,-Bdynamic -lpthread -llog4cpp -lsqlite3 -larmadillo -lITG  
	 Link time: 00:00:00
01:35:30 **** Incremental Build of configuration Debug for project tests ****
make all 
make -C integration/
make[1]: Entering directory '/home/anderson/SIMITAR/tests/integration'
make[1]: Nothing to be done for 'all'.
make[1]: Leaving directory '/home/anderson/SIMITAR/tests/integration'
make -C unity/
make[1]: Entering directory '/home/anderson/SIMITAR/tests/unity'
make[1]: Nothing to be done for 'all'.
make[1]: Leaving directory '/home/anderson/SIMITAR/tests/unity'
01:36:30 **** Incremental Build of configuration Release for project libsimitar ****
make all 
make: Nothing to be done for 'all'.
01:36:30 **** Incremental Build of configuration Default for project trace-analyzer ****
make all 
make: Nothing to be done for 'all'.
01:36:30 **** Incremental Build of configuration Debug for project tests ****
make all 
make -C integration/
make[1]: Entering directory '/home/anderson/SIMITAR/tests/integration'
make[1]: Nothing to be done for 'all'.
make[1]: Leaving directory '/home/anderson/SIMITAR/tests/integration'
make -C unity/
make[1]: Entering directory '/home/anderson/SIMITAR/tests/unity'
make[1]: Nothing to be done for 'all'.
make[1]: Leaving directory '/home/anderson/SIMITAR/tests/unity'
01:36:37 **** Incremental Build of configuration Release for project libsimitar ****
make all 
make: Nothing to be done for 'all'.
01:36:37 **** Incremental Build of configuration Default for project trace-analyzer ****
make all 
make: Nothing to be done for 'all'.
01:36:37 **** Incremental Build of configuration Debug for project tests ****
make all 
make -C integration/
make[1]: Entering directory '/home/anderson/SIMITAR/tests/integration'
make[1]: Nothing to be done for 'all'.
make[1]: Leaving directory '/home/anderson/SIMITAR/tests/integration'
make -C unity/
make[1]: Entering directory '/home/anderson/SIMITAR/tests/unity'
make[1]: Nothing to be done for 'all'.
make[1]: Leaving directory '/home/anderson/SIMITAR/tests/unity'
01:39:57 **** Incremental Build of configuration Release for project libsimitar ****
make all 
make: Nothing to be done for 'all'.
01:39:57 **** Incremental Build of configuration Default for project trace-analyzer ****
make all 

* Compiling: ../trace-analyzer/src/Main.cpp -> ../trace-analyzer/obj/Main.og++ -fmessage-length=0 -std=c++11 -O0 -g3 -p -pg -ftest-coverage -fprofile-arcs -Wall -c -o ../trace-analyzer/obj/Main.o ../trace-analyzer/src/Main.cpp -I ../deps/ -I ../libsimitar/
In file included from ../libsimitar/SimitarWorkspace.h:18:0,
                 from ../libsimitar/DatabaseInterface.h:29,
                 from ../trace-analyzer/src/Main.cpp:17:
../libsimitar/PlogMacros.h:20:0: warning: "PLOG_INIT" redefined
 #define PLOG_INIT(logLevel)\
 
In file included from ../libsimitar/cfunctions.h:23:0,
                 from ../libsimitar/DatabaseInterface.h:28,
                 from ../trace-analyzer/src/Main.cpp:17:
../libsimitar/Defines.h:323:0: note: this is the location of the previous definition
 #define PLOG_INIT() plog::RollingFileAppender<plog::CsvFormatter> fileAppender("MultiAppender.csv", 8000, 3); \
 
	 Compile time: 00:00:02

* Linking: trace-analyzerg++ -p -pg -ftest-coverage -fprofile-arcs -o trace-analyzer ../trace-analyzer/obj/Main.o -I ../deps/ -I ../libsimitar/   -Wl,-Bstatic ../libsimitar/libsimitar.a -Wl,-Bdynamic -lpthread -llog4cpp -lsqlite3 -larmadillo -lITG  
	 Link time: 00:00:00
01:39:59 **** Incremental Build of configuration Debug for project tests ****
make all 
make -C integration/
make[1]: Entering directory '/home/anderson/SIMITAR/tests/integration'
make[1]: Nothing to be done for 'all'.
make[1]: Leaving directory '/home/anderson/SIMITAR/tests/integration'
make -C unity/
make[1]: Entering directory '/home/anderson/SIMITAR/tests/unity'
make[1]: Nothing to be done for 'all'.
make[1]: Leaving directory '/home/anderson/SIMITAR/tests/unity'
01:57:05 **** Incremental Build of configuration Release for project libsimitar ****
make all 

* Compiling: ../libsimitar/DataProcessor.cpp -> ../libsimitar/obj/DataProcessor.og++ -fmessage-length=0 -std=c++11 -O0 -g3 -p -pg -ftest-coverage -fprofile-arcs -Wall -c -o ../libsimitar/obj/DataProcessor.o ../libsimitar/DataProcessor.cpp -I ../deps/ -I ../libsimitar/
In file included from ../libsimitar/SimitarWorkspace.h:18:0,
                 from ../libsimitar/DatabaseInterface.h:29,
                 from ../libsimitar/DataProcessor.h:32,
                 from ../libsimitar/DataProcessor.cpp:8:
../libsimitar/PlogMacros.h:20:0: warning: "PLOG_INIT" redefined
 #define PLOG_INIT(logLevel)\
 
In file included from ../libsimitar/DataProcessor.h:31:0,
                 from ../libsimitar/DataProcessor.cpp:8:
../libsimitar/Defines.h:323:0: note: this is the location of the previous definition
 #define PLOG_INIT() plog::RollingFileAppender<plog::CsvFormatter> fileAppender("MultiAppender.csv", 8000, 3); \
 
../libsimitar/DataProcessor.cpp: In member function ‘std::__cxx11::string DataProcessor::to_string()’:
../libsimitar/DataProcessor.cpp:23:1: error: expected ‘;’ before ‘}’ token
 }
 ^
Makefile:108: recipe for target '../libsimitar/obj/DataProcessor.o' failed
make: *** [../libsimitar/obj/DataProcessor.o] Error 1
01:57:07 **** Incremental Build of configuration Default for project trace-analyzer ****
make all 

* Compiling: ../trace-analyzer/src/Main.cpp -> ../trace-analyzer/obj/Main.og++ -fmessage-length=0 -std=c++11 -O0 -g3 -p -pg -ftest-coverage -fprofile-arcs -Wall -c -o ../trace-analyzer/obj/Main.o ../trace-analyzer/src/Main.cpp -I ../deps/ -I ../libsimitar/
In file included from ../libsimitar/SimitarWorkspace.h:18:0,
                 from ../libsimitar/DatabaseInterface.h:29,
                 from ../trace-analyzer/src/Main.cpp:17:
../libsimitar/PlogMacros.h:20:0: warning: "PLOG_INIT" redefined
 #define PLOG_INIT(logLevel)\
 
In file included from ../libsimitar/cfunctions.h:23:0,
                 from ../libsimitar/DatabaseInterface.h:28,
                 from ../trace-analyzer/src/Main.cpp:17:
../libsimitar/Defines.h:323:0: note: this is the location of the previous definition
 #define PLOG_INIT() plog::RollingFileAppender<plog::CsvFormatter> fileAppender("MultiAppender.csv", 8000, 3); \
 
../trace-analyzer/src/Main.cpp: In function ‘int main(int, char**)’:
../trace-analyzer/src/Main.cpp:136:24: warning: ‘dpTimeScale’ may be used uninitialized in this function [-Wmaybe-uninitialized]
      pkts_val, crit_val);
                        ^
	 Compile time: 00:00:02

* Linking: trace-analyzerg++ -p -pg -ftest-coverage -fprofile-arcs -o trace-analyzer ../trace-analyzer/obj/Main.o -I ../deps/ -I ../libsimitar/   -Wl,-Bstatic ../libsimitar/libsimitar.a -Wl,-Bdynamic -lpthread -llog4cpp -lsqlite3 -larmadillo -lITG  
	 Link time: 00:00:01
01:57:10 **** Incremental Build of configuration Debug for project tests ****
make all 
make -C integration/
make[1]: Entering directory '/home/anderson/SIMITAR/tests/integration'
make[1]: Nothing to be done for 'all'.
make[1]: Leaving directory '/home/anderson/SIMITAR/tests/integration'
make -C unity/
make[1]: Entering directory '/home/anderson/SIMITAR/tests/unity'
make[1]: Nothing to be done for 'all'.
make[1]: Leaving directory '/home/anderson/SIMITAR/tests/unity'
02:07:13 **** Incremental Build of configuration Release for project libsimitar ****
make all 

* Compiling: ../libsimitar/DataProcessor.cpp -> ../libsimitar/obj/DataProcessor.og++ -fmessage-length=0 -std=c++11 -O0 -g3 -p -pg -ftest-coverage -fprofile-arcs -Wall -c -o ../libsimitar/obj/DataProcessor.o ../libsimitar/DataProcessor.cpp -I ../deps/ -I ../libsimitar/
In file included from ../libsimitar/SimitarWorkspace.h:18:0,
                 from ../libsimitar/DatabaseInterface.h:29,
                 from ../libsimitar/DataProcessor.h:32,
                 from ../libsimitar/DataProcessor.cpp:8:
../libsimitar/PlogMacros.h:20:0: warning: "PLOG_INIT" redefined
 #define PLOG_INIT(logLevel)\
 
In file included from ../libsimitar/DataProcessor.h:31:0,
                 from ../libsimitar/DataProcessor.cpp:8:
../libsimitar/Defines.h:323:0: note: this is the location of the previous definition
 #define PLOG_INIT() plog::RollingFileAppender<plog::CsvFormatter> fileAppender("MultiAppender.csv", 8000, 3); \
 
	 Compile time: 00:00:03

* Archiving: libsimitar.aar rvs   libsimitar.a  ../libsimitar/obj/SimitarWorkspace.o ../libsimitar/obj/DummyFlow.o ../libsimitar/obj/RegressionTests.o ../libsimitar/obj/NetworkTrace.o ../libsimitar/obj/cfunctions.o ../libsimitar/obj/NetworkFlow.o ../libsimitar/obj/DatabaseInterface.o ../libsimitar/obj/StochasticModelFit.o ../libsimitar/obj/DataProcessor.o ../libsimitar/obj/CsvFile.o 
r - ../libsimitar/obj/SimitarWorkspace.o
r - ../libsimitar/obj/DummyFlow.o
r - ../libsimitar/obj/RegressionTests.o
r - ../libsimitar/obj/NetworkTrace.o
r - ../libsimitar/obj/cfunctions.o
r - ../libsimitar/obj/NetworkFlow.o
r - ../libsimitar/obj/DatabaseInterface.o
r - ../libsimitar/obj/StochasticModelFit.o
r - ../libsimitar/obj/DataProcessor.o
r - ../libsimitar/obj/CsvFile.o
	 Link time: 00:00:00
02:07:16 **** Incremental Build of configuration Default for project trace-analyzer ****
make all 
make: Nothing to be done for 'all'.
02:07:16 **** Incremental Build of configuration Debug for project tests ****
make all 
make -C integration/
make[1]: Entering directory '/home/anderson/SIMITAR/tests/integration'
make[1]: Nothing to be done for 'all'.
make[1]: Leaving directory '/home/anderson/SIMITAR/tests/integration'
make -C unity/
make[1]: Entering directory '/home/anderson/SIMITAR/tests/unity'
make[1]: Nothing to be done for 'all'.
make[1]: Leaving directory '/home/anderson/SIMITAR/tests/unity'
02:09:42 **** Incremental Build of configuration Release for project libsimitar ****
make all 

* Compiling: ../libsimitar/DataProcessor.cpp -> ../libsimitar/obj/DataProcessor.og++ -fmessage-length=0 -std=c++11 -O0 -g3 -p -pg -ftest-coverage -fprofile-arcs -Wall -c -o ../libsimitar/obj/DataProcessor.o ../libsimitar/DataProcessor.cpp -I ../deps/ -I ../libsimitar/
In file included from ../libsimitar/SimitarWorkspace.h:18:0,
                 from ../libsimitar/DatabaseInterface.h:29,
                 from ../libsimitar/DataProcessor.h:32,
                 from ../libsimitar/DataProcessor.cpp:8:
../libsimitar/PlogMacros.h:20:0: warning: "PLOG_INIT" redefined
 #define PLOG_INIT(logLevel)\
 
In file included from ../libsimitar/DataProcessor.h:31:0,
                 from ../libsimitar/DataProcessor.cpp:8:
../libsimitar/Defines.h:323:0: note: this is the location of the previous definition
 #define PLOG_INIT() plog::RollingFileAppender<plog::CsvFormatter> fileAppender("MultiAppender.csv", 8000, 3); \
 
	 Compile time: 00:00:04

* Archiving: libsimitar.aar rvs   libsimitar.a  ../libsimitar/obj/SimitarWorkspace.o ../libsimitar/obj/DummyFlow.o ../libsimitar/obj/RegressionTests.o ../libsimitar/obj/NetworkTrace.o ../libsimitar/obj/cfunctions.o ../libsimitar/obj/NetworkFlow.o ../libsimitar/obj/DatabaseInterface.o ../libsimitar/obj/StochasticModelFit.o ../libsimitar/obj/DataProcessor.o ../libsimitar/obj/CsvFile.o 
r - ../libsimitar/obj/SimitarWorkspace.o
r - ../libsimitar/obj/DummyFlow.o
r - ../libsimitar/obj/RegressionTests.o
r - ../libsimitar/obj/NetworkTrace.o
r - ../libsimitar/obj/cfunctions.o
r - ../libsimitar/obj/NetworkFlow.o
r - ../libsimitar/obj/DatabaseInterface.o
r - ../libsimitar/obj/StochasticModelFit.o
r - ../libsimitar/obj/DataProcessor.o
r - ../libsimitar/obj/CsvFile.o
	 Link time: 00:00:00
02:09:46 **** Incremental Build of configuration Default for project trace-analyzer ****
make all 
make: Nothing to be done for 'all'.
02:09:46 **** Incremental Build of configuration Debug for project tests ****
make all 
make -C integration/
make[1]: Entering directory '/home/anderson/SIMITAR/tests/integration'
make[1]: Nothing to be done for 'all'.
make[1]: Leaving directory '/home/anderson/SIMITAR/tests/integration'
make -C unity/
make[1]: Entering directory '/home/anderson/SIMITAR/tests/unity'
make[1]: Nothing to be done for 'all'.
make[1]: Leaving directory '/home/anderson/SIMITAR/tests/unity'
02:13:01 **** Incremental Build of configuration Release for project libsimitar ****
make all 

* Compiling: ../libsimitar/DataProcessor.cpp -> ../libsimitar/obj/DataProcessor.og++ -fmessage-length=0 -std=c++11 -O0 -g3 -p -pg -ftest-coverage -fprofile-arcs -Wall -c -o ../libsimitar/obj/DataProcessor.o ../libsimitar/DataProcessor.cpp -I ../deps/ -I ../libsimitar/
In file included from ../libsimitar/SimitarWorkspace.h:18:0,
                 from ../libsimitar/DatabaseInterface.h:29,
                 from ../libsimitar/DataProcessor.h:32,
                 from ../libsimitar/DataProcessor.cpp:8:
../libsimitar/PlogMacros.h:20:0: warning: "PLOG_INIT" redefined
 #define PLOG_INIT(logLevel)\
 
In file included from ../libsimitar/DataProcessor.h:31:0,
                 from ../libsimitar/DataProcessor.cpp:8:
../libsimitar/Defines.h:323:0: note: this is the location of the previous definition
 #define PLOG_INIT() plog::RollingFileAppender<plog::CsvFormatter> fileAppender("MultiAppender.csv", 8000, 3); \
 
	 Compile time: 00:00:04

* Archiving: libsimitar.aar rvs   libsimitar.a  ../libsimitar/obj/SimitarWorkspace.o ../libsimitar/obj/DummyFlow.o ../libsimitar/obj/RegressionTests.o ../libsimitar/obj/NetworkTrace.o ../libsimitar/obj/cfunctions.o ../libsimitar/obj/NetworkFlow.o ../libsimitar/obj/DatabaseInterface.o ../libsimitar/obj/StochasticModelFit.o ../libsimitar/obj/DataProcessor.o ../libsimitar/obj/CsvFile.o 
r - ../libsimitar/obj/SimitarWorkspace.o
r - ../libsimitar/obj/DummyFlow.o
r - ../libsimitar/obj/RegressionTests.o
r - ../libsimitar/obj/NetworkTrace.o
r - ../libsimitar/obj/cfunctions.o
r - ../libsimitar/obj/NetworkFlow.o
r - ../libsimitar/obj/DatabaseInterface.o
r - ../libsimitar/obj/StochasticModelFit.o
r - ../libsimitar/obj/DataProcessor.o
r - ../libsimitar/obj/CsvFile.o
	 Link time: 00:00:00
02:13:05 **** Incremental Build of configuration Default for project trace-analyzer ****
make all 
make: Nothing to be done for 'all'.
02:13:05 **** Incremental Build of configuration Debug for project tests ****
make all 
make -C integration/
make[1]: Entering directory '/home/anderson/SIMITAR/tests/integration'
make[1]: Nothing to be done for 'all'.
make[1]: Leaving directory '/home/anderson/SIMITAR/tests/integration'
make -C unity/
make[1]: Entering directory '/home/anderson/SIMITAR/tests/unity'
make[1]: Nothing to be done for 'all'.
make[1]: Leaving directory '/home/anderson/SIMITAR/tests/unity'
02:19:15 **** Incremental Build of configuration Release for project libsimitar ****
make all 

* Compiling: ../libsimitar/DataProcessor.cpp -> ../libsimitar/obj/DataProcessor.og++ -fmessage-length=0 -std=c++11 -O0 -g3 -p -pg -ftest-coverage -fprofile-arcs -Wall -c -o ../libsimitar/obj/DataProcessor.o ../libsimitar/DataProcessor.cpp -I ../deps/ -I ../libsimitar/
In file included from ../libsimitar/SimitarWorkspace.h:18:0,
                 from ../libsimitar/DatabaseInterface.h:29,
                 from ../libsimitar/DataProcessor.h:32,
                 from ../libsimitar/DataProcessor.cpp:8:
../libsimitar/PlogMacros.h:20:0: warning: "PLOG_INIT" redefined
 #define PLOG_INIT(logLevel)\
 
In file included from ../libsimitar/DataProcessor.h:31:0,
                 from ../libsimitar/DataProcessor.cpp:8:
../libsimitar/Defines.h:323:0: note: this is the location of the previous definition
 #define PLOG_INIT() plog::RollingFileAppender<plog::CsvFormatter> fileAppender("MultiAppender.csv", 8000, 3); \
 
	 Compile time: 00:00:03

* Archiving: libsimitar.aar rvs   libsimitar.a  ../libsimitar/obj/SimitarWorkspace.o ../libsimitar/obj/DummyFlow.o ../libsimitar/obj/RegressionTests.o ../libsimitar/obj/NetworkTrace.o ../libsimitar/obj/cfunctions.o ../libsimitar/obj/NetworkFlow.o ../libsimitar/obj/DatabaseInterface.o ../libsimitar/obj/StochasticModelFit.o ../libsimitar/obj/DataProcessor.o ../libsimitar/obj/CsvFile.o 
r - ../libsimitar/obj/SimitarWorkspace.o
r - ../libsimitar/obj/DummyFlow.o
r - ../libsimitar/obj/RegressionTests.o
r - ../libsimitar/obj/NetworkTrace.o
r - ../libsimitar/obj/cfunctions.o
r - ../libsimitar/obj/NetworkFlow.o
r - ../libsimitar/obj/DatabaseInterface.o
r - ../libsimitar/obj/StochasticModelFit.o
r - ../libsimitar/obj/DataProcessor.o
r - ../libsimitar/obj/CsvFile.o
	 Link time: 00:00:00
02:19:19 **** Incremental Build of configuration Default for project trace-analyzer ****
make all 

* Compiling: ../trace-analyzer/src/Main.cpp -> ../trace-analyzer/obj/Main.og++ -fmessage-length=0 -std=c++11 -O0 -g3 -p -pg -ftest-coverage -fprofile-arcs -Wall -c -o ../trace-analyzer/obj/Main.o ../trace-analyzer/src/Main.cpp -I ../deps/ -I ../libsimitar/
In file included from ../libsimitar/SimitarWorkspace.h:18:0,
                 from ../libsimitar/DatabaseInterface.h:29,
                 from ../trace-analyzer/src/Main.cpp:17:
../libsimitar/PlogMacros.h:20:0: warning: "PLOG_INIT" redefined
 #define PLOG_INIT(logLevel)\
 
In file included from ../libsimitar/cfunctions.h:23:0,
                 from ../libsimitar/DatabaseInterface.h:28,
                 from ../trace-analyzer/src/Main.cpp:17:
../libsimitar/Defines.h:323:0: note: this is the location of the previous definition
 #define PLOG_INIT() plog::RollingFileAppender<plog::CsvFormatter> fileAppender("MultiAppender.csv", 8000, 3); \
 
../trace-analyzer/src/Main.cpp: In function ‘int main(int, char**)’:
../trace-analyzer/src/Main.cpp:135:24: warning: ‘dpTimeScale’ may be used uninitialized in this function [-Wmaybe-uninitialized]
      pkts_val, crit_val);
                        ^
	 Compile time: 00:00:02

* Linking: trace-analyzerg++ -p -pg -ftest-coverage -fprofile-arcs -o trace-analyzer ../trace-analyzer/obj/Main.o -I ../deps/ -I ../libsimitar/   -Wl,-Bstatic ../libsimitar/libsimitar.a -Wl,-Bdynamic -lpthread -llog4cpp -lsqlite3 -larmadillo -lITG  
	 Link time: 00:00:00
02:19:21 **** Incremental Build of configuration Debug for project tests ****
make all 
make -C integration/
make[1]: Entering directory '/home/anderson/SIMITAR/tests/integration'
make[1]: Nothing to be done for 'all'.
make[1]: Leaving directory '/home/anderson/SIMITAR/tests/integration'
make -C unity/
make[1]: Entering directory '/home/anderson/SIMITAR/tests/unity'
make[1]: Nothing to be done for 'all'.
make[1]: Leaving directory '/home/anderson/SIMITAR/tests/unity'
02:21:30 **** Incremental Build of configuration Release for project libsimitar ****
make all 
make: Nothing to be done for 'all'.
02:21:30 **** Incremental Build of configuration Default for project trace-analyzer ****
make all 

* Compiling: ../trace-analyzer/src/Main.cpp -> ../trace-analyzer/obj/Main.og++ -fmessage-length=0 -std=c++11 -O0 -g3 -p -pg -ftest-coverage -fprofile-arcs -Wall -c -o ../trace-analyzer/obj/Main.o ../trace-analyzer/src/Main.cpp -I ../deps/ -I ../libsimitar/
In file included from ../libsimitar/SimitarWorkspace.h:18:0,
                 from ../libsimitar/DatabaseInterface.h:29,
                 from ../trace-analyzer/src/Main.cpp:17:
../libsimitar/PlogMacros.h:20:0: warning: "PLOG_INIT" redefined
 #define PLOG_INIT(logLevel)\
 
In file included from ../libsimitar/cfunctions.h:23:0,
                 from ../libsimitar/DatabaseInterface.h:28,
                 from ../trace-analyzer/src/Main.cpp:17:
../libsimitar/Defines.h:323:0: note: this is the location of the previous definition
 #define PLOG_INIT() plog::RollingFileAppender<plog::CsvFormatter> fileAppender("MultiAppender.csv", 8000, 3); \
 
../trace-analyzer/src/Main.cpp: In function ‘int main(int, char**)’:
../trace-analyzer/src/Main.cpp:144:24: error: no matching function for call to ‘DataProcessor::DataProcessor(std::__cxx11::string&, double&, double&, int&, std::__cxx11::string&)’
      pkts_val, crit_val);
                        ^
In file included from ../trace-analyzer/src/Main.cpp:18:0:
../libsimitar/DataProcessor.h:70:2: note: candidate: DataProcessor::DataProcessor(time_scale, time_sec, time_sec, uint, const string&)
  DataProcessor(time_scale timeScale, time_sec minOnTime,
  ^~~~~~~~~~~~~
../libsimitar/DataProcessor.h:70:2: note:   no known conversion for argument 1 from ‘std::__cxx11::string {aka std::__cxx11::basic_string<char>}’ to ‘time_scale’
../libsimitar/DataProcessor.h:60:2: note: candidate: DataProcessor::DataProcessor()
  DataProcessor();
  ^~~~~~~~~~~~~
../libsimitar/DataProcessor.h:60:2: note:   candidate expects 0 arguments, 5 provided
../libsimitar/DataProcessor.h:53:7: note: candidate: DataProcessor::DataProcessor(const DataProcessor&)
 class DataProcessor
       ^~~~~~~~~~~~~
../libsimitar/DataProcessor.h:53:7: note:   candidate expects 1 argument, 5 provided
../trace-analyzer/src/Main.cpp:79:14: warning: unused variable ‘dpTimeScale’ [-Wunused-variable]
   time_scale dpTimeScale;
              ^~~~~~~~~~~
Makefile:111: recipe for target '../trace-analyzer/obj/Main.o' failed
make: *** [../trace-analyzer/obj/Main.o] Error 1
02:21:32 **** Incremental Build of configuration Debug for project tests ****
make all 
make -C integration/
make[1]: Entering directory '/home/anderson/SIMITAR/tests/integration'
make[1]: Nothing to be done for 'all'.
make[1]: Leaving directory '/home/anderson/SIMITAR/tests/integration'
make -C unity/
make[1]: Entering directory '/home/anderson/SIMITAR/tests/unity'
make[1]: Nothing to be done for 'all'.
make[1]: Leaving directory '/home/anderson/SIMITAR/tests/unity'
02:21:59 **** Incremental Build of configuration Release for project libsimitar ****
make all 
make: Nothing to be done for 'all'.
02:22:00 **** Incremental Build of configuration Default for project trace-analyzer ****
make all 

* Compiling: ../trace-analyzer/src/Main.cpp -> ../trace-analyzer/obj/Main.og++ -fmessage-length=0 -std=c++11 -O0 -g3 -p -pg -ftest-coverage -fprofile-arcs -Wall -c -o ../trace-analyzer/obj/Main.o ../trace-analyzer/src/Main.cpp -I ../deps/ -I ../libsimitar/
In file included from ../libsimitar/SimitarWorkspace.h:18:0,
                 from ../libsimitar/DatabaseInterface.h:29,
                 from ../trace-analyzer/src/Main.cpp:17:
../libsimitar/PlogMacros.h:20:0: warning: "PLOG_INIT" redefined
 #define PLOG_INIT(logLevel)\
 
In file included from ../libsimitar/cfunctions.h:23:0,
                 from ../libsimitar/DatabaseInterface.h:28,
                 from ../trace-analyzer/src/Main.cpp:17:
../libsimitar/Defines.h:323:0: note: this is the location of the previous definition
 #define PLOG_INIT() plog::RollingFileAppender<plog::CsvFormatter> fileAppender("MultiAppender.csv", 8000, 3); \
 
../trace-analyzer/src/Main.cpp: In function ‘int main(int, char**)’:
../trace-analyzer/src/Main.cpp:144:24: error: no matching function for call to ‘DataProcessor::DataProcessor(std::__cxx11::string&, double&, double&, int&, std::__cxx11::string&)’
      pkts_val, crit_val);
                        ^
In file included from ../trace-analyzer/src/Main.cpp:18:0:
../libsimitar/DataProcessor.h:70:2: note: candidate: DataProcessor::DataProcessor(time_scale, time_sec, time_sec, uint, const string&)
  DataProcessor(time_scale timeScale, time_sec minOnTime,
  ^~~~~~~~~~~~~
../libsimitar/DataProcessor.h:70:2: note:   no known conversion for argument 1 from ‘std::__cxx11::string {aka std::__cxx11::basic_string<char>}’ to ‘time_scale’
../libsimitar/DataProcessor.h:60:2: note: candidate: DataProcessor::DataProcessor()
  DataProcessor();
  ^~~~~~~~~~~~~
../libsimitar/DataProcessor.h:60:2: note:   candidate expects 0 arguments, 5 provided
../libsimitar/DataProcessor.h:53:7: note: candidate: DataProcessor::DataProcessor(const DataProcessor&)
 class DataProcessor
       ^~~~~~~~~~~~~
../libsimitar/DataProcessor.h:53:7: note:   candidate expects 1 argument, 5 provided
make: *** [../trace-analyzer/obj/Main.o] Error 1
Makefile:111: recipe for target '../trace-analyzer/obj/Main.o' failed
02:22:02 **** Incremental Build of configuration Debug for project tests ****
make all 
make -C integration/
make[1]: Entering directory '/home/anderson/SIMITAR/tests/integration'
make[1]: Nothing to be done for 'all'.
make[1]: Leaving directory '/home/anderson/SIMITAR/tests/integration'
make -C unity/
make[1]: Entering directory '/home/anderson/SIMITAR/tests/unity'
make[1]: Nothing to be done for 'all'.
make[1]: Leaving directory '/home/anderson/SIMITAR/tests/unity'
02:22:33 **** Incremental Build of configuration Release for project libsimitar ****
make all 
make: Nothing to be done for 'all'.
02:22:33 **** Incremental Build of configuration Default for project trace-analyzer ****
make all 

* Compiling: ../trace-analyzer/src/Main.cpp -> ../trace-analyzer/obj/Main.og++ -fmessage-length=0 -std=c++11 -O0 -g3 -p -pg -ftest-coverage -fprofile-arcs -Wall -c -o ../trace-analyzer/obj/Main.o ../trace-analyzer/src/Main.cpp -I ../deps/ -I ../libsimitar/
In file included from ../libsimitar/SimitarWorkspace.h:18:0,
                 from ../libsimitar/DatabaseInterface.h:29,
                 from ../trace-analyzer/src/Main.cpp:17:
../libsimitar/PlogMacros.h:20:0: warning: "PLOG_INIT" redefined
 #define PLOG_INIT(logLevel)\
 
In file included from ../libsimitar/cfunctions.h:23:0,
                 from ../libsimitar/DatabaseInterface.h:28,
                 from ../trace-analyzer/src/Main.cpp:17:
../libsimitar/Defines.h:323:0: note: this is the location of the previous definition
 #define PLOG_INIT() plog::RollingFileAppender<plog::CsvFormatter> fileAppender("MultiAppender.csv", 8000, 3); \
 
	 Compile time: 00:00:03

* Linking: trace-analyzerg++ -p -pg -ftest-coverage -fprofile-arcs -o trace-analyzer ../trace-analyzer/obj/Main.o -I ../deps/ -I ../libsimitar/   -Wl,-Bstatic ../libsimitar/libsimitar.a -Wl,-Bdynamic -lpthread -llog4cpp -lsqlite3 -larmadillo -lITG  
	 Link time: 00:00:00
02:22:36 **** Incremental Build of configuration Debug for project tests ****
make all 
make -C integration/
make[1]: Entering directory '/home/anderson/SIMITAR/tests/integration'
make[1]: Nothing to be done for 'all'.
make[1]: Leaving directory '/home/anderson/SIMITAR/tests/integration'
make -C unity/
make[1]: Entering directory '/home/anderson/SIMITAR/tests/unity'
make[1]: Nothing to be done for 'all'.
make[1]: Leaving directory '/home/anderson/SIMITAR/tests/unity'
02:39:47 **** Incremental Build of configuration Release for project libsimitar ****
make all 

* Compiling: ../libsimitar/DatabaseSqlite3.cpp -> ../libsimitar/obj/DatabaseSqlite3.og++ -fmessage-length=0 -std=c++11 -O0 -g3 -p -pg -ftest-coverage -fprofile-arcs -Wall -c -o ../libsimitar/obj/DatabaseSqlite3.o ../libsimitar/DatabaseSqlite3.cpp -I ../deps/ -I ../libsimitar/
	 Compile time: 00:00:00

* Compiling: ../libsimitar/DataProcessor.cpp -> ../libsimitar/obj/DataProcessor.og++ -fmessage-length=0 -std=c++11 -O0 -g3 -p -pg -ftest-coverage -fprofile-arcs -Wall -c -o ../libsimitar/obj/DataProcessor.o ../libsimitar/DataProcessor.cpp -I ../deps/ -I ../libsimitar/
In file included from ../libsimitar/SimitarWorkspace.h:18:0,
                 from ../libsimitar/DatabaseInterface.h:29,
                 from ../libsimitar/DataProcessor.h:32,
                 from ../libsimitar/DataProcessor.cpp:8:
../libsimitar/PlogMacros.h:20:0: warning: "PLOG_INIT" redefined
 #define PLOG_INIT(logLevel)\
 
In file included from ../libsimitar/DataProcessor.h:31:0,
                 from ../libsimitar/DataProcessor.cpp:8:
../libsimitar/Defines.h:323:0: note: this is the location of the previous definition
 #define PLOG_INIT() plog::RollingFileAppender<plog::CsvFormatter> fileAppender("MultiAppender.csv", 8000, 3); \
 
	 Compile time: 00:00:04

* Compiling: ../libsimitar/TraceDbManager.cpp -> ../libsimitar/obj/TraceDbManager.og++ -fmessage-length=0 -std=c++11 -O0 -g3 -p -pg -ftest-coverage -fprofile-arcs -Wall -c -o ../libsimitar/obj/TraceDbManager.o ../libsimitar/TraceDbManager.cpp -I ../deps/ -I ../libsimitar/
../libsimitar/TraceDbManager.cpp: In member function ‘int TraceDbManager::check_if_trace_exists_or_not_empty(std::__cxx11::string)’:
../libsimitar/TraceDbManager.cpp:106:12: warning: zero-length gnu_printf format string [-Wformat-zero-length]
   printf("");
            ^
	 Compile time: 00:00:00

* Archiving: libsimitar.aar rvs   libsimitar.a  ../libsimitar/obj/SimitarWorkspace.o ../libsimitar/obj/DummyFlow.o ../libsimitar/obj/DatabaseSqlite3.o ../libsimitar/obj/RegressionTests.o ../libsimitar/obj/NetworkTrace.o ../libsimitar/obj/cfunctions.o ../libsimitar/obj/NetworkFlow.o ../libsimitar/obj/DatabaseInterface.o ../libsimitar/obj/StochasticModelFit.o ../libsimitar/obj/DataProcessor.o ../libsimitar/obj/TraceDbManager.o ../libsimitar/obj/CsvFile.o 
r - ../libsimitar/obj/SimitarWorkspace.o
r - ../libsimitar/obj/DummyFlow.o
a - ../libsimitar/obj/DatabaseSqlite3.o
r - ../libsimitar/obj/RegressionTests.o
r - ../libsimitar/obj/NetworkTrace.o
r - ../libsimitar/obj/cfunctions.o
r - ../libsimitar/obj/NetworkFlow.o
r - ../libsimitar/obj/DatabaseInterface.o
r - ../libsimitar/obj/StochasticModelFit.o
r - ../libsimitar/obj/DataProcessor.o
a - ../libsimitar/obj/TraceDbManager.o
r - ../libsimitar/obj/CsvFile.o
	 Link time: 00:00:00
02:39:51 **** Incremental Build of configuration Default for project trace-analyzer ****
make all 

* Compiling: ../trace-analyzer/src/Main.cpp -> ../trace-analyzer/obj/Main.og++ -fmessage-length=0 -std=c++11 -O0 -g3 -p -pg -ftest-coverage -fprofile-arcs -Wall -c -o ../trace-analyzer/obj/Main.o ../trace-analyzer/src/Main.cpp -I ../deps/ -I ../libsimitar/
In file included from ../libsimitar/SimitarWorkspace.h:18:0,
                 from ../libsimitar/DatabaseInterface.h:29,
                 from ../trace-analyzer/src/Main.cpp:17:
../libsimitar/PlogMacros.h:20:0: warning: "PLOG_INIT" redefined
 #define PLOG_INIT(logLevel)\
 
In file included from ../libsimitar/cfunctions.h:23:0,
                 from ../libsimitar/DatabaseInterface.h:28,
                 from ../trace-analyzer/src/Main.cpp:17:
../libsimitar/Defines.h:323:0: note: this is the location of the previous definition
 #define PLOG_INIT() plog::RollingFileAppender<plog::CsvFormatter> fileAppender("MultiAppender.csv", 8000, 3); \
 
	 Compile time: 00:00:03

* Linking: trace-analyzerg++ -p -pg -ftest-coverage -fprofile-arcs -o trace-analyzer ../trace-analyzer/obj/Main.o -I ../deps/ -I ../libsimitar/   -Wl,-Bstatic ../libsimitar/libsimitar.a -Wl,-Bdynamic -lpthread -llog4cpp -lsqlite3 -larmadillo -lITG  
	 Link time: 00:00:00
02:39:54 **** Incremental Build of configuration Debug for project tests ****
make all 
make -C integration/
make[1]: Entering directory '/home/anderson/SIMITAR/tests/integration'
make[1]: Nothing to be done for 'all'.
make[1]: Leaving directory '/home/anderson/SIMITAR/tests/integration'
make -C unity/
make[1]: Entering directory '/home/anderson/SIMITAR/tests/unity'
make[1]: Nothing to be done for 'all'.
make[1]: Leaving directory '/home/anderson/SIMITAR/tests/unity'
14:11:54 **** Incremental Build of configuration Release for project libsimitar ****
make all 

* Compiling: ../libsimitar/DataProcessor.cpp -> ../libsimitar/obj/DataProcessor.og++ -fmessage-length=0 -std=c++11 -O0 -g3 -p -pg -ftest-coverage -fprofile-arcs -Wall -c -o ../libsimitar/obj/DataProcessor.o ../libsimitar/DataProcessor.cpp -I ../deps/ -I ../libsimitar/
In file included from ../libsimitar/SimitarWorkspace.h:18:0,
                 from ../libsimitar/DatabaseInterface.h:29,
                 from ../libsimitar/DataProcessor.h:32,
                 from ../libsimitar/DataProcessor.cpp:8:
../libsimitar/PlogMacros.h:20:0: warning: "PLOG_INIT" redefined
 #define PLOG_INIT(logLevel)\
 
In file included from ../libsimitar/DataProcessor.h:31:0,
                 from ../libsimitar/DataProcessor.cpp:8:
../libsimitar/Defines.h:323:0: note: this is the location of the previous definition
 #define PLOG_INIT() plog::RollingFileAppender<plog::CsvFormatter> fileAppender("MultiAppender.csv", 8000, 3); \
 
	 Compile time: 00:00:04

* Compiling: ../libsimitar/TraceDbManager.cpp -> ../libsimitar/obj/TraceDbManager.og++ -fmessage-length=0 -std=c++11 -O0 -g3 -p -pg -ftest-coverage -fprofile-arcs -Wall -c -o ../libsimitar/obj/TraceDbManager.o ../libsimitar/TraceDbManager.cpp -I ../deps/ -I ../libsimitar/
../libsimitar/TraceDbManager.cpp: In member function ‘int TraceDbManager::check_if_trace_exists_or_not_empty(std::__cxx11::string)’:
../libsimitar/TraceDbManager.cpp:135:12: warning: zero-length gnu_printf format string [-Wformat-zero-length]
   printf("");
            ^
	 Compile time: 00:00:00

* Compiling: ../libsimitar/CsvFile.cpp -> ../libsimitar/obj/CsvFile.og++ -fmessage-length=0 -std=c++11 -O0 -g3 -p -pg -ftest-coverage -fprofile-arcs -Wall -c -o ../libsimitar/obj/CsvFile.o ../libsimitar/CsvFile.cpp -I ../deps/ -I ../libsimitar/
	 Compile time: 00:00:00

* Archiving: libsimitar.aar rvs   libsimitar.a  ../libsimitar/obj/SimitarWorkspace.o ../libsimitar/obj/DummyFlow.o ../libsimitar/obj/DatabaseSqlite3.o ../libsimitar/obj/RegressionTests.o ../libsimitar/obj/NetworkTrace.o ../libsimitar/obj/cfunctions.o ../libsimitar/obj/NetworkFlow.o ../libsimitar/obj/DatabaseInterface.o ../libsimitar/obj/StochasticModelFit.o ../libsimitar/obj/DataProcessor.o ../libsimitar/obj/TraceDbManager.o ../libsimitar/obj/CsvFile.o 
ar: criando libsimitar.a
a - ../libsimitar/obj/SimitarWorkspace.o
a - ../libsimitar/obj/DummyFlow.o
a - ../libsimitar/obj/DatabaseSqlite3.o
a - ../libsimitar/obj/RegressionTests.o
a - ../libsimitar/obj/NetworkTrace.o
a - ../libsimitar/obj/cfunctions.o
a - ../libsimitar/obj/NetworkFlow.o
a - ../libsimitar/obj/DatabaseInterface.o
a - ../libsimitar/obj/StochasticModelFit.o
a - ../libsimitar/obj/DataProcessor.o
a - ../libsimitar/obj/TraceDbManager.o
a - ../libsimitar/obj/CsvFile.o
	 Link time: 00:00:00
14:11:59 **** Incremental Build of configuration Default for project trace-analyzer ****
make all 
make: Nothing to be done for 'all'.
14:11:59 **** Incremental Build of configuration Debug for project tests ****
make all 
make -C integration/
make[1]: Entering directory '/home/anderson/SIMITAR/tests/integration'

* Compiling: ../../tests/integration/integration-tests.cpp -> ../../tests/integration/integration-tests.og++ -fmessage-length=0 -std=c++11 -O0 -g3 -p -pg  -fprofile-arcs -Wall -c -o ../../tests/integration/integration-tests.o ../../tests/integration/integration-tests.cpp -I ../../deps/ -I ../../libsimitar/
In file included from ../../libsimitar/SimitarWorkspace.h:18:0,
                 from ../../libsimitar/DatabaseInterface.h:29,
                 from ../../tests/integration/integration-tests.cpp:10:
../../libsimitar/PlogMacros.h:20:0: warning: "PLOG_INIT" redefined
 #define PLOG_INIT(logLevel)\
 
In file included from ../../libsimitar/cfunctions.h:23:0,
                 from ../../libsimitar/DatabaseInterface.h:28,
                 from ../../tests/integration/integration-tests.cpp:10:
../../libsimitar/Defines.h:323:0: note: this is the location of the previous definition
 #define PLOG_INIT() plog::RollingFileAppender<plog::CsvFormatter> fileAppender("MultiAppender.csv", 8000, 3); \
 
	 Compile time: 00:00:02

* Linking: ../integration-testsg++ -p  -ftest-coverage -fprofile-arcs -o ../integration-tests ../../tests/integration/integration-tests.o -I ../../deps/ -I ../../libsimitar/ -Wl,-Bstatic ../../libsimitar/libsimitar.a -Wl,-Bdynamic -lpthread -llog4cpp -lsqlite3 -larmadillo -lITG  
	 Link time: 00:00:00
make[1]: Leaving directory '/home/anderson/SIMITAR/tests/integration'
make -C unity/
make[1]: Entering directory '/home/anderson/SIMITAR/tests/unity'

* Compiling: ../../tests/unity/unity-tests.cpp -> ../../tests/unity/unity-tests.og++ -fmessage-length=0 -std=c++11  -Wall -c -o ../../tests/unity/unity-tests.o ../../tests/unity/unity-tests.cpp -I ../../deps/ -I ../../libsimitar/
In file included from ../../libsimitar/SimitarWorkspace.h:18:0,
                 from ../../libsimitar/DatabaseInterface.h:29,
                 from ../../tests/unity/unity-tests.cpp:10:
../../libsimitar/PlogMacros.h:20:0: warning: "PLOG_INIT" redefined
 #define PLOG_INIT(logLevel)\
 
In file included from ../../libsimitar/cfunctions.h:23:0,
                 from ../../libsimitar/DatabaseInterface.h:28,
                 from ../../tests/unity/unity-tests.cpp:10:
../../libsimitar/Defines.h:323:0: note: this is the location of the previous definition
 #define PLOG_INIT() plog::RollingFileAppender<plog::CsvFormatter> fileAppender("MultiAppender.csv", 8000, 3); \
 
	 Compile time: 00:00:01

* Linking: ../unity-testsg++ -p  -ftest-coverage -fprofile-arcs -o ../unity-tests ../../tests/unity/unity-tests.o -I ../../deps/ -I ../../libsimitar/ -Wl,-Bstatic ../../libsimitar/libsimitar.a -Wl,-Bdynamic -lpthread -llog4cpp -lsqlite3 -larmadillo -lITG  
	 Link time: 00:00:01
make[1]: Leaving directory '/home/anderson/SIMITAR/tests/unity'
