15:35:16 **** Clean-only build of configuration Debug for project Prototypes ****
make clean 
rm -rf  ./Algorithms/Main.o ./Algorithms/Prototypes...o ./Algorithms/Prototypes.o  ./Algorithms/Main.d ./Algorithms/Prototypes...d ./Algorithms/Prototypes.d  Prototypes
 
15:35:21 **** Incremental Build of configuration Debug for project CompactTraceDescriptor ****
make all 
make: Warning: File 'src/subdir.mk' has modification time 166 s in the future
make: warning:  Clock skew detected.  Your build may be incomplete.
make: Nothing to be done for 'all'.
15:35:22 **** Build of configuration Debug for project Prototypes ****
make all 
make: Warning: File 'objects.mk' has modification time 166 s in the future
Building file: ../Algorithms/Main.cpp
Invoking: GCC C++ Compiler
g++ -std=c++11 -O0 -g3 -Wall -c -fmessage-length=0 -std=c++11 -MMD -MP -MF"Algorithms/Main.d" -MT"Algorithms/Main.o" -o "Algorithms/Main.o" "../Algorithms/Main.cpp"
Finished building: ../Algorithms/Main.cpp
 
Building file: ../Algorithms/Prototypes...cpp
Invoking: GCC C++ Compiler
g++ -std=c++11 -O0 -g3 -Wall -c -fmessage-length=0 -std=c++11 -MMD -MP -MF"Algorithms/Prototypes...d" -MT"Algorithms/Prototypes...o" -o "Algorithms/Prototypes...o" "../Algorithms/Prototypes...cpp"
Finished building: ../Algorithms/Prototypes...cpp
 
Building file: ../Algorithms/Prototypes.cpp
Invoking: GCC C++ Compiler
g++ -std=c++11 -O0 -g3 -Wall -c -fmessage-length=0 -std=c++11 -MMD -MP -MF"Algorithms/Prototypes.d" -MT"Algorithms/Prototypes.o" -o "Algorithms/Prototypes.o" "../Algorithms/Prototypes.cpp"
Finished building: ../Algorithms/Prototypes.cpp
 
Building target: Prototypes
Invoking: GCC C++ Linker
g++  -o "Prototypes"  ./Algorithms/Main.o ./Algorithms/Prototypes...o ./Algorithms/Prototypes.o   -larmadillo
./Algorithms/Prototypes.o: In function `compareBic(void const*, void const*)':
/home/ldapusers/apaschoalon/ProjetoMestrado/Prototypes/Debug/../Algorithms/Prototypes.cpp:11: multiple definition of `compareBic(void const*, void const*)'
./Algorithms/Prototypes...o:/home/ldapusers/apaschoalon/ProjetoMestrado/Prototypes/Debug/../Algorithms/Prototypes...cpp:11: first defined here
makefile:45: recipe for target 'Prototypes' failed
./Algorithms/Prototypes.o: In function `compareAic(void const*, void const*)':
/home/ldapusers/apaschoalon/ProjetoMestrado/Prototypes/Debug/../Algorithms/Prototypes.cpp:24: multiple definition of `compareAic(void const*, void const*)'
./Algorithms/Prototypes...o:/home/ldapusers/apaschoalon/ProjetoMestrado/Prototypes/Debug/../Algorithms/Prototypes...cpp:24: first defined here
./Algorithms/Prototypes.o: In function `arma::Mat<double>::init_warm(unsigned long long, unsigned long long)':
/home/ldapusers/apaschoalon/ProjetoMestrado/Prototypes/Debug/../Algorithms/Prototypes.cpp:42: multiple definition of `DataProcessor::fitModels(std::list<double, std::allocator<double> >&, std::string const&)'
./Algorithms/Prototypes...o:/home/ldapusers/apaschoalon/ProjetoMestrado/Prototypes/Debug/../Algorithms/Prototypes...cpp:42: first defined here
./Algorithms/Prototypes.o: In function `DataProcessor::constantFitting(arma::Col<double> const&, arma::Col<double>&, arma::Col<double>&)':
/home/ldapusers/apaschoalon/ProjetoMestrado/Prototypes/Debug/../Algorithms/Prototypes.cpp:353: multiple definition of `DataProcessor::constantFitting(arma::Col<double> const&, arma::Col<double>&, arma::Col<double>&)'
./Algorithms/Prototypes...o:/home/ldapusers/apaschoalon/ProjetoMestrado/Prototypes/Debug/../Algorithms/Prototypes...cpp:353: first defined here
./Algorithms/Prototypes.o: In function `DataProcessor::printTestResult(std::string, bool)':
/home/ldapusers/apaschoalon/ProjetoMestrado/Prototypes/Debug/../Algorithms/Prototypes.cpp:781: multiple definition of `DataProcessor::printTestResult(std::string, bool)'
./Algorithms/Prototypes...o:/home/ldapusers/apaschoalon/ProjetoMestrado/Prototypes/Debug/../Algorithms/Prototypes...cpp:781: first defined here
./Algorithms/Prototypes.o: In function `DataProcessor::compareMat(arma::Mat<double>&, arma::Mat<double>&)':
/home/ldapusers/apaschoalon/ProjetoMestrado/Prototypes/Debug/../Algorithms/Prototypes.cpp:816: multiple definition of `DataProcessor::compareMat(arma::Mat<double>&, arma::Mat<double>&)'
./Algorithms/Prototypes...o:/home/ldapusers/apaschoalon/ProjetoMestrado/Prototypes/Debug/../Algorithms/Prototypes...cpp:816: first defined here
./Algorithms/Prototypes.o: In function `DataProcessor::testMode()':
/home/ldapusers/apaschoalon/ProjetoMestrado/Prototypes/Debug/../Algorithms/Prototypes.cpp:865: multiple definition of `DataProcessor::testMode()'
./Algorithms/Prototypes...o:/home/ldapusers/apaschoalon/ProjetoMestrado/Prototypes/Debug/../Algorithms/Prototypes...cpp:865: first defined here
./Algorithms/Prototypes.o: In function `DataProcessor::testQuickSort()':
/home/ldapusers/apaschoalon/ProjetoMestrado/Prototypes/Debug/../Algorithms/Prototypes.cpp:912: multiple definition of `DataProcessor::testQuickSort()'
./Algorithms/Prototypes...o:/home/ldapusers/apaschoalon/ProjetoMestrado/Prototypes/Debug/../Algorithms/Prototypes...cpp:912: first defined here
./Algorithms/Main.o: In function `main':
/home/ldapusers/apaschoalon/ProjetoMestrado/Prototypes/Debug/../Algorithms/Main.cpp:14: undefined reference to `DataProcessor::test_empiricalCdf()'
/home/ldapusers/apaschoalon/ProjetoMestrado/Prototypes/Debug/../Algorithms/Main.cpp:17: undefined reference to `DataProcessor::test_list_tocvector()'
/home/ldapusers/apaschoalon/ProjetoMestrado/Prototypes/Debug/../Algorithms/Main.cpp:18: undefined reference to `DataProcessor::test_empiricalCdf()'
/home/ldapusers/apaschoalon/ProjetoMestrado/Prototypes/Debug/../Algorithms/Main.cpp:19: undefined reference to `DataProcessor::test_computeCost()'
/home/ldapusers/apaschoalon/ProjetoMestrado/Prototypes/Debug/../Algorithms/Main.cpp:21: undefined reference to `DataProcessor::test_pdf_weibull()'
/home/ldapusers/apaschoalon/ProjetoMestrado/Prototypes/Debug/../Algorithms/Main.cpp:22: undefined reference to `DataProcessor::test_cdf_weibull()'
/home/ldapusers/apaschoalon/ProjetoMestrado/Prototypes/Debug/../Algorithms/Main.cpp:23: undefined reference to `DataProcessor::test_gradientDescendent()'
/home/ldapusers/apaschoalon/ProjetoMestrado/Prototypes/Debug/../Algorithms/Main.cpp:25: undefined reference to `DataProcessor::test_informationCriterion()'
/home/ldapusers/apaschoalon/ProjetoMestrado/Prototypes/Debug/../Algorithms/Main.cpp:26: undefined reference to `DataProcessor::test_pdf_exponential()'
/home/ldapusers/apaschoalon/ProjetoMestrado/Prototypes/Debug/../Algorithms/Main.cpp:27: undefined reference to `DataProcessor::test_cdf_exponential()'
/home/ldapusers/apaschoalon/ProjetoMestrado/Prototypes/Debug/../Algorithms/Main.cpp:28: undefined reference to `DataProcessor::test_pdf_pareto()'
/home/ldapusers/apaschoalon/ProjetoMestrado/Prototypes/Debug/../Algorithms/Main.cpp:29: undefined reference to `DataProcessor::test_cdf_pareto()'
/home/ldapusers/apaschoalon/ProjetoMestrado/Prototypes/Debug/../Algorithms/Main.cpp:30: undefined reference to `DataProcessor::test_pdf_cauchy()'
/home/ldapusers/apaschoalon/ProjetoMestrado/Prototypes/Debug/../Algorithms/Main.cpp:31: undefined reference to `DataProcessor::test_cdf_cauchy()'
/home/ldapusers/apaschoalon/ProjetoMestrado/Prototypes/Debug/../Algorithms/Main.cpp:32: undefined reference to `DataProcessor::test_fitModels()'
/home/ldapusers/apaschoalon/ProjetoMestrado/Prototypes/Debug/../Algorithms/Main.cpp:33: undefined reference to `DataProcessor::test_modelSelection()'
collect2: error: ld returned 1 exit status
make: *** [Prototypes] Error 1
15:37:21 **** Incremental Build of configuration Debug for project CompactTraceDescriptor ****
make all 
make: Warning: File 'src/subdir.mk' has modification time 166 s in the future
make: Nothing to be done for 'all'.
make: warning:  Clock skew detected.  Your build may be incomplete.
15:37:22 **** Incremental Build of configuration Debug for project Prototypes ****
make all 
make: Warning: File 'Algorithms/Prototypes.d' has modification time 53 s in the future
Building target: Prototypes
Invoking: GCC C++ Linker
g++  -o "Prototypes"  ./Algorithms/Main.o ./Algorithms/Prototypes.o   -larmadillo
./Algorithms/Main.o: In function `main':
/home/ldapusers/apaschoalon/ProjetoMestrado/Prototypes/Debug/../Algorithms/Main.cpp:14: undefined reference to `DataProcessor::test_empiricalCdf()'
/home/ldapusers/apaschoalon/ProjetoMestrado/Prototypes/Debug/../Algorithms/Main.cpp:17: undefined reference to `DataProcessor::test_list_tocvector()'
/home/ldapusers/apaschoalon/ProjetoMestrado/Prototypes/Debug/../Algorithms/Main.cpp:18: undefined reference to `DataProcessor::test_empiricalCdf()'
/home/ldapusers/apaschoalon/ProjetoMestrado/Prototypes/Debug/../Algorithms/Main.cpp:19: undefined reference to `DataProcessor::test_computeCost()'
makefile:45: recipe for target 'Prototypes' failed
/home/ldapusers/apaschoalon/ProjetoMestrado/Prototypes/Debug/../Algorithms/Main.cpp:21: undefined reference to `DataProcessor::test_pdf_weibull()'
/home/ldapusers/apaschoalon/ProjetoMestrado/Prototypes/Debug/../Algorithms/Main.cpp:22: undefined reference to `DataProcessor::test_cdf_weibull()'
/home/ldapusers/apaschoalon/ProjetoMestrado/Prototypes/Debug/../Algorithms/Main.cpp:23: undefined reference to `DataProcessor::test_gradientDescendent()'
/home/ldapusers/apaschoalon/ProjetoMestrado/Prototypes/Debug/../Algorithms/Main.cpp:25: undefined reference to `DataProcessor::test_informationCriterion()'
/home/ldapusers/apaschoalon/ProjetoMestrado/Prototypes/Debug/../Algorithms/Main.cpp:26: undefined reference to `DataProcessor::test_pdf_exponential()'
/home/ldapusers/apaschoalon/ProjetoMestrado/Prototypes/Debug/../Algorithms/Main.cpp:27: undefined reference to `DataProcessor::test_cdf_exponential()'
/home/ldapusers/apaschoalon/ProjetoMestrado/Prototypes/Debug/../Algorithms/Main.cpp:28: undefined reference to `DataProcessor::test_pdf_pareto()'
/home/ldapusers/apaschoalon/ProjetoMestrado/Prototypes/Debug/../Algorithms/Main.cpp:29: undefined reference to `DataProcessor::test_cdf_pareto()'
/home/ldapusers/apaschoalon/ProjetoMestrado/Prototypes/Debug/../Algorithms/Main.cpp:30: undefined reference to `DataProcessor::test_pdf_cauchy()'
/home/ldapusers/apaschoalon/ProjetoMestrado/Prototypes/Debug/../Algorithms/Main.cpp:31: undefined reference to `DataProcessor::test_cdf_cauchy()'
/home/ldapusers/apaschoalon/ProjetoMestrado/Prototypes/Debug/../Algorithms/Main.cpp:32: undefined reference to `DataProcessor::test_fitModels()'
/home/ldapusers/apaschoalon/ProjetoMestrado/Prototypes/Debug/../Algorithms/Main.cpp:33: undefined reference to `DataProcessor::test_modelSelection()'
collect2: error: ld returned 1 exit status
make: *** [Prototypes] Error 1
15:37:42 **** Incremental Build of configuration Debug for project CompactTraceDescriptor ****
make all 
make: Warning: File 'src/subdir.mk' has modification time 166 s in the future
make: warning:  Clock skew detected.  Your build may be incomplete.
make: Nothing to be done for 'all'.
15:37:42 **** Incremental Build of configuration Debug for project Prototypes ****
make all 
make: Warning: File 'Algorithms/Prototypes.d' has modification time 32 s in the future
Building file: ../Algorithms/Main.cpp
Invoking: GCC C++ Compiler
g++ -std=c++11 -O0 -g3 -Wall -c -fmessage-length=0 -std=c++11 -MMD -MP -MF"Algorithms/Main.d" -MT"Algorithms/Main.o" -o "Algorithms/Main.o" "../Algorithms/Main.cpp"
../Algorithms/Main.cpp: In function ‘int main()’:
../Algorithms/Main.cpp:13:2: error: ‘DataProcessor’ was not declared in this scope
  DataProcessor dp;
  ^
../Algorithms/Main.cpp:14:2: error: ‘dp’ was not declared in this scope
Algorithms/subdir.mk:21: recipe for target 'Algorithms/Main.o' failed
  dp.test_empiricalCdf();
  ^
make: *** [Algorithms/Main.o] Error 1
15:37:52 **** Incremental Build of configuration Debug for project CompactTraceDescriptor ****
make all 
make: Warning: File 'src/subdir.mk' has modification time 166 s in the future
make: warning:  Clock skew detected.  Your build may be incomplete.
make: Nothing to be done for 'all'.
15:37:53 **** Incremental Build of configuration Debug for project Prototypes ****
make all 
make: Warning: File 'Algorithms/Prototypes.d' has modification time 22 s in the future
Building file: ../Algorithms/Main.cpp
Invoking: GCC C++ Compiler
g++ -std=c++11 -O0 -g3 -Wall -c -fmessage-length=0 -std=c++11 -MMD -MP -MF"Algorithms/Main.d" -MT"Algorithms/Main.o" -o "Algorithms/Main.o" "../Algorithms/Main.cpp"
../Algorithms/Main.cpp: In function ‘int main()’:
../Algorithms/Main.cpp:13:2: error: ‘DataProcessor’ was not declared in this scope
  DataProcessor dp;
  ^
../Algorithms/Main.cpp:14:2: error: ‘dp’ was not declared in this scope
  dp.printTestResult("QuickSort", dp.testQuickSort());
  ^
make: *** [Algorithms/Main.o] Error 1
Algorithms/subdir.mk:21: recipe for target 'Algorithms/Main.o' failed
15:39:02 **** Incremental Build of configuration Debug for project CompactTraceDescriptor ****
make all 
make: Warning: File 'src/subdir.mk' has modification time 166 s in the future
make: warning:  Clock skew detected.  Your build may be incomplete.
make: Nothing to be done for 'all'.
15:39:02 **** Incremental Build of configuration Debug for project Prototypes ****
make all 
make: Warning: File 'Algorithms/subdir.mk' has modification time 166 s in the future
Building file: ../Algorithms/Main.cpp
Invoking: GCC C++ Compiler
g++ -std=c++11 -O0 -g3 -Wall -c -fmessage-length=0 -std=c++11 -MMD -MP -MF"Algorithms/Main.d" -MT"Algorithms/Main.o" -o "Algorithms/Main.o" "../Algorithms/Main.cpp"
Finished building: ../Algorithms/Main.cpp
 
Building target: Prototypes
Invoking: GCC C++ Linker
g++  -o "Prototypes"  ./Algorithms/Main.o ./Algorithms/Prototypes.o   -larmadillo
./Algorithms/Main.o: In function `main':
/home/ldapusers/apaschoalon/ProjetoMestrado/Prototypes/Debug/../Algorithms/Main.cpp:16: undefined reference to `DataProcessor::test_list_tocvector()'
/home/ldapusers/apaschoalon/ProjetoMestrado/Prototypes/Debug/../Algorithms/Main.cpp:17: undefined reference to `DataProcessor::test_empiricalCdf()'
/home/ldapusers/apaschoalon/ProjetoMestrado/Prototypes/Debug/../Algorithms/Main.cpp:18: undefined reference to `DataProcessor::test_computeCost()'
makefile:45: recipe for target 'Prototypes' failed
/home/ldapusers/apaschoalon/ProjetoMestrado/Prototypes/Debug/../Algorithms/Main.cpp:20: undefined reference to `DataProcessor::test_pdf_weibull()'
/home/ldapusers/apaschoalon/ProjetoMestrado/Prototypes/Debug/../Algorithms/Main.cpp:21: undefined reference to `DataProcessor::test_cdf_weibull()'
/home/ldapusers/apaschoalon/ProjetoMestrado/Prototypes/Debug/../Algorithms/Main.cpp:22: undefined reference to `DataProcessor::test_gradientDescendent()'
/home/ldapusers/apaschoalon/ProjetoMestrado/Prototypes/Debug/../Algorithms/Main.cpp:24: undefined reference to `DataProcessor::test_informationCriterion()'
/home/ldapusers/apaschoalon/ProjetoMestrado/Prototypes/Debug/../Algorithms/Main.cpp:25: undefined reference to `DataProcessor::test_pdf_exponential()'
/home/ldapusers/apaschoalon/ProjetoMestrado/Prototypes/Debug/../Algorithms/Main.cpp:26: undefined reference to `DataProcessor::test_cdf_exponential()'
/home/ldapusers/apaschoalon/ProjetoMestrado/Prototypes/Debug/../Algorithms/Main.cpp:27: undefined reference to `DataProcessor::test_pdf_pareto()'
/home/ldapusers/apaschoalon/ProjetoMestrado/Prototypes/Debug/../Algorithms/Main.cpp:28: undefined reference to `DataProcessor::test_cdf_pareto()'
/home/ldapusers/apaschoalon/ProjetoMestrado/Prototypes/Debug/../Algorithms/Main.cpp:29: undefined reference to `DataProcessor::test_pdf_cauchy()'
/home/ldapusers/apaschoalon/ProjetoMestrado/Prototypes/Debug/../Algorithms/Main.cpp:30: undefined reference to `DataProcessor::test_cdf_cauchy()'
/home/ldapusers/apaschoalon/ProjetoMestrado/Prototypes/Debug/../Algorithms/Main.cpp:31: undefined reference to `DataProcessor::test_fitModels()'
/home/ldapusers/apaschoalon/ProjetoMestrado/Prototypes/Debug/../Algorithms/Main.cpp:32: undefined reference to `DataProcessor::test_modelSelection()'
collect2: error: ld returned 1 exit status
make: *** [Prototypes] Error 1
15:44:21 **** Incremental Build of configuration Debug for project CompactTraceDescriptor ****
make all 
make: Warning: File 'src/subdir.mk' has modification time 166 s in the future
make: warning:  Clock skew detected.  Your build may be incomplete.
make: Nothing to be done for 'all'.
15:44:21 **** Incremental Build of configuration Debug for project Prototypes ****
make all 
make: Warning: File 'Algorithms/subdir.mk' has modification time 166 s in the future
Building target: Prototypes
Invoking: GCC C++ Linker
g++  -o "Prototypes"  ./Algorithms/Main.o ./Algorithms/Prototypes.o   -larmadillo
./Algorithms/Main.o: In function `main':
/home/ldapusers/apaschoalon/ProjetoMestrado/Prototypes/Debug/../Algorithms/Main.cpp:16: undefined reference to `DataProcessor::test_list_tocvector()'
/home/ldapusers/apaschoalon/ProjetoMestrado/Prototypes/Debug/../Algorithms/Main.cpp:17: undefined reference to `DataProcessor::test_empiricalCdf()'
/home/ldapusers/apaschoalon/ProjetoMestrado/Prototypes/Debug/../Algorithms/Main.cpp:18: undefined reference to `DataProcessor::test_computeCost()'
/home/ldapusers/apaschoalon/ProjetoMestrado/Prototypes/Debug/../Algorithms/Main.cpp:20: undefined reference to `DataProcessor::test_pdf_weibull()'
/home/ldapusers/apaschoalon/ProjetoMestrado/Prototypes/Debug/../Algorithms/Main.cpp:21: undefined reference to `DataProcessor::test_cdf_weibull()'
/home/ldapusers/apaschoalon/ProjetoMestrado/Prototypes/Debug/../Algorithms/Main.cpp:22: undefined reference to `DataProcessor::test_gradientDescendent()'
/home/ldapusers/apaschoalon/ProjetoMestrado/Prototypes/Debug/../Algorithms/Main.cpp:24: undefined reference to `DataProcessor::test_informationCriterion()'
/home/ldapusers/apaschoalon/ProjetoMestrado/Prototypes/Debug/../Algorithms/Main.cpp:25: undefined reference to `DataProcessor::test_pdf_exponential()'
/home/ldapusers/apaschoalon/ProjetoMestrado/Prototypes/Debug/../Algorithms/Main.cpp:26: undefined reference to `DataProcessor::test_cdf_exponential()'
/home/ldapusers/apaschoalon/ProjetoMestrado/Prototypes/Debug/../Algorithms/Main.cpp:27: undefined reference to `DataProcessor::test_pdf_pareto()'
/home/ldapusers/apaschoalon/ProjetoMestrado/Prototypes/Debug/../Algorithms/Main.cpp:28: undefined reference to `DataProcessor::test_cdf_pareto()'
/home/ldapusers/apaschoalon/ProjetoMestrado/Prototypes/Debug/../Algorithms/Main.cpp:29: undefined reference to `DataProcessor::test_pdf_cauchy()'
/home/ldapusers/apaschoalon/ProjetoMestrado/Prototypes/Debug/../Algorithms/Main.cpp:30: undefined reference to `DataProcessor::test_cdf_cauchy()'
makefile:45: recipe for target 'Prototypes' failed
/home/ldapusers/apaschoalon/ProjetoMestrado/Prototypes/Debug/../Algorithms/Main.cpp:31: undefined reference to `DataProcessor::test_fitModels()'
/home/ldapusers/apaschoalon/ProjetoMestrado/Prototypes/Debug/../Algorithms/Main.cpp:32: undefined reference to `DataProcessor::test_modelSelection()'
collect2: error: ld returned 1 exit status
make: *** [Prototypes] Error 1
15:49:12 **** Incremental Build of configuration Debug for project CompactTraceDescriptor ****
make all 
make: Warning: File 'src/subdir.mk' has modification time 166 s in the future
make: warning:  Clock skew detected.  Your build may be incomplete.
make: Nothing to be done for 'all'.
15:49:13 **** Incremental Build of configuration Debug for project Prototypes ****
make all 
make: Warning: File 'Algorithms/subdir.mk' has modification time 166 s in the future
Building file: ../Algorithms/Prototypes.cpp
Invoking: GCC C++ Compiler
g++ -std=c++11 -O0 -g3 -Wall -c -fmessage-length=0 -std=c++11 -MMD -MP -MF"Algorithms/Prototypes.d" -MT"Algorithms/Prototypes.o" -o "Algorithms/Prototypes.o" "../Algorithms/Prototypes.cpp"
Finished building: ../Algorithms/Prototypes.cpp
 
Building target: Prototypes
Invoking: GCC C++ Linker
g++  -o "Prototypes"  ./Algorithms/Prototypes.o   -larmadillo
Finished building target: Prototypes
 
make: warning:  Clock skew detected.  Your build may be incomplete.
15:49:25 **** Incremental Build of configuration Debug for project CompactTraceDescriptor ****
make all 
make: Warning: File 'src/subdir.mk' has modification time 166 s in the future
Building file: ../src/DataProcessor.cpp
Invoking: GCC C++ Compiler
g++ -std=c++11 -I"/home/ldapusers/apaschoalon/ProjetoMestrado/Components/D-ITG-2.8.1-r1023//src/libITG" -O2 -g3 -Wall -c -fmessage-length=0 -std=c++11 -MMD -MP -MF"src/DataProcessor.d" -MT"src/DataProcessor.o" -o "src/DataProcessor.o" "../src/DataProcessor.cpp"
../src/DataProcessor.cpp: In member function ‘int DataProcessor::calculate(const string&, DatabaseInterface*, NetworkTrace*)’:
../src/DataProcessor.cpp:36:2: error: expected ‘;’ before ‘long’
  long int fcounter = 0;
  ^
../src/DataProcessor.cpp:36:23: warning: statement is a reference, not call, to function ‘err’ [-Waddress]
  long int fcounter = 0;
                       ^
../src/DataProcessor.cpp:36:23: warning: statement has no effect [-Wunused-value]
../src/DataProcessor.cpp:70:7: error: ‘fcounter’ was not declared in this scope
  for (fcounter = 0; fcounter < nflows; fcounter++)
       ^
make: *** [src/DataProcessor.o] Error 1
src/subdir.mk:45: recipe for target 'src/DataProcessor.o' failed
15:49:51 **** Clean-only build of configuration Debug for project Prototypes ****
make clean 
make: Warning: File 'Algorithms/subdir.mk' has modification time 127 s in the future
rm -rf  ./Algorithms/Prototypes.o  ./Algorithms/Prototypes.d  Prototypes
 
make: warning:  Clock skew detected.  Your build may be incomplete.
15:49:53 **** Incremental Build of configuration Debug for project CompactTraceDescriptor ****
make all 
make: Warning: File 'src/subdir.mk' has modification time 166 s in the future
Building file: ../src/DataProcessor.cpp
Invoking: GCC C++ Compiler
g++ -std=c++11 -I"/home/ldapusers/apaschoalon/ProjetoMestrado/Components/D-ITG-2.8.1-r1023//src/libITG" -O2 -g3 -Wall -c -fmessage-length=0 -std=c++11 -MMD -MP -MF"src/DataProcessor.d" -MT"src/DataProcessor.o" -o "src/DataProcessor.o" "../src/DataProcessor.cpp"
../src/DataProcessor.cpp: In member function ‘int DataProcessor::calculate(const string&, DatabaseInterface*, NetworkTrace*)’:
../src/DataProcessor.cpp:36:2: error: expected ‘;’ before ‘long’
  long int fcounter = 0;
  ^
../src/DataProcessor.cpp:36:23: warning: statement is a reference, not call, to function ‘err’ [-Waddress]
  long int fcounter = 0;
                       ^
../src/DataProcessor.cpp:36:23: warning: statement has no effect [-Wunused-value]
../src/DataProcessor.cpp:70:7: error: ‘fcounter’ was not declared in this scope
  for (fcounter = 0; fcounter < nflows; fcounter++)
       ^
src/subdir.mk:45: recipe for target 'src/DataProcessor.o' failed
make: *** [src/DataProcessor.o] Error 1
15:49:55 **** Build of configuration Debug for project Prototypes ****
make all 
make: Warning: File 'objects.mk' has modification time 166 s in the future
Building file: ../Algorithms/Prototypes.cpp
Invoking: GCC C++ Compiler
g++ -std=c++11 -O0 -g3 -Wall -c -fmessage-length=0 -std=c++11 -MMD -MP -MF"Algorithms/Prototypes.d" -MT"Algorithms/Prototypes.o" -o "Algorithms/Prototypes.o" "../Algorithms/Prototypes.cpp"
Finished building: ../Algorithms/Prototypes.cpp
 
Building target: Prototypes
Invoking: GCC C++ Linker
g++  -o "Prototypes"  ./Algorithms/Prototypes.o   -larmadillo
Finished building target: Prototypes
 
make: warning:  Clock skew detected.  Your build may be incomplete.
15:50:01 **** Incremental Build of configuration Debug for project Prototypes ****
make all 
make: Warning: File 'Algorithms/Prototypes.d' has modification time 163 s in the future
make: warning:  Clock skew detected.  Your build may be incomplete.
make: Nothing to be done for 'all'.
15:51:28 **** Clean-only build of configuration Debug for project CompactTraceDescriptor ****
make clean 
make: Warning: File 'src/subdir.mk' has modification time 71 s in the future
rm -rf  ./src/DataProcessor.o ./src/DatabaseInterface.o ./src/DitgFlow.o ./src/DummyFlow.o ./src/Main.o ./src/NetworkFlow.o ./src/NetworkTrace.o ./src/StochasticModelFit.o ./src/TestClass.o ./src/TraceAnalyzer.o  ./src/DataProcessor.d ./src/DatabaseInterface.d ./src/DitgFlow.d ./src/DummyFlow.d ./src/Main.d ./src/NetworkFlow.d ./src/NetworkTrace.d ./src/StochasticModelFit.d ./src/TestClass.d ./src/TraceAnalyzer.d  CompactTraceDescriptor
 
make: warning:  Clock skew detected.  Your build may be incomplete.
15:51:28 **** Clean-only build of configuration Debug for project Prototypes ****
make clean 
make: Warning: File 'objects.mk' has modification time 73 s in the future
rm -rf  ./Algorithms/Prototypes.o  ./Algorithms/Prototypes.d  Prototypes
 
make: warning:  Clock skew detected.  Your build may be incomplete.
15:52:16 **** Incremental Build of configuration Debug for project CompactTraceDescriptor ****
make all 
make: Warning: File 'src/subdir.mk' has modification time 166 s in the future
Building file: ../src/DataProcessor.cpp
Invoking: GCC C++ Compiler
g++ -std=c++11 -I"/home/ldapusers/apaschoalon/ProjetoMestrado/Components/D-ITG-2.8.1-r1023//src/libITG" -O2 -g3 -Wall -c -fmessage-length=0 -std=c++11 -MMD -MP -MF"src/DataProcessor.d" -MT"src/DataProcessor.o" -o "src/DataProcessor.o" "../src/DataProcessor.cpp"
../src/DataProcessor.cpp: In member function ‘int DataProcessor::calculate(const string&, DatabaseInterface*, NetworkTrace*)’:
../src/DataProcessor.cpp:36:2: error: expected ‘;’ before ‘long’
  long int fcounter = 0;
  ^
../src/DataProcessor.cpp:36:23: warning: statement is a reference, not call, to function ‘err’ [-Waddress]
  long int fcounter = 0;
                       ^
../src/DataProcessor.cpp:36:23: warning: statement has no effect [-Wunused-value]
../src/DataProcessor.cpp:70:7: error: ‘fcounter’ was not declared in this scope
  for (fcounter = 0; fcounter < nflows; fcounter++)
       ^
make: *** [src/DataProcessor.o] Error 1
src/subdir.mk:45: recipe for target 'src/DataProcessor.o' failed
15:52:18 **** Incremental Build of configuration Debug for project Prototypes ****
make all 
make: Warning: File 'objects.mk' has modification time 166 s in the future
Building file: ../Algorithms/Prototypes.cpp
Invoking: GCC C++ Compiler
g++ -std=c++11 -O0 -g3 -Wall -c -fmessage-length=0 -std=c++11 -MMD -MP -MF"Algorithms/Prototypes.d" -MT"Algorithms/Prototypes.o" -o "Algorithms/Prototypes.o" "../Algorithms/Prototypes.cpp"
Finished building: ../Algorithms/Prototypes.cpp
 
Building target: Prototypes
Invoking: GCC C++ Linker
g++  -o "Prototypes"  ./Algorithms/Prototypes.o   -larmadillo -lsqlite3
Finished building target: Prototypes
 
make: warning:  Clock skew detected.  Your build may be incomplete.
15:53:11 **** Incremental Build of configuration Debug for project CompactTraceDescriptor ****
make all 
make: Warning: File 'src/subdir.mk' has modification time 166 s in the future
Building file: ../src/DataProcessor.cpp
Invoking: GCC C++ Compiler
g++ -std=c++11 -I"/home/ldapusers/apaschoalon/ProjetoMestrado/Components/D-ITG-2.8.1-r1023//src/libITG" -O2 -g3 -Wall -c -fmessage-length=0 -std=c++11 -MMD -MP -MF"src/DataProcessor.d" -MT"src/DataProcessor.o" -o "src/DataProcessor.o" "../src/DataProcessor.cpp"
../src/DataProcessor.cpp: In member function ‘int DataProcessor::calculate(const string&, DatabaseInterface*, NetworkTrace*)’:
../src/DataProcessor.cpp:36:2: error: expected ‘;’ before ‘long’
  long int fcounter = 0;
  ^
../src/DataProcessor.cpp:36:23: warning: statement is a reference, not call, to function ‘err’ [-Waddress]
  long int fcounter = 0;
                       ^
../src/DataProcessor.cpp:36:23: warning: statement has no effect [-Wunused-value]
../src/DataProcessor.cpp:70:7: error: ‘fcounter’ was not declared in this scope
  for (fcounter = 0; fcounter < nflows; fcounter++)
       ^
make: *** [src/DataProcessor.o] Error 1
src/subdir.mk:45: recipe for target 'src/DataProcessor.o' failed
15:53:13 **** Incremental Build of configuration Debug for project Prototypes ****
make all 
make: Warning: File 'Algorithms/Prototypes.d' has modification time 113 s in the future
make: warning:  Clock skew detected.  Your build may be incomplete.
make: Nothing to be done for 'all'.
15:54:04 **** Clean-only build of configuration Debug for project CompactTraceDescriptor ****
make clean 
make: Warning: File 'src/subdir.mk' has modification time 112 s in the future
rm -rf  ./src/DataProcessor.o ./src/DatabaseInterface.o ./src/DitgFlow.o ./src/DummyFlow.o ./src/Main.o ./src/NetworkFlow.o ./src/NetworkTrace.o ./src/StochasticModelFit.o ./src/TestClass.o ./src/TraceAnalyzer.o  ./src/DataProcessor.d ./src/DatabaseInterface.d ./src/DitgFlow.d ./src/DummyFlow.d ./src/Main.d ./src/NetworkFlow.d ./src/NetworkTrace.d ./src/StochasticModelFit.d ./src/TestClass.d ./src/TraceAnalyzer.d  CompactTraceDescriptor
 
make: warning:  Clock skew detected.  Your build may be incomplete.
15:54:04 **** Clean-only build of configuration Debug for project Prototypes ****
make clean 
make: Warning: File 'objects.mk' has modification time 60 s in the future
rm -rf  ./Algorithms/Prototypes.o  ./Algorithms/Prototypes.d  Prototypes
 
make: warning:  Clock skew detected.  Your build may be incomplete.
15:54:34 **** Build of configuration Debug for project CompactTraceDescriptor ****
make all 
make: Warning: File 'objects.mk' has modification time 166 s in the future
Building file: ../src/DataProcessor.cpp
Invoking: GCC C++ Compiler
g++ -std=c++11 -I"/home/ldapusers/apaschoalon/ProjetoMestrado/Components/D-ITG-2.8.1-r1023//src/libITG" -O2 -g3 -Wall -c -fmessage-length=0 -std=c++11 -MMD -MP -MF"src/DataProcessor.d" -MT"src/DataProcessor.o" -o "src/DataProcessor.o" "../src/DataProcessor.cpp"
Finished building: ../src/DataProcessor.cpp
 
Building file: ../src/DatabaseInterface.cpp
Invoking: GCC C++ Compiler
g++ -std=c++11 -I"/home/ldapusers/apaschoalon/ProjetoMestrado/Components/D-ITG-2.8.1-r1023//src/libITG" -O2 -g3 -Wall -c -fmessage-length=0 -std=c++11 -MMD -MP -MF"src/DatabaseInterface.d" -MT"src/DatabaseInterface.o" -o "src/DatabaseInterface.o" "../src/DatabaseInterface.cpp"
Finished building: ../src/DatabaseInterface.cpp
 
Building file: ../src/DitgFlow.cpp
Invoking: GCC C++ Compiler
g++ -std=c++11 -I"/home/ldapusers/apaschoalon/ProjetoMestrado/Components/D-ITG-2.8.1-r1023//src/libITG" -O2 -g3 -Wall -c -fmessage-length=0 -std=c++11 -MMD -MP -MF"src/DitgFlow.d" -MT"src/DitgFlow.o" -o "src/DitgFlow.o" "../src/DitgFlow.cpp"
Finished building: ../src/DitgFlow.cpp
 
Building file: ../src/DummyFlow.cpp
Invoking: GCC C++ Compiler
g++ -std=c++11 -I"/home/ldapusers/apaschoalon/ProjetoMestrado/Components/D-ITG-2.8.1-r1023//src/libITG" -O2 -g3 -Wall -c -fmessage-length=0 -std=c++11 -MMD -MP -MF"src/DummyFlow.d" -MT"src/DummyFlow.o" -o "src/DummyFlow.o" "../src/DummyFlow.cpp"
../src/DummyFlow.cpp: In member function ‘virtual void DummyFlow::flowGenerate()’:
../src/DummyFlow.cpp:170:15: warning: unused variable ‘usecs’ [-Wunused-variable]
  unsigned int usecs = (unsigned int) (this->getFlowStartDelay() * MEGA_POWER);
               ^
Finished building: ../src/DummyFlow.cpp
 
Building file: ../src/Main.cpp
Invoking: GCC C++ Compiler
g++ -std=c++11 -I"/home/ldapusers/apaschoalon/ProjetoMestrado/Components/D-ITG-2.8.1-r1023//src/libITG" -O2 -g3 -Wall -c -fmessage-length=0 -std=c++11 -MMD -MP -MF"src/Main.d" -MT"src/Main.o" -o "src/Main.o" "../src/Main.cpp"
Finished building: ../src/Main.cpp
 
Building file: ../src/NetworkFlow.cpp
Invoking: GCC C++ Compiler
g++ -std=c++11 -I"/home/ldapusers/apaschoalon/ProjetoMestrado/Components/D-ITG-2.8.1-r1023//src/libITG" -O2 -g3 -Wall -c -fmessage-length=0 -std=c++11 -MMD -MP -MF"src/NetworkFlow.d" -MT"src/NetworkFlow.o" -o "src/NetworkFlow.o" "../src/NetworkFlow.cpp"
Finished building: ../src/NetworkFlow.cpp
 
Building file: ../src/NetworkTrace.cpp
Invoking: GCC C++ Compiler
g++ -std=c++11 -I"/home/ldapusers/apaschoalon/ProjetoMestrado/Components/D-ITG-2.8.1-r1023//src/libITG" -O2 -g3 -Wall -c -fmessage-length=0 -std=c++11 -MMD -MP -MF"src/NetworkTrace.d" -MT"src/NetworkTrace.o" -o "src/NetworkTrace.o" "../src/NetworkTrace.cpp"
Finished building: ../src/NetworkTrace.cpp
 
Building file: ../src/StochasticModelFit.cpp
Invoking: GCC C++ Compiler
g++ -std=c++11 -I"/home/ldapusers/apaschoalon/ProjetoMestrado/Components/D-ITG-2.8.1-r1023//src/libITG" -O2 -g3 -Wall -c -fmessage-length=0 -std=c++11 -MMD -MP -MF"src/StochasticModelFit.d" -MT"src/StochasticModelFit.o" -o "src/StochasticModelFit.o" "../src/StochasticModelFit.cpp"
Finished building: ../src/StochasticModelFit.cpp
 
Building file: ../src/TestClass.cpp
Invoking: GCC C++ Compiler
g++ -std=c++11 -I"/home/ldapusers/apaschoalon/ProjetoMestrado/Components/D-ITG-2.8.1-r1023//src/libITG" -O2 -g3 -Wall -c -fmessage-length=0 -std=c++11 -MMD -MP -MF"src/TestClass.d" -MT"src/TestClass.o" -o "src/TestClass.o" "../src/TestClass.cpp"
Finished building: ../src/TestClass.cpp
 
Building file: ../src/TraceAnalyzer.cpp
Invoking: GCC C++ Compiler
g++ -std=c++11 -I"/home/ldapusers/apaschoalon/ProjetoMestrado/Components/D-ITG-2.8.1-r1023//src/libITG" -O2 -g3 -Wall -c -fmessage-length=0 -std=c++11 -MMD -MP -MF"src/TraceAnalyzer.d" -MT"src/TraceAnalyzer.o" -o "src/TraceAnalyzer.o" "../src/TraceAnalyzer.cpp"
Finished building: ../src/TraceAnalyzer.cpp
 
Building target: CompactTraceDescriptor
Invoking: GCC C++ Linker
g++  -o "CompactTraceDescriptor"  ./src/DataProcessor.o ./src/DatabaseInterface.o ./src/DitgFlow.o ./src/DummyFlow.o ./src/Main.o ./src/NetworkFlow.o ./src/NetworkTrace.o ./src/StochasticModelFit.o ./src/TestClass.o ./src/TraceAnalyzer.o   -lpthread -lsqlite3 -larmadillo -lITG
Finished building target: CompactTraceDescriptor
 
make: warning:  Clock skew detected.  Your build may be incomplete.
15:54:48 **** Build of configuration Debug for project Prototypes ****
make all 
make: Warning: File 'objects.mk' has modification time 166 s in the future
Building file: ../Algorithms/Prototypes.cpp
Invoking: GCC C++ Compiler
g++ -std=c++11 -O0 -g3 -Wall -c -fmessage-length=0 -std=c++11 -MMD -MP -MF"Algorithms/Prototypes.d" -MT"Algorithms/Prototypes.o" -o "Algorithms/Prototypes.o" "../Algorithms/Prototypes.cpp"
Finished building: ../Algorithms/Prototypes.cpp
 
Building target: Prototypes
Invoking: GCC C++ Linker
g++  -o "Prototypes"  ./Algorithms/Prototypes.o   -larmadillo -lsqlite3
Finished building target: Prototypes
 
make: warning:  Clock skew detected.  Your build may be incomplete.
21:06:44 **** Incremental Build of configuration Debug for project CompactTraceDescriptor ****
make all 
make: Warning: File 'src/subdir.mk' has modification time 165 s in the future
make: warning:  Clock skew detected.  Your build may be incomplete.
make: Nothing to be done for 'all'.
21:06:45 **** Incremental Build of configuration Debug for project Prototypes ****
make all 
make: Warning: File 'Algorithms/subdir.mk' has modification time 166 s in the future
Building file: ../Algorithms/Algorithms.cpp
Invoking: GCC C++ Compiler
g++ -std=c++11 -O0 -g3 -Wall -c -fmessage-length=0 -std=c++11 -MMD -MP -MF"Algorithms/Algorithms.d" -MT"Algorithms/Algorithms.o" -o "Algorithms/Algorithms.o" "../Algorithms/Algorithms.cpp"
Finished building: ../Algorithms/Algorithms.cpp
 
Building file: ../Algorithms/Prototypes.cpp
Invoking: GCC C++ Compiler
g++ -std=c++11 -O0 -g3 -Wall -c -fmessage-length=0 -std=c++11 -MMD -MP -MF"Algorithms/Prototypes.d" -MT"Algorithms/Prototypes.o" -o "Algorithms/Prototypes.o" "../Algorithms/Prototypes.cpp"
Finished building: ../Algorithms/Prototypes.cpp
 
Building target: Prototypes
Invoking: GCC C++ Linker
g++  -o "Prototypes"  ./Algorithms/Algorithms.o ./Algorithms/Prototypes.o   -larmadillo -lsqlite3
./Algorithms/Prototypes.o: In function `arma::Mat<double>::init_warm(unsigned long long, unsigned long long)':
/home/ldapusers/apaschoalon/ProjetoMestrado/Prototypes/Debug/../Algorithms/Prototypes.cpp:11: multiple definition of `main'
makefile:45: recipe for target 'Prototypes' failed
./Algorithms/Algorithms.o:/home/ldapusers/apaschoalon/ProjetoMestrado/Prototypes/Debug/../Algorithms/Algorithms.cpp:12: first defined here
collect2: error: ld returned 1 exit status
make: *** [Prototypes] Error 1
21:07:16 **** Incremental Build of configuration Debug for project CompactTraceDescriptor ****
make all 
make: Warning: File 'src/subdir.mk' has modification time 166 s in the future
make: warning:  Clock skew detected.  Your build may be incomplete.
make: Nothing to be done for 'all'.
21:07:16 **** Incremental Build of configuration Debug for project Prototypes ****
make all 
make: Warning: File 'Algorithms/Prototypes.d' has modification time 139 s in the future
Building target: Prototypes
Invoking: GCC C++ Linker
g++  -o "Prototypes"  ./Algorithms/Algorithms.o ./Algorithms/Prototypes.o   -larmadillo -lsqlite3
./Algorithms/Prototypes.o: In function `arma::Mat<double>::init_warm(unsigned long long, unsigned long long)':
/home/ldapusers/apaschoalon/ProjetoMestrado/Prototypes/Debug/../Algorithms/Prototypes.cpp:11: multiple definition of `main'
./Algorithms/Algorithms.o:/home/ldapusers/apaschoalon/ProjetoMestrado/Prototypes/Debug/../Algorithms/Algorithms.cpp:12: first defined here
makefile:45: recipe for target 'Prototypes' failed
collect2: error: ld returned 1 exit status
make: *** [Prototypes] Error 1
21:07:36 **** Clean-only build of configuration Debug for project Prototypes ****
make clean 
make: Warning: File 'Algorithms/subdir.mk' has modification time 146 s in the future
rm -rf  ./Algorithms/Algorithms.o ./Algorithms/Prototypes.o  ./Algorithms/Algorithms.d ./Algorithms/Prototypes.d  Prototypes
 
make: warning:  Clock skew detected.  Your build may be incomplete.
21:07:43 **** Incremental Build of configuration Debug for project CompactTraceDescriptor ****
make all 
make: Warning: File 'src/subdir.mk' has modification time 166 s in the future
make: warning:  Clock skew detected.  Your build may be incomplete.
make: Nothing to be done for 'all'.
21:07:43 **** Build of configuration Debug for project Prototypes ****
make all 
make: Warning: File 'objects.mk' has modification time 166 s in the future
Building file: ../Algorithms/Algorithms.cpp
Invoking: GCC C++ Compiler
g++ -std=c++11 -O0 -g3 -Wall -c -fmessage-length=0 -std=c++11 -MMD -MP -MF"Algorithms/Algorithms.d" -MT"Algorithms/Algorithms.o" -o "Algorithms/Algorithms.o" "../Algorithms/Algorithms.cpp"
Finished building: ../Algorithms/Algorithms.cpp
 
Building file: ../Algorithms/Prototypes.cpp
Invoking: GCC C++ Compiler
g++ -std=c++11 -O0 -g3 -Wall -c -fmessage-length=0 -std=c++11 -MMD -MP -MF"Algorithms/Prototypes.d" -MT"Algorithms/Prototypes.o" -o "Algorithms/Prototypes.o" "../Algorithms/Prototypes.cpp"
Finished building: ../Algorithms/Prototypes.cpp
 
Building target: Prototypes
Invoking: GCC C++ Linker
g++  -o "Prototypes"  ./Algorithms/Algorithms.o ./Algorithms/Prototypes.o   -larmadillo -lsqlite3
./Algorithms/Prototypes.o: In function `arma::Mat<double>::init_warm(unsigned long long, unsigned long long)':
/home/ldapusers/apaschoalon/ProjetoMestrado/Prototypes/Debug/../Algorithms/Prototypes.cpp:11: multiple definition of `main'
./Algorithms/Algorithms.o:/home/ldapusers/apaschoalon/ProjetoMestrado/Prototypes/Debug/../Algorithms/Algorithms.cpp:12: first defined here
makefile:45: recipe for target 'Prototypes' failed
collect2: error: ld returned 1 exit status
make: *** [Prototypes] Error 1
21:08:07 **** Incremental Build of configuration Debug for project CompactTraceDescriptor ****
make all 
make: Warning: File 'src/subdir.mk' has modification time 165 s in the future
make: Nothing to be done for 'all'.
make: warning:  Clock skew detected.  Your build may be incomplete.
21:08:08 **** Incremental Build of configuration Debug for project Prototypes ****
make all 
make: Warning: File 'Algorithms/Prototypes.d' has modification time 145 s in the future
Building file: ../Algorithms/Algorithms.cpp
Invoking: GCC C++ Compiler
g++ -std=c++11 -O0 -g3 -Wall -c -fmessage-length=0 -std=c++11 -MMD -MP -MF"Algorithms/Algorithms.d" -MT"Algorithms/Algorithms.o" -o "Algorithms/Algorithms.o" "../Algorithms/Algorithms.cpp"
Finished building: ../Algorithms/Algorithms.cpp
 
Building target: Prototypes
Invoking: GCC C++ Linker
g++  -o "Prototypes"  ./Algorithms/Algorithms.o ./Algorithms/Prototypes.o   -larmadillo -lsqlite3
./Algorithms/Prototypes.o: In function `main':
/home/ldapusers/apaschoalon/ProjetoMestrado/Prototypes/Debug/../Algorithms/Prototypes.cpp:15: undefined reference to `DataProcessor::test_list_tocvector()'
/home/ldapusers/apaschoalon/ProjetoMestrado/Prototypes/Debug/../Algorithms/Prototypes.cpp:16: undefined reference to `DataProcessor::test_empiricalCdf()'
/home/ldapusers/apaschoalon/ProjetoMestrado/Prototypes/Debug/../Algorithms/Prototypes.cpp:17: undefined reference to `DataProcessor::test_computeCost()'
makefile:45: recipe for target 'Prototypes' failed
/home/ldapusers/apaschoalon/ProjetoMestrado/Prototypes/Debug/../Algorithms/Prototypes.cpp:19: undefined reference to `DataProcessor::test_pdf_weibull()'
/home/ldapusers/apaschoalon/ProjetoMestrado/Prototypes/Debug/../Algorithms/Prototypes.cpp:20: undefined reference to `DataProcessor::test_cdf_weibull()'
/home/ldapusers/apaschoalon/ProjetoMestrado/Prototypes/Debug/../Algorithms/Prototypes.cpp:21: undefined reference to `DataProcessor::test_gradientDescendent()'
/home/ldapusers/apaschoalon/ProjetoMestrado/Prototypes/Debug/../Algorithms/Prototypes.cpp:23: undefined reference to `DataProcessor::test_informationCriterion()'
/home/ldapusers/apaschoalon/ProjetoMestrado/Prototypes/Debug/../Algorithms/Prototypes.cpp:24: undefined reference to `DataProcessor::test_pdf_exponential()'
/home/ldapusers/apaschoalon/ProjetoMestrado/Prototypes/Debug/../Algorithms/Prototypes.cpp:25: undefined reference to `DataProcessor::test_cdf_exponential()'
/home/ldapusers/apaschoalon/ProjetoMestrado/Prototypes/Debug/../Algorithms/Prototypes.cpp:26: undefined reference to `DataProcessor::test_pdf_pareto()'
/home/ldapusers/apaschoalon/ProjetoMestrado/Prototypes/Debug/../Algorithms/Prototypes.cpp:27: undefined reference to `DataProcessor::test_cdf_pareto()'
/home/ldapusers/apaschoalon/ProjetoMestrado/Prototypes/Debug/../Algorithms/Prototypes.cpp:28: undefined reference to `DataProcessor::test_pdf_cauchy()'
/home/ldapusers/apaschoalon/ProjetoMestrado/Prototypes/Debug/../Algorithms/Prototypes.cpp:29: undefined reference to `DataProcessor::test_cdf_cauchy()'
/home/ldapusers/apaschoalon/ProjetoMestrado/Prototypes/Debug/../Algorithms/Prototypes.cpp:30: undefined reference to `DataProcessor::test_fitModels()'
/home/ldapusers/apaschoalon/ProjetoMestrado/Prototypes/Debug/../Algorithms/Prototypes.cpp:31: undefined reference to `DataProcessor::test_modelSelection()'
collect2: error: ld returned 1 exit status
make: *** [Prototypes] Error 1
21:08:32 **** Incremental Build of configuration Debug for project CompactTraceDescriptor ****
make all 
make: Warning: File 'src/subdir.mk' has modification time 165 s in the future
make: warning:  Clock skew detected.  Your build may be incomplete.
make: Nothing to be done for 'all'.
21:08:33 **** Incremental Build of configuration Debug for project Prototypes ****
make all 
make: Warning: File 'Algorithms/Prototypes.d' has modification time 121 s in the future
Building file: ../Algorithms/Algorithms.cpp
Invoking: GCC C++ Compiler
g++ -std=c++11 -O0 -g3 -Wall -c -fmessage-length=0 -std=c++11 -MMD -MP -MF"Algorithms/Algorithms.d" -MT"Algorithms/Algorithms.o" -o "Algorithms/Algorithms.o" "../Algorithms/Algorithms.cpp"
Finished building: ../Algorithms/Algorithms.cpp
 
Building target: Prototypes
Invoking: GCC C++ Linker
g++  -o "Prototypes"  ./Algorithms/Algorithms.o ./Algorithms/Prototypes.o   -larmadillo -lsqlite3
./Algorithms/Prototypes.o: In function `arma::Mat<double>::init_warm(unsigned long long, unsigned long long)':
/home/ldapusers/apaschoalon/ProjetoMestrado/Prototypes/Debug/../Algorithms/Prototypes.cpp:11: multiple definition of `main'
makefile:45: recipe for target 'Prototypes' failed
./Algorithms/Algorithms.o:/home/ldapusers/apaschoalon/ProjetoMestrado/Prototypes/Debug/../Algorithms/Algorithms.cpp:12: first defined here
collect2: error: ld returned 1 exit status
make: *** [Prototypes] Error 1
21:08:48 **** Incremental Build of configuration Debug for project CompactTraceDescriptor ****
make all 
make: Warning: File 'src/subdir.mk' has modification time 165 s in the future
make: warning:  Clock skew detected.  Your build may be incomplete.
make: Nothing to be done for 'all'.
21:08:48 **** Incremental Build of configuration Debug for project Prototypes ****
make all 
make: Warning: File 'Algorithms/Algorithms.d' has modification time 152 s in the future
Building target: Prototypes
Invoking: GCC C++ Linker
g++  -o "Prototypes"  ./Algorithms/Algorithms.o   -larmadillo -lsqlite3
Finished building target: Prototypes
 
make: warning:  Clock skew detected.  Your build may be incomplete.
21:23:51 **** Incremental Build of configuration Debug for project CompactTraceDescriptor ****
make all 
make: Warning: File 'src/subdir.mk' has modification time 166 s in the future
Building file: ../src/DataProcessor.cpp
Invoking: GCC C++ Compiler
g++ -std=c++11 -I"/home/ldapusers/apaschoalon/ProjetoMestrado/Components/D-ITG-2.8.1-r1023//src/libITG" -O2 -g3 -Wall -c -fmessage-length=0 -std=c++11 -MMD -MP -MF"src/DataProcessor.d" -MT"src/DataProcessor.o" -o "src/DataProcessor.o" "../src/DataProcessor.cpp"
Finished building: ../src/DataProcessor.cpp
 
Building target: CompactTraceDescriptor
Invoking: GCC C++ Linker
g++  -o "CompactTraceDescriptor"  ./src/DataProcessor.o ./src/DatabaseInterface.o ./src/DitgFlow.o ./src/DummyFlow.o ./src/Main.o ./src/NetworkFlow.o ./src/NetworkTrace.o ./src/StochasticModelFit.o ./src/TestClass.o ./src/TraceAnalyzer.o   -lpthread -lsqlite3 -larmadillo -lITG
Finished building target: CompactTraceDescriptor
 
make: warning:  Clock skew detected.  Your build may be incomplete.
21:23:57 **** Incremental Build of configuration Debug for project Prototypes ****
make all 
make: Warning: File 'Algorithms/subdir.mk' has modification time 166 s in the future
make: Nothing to be done for 'all'.
make: warning:  Clock skew detected.  Your build may be incomplete.
21:30:16 **** Incremental Build of configuration Debug for project CompactTraceDescriptor ****
make all 
make: Warning: File 'src/subdir.mk' has modification time 166 s in the future
Building file: ../src/DataProcessor.cpp
Invoking: GCC C++ Compiler
g++ -std=c++11 -I"/home/ldapusers/apaschoalon/ProjetoMestrado/Components/D-ITG-2.8.1-r1023//src/libITG" -O2 -g3 -Wall -c -fmessage-length=0 -std=c++11 -MMD -MP -MF"src/DataProcessor.d" -MT"src/DataProcessor.o" -o "src/DataProcessor.o" "../src/DataProcessor.cpp"
Finished building: ../src/DataProcessor.cpp
 
Building file: ../src/Main.cpp
Invoking: GCC C++ Compiler
g++ -std=c++11 -I"/home/ldapusers/apaschoalon/ProjetoMestrado/Components/D-ITG-2.8.1-r1023//src/libITG" -O2 -g3 -Wall -c -fmessage-length=0 -std=c++11 -MMD -MP -MF"src/Main.d" -MT"src/Main.o" -o "src/Main.o" "../src/Main.cpp"
Finished building: ../src/Main.cpp
 
Building file: ../src/TestClass.cpp
Invoking: GCC C++ Compiler
g++ -std=c++11 -I"/home/ldapusers/apaschoalon/ProjetoMestrado/Components/D-ITG-2.8.1-r1023//src/libITG" -O2 -g3 -Wall -c -fmessage-length=0 -std=c++11 -MMD -MP -MF"src/TestClass.d" -MT"src/TestClass.o" -o "src/TestClass.o" "../src/TestClass.cpp"
Finished building: ../src/TestClass.cpp
 
Building target: CompactTraceDescriptor
Invoking: GCC C++ Linker
g++  -o "CompactTraceDescriptor"  ./src/DataProcessor.o ./src/DatabaseInterface.o ./src/DitgFlow.o ./src/DummyFlow.o ./src/Main.o ./src/NetworkFlow.o ./src/NetworkTrace.o ./src/StochasticModelFit.o ./src/TestClass.o ./src/TraceAnalyzer.o   -lpthread -lsqlite3 -larmadillo -lITG
Finished building target: CompactTraceDescriptor
 
make: warning:  Clock skew detected.  Your build may be incomplete.
21:30:25 **** Incremental Build of configuration Debug for project Prototypes ****
make all 
make: Warning: File 'Algorithms/subdir.mk' has modification time 165 s in the future
make: warning:  Clock skew detected.  Your build may be incomplete.
make: Nothing to be done for 'all'.
21:30:28 **** Incremental Build of configuration Debug for project CompactTraceDescriptor ****
make all 
make: Warning: File 'src/TestClass.d' has modification time 162 s in the future
make: warning:  Clock skew detected.  Your build may be incomplete.
make: Nothing to be done for 'all'.
21:49:08 **** Incremental Build of configuration Debug for project CompactTraceDescriptor ****
make all 
make: Warning: File 'src/subdir.mk' has modification time 165 s in the future
make: Nothing to be done for 'all'.
make: warning:  Clock skew detected.  Your build may be incomplete.
21:49:14 **** Incremental Build of configuration Debug for project Prototypes ****
make all 
make: Warning: File 'Algorithms/subdir.mk' has modification time 165 s in the future
make: warning:  Clock skew detected.  Your build may be incomplete.
make: Nothing to be done for 'all'.
21:58:15 **** Incremental Build of configuration Debug for project CompactTraceDescriptor ****
make all 
make: Warning: File 'src/subdir.mk' has modification time 165 s in the future
Building file: ../src/DataProcessor.cpp
Invoking: GCC C++ Compiler
g++ -std=c++11 -I"/home/ldapusers/apaschoalon/ProjetoMestrado/Components/D-ITG-2.8.1-r1023//src/libITG" -O2 -g3 -Wall -c -fmessage-length=0 -std=c++11 -MMD -MP -MF"src/DataProcessor.d" -MT"src/DataProcessor.o" -o "src/DataProcessor.o" "../src/DataProcessor.cpp"
../src/DataProcessor.cpp: In member function ‘int DataProcessor::calculate(const string&, DatabaseInterface*, NetworkTrace*)’:
../src/DataProcessor.cpp:67:11: warning: unused variable ‘lastTime’ [-Wunused-variable]
  time_sec lastTime = 0;
           ^
../src/DataProcessor.cpp:68:11: warning: unused variable ‘idt’ [-Wunused-variable]
  time_sec idt = 0;
           ^
Finished building: ../src/DataProcessor.cpp
 
Building target: CompactTraceDescriptor
Invoking: GCC C++ Linker
g++  -o "CompactTraceDescriptor"  ./src/DataProcessor.o ./src/DatabaseInterface.o ./src/DitgFlow.o ./src/DummyFlow.o ./src/Main.o ./src/NetworkFlow.o ./src/NetworkTrace.o ./src/StochasticModelFit.o ./src/TestClass.o ./src/TraceAnalyzer.o   -lpthread -lsqlite3 -larmadillo -lITG
Finished building target: CompactTraceDescriptor
 
make: warning:  Clock skew detected.  Your build may be incomplete.
21:58:21 **** Incremental Build of configuration Debug for project Prototypes ****
make all 
make: Warning: File 'Algorithms/subdir.mk' has modification time 165 s in the future
make: Nothing to be done for 'all'.
make: warning:  Clock skew detected.  Your build may be incomplete.
21:58:23 **** Incremental Build of configuration Debug for project CompactTraceDescriptor ****
make all 
make: Warning: File 'src/DataProcessor.d' has modification time 162 s in the future
make: warning:  Clock skew detected.  Your build may be incomplete.
make: Nothing to be done for 'all'.
22:04:29 **** Incremental Build of configuration Debug for project CompactTraceDescriptor ****
make all 
make: Warning: File 'src/subdir.mk' has modification time 165 s in the future
Building file: ../src/DataProcessor.cpp
Invoking: GCC C++ Compiler
g++ -std=c++11 -I"/home/ldapusers/apaschoalon/ProjetoMestrado/Components/D-ITG-2.8.1-r1023//src/libITG" -O2 -g3 -Wall -c -fmessage-length=0 -std=c++11 -MMD -MP -MF"src/DataProcessor.d" -MT"src/DataProcessor.o" -o "src/DataProcessor.o" "../src/DataProcessor.cpp"
../src/DataProcessor.cpp: In member function ‘int DataProcessor::calculate(const string&, DatabaseInterface*, NetworkTrace*)’:
../src/DataProcessor.cpp:67:11: warning: unused variable ‘lastTime’ [-Wunused-variable]
  time_sec lastTime = 0;
           ^
../src/DataProcessor.cpp:68:11: warning: unused variable ‘idt’ [-Wunused-variable]
  time_sec idt = 0;
           ^
Finished building: ../src/DataProcessor.cpp
 
Building target: CompactTraceDescriptor
Invoking: GCC C++ Linker
g++  -o "CompactTraceDescriptor"  ./src/DataProcessor.o ./src/DatabaseInterface.o ./src/DitgFlow.o ./src/DummyFlow.o ./src/Main.o ./src/NetworkFlow.o ./src/NetworkTrace.o ./src/StochasticModelFit.o ./src/TestClass.o ./src/TraceAnalyzer.o   -lpthread -lsqlite3 -larmadillo -lITG
Finished building target: CompactTraceDescriptor
 
make: warning:  Clock skew detected.  Your build may be incomplete.
22:04:35 **** Incremental Build of configuration Debug for project Prototypes ****
make all 
make: Warning: File 'Algorithms/subdir.mk' has modification time 165 s in the future
make: warning:  Clock skew detected.  Your build may be incomplete.
make: Nothing to be done for 'all'.
22:04:37 **** Incremental Build of configuration Debug for project CompactTraceDescriptor ****
make all 
make: Warning: File 'src/DataProcessor.d' has modification time 162 s in the future
make: warning:  Clock skew detected.  Your build may be incomplete.
make: Nothing to be done for 'all'.
22:11:40 **** Incremental Build of configuration Debug for project CompactTraceDescriptor ****
make all 
make: Warning: File 'src/subdir.mk' has modification time 165 s in the future
Building file: ../src/DataProcessor.cpp
Invoking: GCC C++ Compiler
g++ -std=c++11 -I"/home/ldapusers/apaschoalon/ProjetoMestrado/Components/D-ITG-2.8.1-r1023//src/libITG" -O2 -g3 -Wall -c -fmessage-length=0 -std=c++11 -MMD -MP -MF"src/DataProcessor.d" -MT"src/DataProcessor.o" -o "src/DataProcessor.o" "../src/DataProcessor.cpp"
../src/DataProcessor.cpp: In member function ‘int DataProcessor::calculate(const string&, DatabaseInterface*, NetworkTrace*)’:
../src/DataProcessor.cpp:67:11: warning: unused variable ‘lastTime’ [-Wunused-variable]
  time_sec lastTime = 0;
           ^
../src/DataProcessor.cpp:68:11: warning: unused variable ‘idt’ [-Wunused-variable]
  time_sec idt = 0;
           ^
Finished building: ../src/DataProcessor.cpp
 
Building file: ../src/DitgFlow.cpp
Invoking: GCC C++ Compiler
g++ -std=c++11 -I"/home/ldapusers/apaschoalon/ProjetoMestrado/Components/D-ITG-2.8.1-r1023//src/libITG" -O2 -g3 -Wall -c -fmessage-length=0 -std=c++11 -MMD -MP -MF"src/DitgFlow.d" -MT"src/DitgFlow.o" -o "src/DitgFlow.o" "../src/DitgFlow.cpp"
Finished building: ../src/DitgFlow.cpp
 
Building file: ../src/DummyFlow.cpp
Invoking: GCC C++ Compiler
g++ -std=c++11 -I"/home/ldapusers/apaschoalon/ProjetoMestrado/Components/D-ITG-2.8.1-r1023//src/libITG" -O2 -g3 -Wall -c -fmessage-length=0 -std=c++11 -MMD -MP -MF"src/DummyFlow.d" -MT"src/DummyFlow.o" -o "src/DummyFlow.o" "../src/DummyFlow.cpp"
../src/DummyFlow.cpp: In member function ‘virtual void DummyFlow::flowGenerate()’:
../src/DummyFlow.cpp:170:15: warning: unused variable ‘usecs’ [-Wunused-variable]
  unsigned int usecs = (unsigned int) (this->getFlowStartDelay() * MEGA_POWER);
               ^
Finished building: ../src/DummyFlow.cpp
 
Building file: ../src/Main.cpp
Invoking: GCC C++ Compiler
g++ -std=c++11 -I"/home/ldapusers/apaschoalon/ProjetoMestrado/Components/D-ITG-2.8.1-r1023//src/libITG" -O2 -g3 -Wall -c -fmessage-length=0 -std=c++11 -MMD -MP -MF"src/Main.d" -MT"src/Main.o" -o "src/Main.o" "../src/Main.cpp"
Finished building: ../src/Main.cpp
 
Building file: ../src/NetworkFlow.cpp
Invoking: GCC C++ Compiler
g++ -std=c++11 -I"/home/ldapusers/apaschoalon/ProjetoMestrado/Components/D-ITG-2.8.1-r1023//src/libITG" -O2 -g3 -Wall -c -fmessage-length=0 -std=c++11 -MMD -MP -MF"src/NetworkFlow.d" -MT"src/NetworkFlow.o" -o "src/NetworkFlow.o" "../src/NetworkFlow.cpp"
Finished building: ../src/NetworkFlow.cpp
 
Building file: ../src/NetworkTrace.cpp
Invoking: GCC C++ Compiler
g++ -std=c++11 -I"/home/ldapusers/apaschoalon/ProjetoMestrado/Components/D-ITG-2.8.1-r1023//src/libITG" -O2 -g3 -Wall -c -fmessage-length=0 -std=c++11 -MMD -MP -MF"src/NetworkTrace.d" -MT"src/NetworkTrace.o" -o "src/NetworkTrace.o" "../src/NetworkTrace.cpp"
Finished building: ../src/NetworkTrace.cpp
 
Building file: ../src/TestClass.cpp
Invoking: GCC C++ Compiler
g++ -std=c++11 -I"/home/ldapusers/apaschoalon/ProjetoMestrado/Components/D-ITG-2.8.1-r1023//src/libITG" -O2 -g3 -Wall -c -fmessage-length=0 -std=c++11 -MMD -MP -MF"src/TestClass.d" -MT"src/TestClass.o" -o "src/TestClass.o" "../src/TestClass.cpp"
Finished building: ../src/TestClass.cpp
 
Building target: CompactTraceDescriptor
Invoking: GCC C++ Linker
g++  -o "CompactTraceDescriptor"  ./src/DataProcessor.o ./src/DatabaseInterface.o ./src/DitgFlow.o ./src/DummyFlow.o ./src/Main.o ./src/NetworkFlow.o ./src/NetworkTrace.o ./src/StochasticModelFit.o ./src/TestClass.o ./src/TraceAnalyzer.o   -lpthread -lsqlite3 -larmadillo -lITG
Finished building target: CompactTraceDescriptor
 
make: warning:  Clock skew detected.  Your build may be incomplete.
22:11:53 **** Incremental Build of configuration Debug for project Prototypes ****
make all 
make: Warning: File 'Algorithms/subdir.mk' has modification time 165 s in the future
make: warning:  Clock skew detected.  Your build may be incomplete.
make: Nothing to be done for 'all'.
22:11:55 **** Incremental Build of configuration Debug for project CompactTraceDescriptor ****
make all 
make: Warning: File 'src/TestClass.d' has modification time 163 s in the future
make: warning:  Clock skew detected.  Your build may be incomplete.
make: Nothing to be done for 'all'.
22:17:55 **** Incremental Build of configuration Debug for project CompactTraceDescriptor ****
make all 
make: Warning: File 'src/subdir.mk' has modification time 165 s in the future
Building file: ../src/DataProcessor.cpp
Invoking: GCC C++ Compiler
g++ -std=c++11 -I"/home/ldapusers/apaschoalon/ProjetoMestrado/Components/D-ITG-2.8.1-r1023//src/libITG" -O2 -g3 -Wall -c -fmessage-length=0 -std=c++11 -MMD -MP -MF"src/DataProcessor.d" -MT"src/DataProcessor.o" -o "src/DataProcessor.o" "../src/DataProcessor.cpp"
../src/DataProcessor.cpp: In member function ‘int DataProcessor::calculate(const string&, DatabaseInterface*, NetworkTrace*)’:
../src/DataProcessor.cpp:67:11: warning: unused variable ‘lastTime’ [-Wunused-variable]
  time_sec lastTime = 0;
           ^
../src/DataProcessor.cpp:68:11: warning: unused variable ‘idt’ [-Wunused-variable]
  time_sec idt = 0;
           ^
../src/DataProcessor.cpp: In member function ‘StochasticModelFit* DataProcessor::fitModels(std::list<double>&, const string&)’:
../src/DataProcessor.cpp:441:27: error: ‘CONSTANT_SINGLE_OUT’ was not declared in this scope
   modelVet[0].modelName = CONSTANT_SINGLE_OUT;
                           ^
src/subdir.mk:45: recipe for target 'src/DataProcessor.o' failed
make: *** [src/DataProcessor.o] Error 1
22:17:57 **** Incremental Build of configuration Debug for project Prototypes ****
make all 
make: Warning: File 'Algorithms/subdir.mk' has modification time 165 s in the future
make: warning:  Clock skew detected.  Your build may be incomplete.
make: Nothing to be done for 'all'.
22:18:07 **** Incremental Build of configuration Debug for project CompactTraceDescriptor ****
make all 
make: Warning: File 'src/subdir.mk' has modification time 165 s in the future
Building file: ../src/DataProcessor.cpp
Invoking: GCC C++ Compiler
g++ -std=c++11 -I"/home/ldapusers/apaschoalon/ProjetoMestrado/Components/D-ITG-2.8.1-r1023//src/libITG" -O2 -g3 -Wall -c -fmessage-length=0 -std=c++11 -MMD -MP -MF"src/DataProcessor.d" -MT"src/DataProcessor.o" -o "src/DataProcessor.o" "../src/DataProcessor.cpp"
../src/DataProcessor.cpp: In member function ‘int DataProcessor::calculate(const string&, DatabaseInterface*, NetworkTrace*)’:
../src/DataProcessor.cpp:67:11: warning: unused variable ‘lastTime’ [-Wunused-variable]
  time_sec lastTime = 0;
           ^
../src/DataProcessor.cpp:68:11: warning: unused variable ‘idt’ [-Wunused-variable]
  time_sec idt = 0;
           ^
Finished building: ../src/DataProcessor.cpp
 
Building file: ../src/DitgFlow.cpp
Invoking: GCC C++ Compiler
g++ -std=c++11 -I"/home/ldapusers/apaschoalon/ProjetoMestrado/Components/D-ITG-2.8.1-r1023//src/libITG" -O2 -g3 -Wall -c -fmessage-length=0 -std=c++11 -MMD -MP -MF"src/DitgFlow.d" -MT"src/DitgFlow.o" -o "src/DitgFlow.o" "../src/DitgFlow.cpp"
Finished building: ../src/DitgFlow.cpp
 
Building file: ../src/DummyFlow.cpp
Invoking: GCC C++ Compiler
g++ -std=c++11 -I"/home/ldapusers/apaschoalon/ProjetoMestrado/Components/D-ITG-2.8.1-r1023//src/libITG" -O2 -g3 -Wall -c -fmessage-length=0 -std=c++11 -MMD -MP -MF"src/DummyFlow.d" -MT"src/DummyFlow.o" -o "src/DummyFlow.o" "../src/DummyFlow.cpp"
../src/DummyFlow.cpp: In member function ‘virtual void DummyFlow::flowGenerate()’:
../src/DummyFlow.cpp:170:15: warning: unused variable ‘usecs’ [-Wunused-variable]
  unsigned int usecs = (unsigned int) (this->getFlowStartDelay() * MEGA_POWER);
               ^
Finished building: ../src/DummyFlow.cpp
 
Building file: ../src/Main.cpp
Invoking: GCC C++ Compiler
g++ -std=c++11 -I"/home/ldapusers/apaschoalon/ProjetoMestrado/Components/D-ITG-2.8.1-r1023//src/libITG" -O2 -g3 -Wall -c -fmessage-length=0 -std=c++11 -MMD -MP -MF"src/Main.d" -MT"src/Main.o" -o "src/Main.o" "../src/Main.cpp"
Finished building: ../src/Main.cpp
 
Building file: ../src/NetworkFlow.cpp
Invoking: GCC C++ Compiler
g++ -std=c++11 -I"/home/ldapusers/apaschoalon/ProjetoMestrado/Components/D-ITG-2.8.1-r1023//src/libITG" -O2 -g3 -Wall -c -fmessage-length=0 -std=c++11 -MMD -MP -MF"src/NetworkFlow.d" -MT"src/NetworkFlow.o" -o "src/NetworkFlow.o" "../src/NetworkFlow.cpp"
Finished building: ../src/NetworkFlow.cpp
 
Building file: ../src/NetworkTrace.cpp
Invoking: GCC C++ Compiler
g++ -std=c++11 -I"/home/ldapusers/apaschoalon/ProjetoMestrado/Components/D-ITG-2.8.1-r1023//src/libITG" -O2 -g3 -Wall -c -fmessage-length=0 -std=c++11 -MMD -MP -MF"src/NetworkTrace.d" -MT"src/NetworkTrace.o" -o "src/NetworkTrace.o" "../src/NetworkTrace.cpp"
Finished building: ../src/NetworkTrace.cpp
 
Building file: ../src/TestClass.cpp
Invoking: GCC C++ Compiler
g++ -std=c++11 -I"/home/ldapusers/apaschoalon/ProjetoMestrado/Components/D-ITG-2.8.1-r1023//src/libITG" -O2 -g3 -Wall -c -fmessage-length=0 -std=c++11 -MMD -MP -MF"src/TestClass.d" -MT"src/TestClass.o" -o "src/TestClass.o" "../src/TestClass.cpp"
Finished building: ../src/TestClass.cpp
 
Building target: CompactTraceDescriptor
Invoking: GCC C++ Linker
g++  -o "CompactTraceDescriptor"  ./src/DataProcessor.o ./src/DatabaseInterface.o ./src/DitgFlow.o ./src/DummyFlow.o ./src/Main.o ./src/NetworkFlow.o ./src/NetworkTrace.o ./src/StochasticModelFit.o ./src/TestClass.o ./src/TraceAnalyzer.o   -lpthread -lsqlite3 -larmadillo -lITG
Finished building target: CompactTraceDescriptor
 
make: warning:  Clock skew detected.  Your build may be incomplete.
22:18:20 **** Incremental Build of configuration Debug for project Prototypes ****
make all 
make: Warning: File 'Algorithms/subdir.mk' has modification time 166 s in the future
make: warning:  Clock skew detected.  Your build may be incomplete.
make: Nothing to be done for 'all'.
22:18:24 **** Incremental Build of configuration Debug for project CompactTraceDescriptor ****
make all 
make: Warning: File 'src/TestClass.d' has modification time 160 s in the future
make: warning:  Clock skew detected.  Your build may be incomplete.
make: Nothing to be done for 'all'.
22:20:40 **** Incremental Build of configuration Debug for project CompactTraceDescriptor ****
make all 
make: Warning: File 'src/TestClass.d' has modification time 25 s in the future
Building file: ../src/DummyFlow.cpp
Invoking: GCC C++ Compiler
g++ -std=c++11 -I"/home/ldapusers/apaschoalon/ProjetoMestrado/Components/D-ITG-2.8.1-r1023//src/libITG" -O2 -g3 -Wall -c -fmessage-length=0 -std=c++11 -MMD -MP -MF"src/DummyFlow.d" -MT"src/DummyFlow.o" -o "src/DummyFlow.o" "../src/DummyFlow.cpp"
../src/DummyFlow.cpp: In member function ‘virtual void DummyFlow::flowGenerate()’:
../src/DummyFlow.cpp:170:15: warning: unused variable ‘usecs’ [-Wunused-variable]
  unsigned int usecs = (unsigned int) (this->getFlowStartDelay() * MEGA_POWER);
               ^
Finished building: ../src/DummyFlow.cpp
 
Building target: CompactTraceDescriptor
Invoking: GCC C++ Linker
g++  -o "CompactTraceDescriptor"  ./src/DataProcessor.o ./src/DatabaseInterface.o ./src/DitgFlow.o ./src/DummyFlow.o ./src/Main.o ./src/NetworkFlow.o ./src/NetworkTrace.o ./src/StochasticModelFit.o ./src/TestClass.o ./src/TraceAnalyzer.o   -lpthread -lsqlite3 -larmadillo -lITG
Finished building target: CompactTraceDescriptor
 
make: warning:  Clock skew detected.  Your build may be incomplete.
22:20:43 **** Incremental Build of configuration Debug for project Prototypes ****
make all 
make: Warning: File 'Algorithms/subdir.mk' has modification time 165 s in the future
make: warning:  Clock skew detected.  Your build may be incomplete.
make: Nothing to be done for 'all'.
22:20:46 **** Incremental Build of configuration Debug for project CompactTraceDescriptor ****
make all 
make: Warning: File 'src/TestClass.d' has modification time 19 s in the future
make: warning:  Clock skew detected.  Your build may be incomplete.
make: Nothing to be done for 'all'.
22:34:45 **** Incremental Build of configuration Debug for project CompactTraceDescriptor ****
make all 
make: Warning: File 'src/subdir.mk' has modification time 165 s in the future
Building file: ../src/DataProcessor.cpp
Invoking: GCC C++ Compiler
g++ -std=c++11 -I"/home/ldapusers/apaschoalon/ProjetoMestrado/Components/D-ITG-2.8.1-r1023//src/libITG" -O2 -g3 -Wall -c -fmessage-length=0 -std=c++11 -MMD -MP -MF"src/DataProcessor.d" -MT"src/DataProcessor.o" -o "src/DataProcessor.o" "../src/DataProcessor.cpp"
../src/DataProcessor.cpp: In member function ‘int DataProcessor::calculate(const string&, DatabaseInterface*, NetworkTrace*)’:
../src/DataProcessor.cpp:67:11: warning: unused variable ‘lastTime’ [-Wunused-variable]
  time_sec lastTime = 0;
           ^
../src/DataProcessor.cpp:68:11: warning: unused variable ‘idt’ [-Wunused-variable]
  time_sec idt = 0;
           ^
Finished building: ../src/DataProcessor.cpp
 
Building file: ../src/DitgFlow.cpp
Invoking: GCC C++ Compiler
g++ -std=c++11 -I"/home/ldapusers/apaschoalon/ProjetoMestrado/Components/D-ITG-2.8.1-r1023//src/libITG" -O2 -g3 -Wall -c -fmessage-length=0 -std=c++11 -MMD -MP -MF"src/DitgFlow.d" -MT"src/DitgFlow.o" -o "src/DitgFlow.o" "../src/DitgFlow.cpp"
Finished building: ../src/DitgFlow.cpp
 
Building file: ../src/DummyFlow.cpp
Invoking: GCC C++ Compiler
g++ -std=c++11 -I"/home/ldapusers/apaschoalon/ProjetoMestrado/Components/D-ITG-2.8.1-r1023//src/libITG" -O2 -g3 -Wall -c -fmessage-length=0 -std=c++11 -MMD -MP -MF"src/DummyFlow.d" -MT"src/DummyFlow.o" -o "src/DummyFlow.o" "../src/DummyFlow.cpp"
../src/DummyFlow.cpp: In member function ‘virtual void DummyFlow::flowGenerate()’:
../src/DummyFlow.cpp:170:15: warning: unused variable ‘usecs’ [-Wunused-variable]
  unsigned int usecs = (unsigned int) (this->getFlowStartDelay() * MEGA_POWER);
               ^
Finished building: ../src/DummyFlow.cpp
 
Building file: ../src/Main.cpp
Invoking: GCC C++ Compiler
g++ -std=c++11 -I"/home/ldapusers/apaschoalon/ProjetoMestrado/Components/D-ITG-2.8.1-r1023//src/libITG" -O2 -g3 -Wall -c -fmessage-length=0 -std=c++11 -MMD -MP -MF"src/Main.d" -MT"src/Main.o" -o "src/Main.o" "../src/Main.cpp"
Finished building: ../src/Main.cpp
 
Building file: ../src/NetworkFlow.cpp
Invoking: GCC C++ Compiler
g++ -std=c++11 -I"/home/ldapusers/apaschoalon/ProjetoMestrado/Components/D-ITG-2.8.1-r1023//src/libITG" -O2 -g3 -Wall -c -fmessage-length=0 -std=c++11 -MMD -MP -MF"src/NetworkFlow.d" -MT"src/NetworkFlow.o" -o "src/NetworkFlow.o" "../src/NetworkFlow.cpp"
Finished building: ../src/NetworkFlow.cpp
 
Building file: ../src/NetworkTrace.cpp
Invoking: GCC C++ Compiler
g++ -std=c++11 -I"/home/ldapusers/apaschoalon/ProjetoMestrado/Components/D-ITG-2.8.1-r1023//src/libITG" -O2 -g3 -Wall -c -fmessage-length=0 -std=c++11 -MMD -MP -MF"src/NetworkTrace.d" -MT"src/NetworkTrace.o" -o "src/NetworkTrace.o" "../src/NetworkTrace.cpp"
Finished building: ../src/NetworkTrace.cpp
 
Building file: ../src/TestClass.cpp
Invoking: GCC C++ Compiler
g++ -std=c++11 -I"/home/ldapusers/apaschoalon/ProjetoMestrado/Components/D-ITG-2.8.1-r1023//src/libITG" -O2 -g3 -Wall -c -fmessage-length=0 -std=c++11 -MMD -MP -MF"src/TestClass.d" -MT"src/TestClass.o" -o "src/TestClass.o" "../src/TestClass.cpp"
Finished building: ../src/TestClass.cpp
 
Building target: CompactTraceDescriptor
Invoking: GCC C++ Linker
g++  -o "CompactTraceDescriptor"  ./src/DataProcessor.o ./src/DatabaseInterface.o ./src/DitgFlow.o ./src/DummyFlow.o ./src/Main.o ./src/NetworkFlow.o ./src/NetworkTrace.o ./src/StochasticModelFit.o ./src/TestClass.o ./src/TraceAnalyzer.o   -lpthread -lsqlite3 -larmadillo -lITG
Finished building target: CompactTraceDescriptor
 
make: warning:  Clock skew detected.  Your build may be incomplete.
22:34:58 **** Incremental Build of configuration Debug for project Prototypes ****
make all 
make: Warning: File 'Algorithms/subdir.mk' has modification time 165 s in the future
make: warning:  Clock skew detected.  Your build may be incomplete.
make: Nothing to be done for 'all'.
22:35:00 **** Incremental Build of configuration Debug for project CompactTraceDescriptor ****
make all 
make: Warning: File 'src/TestClass.d' has modification time 162 s in the future
make: warning:  Clock skew detected.  Your build may be incomplete.
make: Nothing to be done for 'all'.
23:00:22 **** Incremental Build of configuration Debug for project CompactTraceDescriptor ****
make all 
make: Warning: File 'src/subdir.mk' has modification time 165 s in the future
Building file: ../src/DataProcessor.cpp
Invoking: GCC C++ Compiler
g++ -std=c++11 -I"/home/ldapusers/apaschoalon/ProjetoMestrado/Components/D-ITG-2.8.1-r1023//src/libITG" -O2 -g3 -Wall -c -fmessage-length=0 -std=c++11 -MMD -MP -MF"src/DataProcessor.d" -MT"src/DataProcessor.o" -o "src/DataProcessor.o" "../src/DataProcessor.cpp"
Finished building: ../src/DataProcessor.cpp
 
Building file: ../src/DitgFlow.cpp
Invoking: GCC C++ Compiler
g++ -std=c++11 -I"/home/ldapusers/apaschoalon/ProjetoMestrado/Components/D-ITG-2.8.1-r1023//src/libITG" -O2 -g3 -Wall -c -fmessage-length=0 -std=c++11 -MMD -MP -MF"src/DitgFlow.d" -MT"src/DitgFlow.o" -o "src/DitgFlow.o" "../src/DitgFlow.cpp"
Finished building: ../src/DitgFlow.cpp
 
Building file: ../src/DummyFlow.cpp
Invoking: GCC C++ Compiler
g++ -std=c++11 -I"/home/ldapusers/apaschoalon/ProjetoMestrado/Components/D-ITG-2.8.1-r1023//src/libITG" -O2 -g3 -Wall -c -fmessage-length=0 -std=c++11 -MMD -MP -MF"src/DummyFlow.d" -MT"src/DummyFlow.o" -o "src/DummyFlow.o" "../src/DummyFlow.cpp"
../src/DummyFlow.cpp: In member function ‘virtual void DummyFlow::flowGenerate()’:
../src/DummyFlow.cpp:154:15: warning: unused variable ‘usecs’ [-Wunused-variable]
  unsigned int usecs = (unsigned int) (this->getFlowStartDelay() * MEGA_POWER);
               ^
Finished building: ../src/DummyFlow.cpp
 
Building file: ../src/Main.cpp
Invoking: GCC C++ Compiler
g++ -std=c++11 -I"/home/ldapusers/apaschoalon/ProjetoMestrado/Components/D-ITG-2.8.1-r1023//src/libITG" -O2 -g3 -Wall -c -fmessage-length=0 -std=c++11 -MMD -MP -MF"src/Main.d" -MT"src/Main.o" -o "src/Main.o" "../src/Main.cpp"
Finished building: ../src/Main.cpp
 
Building file: ../src/NetworkFlow.cpp
Invoking: GCC C++ Compiler
g++ -std=c++11 -I"/home/ldapusers/apaschoalon/ProjetoMestrado/Components/D-ITG-2.8.1-r1023//src/libITG" -O2 -g3 -Wall -c -fmessage-length=0 -std=c++11 -MMD -MP -MF"src/NetworkFlow.d" -MT"src/NetworkFlow.o" -o "src/NetworkFlow.o" "../src/NetworkFlow.cpp"
Finished building: ../src/NetworkFlow.cpp
 
Building file: ../src/NetworkTrace.cpp
Invoking: GCC C++ Compiler
g++ -std=c++11 -I"/home/ldapusers/apaschoalon/ProjetoMestrado/Components/D-ITG-2.8.1-r1023//src/libITG" -O2 -g3 -Wall -c -fmessage-length=0 -std=c++11 -MMD -MP -MF"src/NetworkTrace.d" -MT"src/NetworkTrace.o" -o "src/NetworkTrace.o" "../src/NetworkTrace.cpp"
Finished building: ../src/NetworkTrace.cpp
 
Building file: ../src/TestClass.cpp
Invoking: GCC C++ Compiler
g++ -std=c++11 -I"/home/ldapusers/apaschoalon/ProjetoMestrado/Components/D-ITG-2.8.1-r1023//src/libITG" -O2 -g3 -Wall -c -fmessage-length=0 -std=c++11 -MMD -MP -MF"src/TestClass.d" -MT"src/TestClass.o" -o "src/TestClass.o" "../src/TestClass.cpp"
Finished building: ../src/TestClass.cpp
 
Building target: CompactTraceDescriptor
Invoking: GCC C++ Linker
g++  -o "CompactTraceDescriptor"  ./src/DataProcessor.o ./src/DatabaseInterface.o ./src/DitgFlow.o ./src/DummyFlow.o ./src/Main.o ./src/NetworkFlow.o ./src/NetworkTrace.o ./src/StochasticModelFit.o ./src/TestClass.o ./src/TraceAnalyzer.o   -lpthread -lsqlite3 -larmadillo -lITG
Finished building target: CompactTraceDescriptor
 
make: warning:  Clock skew detected.  Your build may be incomplete.
23:00:38 **** Incremental Build of configuration Debug for project Prototypes ****
make all 
make: Warning: File 'Algorithms/subdir.mk' has modification time 165 s in the future
make: Nothing to be done for 'all'.
make: warning:  Clock skew detected.  Your build may be incomplete.
23:02:08 **** Incremental Build of configuration Debug for project CompactTraceDescriptor ****
make all 
make: Warning: File 'src/TestClass.d' has modification time 72 s in the future
make: warning:  Clock skew detected.  Your build may be incomplete.
make: Nothing to be done for 'all'.
17:53:38 **** Incremental Build of configuration Debug for project CompactTraceDescriptor ****
make all 
make: Warning: File 'src/subdir.mk' has modification time 164 s in the future
Building file: ../src/DataProcessor.cpp
Invoking: GCC C++ Compiler
g++ -std=c++11 -I"/home/ldapusers/apaschoalon/ProjetoMestrado/Components/D-ITG-2.8.1-r1023//src/libITG" -O2 -g3 -Wall -c -fmessage-length=0 -std=c++11 -MMD -MP -MF"src/DataProcessor.d" -MT"src/DataProcessor.o" -o "src/DataProcessor.o" "../src/DataProcessor.cpp"
../src/DataProcessor.cpp: In member function ‘int DataProcessor::calculate(const string&, DatabaseInterface*, NetworkTrace*)’:
../src/DataProcessor.cpp:91:11: error: no matching function for call to ‘DatabaseInterface::getFlowData(const string&, long int&, const char [11], std::list<short unsigned int>&)’
     pslist);
           ^
../src/DataProcessor.cpp:91:11: note: candidates are:
In file included from ../src/DataProcessor.h:30:0,
                 from ../src/DataProcessor.cpp:8:
../src/DatabaseInterface.h:123:6: note: int DatabaseInterface::getFlowData(std::string, int, std::string, long int*)
  int getFlowData(string experimentName, int flowID, string label,
      ^
../src/DatabaseInterface.h:123:6: note:   no known conversion for argument 4 from ‘std::list<short unsigned int>’ to ‘long int*’
../src/DatabaseInterface.h:129:6: note: int DatabaseInterface::getFlowData(std::string, int, std::string, double*)
  int getFlowData(string experimentName, int flowID, string label,
      ^
../src/DatabaseInterface.h:129:6: note:   no known conversion for argument 4 from ‘std::list<short unsigned int>’ to ‘double*’
../src/DatabaseInterface.h:135:6: note: int DatabaseInterface::getFlowData(std::string, int, std::string, std::string*)
  int getFlowData(string experimentName, int flowID, string label, string* str);
      ^
../src/DatabaseInterface.h:135:6: note:   no known conversion for argument 4 from ‘std::list<short unsigned int>’ to ‘std::string* {aka std::basic_string<char>*}’
../src/DatabaseInterface.h:140:6: note: int DatabaseInterface::getFlowData(std::string, int, std::string, std::list<long int>&)
  int getFlowData(string experimentName, int flowID, string label,
      ^
../src/DatabaseInterface.h:140:6: note:   no known conversion for argument 4 from ‘std::list<short unsigned int>’ to ‘std::list<long int>&’
../src/DatabaseInterface.h:146:6: note: int DatabaseInterface::getFlowData(std::string, int, std::string, std::list<int>&)
  int getFlowData(string experimentName, int flowID, string label,
      ^
../src/DatabaseInterface.h:146:6: note:   no known conversion for argument 4 from ‘std::list<short unsigned int>’ to ‘std::list<int>&’
../src/DatabaseInterface.h:152:6: note: int DatabaseInterface::getFlowData(std::string, int, std::string, std::list<double>&)
  int getFlowData(string experimentName, int flowID, string label,
      ^
../src/DatabaseInterface.h:152:6: note:   no known conversion for argument 4 from ‘std::list<short unsigned int>’ to ‘std::list<double>&’
../src/DatabaseInterface.h:158:6: note: int DatabaseInterface::getFlowData(std::string, int, std::string, std::list<std::basic_string<char> >&)
  int getFlowData(string experimentName, int flowID, string label,
      ^
../src/DatabaseInterface.h:158:6: note:   no known conversion for argument 4 from ‘std::list<short unsigned int>’ to ‘std::list<std::basic_string<char> >&’
../src/DataProcessor.cpp:152:51: error: conversion from ‘std::list<short unsigned int>::iterator {aka std::_List_iterator<short unsigned int>}’ to non-scalar type ‘std::list<long int>::iterator {aka std::_List_iterator<long int>}’ requested
   for (list<long int>::iterator it = pslist.begin(); it != pslist.end();
                                                   ^
../src/DataProcessor.cpp:152:57: error: no match for ‘operator!=’ (operand types are ‘std::list<long int>::iterator {aka std::_List_iterator<long int>}’ and ‘std::list<short unsigned int>::iterator {aka std::_List_iterator<short unsigned int>}’)
   for (list<long int>::iterator it = pslist.begin(); it != pslist.end();
                                                         ^
../src/DataProcessor.cpp:152:57: note: candidates are:
In file included from /usr/include/c++/4.9/list:63:0,
                 from ../src/DataProcessor.h:22,
                 from ../src/DataProcessor.cpp:8:
/usr/include/c++/4.9/bits/stl_list.h:191:7: note: bool std::_List_iterator<_Tp>::operator!=(const _Self&) const [with _Tp = long int; std::_List_iterator<_Tp>::_Self = std::_List_iterator<long int>]
       operator!=(const _Self& __x) const _GLIBCXX_NOEXCEPT
       ^
/usr/include/c++/4.9/bits/stl_list.h:191:7: note:   no known conversion for argument 1 from ‘std::list<short unsigned int>::iterator {aka std::_List_iterator<short unsigned int>}’ to ‘const _Self& {aka const std::_List_iterator<long int>&}’
In file included from /usr/include/armadillo:289:0,
                 from ../src/DataProcessor.h:27,
                 from ../src/DataProcessor.cpp:8:
/usr/include/armadillo_bits/gmm_diag_bones.hpp:18:13: note: bool arma::operator!=(const arma::gmm_dist_mode&, const arma::gmm_dist_mode&)
 inline bool operator!=(const gmm_dist_mode& a, const gmm_dist_mode& b) { return (a.id != b.id); }
             ^
/usr/include/armadillo_bits/gmm_diag_bones.hpp:18:13: note:   no known conversion for argument 1 from ‘std::list<long int>::iterator {aka std::_List_iterator<long int>}’ to ‘const arma::gmm_dist_mode&’
/usr/include/armadillo_bits/gmm_diag_bones.hpp:33:13: note: bool arma::operator!=(const arma::gmm_seed_mode&, const arma::gmm_seed_mode&)
 inline bool operator!=(const gmm_seed_mode& a, const gmm_seed_mode& b) { return (a.id != b.id); }
             ^
/usr/include/armadillo_bits/gmm_diag_bones.hpp:33:13: note:   no known conversion for argument 1 from ‘std::list<long int>::iterator {aka std::_List_iterator<long int>}’ to ‘const arma::gmm_seed_mode&’
In file included from /usr/include/armadillo:394:0,
                 from ../src/DataProcessor.h:27,
                 from ../src/DataProcessor.cpp:8:
/usr/include/armadillo_bits/operator_relational.hpp:123:1: note: template<class T1, class T2> typename arma::enable_if2<(arma::is_arma_type<T1>::value && arma::is_arma_type<T2>::value), const arma::mtGlue<long long unsigned int, T1, T2, arma::glue_rel_noteq> >::result arma::operator!=(const T1&, const T2&)
 operator!=
 ^
/usr/include/armadillo_bits/operator_relational.hpp:123:1: note:   template argument deduction/substitution failed:
/usr/include/armadillo_bits/operator_relational.hpp: In substitution of ‘template<class T1, class T2> typename arma::enable_if2<(arma::is_arma_type<T1>::value && arma::is_arma_type<T2>::value), const arma::mtGlue<long long unsigned int, T1, T2, arma::glue_rel_noteq> >::result arma::operator!=(const T1&, const T2&) [with T1 = std::_List_iterator<long int>; T2 = std::_List_iterator<short unsigned int>]’:
../src/DataProcessor.cpp:152:71:   required from here
/usr/include/armadillo_bits/operator_relational.hpp:123:1: error: no type named ‘result’ in ‘struct arma::enable_if2<false, const arma::mtGlue<long long unsigned int, std::_List_iterator<long int>, std::_List_iterator<short unsigned int>, arma::glue_rel_noteq> >’
/usr/include/armadillo_bits/operator_relational.hpp:363:1: note: template<class T1> typename arma::enable_if2<arma::is_arma_type<T1>::value, const arma::mtOp<long long unsigned int, T1, arma::op_rel_noteq> >::result arma::operator!=(typename T1::elem_type, const T1&)
 operator!=
 ^
/usr/include/armadillo_bits/operator_relational.hpp:363:1: note:   template argument deduction/substitution failed:
/usr/include/armadillo_bits/operator_relational.hpp: In substitution of ‘template<class T1> typename arma::enable_if2<arma::is_arma_type<T1>::value, const arma::mtOp<long long unsigned int, T1, arma::op_rel_noteq> >::result arma::operator!=(typename T1::elem_type, const T1&) [with T1 = std::_List_iterator<short unsigned int>]’:
../src/DataProcessor.cpp:152:71:   required from here
/usr/include/armadillo_bits/operator_relational.hpp:363:1: error: no type named ‘result’ in ‘struct arma::enable_if2<false, const arma::mtOp<long long unsigned int, std::_List_iterator<short unsigned int>, arma::op_rel_noteq> >’
/usr/include/armadillo_bits/operator_relational.hpp:381:1: note: template<class T1> typename arma::enable_if2<arma::is_arma_type<T1>::value, const arma::mtOp<long long unsigned int, T1, arma::op_rel_noteq> >::result arma::operator!=(const T1&, typename T1::elem_type)
 operator!=
 ^
/usr/include/armadillo_bits/operator_relational.hpp:381:1: note:   template argument deduction/substitution failed:
/usr/include/armadillo_bits/operator_relational.hpp: In substitution of ‘template<class T1> typename arma::enable_if2<arma::is_arma_type<T1>::value, const arma::mtOp<long long unsigned int, T1, arma::op_rel_noteq> >::result arma::operator!=(const T1&, typename T1::elem_type) [with T1 = std::_List_iterator<long int>]’:
../src/DataProcessor.cpp:152:71:   required from here
/usr/include/armadillo_bits/operator_relational.hpp:381:1: error: no type named ‘result’ in ‘struct arma::enable_if2<false, const arma::mtOp<long long unsigned int, std::_List_iterator<long int>, arma::op_rel_noteq> >’
In file included from /usr/include/armadillo:401:0,
                 from ../src/DataProcessor.h:27,
                 from ../src/DataProcessor.cpp:8:
/usr/include/armadillo_bits/operator_cube_relational.hpp:95:1: note: template<class T1, class T2> const arma::mtGlueCube<long long unsigned int, T1, T2, arma::glue_rel_noteq> arma::operator!=(const arma::BaseCube<typename T1::elem_type, T1>&, const arma::BaseCube<typename T1::elem_type, T2>&)
 operator!=
 ^
/usr/include/armadillo_bits/operator_cube_relational.hpp:95:1: note:   template argument deduction/substitution failed:
../src/DataProcessor.cpp:152:71: note:   ‘std::list<long int>::iterator {aka std::_List_iterator<long int>}’ is not derived from ‘const arma::BaseCube<typename T1::elem_type, T1>’
   for (list<long int>::iterator it = pslist.begin(); it != pslist.end();
                                                                       ^
In file included from /usr/include/armadillo:401:0,
                 from ../src/DataProcessor.h:27,
                 from ../src/DataProcessor.cpp:8:
/usr/include/armadillo_bits/operator_cube_relational.hpp:270:1: note: template<class T1> const arma::mtOpCube<long long unsigned int, T1, arma::op_rel_noteq> arma::operator!=(typename T1::elem_type, const arma::BaseCube<typename T1::elem_type, T1>&)
 operator!=
 ^
/usr/include/armadillo_bits/operator_cube_relational.hpp:270:1: note:   template argument deduction/substitution failed:
../src/DataProcessor.cpp:152:71: note:   ‘std::list<short unsigned int>::iterator {aka std::_List_iterator<short unsigned int>}’ is not derived from ‘const arma::BaseCube<typename T1::elem_type, T1>’
   for (list<long int>::iterator it = pslist.begin(); it != pslist.end();
                                                                       ^
In file included from /usr/include/armadillo:401:0,
                 from ../src/DataProcessor.h:27,
                 from ../src/DataProcessor.cpp:8:
/usr/include/armadillo_bits/operator_cube_relational.hpp:283:1: note: template<class T1> const arma::mtOpCube<long long unsigned int, T1, arma::op_rel_noteq> arma::operator!=(const arma::BaseCube<typename T1::elem_type, T1>&, typename T1::elem_type)
 operator!=
 ^
/usr/include/armadillo_bits/operator_cube_relational.hpp:283:1: note:   template argument deduction/substitution failed:
../src/DataProcessor.cpp:152:71: note:   ‘std::list<long int>::iterator {aka std::_List_iterator<long int>}’ is not derived from ‘const arma::BaseCube<typename T1::elem_type, T1>’
   for (list<long int>::iterator it = pslist.begin(); it != pslist.end();
                                                                       ^
In file included from ../src/NetworkTrace.h:19:0,
                 from ../src/DataProcessor.h:31,
                 from ../src/DataProcessor.cpp:8:
/usr/include/c++/4.9/thread:207:3: note: bool std::operator!=(std::thread::id, std::thread::id)
   operator!=(thread::id __x, thread::id __y) noexcept
   ^
/usr/include/c++/4.9/thread:207:3: note:   no known conversion for argument 1 from ‘std::list<long int>::iterator {aka std::_List_iterator<long int>}’ to ‘std::thread::id’
In file included from /usr/include/c++/4.9/memory:82:0,
                 from /usr/include/c++/4.9/thread:40,
                 from ../src/NetworkTrace.h:19,
                 from ../src/DataProcessor.h:31,
                 from ../src/DataProcessor.cpp:8:
/usr/include/c++/4.9/bits/shared_ptr.h:360:5: note: template<class _Tp> bool std::operator!=(std::nullptr_t, const std::shared_ptr<_Tp1>&)
     operator!=(nullptr_t, const shared_ptr<_Tp>& __a) noexcept
     ^
/usr/include/c++/4.9/bits/shared_ptr.h:360:5: note:   template argument deduction/substitution failed:
../src/DataProcessor.cpp:152:71: note:   cannot convert ‘it’ (type ‘std::list<long int>::iterator {aka std::_List_iterator<long int>}’) to type ‘std::nullptr_t’
   for (list<long int>::iterator it = pslist.begin(); it != pslist.end();
                                                                       ^
In file included from /usr/include/c++/4.9/memory:82:0,
                 from /usr/include/c++/4.9/thread:40,
                 from ../src/NetworkTrace.h:19,
                 from ../src/DataProcessor.h:31,
                 from ../src/DataProcessor.cpp:8:
/usr/include/c++/4.9/bits/shared_ptr.h:355:5: note: template<class _Tp> bool std::operator!=(const std::shared_ptr<_Tp1>&, std::nullptr_t)
     operator!=(const shared_ptr<_Tp>& __a, nullptr_t) noexcept
     ^
/usr/include/c++/4.9/bits/shared_ptr.h:355:5: note:   template argument deduction/substitution failed:
../src/DataProcessor.cpp:152:71: note:   ‘std::list<long int>::iterator {aka std::_List_iterator<long int>}’ is not derived from ‘const std::shared_ptr<_Tp1>’
   for (list<long int>::iterator it = pslist.begin(); it != pslist.end();
                                                                       ^
In file included from /usr/include/c++/4.9/memory:82:0,
                 from /usr/include/c++/4.9/thread:40,
                 from ../src/NetworkTrace.h:19,
                 from ../src/DataProcessor.h:31,
                 from ../src/DataProcessor.cpp:8:
/usr/include/c++/4.9/bits/shared_ptr.h:349:5: note: template<class _Tp1, class _Tp2> bool std::operator!=(const std::shared_ptr<_Tp1>&, const std::shared_ptr<_Tp2>&)
     operator!=(const shared_ptr<_Tp1>& __a,
     ^
/usr/include/c++/4.9/bits/shared_ptr.h:349:5: note:   template argument deduction/substitution failed:
../src/DataProcessor.cpp:152:71: note:   ‘std::list<long int>::iterator {aka std::_List_iterator<long int>}’ is not derived from ‘const std::shared_ptr<_Tp1>’
   for (list<long int>::iterator it = pslist.begin(); it != pslist.end();
                                                                       ^
In file included from /usr/include/c++/4.9/bits/shared_ptr.h:52:0,
                 from /usr/include/c++/4.9/memory:82,
                 from /usr/include/c++/4.9/thread:40,
                 from ../src/NetworkTrace.h:19,
                 from ../src/DataProcessor.h:31,
                 from ../src/DataProcessor.cpp:8:
/usr/include/c++/4.9/bits/shared_ptr_base.h:1209:5: note: template<class _Tp, __gnu_cxx::_Lock_policy _Lp> bool std::operator!=(std::nullptr_t, const std::__shared_ptr<_Tp, _Lp>&)
     operator!=(nullptr_t, const __shared_ptr<_Tp, _Lp>& __a) noexcept
     ^
/usr/include/c++/4.9/bits/shared_ptr_base.h:1209:5: note:   template argument deduction/substitution failed:
../src/DataProcessor.cpp:152:71: note:   cannot convert ‘it’ (type ‘std::list<long int>::iterator {aka std::_List_iterator<long int>}’) to type ‘std::nullptr_t’
   for (list<long int>::iterator it = pslist.begin(); it != pslist.end();
                                                                       ^
In file included from /usr/include/c++/4.9/bits/shared_ptr.h:52:0,
                 from /usr/include/c++/4.9/memory:82,
                 from /usr/include/c++/4.9/thread:40,
                 from ../src/NetworkTrace.h:19,
                 from ../src/DataProcessor.h:31,
                 from ../src/DataProcessor.cpp:8:
/usr/include/c++/4.9/bits/shared_ptr_base.h:1204:5: note: template<class _Tp, __gnu_cxx::_Lock_policy _Lp> bool std::operator!=(const std::__shared_ptr<_Tp, _Lp>&, std::nullptr_t)
     operator!=(const __shared_ptr<_Tp, _Lp>& __a, nullptr_t) noexcept
     ^
/usr/include/c++/4.9/bits/shared_ptr_base.h:1204:5: note:   template argument deduction/substitution failed:
../src/DataProcessor.cpp:152:71: note:   ‘std::list<long int>::iterator {aka std::_List_iterator<long int>}’ is not derived from ‘const std::__shared_ptr<_Tp, _Lp>’
   for (list<long int>::iterator it = pslist.begin(); it != pslist.end();
                                                                       ^
In file included from /usr/include/c++/4.9/bits/shared_ptr.h:52:0,
                 from /usr/include/c++/4.9/memory:82,
                 from /usr/include/c++/4.9/thread:40,
                 from ../src/NetworkTrace.h:19,
                 from ../src/DataProcessor.h:31,
                 from ../src/DataProcessor.cpp:8:
/usr/include/c++/4.9/bits/shared_ptr_base.h:1198:5: note: template<class _Tp1, class _Tp2, __gnu_cxx::_Lock_policy _Lp> bool std::operator!=(const std::__shared_ptr<_Tp1, _Lp>&, const std::__shared_ptr<_Tp2, _Lp>&)
     operator!=(const __shared_ptr<_Tp1, _Lp>& __a,
     ^
/usr/include/c++/4.9/bits/shared_ptr_base.h:1198:5: note:   template argument deduction/substitution failed:
../src/DataProcessor.cpp:152:71: note:   ‘std::list<long int>::iterator {aka std::_List_iterator<long int>}’ is not derived from ‘const std::__shared_ptr<_Tp1, _Lp>’
   for (list<long int>::iterator it = pslist.begin(); it != pslist.end();
                                                                       ^
In file included from /usr/include/c++/4.9/memory:81:0,
                 from /usr/include/c++/4.9/thread:40,
                 from ../src/NetworkTrace.h:19,
                 from ../src/DataProcessor.h:31,
                 from ../src/DataProcessor.cpp:8:
/usr/include/c++/4.9/bits/unique_ptr.h:652:5: note: template<class _Tp, class _Dp> bool std::operator!=(std::nullptr_t, const std::unique_ptr<_Tp, _Dp>&)
     operator!=(nullptr_t, const unique_ptr<_Tp, _Dp>& __x) noexcept
     ^
/usr/include/c++/4.9/bits/unique_ptr.h:652:5: note:   template argument deduction/substitution failed:
../src/DataProcessor.cpp:152:71: note:   cannot convert ‘it’ (type ‘std::list<long int>::iterator {aka std::_List_iterator<long int>}’) to type ‘std::nullptr_t’
   for (list<long int>::iterator it = pslist.begin(); it != pslist.end();
                                                                       ^
In file included from /usr/include/c++/4.9/memory:81:0,
                 from /usr/include/c++/4.9/thread:40,
                 from ../src/NetworkTrace.h:19,
                 from ../src/DataProcessor.h:31,
                 from ../src/DataProcessor.cpp:8:
/usr/include/c++/4.9/bits/unique_ptr.h:647:5: note: template<class _Tp, class _Dp> bool std::operator!=(const std::unique_ptr<_Tp, _Dp>&, std::nullptr_t)
     operator!=(const unique_ptr<_Tp, _Dp>& __x, nullptr_t) noexcept
     ^
/usr/include/c++/4.9/bits/unique_ptr.h:647:5: note:   template argument deduction/substitution failed:
../src/DataProcessor.cpp:152:71: note:   ‘std::list<long int>::iterator {aka std::_List_iterator<long int>}’ is not derived from ‘const std::unique_ptr<_Tp, _Dp>’
   for (list<long int>::iterator it = pslist.begin(); it != pslist.end();
                                                                       ^
In file included from /usr/include/c++/4.9/memory:81:0,
                 from /usr/include/c++/4.9/thread:40,
                 from ../src/NetworkTrace.h:19,
                 from ../src/DataProcessor.h:31,
                 from ../src/DataProcessor.cpp:8:
/usr/include/c++/4.9/bits/unique_ptr.h:641:5: note: template<class _Tp, class _Dp, class _Up, class _Ep> bool std::operator!=(const std::unique_ptr<_Tp, _Dp>&, const std::unique_ptr<_Up, _Ep>&)
     operator!=(const unique_ptr<_Tp, _Dp>& __x,
     ^
/usr/include/c++/4.9/bits/unique_ptr.h:641:5: note:   template argument deduction/substitution failed:
../src/DataProcessor.cpp:152:71: note:   ‘std::list<long int>::iterator {aka std::_List_iterator<long int>}’ is not derived from ‘const std::unique_ptr<_Tp, _Dp>’
   for (list<long int>::iterator it = pslist.begin(); it != pslist.end();
                                                                       ^
In file included from /usr/include/armadillo:58:0,
                 from ../src/DataProcessor.h:27,
                 from ../src/DataProcessor.cpp:8:
/usr/include/c++/4.9/functional:2529:5: note: template<class _Res, class ... _Args> bool std::operator!=(std::nullptr_t, const std::function<_Res(_ArgTypes ...)>&)
     operator!=(nullptr_t, const function<_Res(_Args...)>& __f) noexcept
     ^
/usr/include/c++/4.9/functional:2529:5: note:   template argument deduction/substitution failed:
../src/DataProcessor.cpp:152:71: note:   cannot convert ‘it’ (type ‘std::list<long int>::iterator {aka std::_List_iterator<long int>}’) to type ‘std::nullptr_t’
   for (list<long int>::iterator it = pslist.begin(); it != pslist.end();
                                                                       ^
In file included from /usr/include/armadillo:58:0,
                 from ../src/DataProcessor.h:27,
                 from ../src/DataProcessor.cpp:8:
/usr/include/c++/4.9/functional:2523:5: note: template<class _Res, class ... _Args> bool std::operator!=(const std::function<_Res(_ArgTypes ...)>&, std::nullptr_t)
     operator!=(const function<_Res(_Args...)>& __f, nullptr_t) noexcept
     ^
/usr/include/c++/4.9/functional:2523:5: note:   template argument deduction/substitution failed:
../src/DataProcessor.cpp:152:71: note:   ‘std::list<long int>::iterator {aka std::_List_iterator<long int>}’ is not derived from ‘const std::function<_Res(_ArgTypes ...)>’
   for (list<long int>::iterator it = pslist.begin(); it != pslist.end();
                                                                       ^
In file included from /usr/include/c++/4.9/functional:55:0,
                 from /usr/include/armadillo:58,
                 from ../src/DataProcessor.h:27,
                 from ../src/DataProcessor.cpp:8:
/usr/include/c++/4.9/tuple:870:5: note: template<class ... _TElements, class ... _UElements> constexpr bool std::operator!=(const std::tuple<_Elements ...>&, const std::tuple<_Elements ...>&)
     operator!=(const tuple<_TElements...>& __t,
     ^
/usr/include/c++/4.9/tuple:870:5: note:   template argument deduction/substitution failed:
../src/DataProcessor.cpp:152:71: note:   ‘std::list<long int>::iterator {aka std::_List_iterator<long int>}’ is not derived from ‘const std::tuple<_Elements ...>’
   for (list<long int>::iterator it = pslist.begin(); it != pslist.end();
                                                                       ^
In file included from /usr/include/armadillo:29:0,
                 from ../src/DataProcessor.h:27,
                 from ../src/DataProcessor.cpp:8:
/usr/include/c++/4.9/complex:481:5: note: template<class _Tp> constexpr bool std::operator!=(const _Tp&, const std::complex<_Tp>&)
     operator!=(const _Tp& __x, const complex<_Tp>& __y)
     ^
/usr/include/c++/4.9/complex:481:5: note:   template argument deduction/substitution failed:
../src/DataProcessor.cpp:152:71: note:   ‘std::list<short unsigned int>::iterator {aka std::_List_iterator<short unsigned int>}’ is not derived from ‘const std::complex<_Tp>’
   for (list<long int>::iterator it = pslist.begin(); it != pslist.end();
                                                                       ^
In file included from /usr/include/armadillo:29:0,
                 from ../src/DataProcessor.h:27,
                 from ../src/DataProcessor.cpp:8:
/usr/include/c++/4.9/complex:476:5: note: template<class _Tp> constexpr bool std::operator!=(const std::complex<_Tp>&, const _Tp&)
     operator!=(const complex<_Tp>& __x, const _Tp& __y)
     ^
/usr/include/c++/4.9/complex:476:5: note:   template argument deduction/substitution failed:
../src/DataProcessor.cpp:152:71: note:   ‘std::list<long int>::iterator {aka std::_List_iterator<long int>}’ is not derived from ‘const std::complex<_Tp>’
   for (list<long int>::iterator it = pslist.begin(); it != pslist.end();
                                                                       ^
In file included from /usr/include/armadillo:29:0,
                 from ../src/DataProcessor.h:27,
                 from ../src/DataProcessor.cpp:8:
/usr/include/c++/4.9/complex:471:5: note: template<class _Tp> constexpr bool std::operator!=(const std::complex<_Tp>&, const std::complex<_Tp>&)
     operator!=(const complex<_Tp>& __x, const complex<_Tp>& __y)
     ^
/usr/include/c++/4.9/complex:471:5: note:   template argument deduction/substitution failed:
../src/DataProcessor.cpp:152:71: note:   ‘std::list<long int>::iterator {aka std::_List_iterator<long int>}’ is not derived from ‘const std::complex<_Tp>’
   for (list<long int>::iterator it = pslist.begin(); it != pslist.end();
                                                                       ^
In file included from /usr/include/c++/4.9/random:49:0,
                 from /usr/include/c++/4.9/bits/stl_algo.h:66,
                 from /usr/include/c++/4.9/algorithm:62,
                 from /usr/include/armadillo:28,
                 from ../src/DataProcessor.h:27,
                 from ../src/DataProcessor.cpp:8:
/usr/include/c++/4.9/bits/random.h:6008:5: note: template<class _RealType> bool std::operator!=(const std::piecewise_linear_distribution<_RealType>&, const std::piecewise_linear_distribution<_RealType>&)
     operator!=(const std::piecewise_linear_distribution<_RealType>& __d1,
     ^
/usr/include/c++/4.9/bits/random.h:6008:5: note:   template argument deduction/substitution failed:
../src/DataProcessor.cpp:152:71: note:   ‘std::list<long int>::iterator {aka std::_List_iterator<long int>}’ is not derived from ‘const std::piecewise_linear_distribution<_RealType>’
   for (list<long int>::iterator it = pslist.begin(); it != pslist.end();
                                                                       ^
In file included from /usr/include/c++/4.9/random:49:0,
                 from /usr/include/c++/4.9/bits/stl_algo.h:66,
                 from /usr/include/c++/4.9/algorithm:62,
                 from /usr/include/armadillo:28,
                 from ../src/DataProcessor.h:27,
                 from ../src/DataProcessor.cpp:8:
/usr/include/c++/4.9/bits/random.h:5738:5: note: template<class _RealType> bool std::operator!=(const std::piecewise_constant_distribution<_RealType>&, const std::piecewise_constant_distribution<_RealType>&)
     operator!=(const std::piecewise_constant_distribution<_RealType>& __d1,
     ^
/usr/include/c++/4.9/bits/random.h:5738:5: note:   template argument deduction/substitution failed:
../src/DataProcessor.cpp:152:71: note:   ‘std::list<long int>::iterator {aka std::_List_iterator<long int>}’ is not derived from ‘const std::piecewise_constant_distribution<_RealType>’
   for (list<long int>::iterator it = pslist.begin(); it != pslist.end();
                                                                       ^
In file included from /usr/include/c++/4.9/random:49:0,
                 from /usr/include/c++/4.9/bits/stl_algo.h:66,
                 from /usr/include/c++/4.9/algorithm:62,
                 from /usr/include/armadillo:28,
                 from ../src/DataProcessor.h:27,
                 from ../src/DataProcessor.cpp:8:
/usr/include/c++/4.9/bits/random.h:5471:5: note: template<class _IntType> bool std::operator!=(const std::discrete_distribution<_IntType>&, const std::discrete_distribution<_IntType>&)
     operator!=(const std::discrete_distribution<_IntType>& __d1,
     ^
/usr/include/c++/4.9/bits/random.h:5471:5: note:   template argument deduction/substitution failed:
../src/DataProcessor.cpp:152:71: note:   ‘std::list<long int>::iterator {aka std::_List_iterator<long int>}’ is not derived from ‘const std::discrete_distribution<_IntType>’
   for (list<long int>::iterator it = pslist.begin(); it != pslist.end();
                                                                       ^
In file included from /usr/include/c++/4.9/random:49:0,
                 from /usr/include/c++/4.9/bits/stl_algo.h:66,
                 from /usr/include/c++/4.9/algorithm:62,
                 from /usr/include/armadillo:28,
                 from ../src/DataProcessor.h:27,
                 from ../src/DataProcessor.cpp:8:
/usr/include/c++/4.9/bits/random.h:5211:5: note: template<class _RealType> bool std::operator!=(const std::extreme_value_distribution<_RealType>&, const std::extreme_value_distribution<_RealType>&)
     operator!=(const std::extreme_value_distribution<_RealType>& __d1,
     ^
/usr/include/c++/4.9/bits/random.h:5211:5: note:   template argument deduction/substitution failed:
../src/DataProcessor.cpp:152:71: note:   ‘std::list<long int>::iterator {aka std::_List_iterator<long int>}’ is not derived from ‘const std::extreme_value_distribution<_RealType>’
   for (list<long int>::iterator it = pslist.begin(); it != pslist.end();
                                                                       ^
In file included from /usr/include/c++/4.9/random:49:0,
                 from /usr/include/c++/4.9/bits/stl_algo.h:66,
                 from /usr/include/c++/4.9/algorithm:62,
                 from /usr/include/armadillo:28,
                 from ../src/DataProcessor.h:27,
                 from ../src/DataProcessor.cpp:8:
/usr/include/c++/4.9/bits/random.h:5008:5: note: template<class _RealType> bool std::operator!=(const std::weibull_distribution<_RealType>&, const std::weibull_distribution<_RealType>&)
     operator!=(const std::weibull_distribution<_RealType>& __d1,
     ^
/usr/include/c++/4.9/bits/random.h:5008:5: note:   template argument deduction/substitution failed:
../src/DataProcessor.cpp:152:71: note:   ‘std::list<long int>::iterator {aka std::_List_iterator<long int>}’ is not derived from ‘const std::weibull_distribution<_RealType>’
   for (list<long int>::iterator it = pslist.begin(); it != pslist.end();
                                                                       ^
In file included from /usr/include/c++/4.9/random:49:0,
                 from /usr/include/c++/4.9/bits/stl_algo.h:66,
                 from /usr/include/c++/4.9/algorithm:62,
                 from /usr/include/armadillo:28,
                 from ../src/DataProcessor.h:27,
                 from ../src/DataProcessor.cpp:8:
/usr/include/c++/4.9/bits/random.h:4805:5: note: template<class _RealType> bool std::operator!=(const std::exponential_distribution<_RealType>&, const std::exponential_distribution<_RealType>&)
     operator!=(const std::exponential_distribution<_RealType>& __d1,
     ^
/usr/include/c++/4.9/bits/random.h:4805:5: note:   template argument deduction/substitution failed:
../src/DataProcessor.cpp:152:71: note:   ‘std::list<long int>::iterator {aka std::_List_iterator<long int>}’ is not derived from ‘const std::exponential_distribution<_RealType>’
   for (list<long int>::iterator it = pslist.begin(); it != pslist.end();
                                                                       ^
In file included from /usr/include/c++/4.9/random:49:0,
                 from /usr/include/c++/4.9/bits/stl_algo.h:66,
                 from /usr/include/c++/4.9/algorithm:62,
                 from /usr/include/armadillo:28,
                 from ../src/DataProcessor.h:27,
                 from ../src/DataProcessor.cpp:8:
/usr/include/c++/4.9/bits/random.h:4627:5: note: template<class _IntType> bool std::operator!=(const std::poisson_distribution<_IntType>&, const std::poisson_distribution<_IntType>&)
     operator!=(const std::poisson_distribution<_IntType>& __d1,
     ^
/usr/include/c++/4.9/bits/random.h:4627:5: note:   template argument deduction/substitution failed:
../src/DataProcessor.cpp:152:71: note:   ‘std::list<long int>::iterator {aka std::_List_iterator<long int>}’ is not derived from ‘const std::poisson_distribution<_IntType>’
   for (list<long int>::iterator it = pslist.begin(); it != pslist.end();
                                                                       ^
In file included from /usr/include/c++/4.9/random:49:0,
                 from /usr/include/c++/4.9/bits/stl_algo.h:66,
                 from /usr/include/c++/4.9/algorithm:62,
                 from /usr/include/armadillo:28,
                 from ../src/DataProcessor.h:27,
                 from ../src/DataProcessor.cpp:8:
/usr/include/c++/4.9/bits/random.h:4411:5: note: template<class _IntType> bool std::operator!=(const std::negative_binomial_distribution<_IntType>&, const std::negative_binomial_distribution<_IntType>&)
     operator!=(const std::negative_binomial_distribution<_IntType>& __d1,
     ^
/usr/include/c++/4.9/bits/random.h:4411:5: note:   template argument deduction/substitution failed:
../src/DataProcessor.cpp:152:71: note:   ‘std::list<long int>::iterator {aka std::_List_iterator<long int>}’ is not derived from ‘const std::negative_binomial_distribution<_IntType>’
   for (list<long int>::iterator it = pslist.begin(); it != pslist.end();
                                                                       ^
In file included from /usr/include/c++/4.9/random:49:0,
                 from /usr/include/c++/4.9/bits/stl_algo.h:66,
                 from /usr/include/c++/4.9/algorithm:62,
                 from /usr/include/armadillo:28,
                 from ../src/DataProcessor.h:27,
                 from ../src/DataProcessor.cpp:8:
/usr/include/c++/4.9/bits/random.h:4166:5: note: template<class _IntType> bool std::operator!=(const std::geometric_distribution<_IntType>&, const std::geometric_distribution<_IntType>&)
     operator!=(const std::geometric_distribution<_IntType>& __d1,
     ^
/usr/include/c++/4.9/bits/random.h:4166:5: note:   template argument deduction/substitution failed:
../src/DataProcessor.cpp:152:71: note:   ‘std::list<long int>::iterator {aka std::_List_iterator<long int>}’ is not derived from ‘const std::geometric_distribution<_IntType>’
   for (list<long int>::iterator it = pslist.begin(); it != pslist.end();
                                                                       ^
In file included from /usr/include/c++/4.9/random:49:0,
                 from /usr/include/c++/4.9/bits/stl_algo.h:66,
                 from /usr/include/c++/4.9/algorithm:62,
                 from /usr/include/armadillo:28,
                 from ../src/DataProcessor.h:27,
                 from ../src/DataProcessor.cpp:8:
/usr/include/c++/4.9/bits/random.h:3997:5: note: template<class _IntType> bool std::operator!=(const std::binomial_distribution<_IntType>&, const std::binomial_distribution<_IntType>&)
     operator!=(const std::binomial_distribution<_IntType>& __d1,
     ^
/usr/include/c++/4.9/bits/random.h:3997:5: note:   template argument deduction/substitution failed:
../src/DataProcessor.cpp:152:71: note:   ‘std::list<long int>::iterator {aka std::_List_iterator<long int>}’ is not derived from ‘const std::binomial_distribution<_IntType>’
   for (list<long int>::iterator it = pslist.begin(); it != pslist.end();
                                                                       ^
In file included from /usr/include/c++/4.9/random:49:0,
                 from /usr/include/c++/4.9/bits/stl_algo.h:66,
                 from /usr/include/c++/4.9/algorithm:62,
                 from /usr/include/armadillo:28,
                 from ../src/DataProcessor.h:27,
                 from ../src/DataProcessor.cpp:8:
/usr/include/c++/4.9/bits/random.h:3731:3: note: bool std::operator!=(const std::bernoulli_distribution&, const std::bernoulli_distribution&)
   operator!=(const std::bernoulli_distribution& __d1,
   ^
/usr/include/c++/4.9/bits/random.h:3731:3: note:   no known conversion for argument 1 from ‘std::list<long int>::iterator {aka std::_List_iterator<long int>}’ to ‘const std::bernoulli_distribution&’
/usr/include/c++/4.9/bits/random.h:3555:5: note: template<class _RealType> bool std::operator!=(const std::student_t_distribution<_RealType>&, const std::student_t_distribution<_RealType>&)
     operator!=(const std::student_t_distribution<_RealType>& __d1,
     ^
/usr/include/c++/4.9/bits/random.h:3555:5: note:   template argument deduction/substitution failed:
../src/DataProcessor.cpp:152:71: note:   ‘std::list<long int>::iterator {aka std::_List_iterator<long int>}’ is not derived from ‘const std::student_t_distribution<_RealType>’
   for (list<long int>::iterator it = pslist.begin(); it != pslist.end();
                                                                       ^
In file included from /usr/include/c++/4.9/random:49:0,
                 from /usr/include/c++/4.9/bits/stl_algo.h:66,
                 from /usr/include/c++/4.9/algorithm:62,
                 from /usr/include/armadillo:28,
                 from ../src/DataProcessor.h:27,
                 from ../src/DataProcessor.cpp:8:
/usr/include/c++/4.9/bits/random.h:3342:5: note: template<class _RealType> bool std::operator!=(const std::fisher_f_distribution<_RealType>&, const std::fisher_f_distribution<_RealType>&)
     operator!=(const std::fisher_f_distribution<_RealType>& __d1,
     ^
/usr/include/c++/4.9/bits/random.h:3342:5: note:   template argument deduction/substitution failed:
../src/DataProcessor.cpp:152:71: note:   ‘std::list<long int>::iterator {aka std::_List_iterator<long int>}’ is not derived from ‘const std::fisher_f_distribution<_RealType>’
   for (list<long int>::iterator it = pslist.begin(); it != pslist.end();
                                                                       ^
In file included from /usr/include/c++/4.9/random:49:0,
                 from /usr/include/c++/4.9/bits/stl_algo.h:66,
                 from /usr/include/c++/4.9/algorithm:62,
                 from /usr/include/armadillo:28,
                 from ../src/DataProcessor.h:27,
                 from ../src/DataProcessor.cpp:8:
/usr/include/c++/4.9/bits/random.h:3086:5: note: template<class _RealType> bool std::operator!=(const std::cauchy_distribution<_RealType>&, const std::cauchy_distribution<_RealType>&)
     operator!=(const std::cauchy_distribution<_RealType>& __d1,
     ^
/usr/include/c++/4.9/bits/random.h:3086:5: note:   template argument deduction/substitution failed:
../src/DataProcessor.cpp:152:71: note:   ‘std::list<long int>::iterator {aka std::_List_iterator<long int>}’ is not derived from ‘const std::cauchy_distribution<_RealType>’
   for (list<long int>::iterator it = pslist.begin(); it != pslist.end();
                                                                       ^
In file included from /usr/include/c++/4.9/random:49:0,
                 from /usr/include/c++/4.9/bits/stl_algo.h:66,
                 from /usr/include/c++/4.9/algorithm:62,
                 from /usr/include/armadillo:28,
                 from ../src/DataProcessor.h:27,
                 from ../src/DataProcessor.cpp:8:
/usr/include/c++/4.9/bits/random.h:2919:5: note: template<class _RealType> bool std::operator!=(const std::chi_squared_distribution<_RealType>&, const std::chi_squared_distribution<_RealType>&)
     operator!=(const std::chi_squared_distribution<_RealType>& __d1,
     ^
/usr/include/c++/4.9/bits/random.h:2919:5: note:   template argument deduction/substitution failed:
../src/DataProcessor.cpp:152:71: note:   ‘std::list<long int>::iterator {aka std::_List_iterator<long int>}’ is not derived from ‘const std::chi_squared_distribution<_RealType>’
   for (list<long int>::iterator it = pslist.begin(); it != pslist.end();
                                                                       ^
In file included from /usr/include/c++/4.9/random:49:0,
                 from /usr/include/c++/4.9/bits/stl_algo.h:66,
                 from /usr/include/c++/4.9/algorithm:62,
                 from /usr/include/armadillo:28,
                 from ../src/DataProcessor.h:27,
                 from ../src/DataProcessor.cpp:8:
/usr/include/c++/4.9/bits/random.h:2709:6: note: template<class _RealType> bool std::operator!=(const std::gamma_distribution<_RealType>&, const std::gamma_distribution<_RealType>&)
      operator!=(const std::gamma_distribution<_RealType>& __d1,
      ^
/usr/include/c++/4.9/bits/random.h:2709:6: note:   template argument deduction/substitution failed:
../src/DataProcessor.cpp:152:71: note:   ‘std::list<long int>::iterator {aka std::_List_iterator<long int>}’ is not derived from ‘const std::gamma_distribution<_RealType>’
   for (list<long int>::iterator it = pslist.begin(); it != pslist.end();
                                                                       ^
In file included from /usr/include/c++/4.9/random:49:0,
                 from /usr/include/c++/4.9/bits/stl_algo.h:66,
                 from /usr/include/c++/4.9/algorithm:62,
                 from /usr/include/armadillo:28,
                 from ../src/DataProcessor.h:27,
                 from ../src/DataProcessor.cpp:8:
/usr/include/c++/4.9/bits/random.h:2489:5: note: template<class _RealType> bool std::operator!=(const std::lognormal_distribution<_RealType>&, const std::lognormal_distribution<_RealType>&)
     operator!=(const std::lognormal_distribution<_RealType>& __d1,
     ^
/usr/include/c++/4.9/bits/random.h:2489:5: note:   template argument deduction/substitution failed:
../src/DataProcessor.cpp:152:71: note:   ‘std::list<long int>::iterator {aka std::_List_iterator<long int>}’ is not derived from ‘const std::lognormal_distribution<_RealType>’
   for (list<long int>::iterator it = pslist.begin(); it != pslist.end();
                                                                       ^
In file included from /usr/include/c++/4.9/random:49:0,
                 from /usr/include/c++/4.9/bits/stl_algo.h:66,
                 from /usr/include/c++/4.9/algorithm:62,
                 from /usr/include/armadillo:28,
                 from ../src/DataProcessor.h:27,
                 from ../src/DataProcessor.cpp:8:
/usr/include/c++/4.9/bits/random.h:2285:5: note: template<class _RealType> bool std::operator!=(const std::normal_distribution<_RealType>&, const std::normal_distribution<_RealType>&)
     operator!=(const std::normal_distribution<_RealType>& __d1,
     ^
/usr/include/c++/4.9/bits/random.h:2285:5: note:   template argument deduction/substitution failed:
../src/DataProcessor.cpp:152:71: note:   ‘std::list<long int>::iterator {aka std::_List_iterator<long int>}’ is not derived from ‘const std::normal_distribution<_RealType>’
   for (list<long int>::iterator it = pslist.begin(); it != pslist.end();
                                                                       ^
In file included from /usr/include/c++/4.9/random:49:0,
                 from /usr/include/c++/4.9/bits/stl_algo.h:66,
                 from /usr/include/c++/4.9/algorithm:62,
                 from /usr/include/armadillo:28,
                 from ../src/DataProcessor.h:27,
                 from ../src/DataProcessor.cpp:8:
/usr/include/c++/4.9/bits/random.h:2036:5: note: template<class _IntType> bool std::operator!=(const std::uniform_real_distribution<_IntType>&, const std::uniform_real_distribution<_IntType>&)
     operator!=(const std::uniform_real_distribution<_IntType>& __d1,
     ^
/usr/include/c++/4.9/bits/random.h:2036:5: note:   template argument deduction/substitution failed:
../src/DataProcessor.cpp:152:71: note:   ‘std::list<long int>::iterator {aka std::_List_iterator<long int>}’ is not derived from ‘const std::uniform_real_distribution<_IntType>’
   for (list<long int>::iterator it = pslist.begin(); it != pslist.end();
                                                                       ^
In file included from /usr/include/c++/4.9/random:49:0,
                 from /usr/include/c++/4.9/bits/stl_algo.h:66,
                 from /usr/include/c++/4.9/algorithm:62,
                 from /usr/include/armadillo:28,
                 from ../src/DataProcessor.h:27,
                 from ../src/DataProcessor.cpp:8:
/usr/include/c++/4.9/bits/random.h:1827:5: note: template<class _IntType> bool std::operator!=(const std::uniform_int_distribution<_IntType>&, const std::uniform_int_distribution<_IntType>&)
     operator!=(const std::uniform_int_distribution<_IntType>& __d1,
     ^
/usr/include/c++/4.9/bits/random.h:1827:5: note:   template argument deduction/substitution failed:
../src/DataProcessor.cpp:152:71: note:   ‘std::list<long int>::iterator {aka std::_List_iterator<long int>}’ is not derived from ‘const std::uniform_int_distribution<_IntType>’
   for (list<long int>::iterator it = pslist.begin(); it != pslist.end();
                                                                       ^
In file included from /usr/include/c++/4.9/random:49:0,
                 from /usr/include/c++/4.9/bits/stl_algo.h:66,
                 from /usr/include/c++/4.9/algorithm:62,
                 from /usr/include/armadillo:28,
                 from ../src/DataProcessor.h:27,
                 from ../src/DataProcessor.cpp:8:
/usr/include/c++/4.9/bits/random.h:1512:5: note: template<class _RandomNumberEngine, long unsigned int __k> bool std::operator!=(const std::shuffle_order_engine<_RandomNumberEngine, __k>&, const std::shuffle_order_engine<_RandomNumberEngine, __k>&)
     operator!=(const std::shuffle_order_engine<_RandomNumberEngine,
     ^
/usr/include/c++/4.9/bits/random.h:1512:5: note:   template argument deduction/substitution failed:
../src/DataProcessor.cpp:152:71: note:   ‘std::list<long int>::iterator {aka std::_List_iterator<long int>}’ is not derived from ‘const std::shuffle_order_engine<_RandomNumberEngine, __k>’
   for (list<long int>::iterator it = pslist.begin(); it != pslist.end();
                                                                       ^
In file included from /usr/include/c++/4.9/random:49:0,
                 from /usr/include/c++/4.9/bits/stl_algo.h:66,
                 from /usr/include/c++/4.9/algorithm:62,
                 from /usr/include/armadillo:28,
                 from ../src/DataProcessor.h:27,
                 from ../src/DataProcessor.cpp:8:
/usr/include/c++/4.9/bits/random.h:1260:5: note: template<class _RandomNumberEngine, long unsigned int __w, class _UIntType> bool std::operator!=(const std::independent_bits_engine<_RandomNumberEngine, __w, _UIntType>&, const std::independent_bits_engine<_RandomNumberEngine, __w, _UIntType>&)
     operator!=(const std::independent_bits_engine<_RandomNumberEngine, __w,
     ^
/usr/include/c++/4.9/bits/random.h:1260:5: note:   template argument deduction/substitution failed:
../src/DataProcessor.cpp:152:71: note:   ‘std::list<long int>::iterator {aka std::_List_iterator<long int>}’ is not derived from ‘const std::independent_bits_engine<_RandomNumberEngine, __w, _UIntType>’
   for (list<long int>::iterator it = pslist.begin(); it != pslist.end();
                                                                       ^
In file included from /usr/include/c++/4.9/random:49:0,
                 from /usr/include/c++/4.9/bits/stl_algo.h:66,
                 from /usr/include/c++/4.9/algorithm:62,
                 from /usr/include/armadillo:28,
                 from ../src/DataProcessor.h:27,
                 from ../src/DataProcessor.cpp:8:
/usr/include/c++/4.9/bits/random.h:1064:5: note: template<class _RandomNumberEngine, long unsigned int __p, long unsigned int __r> bool std::operator!=(const std::discard_block_engine<_RandomNumberEngine, __p, __r>&, const std::discard_block_engine<_RandomNumberEngine, __p, __r>&)
     operator!=(const std::discard_block_engine<_RandomNumberEngine, __p,
     ^
/usr/include/c++/4.9/bits/random.h:1064:5: note:   template argument deduction/substitution failed:
../src/DataProcessor.cpp:152:71: note:   ‘std::list<long int>::iterator {aka std::_List_iterator<long int>}’ is not derived from ‘const std::discard_block_engine<_RandomNumberEngine, __p, __r>’
   for (list<long int>::iterator it = pslist.begin(); it != pslist.end();
                                                                       ^
In file included from /usr/include/c++/4.9/random:49:0,
                 from /usr/include/c++/4.9/bits/stl_algo.h:66,
                 from /usr/include/c++/4.9/algorithm:62,
                 from /usr/include/armadillo:28,
                 from ../src/DataProcessor.h:27,
                 from ../src/DataProcessor.cpp:8:
/usr/include/c++/4.9/bits/random.h:842:5: note: template<class _UIntType, long unsigned int __w, long unsigned int __s, long unsigned int __r> bool std::operator!=(const std::subtract_with_carry_engine<_UIntType, __w, __s, __r>&, const std::subtract_with_carry_engine<_UIntType, __w, __s, __r>&)
     operator!=(const std::subtract_with_carry_engine<_UIntType, __w,
     ^
/usr/include/c++/4.9/bits/random.h:842:5: note:   template argument deduction/substitution failed:
../src/DataProcessor.cpp:152:71: note:   ‘std::list<long int>::iterator {aka std::_List_iterator<long int>}’ is not derived from ‘const std::subtract_with_carry_engine<_UIntType, __w, __s, __r>’
   for (list<long int>::iterator it = pslist.begin(); it != pslist.end();
                                                                       ^
In file included from /usr/include/c++/4.9/random:49:0,
                 from /usr/include/c++/4.9/bits/stl_algo.h:66,
                 from /usr/include/c++/4.9/algorithm:62,
                 from /usr/include/armadillo:28,
                 from ../src/DataProcessor.h:27,
                 from ../src/DataProcessor.cpp:8:
/usr/include/c++/4.9/bits/random.h:643:5: note: template<class _UIntType, long unsigned int __w, long unsigned int __n, long unsigned int __m, long unsigned int __r, _UIntType __a, long unsigned int __u, _UIntType __d, long unsigned int __s, _UIntType __b, long unsigned int __t, _UIntType __c, long unsigned int __l, _UIntType __f> bool std::operator!=(const std::mersenne_twister_engine<_UIntType, __w, __n, __m, __r, __a, __u, __d, __s, __b, __t, __c, __l, __f>&, const std::mersenne_twister_engine<_UIntType, __w, __n, __m, __r, __a, __u, __d, __s, __b, __t, __c, __l, __f>&)
     operator!=(const std::mersenne_twister_engine<_UIntType, __w, __n, __m,
     ^
/usr/include/c++/4.9/bits/random.h:643:5: note:   template argument deduction/substitution failed:
../src/DataProcessor.cpp:152:71: note:   ‘std::list<long int>::iterator {aka std::_List_iterator<long int>}’ is not derived from ‘const std::mersenne_twister_engine<_UIntType, __w, __n, __m, __r, __a, __u, __d, __s, __b, __t, __c, __l, __f>’
   for (list<long int>::iterator it = pslist.begin(); it != pslist.end();
                                                                       ^
In file included from /usr/include/c++/4.9/random:49:0,
                 from /usr/include/c++/4.9/bits/stl_algo.h:66,
                 from /usr/include/c++/4.9/algorithm:62,
                 from /usr/include/armadillo:28,
                 from ../src/DataProcessor.h:27,
                 from ../src/DataProcessor.cpp:8:
/usr/include/c++/4.9/bits/random.h:411:5: note: template<class _UIntType, _UIntType __a, _UIntType __c, _UIntType __m> bool std::operator!=(const std::linear_congruential_engine<_UIntType, __a, __c, __m>&, const std::linear_congruential_engine<_UIntType, __a, __c, __m>&)
     operator!=(const std::linear_congruential_engine<_UIntType, __a,
     ^
/usr/include/c++/4.9/bits/random.h:411:5: note:   template argument deduction/substitution failed:
../src/DataProcessor.cpp:152:71: note:   ‘std::list<long int>::iterator {aka std::_List_iterator<long int>}’ is not derived from ‘const std::linear_congruential_engine<_UIntType, __a, __c, __m>’
   for (list<long int>::iterator it = pslist.begin(); it != pslist.end();
                                                                       ^
In file included from ../src/DataProcessor.h:24:0,
                 from ../src/DataProcessor.cpp:8:
/usr/include/c++/4.9/array:237:5: note: template<class _Tp, long unsigned int _Nm> bool std::operator!=(const std::array<_Tp, _Nm>&, const std::array<_Tp, _Nm>&)
     operator!=(const array<_Tp, _Nm>& __one, const array<_Tp, _Nm>& __two)
     ^
/usr/include/c++/4.9/array:237:5: note:   template argument deduction/substitution failed:
../src/DataProcessor.cpp:152:71: note:   ‘std::list<long int>::iterator {aka std::_List_iterator<long int>}’ is not derived from ‘const std::array<_Tp, _Nm>’
   for (list<long int>::iterator it = pslist.begin(); it != pslist.end();
                                                                       ^
In file included from /usr/include/c++/4.9/vector:64:0,
                 from ../src/DataProcessor.h:23,
                 from ../src/DataProcessor.cpp:8:
/usr/include/c++/4.9/bits/stl_vector.h:1535:5: note: template<class _Tp, class _Alloc> bool std::operator!=(const std::vector<_Tp, _Alloc>&, const std::vector<_Tp, _Alloc>&)
     operator!=(const vector<_Tp, _Alloc>& __x, const vector<_Tp, _Alloc>& __y)
     ^
/usr/include/c++/4.9/bits/stl_vector.h:1535:5: note:   template argument deduction/substitution failed:
../src/DataProcessor.cpp:152:71: note:   ‘std::list<long int>::iterator {aka std::_List_iterator<long int>}’ is not derived from ‘const std::vector<_Tp, _Alloc>’
   for (list<long int>::iterator it = pslist.begin(); it != pslist.end();
                                                                       ^
In file included from /usr/include/c++/4.9/list:63:0,
                 from ../src/DataProcessor.h:22,
                 from ../src/DataProcessor.cpp:8:
/usr/include/c++/4.9/bits/stl_list.h:1765:5: note: template<class _Tp, class _Alloc> bool std::operator!=(const std::list<_Tp, _Alloc>&, const std::list<_Tp, _Alloc>&)
     operator!=(const list<_Tp, _Alloc>& __x, const list<_Tp, _Alloc>& __y)
     ^
/usr/include/c++/4.9/bits/stl_list.h:1765:5: note:   template argument deduction/substitution failed:
../src/DataProcessor.cpp:152:71: note:   ‘std::list<long int>::iterator {aka std::_List_iterator<long int>}’ is not derived from ‘const std::list<_Tp, _Alloc>’
   for (list<long int>::iterator it = pslist.begin(); it != pslist.end();
                                                                       ^
In file included from /usr/include/c++/4.9/list:63:0,
                 from ../src/DataProcessor.h:22,
                 from ../src/DataProcessor.cpp:8:
/usr/include/c++/4.9/bits/stl_list.h:291:5: note: template<class _Val> bool std::operator!=(const std::_List_iterator<_Tp>&, const std::_List_const_iterator<_Val>&)
     operator!=(const _List_iterator<_Val>& __x,
     ^
/usr/include/c++/4.9/bits/stl_list.h:291:5: note:   template argument deduction/substitution failed:
../src/DataProcessor.cpp:152:71: note:   ‘std::list<short unsigned int>::iterator {aka std::_List_iterator<short unsigned int>}’ is not derived from ‘const std::_List_const_iterator<_Val>’
   for (list<long int>::iterator it = pslist.begin(); it != pslist.end();
                                                                       ^
In file included from /usr/include/c++/4.9/bits/locale_facets.h:48:0,
                 from /usr/include/c++/4.9/bits/basic_ios.h:37,
                 from /usr/include/c++/4.9/ios:44,
                 from /usr/include/c++/4.9/ostream:38,
                 from /usr/include/c++/4.9/iostream:39,
                 from ../src/DataProcessor.h:20,
                 from ../src/DataProcessor.cpp:8:
/usr/include/c++/4.9/bits/streambuf_iterator.h:210:5: note: template<class _CharT, class _Traits> bool std::operator!=(const std::istreambuf_iterator<_CharT, _Traits>&, const std::istreambuf_iterator<_CharT, _Traits>&)
     operator!=(const istreambuf_iterator<_CharT, _Traits>& __a,
     ^
/usr/include/c++/4.9/bits/streambuf_iterator.h:210:5: note:   template argument deduction/substitution failed:
../src/DataProcessor.cpp:152:71: note:   ‘std::list<long int>::iterator {aka std::_List_iterator<long int>}’ is not derived from ‘const std::istreambuf_iterator<_CharT, _Traits>’
   for (list<long int>::iterator it = pslist.begin(); it != pslist.end();
                                                                       ^
In file included from /usr/include/c++/4.9/string:52:0,
                 from /usr/include/c++/4.9/bits/locale_classes.h:40,
                 from /usr/include/c++/4.9/bits/ios_base.h:41,
                 from /usr/include/c++/4.9/ios:42,
                 from /usr/include/c++/4.9/ostream:38,
                 from /usr/include/c++/4.9/iostream:39,
                 from ../src/DataProcessor.h:20,
                 from ../src/DataProcessor.cpp:8:
/usr/include/c++/4.9/bits/basic_string.h:2575:5: note: template<class _CharT, class _Traits, class _Alloc> bool std::operator!=(const std::basic_string<_CharT, _Traits, _Alloc>&, const _CharT*)
     operator!=(const basic_string<_CharT, _Traits, _Alloc>& __lhs,
     ^
/usr/include/c++/4.9/bits/basic_string.h:2575:5: note:   template argument deduction/substitution failed:
../src/DataProcessor.cpp:152:71: note:   ‘std::list<long int>::iterator {aka std::_List_iterator<long int>}’ is not derived from ‘const std::basic_string<_CharT, _Traits, _Alloc>’
   for (list<long int>::iterator it = pslist.begin(); it != pslist.end();
                                                                       ^
In file included from /usr/include/c++/4.9/string:52:0,
                 from /usr/include/c++/4.9/bits/locale_classes.h:40,
                 from /usr/include/c++/4.9/bits/ios_base.h:41,
                 from /usr/include/c++/4.9/ios:42,
                 from /usr/include/c++/4.9/ostream:38,
                 from /usr/include/c++/4.9/iostream:39,
                 from ../src/DataProcessor.h:20,
                 from ../src/DataProcessor.cpp:8:
/usr/include/c++/4.9/bits/basic_string.h:2563:5: note: template<class _CharT, class _Traits, class _Alloc> bool std::operator!=(const _CharT*, const std::basic_string<_CharT, _Traits, _Alloc>&)
     operator!=(const _CharT* __lhs,
     ^
/usr/include/c++/4.9/bits/basic_string.h:2563:5: note:   template argument deduction/substitution failed:
../src/DataProcessor.cpp:152:71: note:   mismatched types ‘const _CharT*’ and ‘std::_List_iterator<long int>’
   for (list<long int>::iterator it = pslist.begin(); it != pslist.end();
                                                                       ^
In file included from /usr/include/c++/4.9/string:52:0,
                 from /usr/include/c++/4.9/bits/locale_classes.h:40,
                 from /usr/include/c++/4.9/bits/ios_base.h:41,
                 from /usr/include/c++/4.9/ios:42,
                 from /usr/include/c++/4.9/ostream:38,
                 from /usr/include/c++/4.9/iostream:39,
                 from ../src/DataProcessor.h:20,
                 from ../src/DataProcessor.cpp:8:
/usr/include/c++/4.9/bits/basic_string.h:2551:5: note: template<class _CharT, class _Traits, class _Alloc> bool std::operator!=(const std::basic_string<_CharT, _Traits, _Alloc>&, const std::basic_string<_CharT, _Traits, _Alloc>&)
     operator!=(const basic_string<_CharT, _Traits, _Alloc>& __lhs,
     ^
/usr/include/c++/4.9/bits/basic_string.h:2551:5: note:   template argument deduction/substitution failed:
../src/DataProcessor.cpp:152:71: note:   ‘std::list<long int>::iterator {aka std::_List_iterator<long int>}’ is not derived from ‘const std::basic_string<_CharT, _Traits, _Alloc>’
   for (list<long int>::iterator it = pslist.begin(); it != pslist.end();
                                                                       ^
In file included from /usr/include/c++/4.9/string:41:0,
                 from /usr/include/c++/4.9/bits/locale_classes.h:40,
                 from /usr/include/c++/4.9/bits/ios_base.h:41,
                 from /usr/include/c++/4.9/ios:42,
                 from /usr/include/c++/4.9/ostream:38,
                 from /usr/include/c++/4.9/iostream:39,
                 from ../src/DataProcessor.h:20,
                 from ../src/DataProcessor.cpp:8:
/usr/include/c++/4.9/bits/allocator.h:143:5: note: template<class _Tp> bool std::operator!=(const std::allocator<_CharT>&, const std::allocator<_CharT>&)
     operator!=(const allocator<_Tp>&, const allocator<_Tp>&)
     ^
/usr/include/c++/4.9/bits/allocator.h:143:5: note:   template argument deduction/substitution failed:
../src/DataProcessor.cpp:152:71: note:   ‘std::list<long int>::iterator {aka std::_List_iterator<long int>}’ is not derived from ‘const std::allocator<_CharT>’
   for (list<long int>::iterator it = pslist.begin(); it != pslist.end();
                                                                       ^
In file included from /usr/include/c++/4.9/string:41:0,
                 from /usr/include/c++/4.9/bits/locale_classes.h:40,
                 from /usr/include/c++/4.9/bits/ios_base.h:41,
                 from /usr/include/c++/4.9/ios:42,
                 from /usr/include/c++/4.9/ostream:38,
                 from /usr/include/c++/4.9/iostream:39,
                 from ../src/DataProcessor.h:20,
                 from ../src/DataProcessor.cpp:8:
/usr/include/c++/4.9/bits/allocator.h:138:5: note: template<class _T1, class _T2> bool std::operator!=(const std::allocator<_CharT>&, const std::allocator<_T2>&)
     operator!=(const allocator<_T1>&, const allocator<_T2>&)
     ^
/usr/include/c++/4.9/bits/allocator.h:138:5: note:   template argument deduction/substitution failed:
../src/DataProcessor.cpp:152:71: note:   ‘std::list<long int>::iterator {aka std::_List_iterator<long int>}’ is not derived from ‘const std::allocator<_CharT>’
   for (list<long int>::iterator it = pslist.begin(); it != pslist.end();
                                                                       ^
In file included from /usr/include/c++/4.9/bits/stl_algobase.h:67:0,
                 from /usr/include/c++/4.9/bits/char_traits.h:39,
                 from /usr/include/c++/4.9/ios:40,
                 from /usr/include/c++/4.9/ostream:38,
                 from /usr/include/c++/4.9/iostream:39,
                 from ../src/DataProcessor.h:20,
                 from ../src/DataProcessor.cpp:8:
/usr/include/c++/4.9/bits/stl_iterator.h:1066:5: note: template<class _Iterator> bool std::operator!=(const std::move_iterator<_Iterator>&, const std::move_iterator<_Iterator>&)
     operator!=(const move_iterator<_Iterator>& __x,
     ^
/usr/include/c++/4.9/bits/stl_iterator.h:1066:5: note:   template argument deduction/substitution failed:
../src/DataProcessor.cpp:152:71: note:   ‘std::list<long int>::iterator {aka std::_List_iterator<long int>}’ is not derived from ‘const std::move_iterator<_Iterator>’
   for (list<long int>::iterator it = pslist.begin(); it != pslist.end();
                                                                       ^
In file included from /usr/include/c++/4.9/bits/stl_algobase.h:67:0,
                 from /usr/include/c++/4.9/bits/char_traits.h:39,
                 from /usr/include/c++/4.9/ios:40,
                 from /usr/include/c++/4.9/ostream:38,
                 from /usr/include/c++/4.9/iostream:39,
                 from ../src/DataProcessor.h:20,
                 from ../src/DataProcessor.cpp:8:
/usr/include/c++/4.9/bits/stl_iterator.h:1060:5: note: template<class _IteratorL, class _IteratorR> bool std::operator!=(const std::move_iterator<_Iterator>&, const std::move_iterator<_IteratorR>&)
     operator!=(const move_iterator<_IteratorL>& __x,
     ^
/usr/include/c++/4.9/bits/stl_iterator.h:1060:5: note:   template argument deduction/substitution failed:
../src/DataProcessor.cpp:152:71: note:   ‘std::list<long int>::iterator {aka std::_List_iterator<long int>}’ is not derived from ‘const std::move_iterator<_Iterator>’
   for (list<long int>::iterator it = pslist.begin(); it != pslist.end();
                                                                       ^
In file included from /usr/include/c++/4.9/bits/stl_algobase.h:67:0,
                 from /usr/include/c++/4.9/bits/char_traits.h:39,
                 from /usr/include/c++/4.9/ios:40,
                 from /usr/include/c++/4.9/ostream:38,
                 from /usr/include/c++/4.9/iostream:39,
                 from ../src/DataProcessor.h:20,
                 from ../src/DataProcessor.cpp:8:
/usr/include/c++/4.9/bits/stl_iterator.h:354:5: note: template<class _IteratorL, class _IteratorR> bool std::operator!=(const std::reverse_iterator<_Iterator>&, const std::reverse_iterator<_IteratorR>&)
     operator!=(const reverse_iterator<_IteratorL>& __x,
     ^
/usr/include/c++/4.9/bits/stl_iterator.h:354:5: note:   template argument deduction/substitution failed:
../src/DataProcessor.cpp:152:71: note:   ‘std::list<long int>::iterator {aka std::_List_iterator<long int>}’ is not derived from ‘const std::reverse_iterator<_Iterator>’
   for (list<long int>::iterator it = pslist.begin(); it != pslist.end();
                                                                       ^
In file included from /usr/include/c++/4.9/bits/stl_algobase.h:67:0,
                 from /usr/include/c++/4.9/bits/char_traits.h:39,
                 from /usr/include/c++/4.9/ios:40,
                 from /usr/include/c++/4.9/ostream:38,
                 from /usr/include/c++/4.9/iostream:39,
                 from ../src/DataProcessor.h:20,
                 from ../src/DataProcessor.cpp:8:
/usr/include/c++/4.9/bits/stl_iterator.h:304:5: note: template<class _Iterator> bool std::operator!=(const std::reverse_iterator<_Iterator>&, const std::reverse_iterator<_Iterator>&)
     operator!=(const reverse_iterator<_Iterator>& __x,
     ^
/usr/include/c++/4.9/bits/stl_iterator.h:304:5: note:   template argument deduction/substitution failed:
../src/DataProcessor.cpp:152:71: note:   ‘std::list<long int>::iterator {aka std::_List_iterator<long int>}’ is not derived from ‘const std::reverse_iterator<_Iterator>’
   for (list<long int>::iterator it = pslist.begin(); it != pslist.end();
                                                                       ^
In file included from /usr/include/c++/4.9/bits/stl_algobase.h:64:0,
                 from /usr/include/c++/4.9/bits/char_traits.h:39,
                 from /usr/include/c++/4.9/ios:40,
                 from /usr/include/c++/4.9/ostream:38,
                 from /usr/include/c++/4.9/iostream:39,
                 from ../src/DataProcessor.h:20,
                 from ../src/DataProcessor.cpp:8:
/usr/include/c++/4.9/bits/stl_pair.h:227:5: note: template<class _T1, class _T2> constexpr bool std::operator!=(const std::pair<_T1, _T2>&, const std::pair<_T1, _T2>&)
     operator!=(const pair<_T1, _T2>& __x, const pair<_T1, _T2>& __y)
     ^
/usr/include/c++/4.9/bits/stl_pair.h:227:5: note:   template argument deduction/substitution failed:
../src/DataProcessor.cpp:152:71: note:   ‘std::list<long int>::iterator {aka std::_List_iterator<long int>}’ is not derived from ‘const std::pair<_T1, _T2>’
   for (list<long int>::iterator it = pslist.begin(); it != pslist.end();
                                                                       ^
In file included from /usr/include/c++/4.9/iosfwd:40:0,
                 from /usr/include/c++/4.9/ios:38,
                 from /usr/include/c++/4.9/ostream:38,
                 from /usr/include/c++/4.9/iostream:39,
                 from ../src/DataProcessor.h:20,
                 from ../src/DataProcessor.cpp:8:
/usr/include/c++/4.9/bits/postypes.h:221:5: note: template<class _StateT> bool std::operator!=(const std::fpos<_StateT>&, const std::fpos<_StateT>&)
     operator!=(const fpos<_StateT>& __lhs, const fpos<_StateT>& __rhs)
     ^
/usr/include/c++/4.9/bits/postypes.h:221:5: note:   template argument deduction/substitution failed:
../src/DataProcessor.cpp:152:71: note:   ‘std::list<long int>::iterator {aka std::_List_iterator<long int>}’ is not derived from ‘const std::fpos<_StateT>’
   for (list<long int>::iterator it = pslist.begin(); it != pslist.end();
                                                                       ^
src/subdir.mk:45: recipe for target 'src/DataProcessor.o' failed
make: *** [src/DataProcessor.o] Error 1
17:53:41 **** Incremental Build of configuration Debug for project Prototypes ****
make all 
make: Warning: File 'Algorithms/subdir.mk' has modification time 164 s in the future
make: warning:  Clock skew detected.  Your build may be incomplete.
make: Nothing to be done for 'all'.
18:29:10 **** Incremental Build of configuration Debug for project CompactTraceDescriptor ****
make all 
make: Warning: File 'src/subdir.mk' has modification time 164 s in the future
Building file: ../src/DataProcessor.cpp
Invoking: GCC C++ Compiler
g++ -std=c++11 -I"/home/ldapusers/apaschoalon/ProjetoMestrado/Components/D-ITG-2.8.1-r1023//src/libITG" -O2 -g3 -Wall -c -fmessage-length=0 -std=c++11 -MMD -MP -MF"src/DataProcessor.d" -MT"src/DataProcessor.o" -o "src/DataProcessor.o" "../src/DataProcessor.cpp"
../src/DataProcessor.cpp: In member function ‘int DataProcessor::calculate(const string&, DatabaseInterface*, NetworkTrace*)’:
../src/DataProcessor.cpp:91:11: error: no matching function for call to ‘DatabaseInterface::getFlowData(const string&, long int&, const char [11], std::list<short unsigned int>&)’
     pslist);
           ^
../src/DataProcessor.cpp:91:11: note: candidates are:
In file included from ../src/DataProcessor.h:30:0,
                 from ../src/DataProcessor.cpp:8:
../src/DatabaseInterface.h:123:6: note: int DatabaseInterface::getFlowData(std::string, int, std::string, long int*)
  int getFlowData(string experimentName, int flowID, string label,
      ^
../src/DatabaseInterface.h:123:6: note:   no known conversion for argument 4 from ‘std::list<short unsigned int>’ to ‘long int*’
../src/DatabaseInterface.h:129:6: note: int DatabaseInterface::getFlowData(std::string, int, std::string, double*)
  int getFlowData(string experimentName, int flowID, string label,
      ^
../src/DatabaseInterface.h:129:6: note:   no known conversion for argument 4 from ‘std::list<short unsigned int>’ to ‘double*’
../src/DatabaseInterface.h:135:6: note: int DatabaseInterface::getFlowData(std::string, int, std::string, std::string*)
  int getFlowData(string experimentName, int flowID, string label, string* str);
      ^
../src/DatabaseInterface.h:135:6: note:   no known conversion for argument 4 from ‘std::list<short unsigned int>’ to ‘std::string* {aka std::basic_string<char>*}’
../src/DatabaseInterface.h:140:6: note: int DatabaseInterface::getFlowData(std::string, int, std::string, std::list<long int>&)
  int getFlowData(string experimentName, int flowID, string label,
      ^
../src/DatabaseInterface.h:140:6: note:   no known conversion for argument 4 from ‘std::list<short unsigned int>’ to ‘std::list<long int>&’
../src/DatabaseInterface.h:146:6: note: int DatabaseInterface::getFlowData(std::string, int, std::string, std::list<int>&)
  int getFlowData(string experimentName, int flowID, string label,
      ^
../src/DatabaseInterface.h:146:6: note:   no known conversion for argument 4 from ‘std::list<short unsigned int>’ to ‘std::list<int>&’
../src/DatabaseInterface.h:152:6: note: int DatabaseInterface::getFlowData(std::string, int, std::string, std::list<double>&)
  int getFlowData(string experimentName, int flowID, string label,
      ^
../src/DatabaseInterface.h:152:6: note:   no known conversion for argument 4 from ‘std::list<short unsigned int>’ to ‘std::list<double>&’
../src/DatabaseInterface.h:158:6: note: int DatabaseInterface::getFlowData(std::string, int, std::string, std::list<std::basic_string<char> >&)
  int getFlowData(string experimentName, int flowID, string label,
      ^
../src/DatabaseInterface.h:158:6: note:   no known conversion for argument 4 from ‘std::list<short unsigned int>’ to ‘std::list<std::basic_string<char> >&’
make: *** [src/DataProcessor.o] Error 1
src/subdir.mk:45: recipe for target 'src/DataProcessor.o' failed
18:29:13 **** Incremental Build of configuration Debug for project Prototypes ****
make all 
make: Warning: File 'Algorithms/subdir.mk' has modification time 164 s in the future
make: warning:  Clock skew detected.  Your build may be incomplete.
make: Nothing to be done for 'all'.
21:25:16 **** Incremental Build of configuration Debug for project CompactTraceDescriptor ****
make all 
make: Warning: File 'src/subdir.mk' has modification time 164 s in the future
Building file: ../src/DataProcessor.cpp
Invoking: GCC C++ Compiler
g++ -std=c++11 -I"/home/ldapusers/apaschoalon/ProjetoMestrado/Components/D-ITG-2.8.1-r1023//src/libITG" -O2 -g3 -Wall -c -fmessage-length=0 -std=c++11 -MMD -MP -MF"src/DataProcessor.d" -MT"src/DataProcessor.o" -o "src/DataProcessor.o" "../src/DataProcessor.cpp"
../src/DataProcessor.cpp: In member function ‘int DataProcessor::calculate(const string&, DatabaseInterface*, NetworkTrace*)’:
../src/DataProcessor.cpp:91:11: error: no matching function for call to ‘DatabaseInterface::getFlowData(const string&, long int&, const char [11], std::list<short unsigned int>&)’
     pslist);
           ^
../src/DataProcessor.cpp:91:11: note: candidates are:
In file included from ../src/DataProcessor.h:30:0,
                 from ../src/DataProcessor.cpp:8:
../src/DatabaseInterface.h:123:6: note: int DatabaseInterface::getFlowData(std::string, int, std::string, long int*)
  int getFlowData(string experimentName, int flowID, string label,
      ^
../src/DatabaseInterface.h:123:6: note:   no known conversion for argument 4 from ‘std::list<short unsigned int>’ to ‘long int*’
../src/DatabaseInterface.h:129:6: note: int DatabaseInterface::getFlowData(std::string, int, std::string, double*)
  int getFlowData(string experimentName, int flowID, string label,
      ^
../src/DatabaseInterface.h:129:6: note:   no known conversion for argument 4 from ‘std::list<short unsigned int>’ to ‘double*’
../src/DatabaseInterface.h:135:6: note: int DatabaseInterface::getFlowData(std::string, int, std::string, std::string*)
  int getFlowData(string experimentName, int flowID, string label, string* str);
      ^
../src/DatabaseInterface.h:135:6: note:   no known conversion for argument 4 from ‘std::list<short unsigned int>’ to ‘std::string* {aka std::basic_string<char>*}’
../src/DatabaseInterface.h:140:6: note: int DatabaseInterface::getFlowData(std::string, int, std::string, std::list<long int>&)
  int getFlowData(string experimentName, int flowID, string label,
      ^
../src/DatabaseInterface.h:140:6: note:   no known conversion for argument 4 from ‘std::list<short unsigned int>’ to ‘std::list<long int>&’
../src/DatabaseInterface.h:146:6: note: int DatabaseInterface::getFlowData(std::string, int, std::string, std::list<int>&)
  int getFlowData(string experimentName, int flowID, string label,
      ^
../src/DatabaseInterface.h:146:6: note:   no known conversion for argument 4 from ‘std::list<short unsigned int>’ to ‘std::list<int>&’
../src/DatabaseInterface.h:152:6: note: int DatabaseInterface::getFlowData(std::string, int, std::string, std::list<double>&)
  int getFlowData(string experimentName, int flowID, string label,
      ^
../src/DatabaseInterface.h:152:6: note:   no known conversion for argument 4 from ‘std::list<short unsigned int>’ to ‘std::list<double>&’
../src/DatabaseInterface.h:158:6: note: int DatabaseInterface::getFlowData(std::string, int, std::string, std::list<std::basic_string<char> >&)
  int getFlowData(string experimentName, int flowID, string label,
      ^
../src/DatabaseInterface.h:158:6: note:   no known conversion for argument 4 from ‘std::list<short unsigned int>’ to ‘std::list<std::basic_string<char> >&’
make: *** [src/DataProcessor.o] Error 1
src/subdir.mk:45: recipe for target 'src/DataProcessor.o' failed
21:25:19 **** Incremental Build of configuration Debug for project Prototypes ****
make all 
make: Warning: File 'Algorithms/subdir.mk' has modification time 164 s in the future
make: warning:  Clock skew detected.  Your build may be incomplete.
make: Nothing to be done for 'all'.
21:25:57 **** Incremental Build of configuration Debug for project CompactTraceDescriptor ****
make all 
make: Warning: File 'src/subdir.mk' has modification time 164 s in the future
Building file: ../src/DataProcessor.cpp
Invoking: GCC C++ Compiler
g++ -std=c++11 -I"/home/ldapusers/apaschoalon/ProjetoMestrado/Components/D-ITG-2.8.1-r1023//src/libITG" -O2 -g3 -Wall -c -fmessage-length=0 -std=c++11 -MMD -MP -MF"src/DataProcessor.d" -MT"src/DataProcessor.o" -o "src/DataProcessor.o" "../src/DataProcessor.cpp"
Finished building: ../src/DataProcessor.cpp
 
Building file: ../src/DitgFlow.cpp
Invoking: GCC C++ Compiler
g++ -std=c++11 -I"/home/ldapusers/apaschoalon/ProjetoMestrado/Components/D-ITG-2.8.1-r1023//src/libITG" -O2 -g3 -Wall -c -fmessage-length=0 -std=c++11 -MMD -MP -MF"src/DitgFlow.d" -MT"src/DitgFlow.o" -o "src/DitgFlow.o" "../src/DitgFlow.cpp"
Finished building: ../src/DitgFlow.cpp
 
Building file: ../src/DummyFlow.cpp
Invoking: GCC C++ Compiler
g++ -std=c++11 -I"/home/ldapusers/apaschoalon/ProjetoMestrado/Components/D-ITG-2.8.1-r1023//src/libITG" -O2 -g3 -Wall -c -fmessage-length=0 -std=c++11 -MMD -MP -MF"src/DummyFlow.d" -MT"src/DummyFlow.o" -o "src/DummyFlow.o" "../src/DummyFlow.cpp"
../src/DummyFlow.cpp: In member function ‘virtual void DummyFlow::flowGenerate()’:
../src/DummyFlow.cpp:154:15: warning: unused variable ‘usecs’ [-Wunused-variable]
  unsigned int usecs = (unsigned int) (this->getFlowStartDelay() * MEGA_POWER);
               ^
Finished building: ../src/DummyFlow.cpp
 
Building file: ../src/Main.cpp
Invoking: GCC C++ Compiler
g++ -std=c++11 -I"/home/ldapusers/apaschoalon/ProjetoMestrado/Components/D-ITG-2.8.1-r1023//src/libITG" -O2 -g3 -Wall -c -fmessage-length=0 -std=c++11 -MMD -MP -MF"src/Main.d" -MT"src/Main.o" -o "src/Main.o" "../src/Main.cpp"
Finished building: ../src/Main.cpp
 
Building file: ../src/NetworkFlow.cpp
Invoking: GCC C++ Compiler
g++ -std=c++11 -I"/home/ldapusers/apaschoalon/ProjetoMestrado/Components/D-ITG-2.8.1-r1023//src/libITG" -O2 -g3 -Wall -c -fmessage-length=0 -std=c++11 -MMD -MP -MF"src/NetworkFlow.d" -MT"src/NetworkFlow.o" -o "src/NetworkFlow.o" "../src/NetworkFlow.cpp"
Finished building: ../src/NetworkFlow.cpp
 
Building file: ../src/NetworkTrace.cpp
Invoking: GCC C++ Compiler
g++ -std=c++11 -I"/home/ldapusers/apaschoalon/ProjetoMestrado/Components/D-ITG-2.8.1-r1023//src/libITG" -O2 -g3 -Wall -c -fmessage-length=0 -std=c++11 -MMD -MP -MF"src/NetworkTrace.d" -MT"src/NetworkTrace.o" -o "src/NetworkTrace.o" "../src/NetworkTrace.cpp"
Finished building: ../src/NetworkTrace.cpp
 
Building file: ../src/TestClass.cpp
Invoking: GCC C++ Compiler
g++ -std=c++11 -I"/home/ldapusers/apaschoalon/ProjetoMestrado/Components/D-ITG-2.8.1-r1023//src/libITG" -O2 -g3 -Wall -c -fmessage-length=0 -std=c++11 -MMD -MP -MF"src/TestClass.d" -MT"src/TestClass.o" -o "src/TestClass.o" "../src/TestClass.cpp"
Finished building: ../src/TestClass.cpp
 
Building target: CompactTraceDescriptor
Invoking: GCC C++ Linker
g++  -o "CompactTraceDescriptor"  ./src/DataProcessor.o ./src/DatabaseInterface.o ./src/DitgFlow.o ./src/DummyFlow.o ./src/Main.o ./src/NetworkFlow.o ./src/NetworkTrace.o ./src/StochasticModelFit.o ./src/TestClass.o ./src/TraceAnalyzer.o   -lpthread -lsqlite3 -larmadillo -lITG
Finished building target: CompactTraceDescriptor
 
make: warning:  Clock skew detected.  Your build may be incomplete.
21:26:09 **** Incremental Build of configuration Debug for project Prototypes ****
make all 
make: Warning: File 'Algorithms/subdir.mk' has modification time 164 s in the future
make: Nothing to be done for 'all'.
make: warning:  Clock skew detected.  Your build may be incomplete.
21:22:27 **** Incremental Build of configuration Debug for project CompactTraceDescriptor ****
make all 
make: Warning: File 'src/subdir.mk' has modification time 163 s in the future
Building file: ../src/DataProcessor.cpp
Invoking: GCC C++ Compiler
g++ -std=c++11 -I"/home/ldapusers/apaschoalon/ProjetoMestrado/Components/D-ITG-2.8.1-r1023//src/libITG" -O2 -g3 -Wall -c -fmessage-length=0 -std=c++11 -MMD -MP -MF"src/DataProcessor.d" -MT"src/DataProcessor.o" -o "src/DataProcessor.o" "../src/DataProcessor.cpp"
Finished building: ../src/DataProcessor.cpp
 
Building file: ../src/DitgFlow.cpp
Invoking: GCC C++ Compiler
g++ -std=c++11 -I"/home/ldapusers/apaschoalon/ProjetoMestrado/Components/D-ITG-2.8.1-r1023//src/libITG" -O2 -g3 -Wall -c -fmessage-length=0 -std=c++11 -MMD -MP -MF"src/DitgFlow.d" -MT"src/DitgFlow.o" -o "src/DitgFlow.o" "../src/DitgFlow.cpp"
In file included from ../src/DitgFlow.h:12:0,
                 from ../src/DitgFlow.cpp:8:
../src/DummyFlow.h:92:25: error: conflicting return type specified for ‘virtual long long unsigned int DummyFlow::getNumberOfKbytes() const’
  unsigned long long int getNumberOfKbytes() const;
                         ^
In file included from ../src/DitgFlow.h:11:0,
                 from ../src/DitgFlow.cpp:8:
../src/NetworkFlow.h:54:28: error:   overriding ‘virtual long unsigned int NetworkFlow::getNumberOfKbytes() const’
  virtual unsigned long int getNumberOfKbytes() const = 0;
                            ^
In file included from ../src/DitgFlow.h:12:0,
                 from ../src/DitgFlow.cpp:8:
../src/DummyFlow.h:94:25: error: conflicting return type specified for ‘virtual long long unsigned int DummyFlow::getNumberOfPackets() const’
  unsigned long long int getNumberOfPackets() const;
                         ^
In file included from ../src/DitgFlow.h:11:0,
                 from ../src/DitgFlow.cpp:8:
../src/NetworkFlow.h:56:28: error:   overriding ‘virtual long unsigned int NetworkFlow::getNumberOfPackets() const’
  virtual unsigned long int getNumberOfPackets() const = 0;
                            ^
make: *** [src/DitgFlow.o] Error 1
src/subdir.mk:45: recipe for target 'src/DitgFlow.o' failed
21:22:32 **** Incremental Build of configuration Debug for project Prototypes ****
make all 
make: Warning: File 'Algorithms/subdir.mk' has modification time 163 s in the future
make: warning:  Clock skew detected.  Your build may be incomplete.
make: Nothing to be done for 'all'.
21:23:05 **** Incremental Build of configuration Debug for project CompactTraceDescriptor ****
make all 
make: Warning: File 'src/DataProcessor.d' has modification time 128 s in the future
Building file: ../src/DitgFlow.cpp
Invoking: GCC C++ Compiler
g++ -std=c++11 -I"/home/ldapusers/apaschoalon/ProjetoMestrado/Components/D-ITG-2.8.1-r1023//src/libITG" -O2 -g3 -Wall -c -fmessage-length=0 -std=c++11 -MMD -MP -MF"src/DitgFlow.d" -MT"src/DitgFlow.o" -o "src/DitgFlow.o" "../src/DitgFlow.cpp"
Finished building: ../src/DitgFlow.cpp
 
Building file: ../src/DummyFlow.cpp
Invoking: GCC C++ Compiler
g++ -std=c++11 -I"/home/ldapusers/apaschoalon/ProjetoMestrado/Components/D-ITG-2.8.1-r1023//src/libITG" -O2 -g3 -Wall -c -fmessage-length=0 -std=c++11 -MMD -MP -MF"src/DummyFlow.d" -MT"src/DummyFlow.o" -o "src/DummyFlow.o" "../src/DummyFlow.cpp"
../src/DummyFlow.cpp: In member function ‘virtual void DummyFlow::flowGenerate()’:
../src/DummyFlow.cpp:154:15: warning: unused variable ‘usecs’ [-Wunused-variable]
  unsigned int usecs = (unsigned int) (this->getFlowStartDelay() * MEGA_POWER);
               ^
../src/DummyFlow.cpp: At global scope:
../src/DummyFlow.cpp:892:24: error: prototype for ‘long long unsigned int DummyFlow::getNumberOfKbytes() const’ does not match any in class ‘DummyFlow’
 unsigned long long int DummyFlow::getNumberOfKbytes() const
                        ^
In file included from ../src/DummyFlow.cpp:9:0:
../src/DummyFlow.h:92:20: error: candidate is: virtual long unsigned int DummyFlow::getNumberOfKbytes() const
  unsigned long int getNumberOfKbytes() const;
                    ^
../src/DummyFlow.cpp:902:24: error: prototype for ‘long long unsigned int DummyFlow::getNumberOfPackets() const’ does not match any in class ‘DummyFlow’
 unsigned long long int DummyFlow::getNumberOfPackets() const
                        ^
In file included from ../src/DummyFlow.cpp:9:0:
../src/DummyFlow.h:94:20: error: candidate is: virtual long unsigned int DummyFlow::getNumberOfPackets() const
  unsigned long int getNumberOfPackets() const;
                    ^
src/subdir.mk:45: recipe for target 'src/DummyFlow.o' failed
make: *** [src/DummyFlow.o] Error 1
21:23:07 **** Incremental Build of configuration Debug for project Prototypes ****
make all 
make: Warning: File 'Algorithms/subdir.mk' has modification time 162 s in the future
make: warning:  Clock skew detected.  Your build may be incomplete.
make: Nothing to be done for 'all'.
21:23:22 **** Incremental Build of configuration Debug for project CompactTraceDescriptor ****
make all 
make: Warning: File 'src/DitgFlow.d' has modification time 147 s in the future
Building file: ../src/DitgFlow.cpp
Invoking: GCC C++ Compiler
g++ -std=c++11 -I"/home/ldapusers/apaschoalon/ProjetoMestrado/Components/D-ITG-2.8.1-r1023//src/libITG" -O2 -g3 -Wall -c -fmessage-length=0 -std=c++11 -MMD -MP -MF"src/DitgFlow.d" -MT"src/DitgFlow.o" -o "src/DitgFlow.o" "../src/DitgFlow.cpp"
Finished building: ../src/DitgFlow.cpp
 
Building file: ../src/DummyFlow.cpp
Invoking: GCC C++ Compiler
g++ -std=c++11 -I"/home/ldapusers/apaschoalon/ProjetoMestrado/Components/D-ITG-2.8.1-r1023//src/libITG" -O2 -g3 -Wall -c -fmessage-length=0 -std=c++11 -MMD -MP -MF"src/DummyFlow.d" -MT"src/DummyFlow.o" -o "src/DummyFlow.o" "../src/DummyFlow.cpp"
../src/DummyFlow.cpp: In member function ‘virtual void DummyFlow::flowGenerate()’:
../src/DummyFlow.cpp:154:15: warning: unused variable ‘usecs’ [-Wunused-variable]
  unsigned int usecs = (unsigned int) (this->getFlowStartDelay() * MEGA_POWER);
               ^
../src/DummyFlow.cpp: At global scope:
../src/DummyFlow.cpp:892:24: error: prototype for ‘long long unsigned int DummyFlow::getNumberOfKbytes() const’ does not match any in class ‘DummyFlow’
 unsigned long long int DummyFlow::getNumberOfKbytes() const
                        ^
In file included from ../src/DummyFlow.cpp:9:0:
../src/DummyFlow.h:92:20: error: candidate is: virtual long unsigned int DummyFlow::getNumberOfKbytes() const
  unsigned long int getNumberOfKbytes() const;
                    ^
../src/DummyFlow.cpp:897:6: error: prototype for ‘void DummyFlow::setNumberOfKbytes(long long unsigned int)’ does not match any in class ‘DummyFlow’
 void DummyFlow::setNumberOfKbytes(unsigned long long int numberOfKbytes)
      ^
In file included from ../src/DummyFlow.cpp:9:0:
../src/DummyFlow.h:93:7: error: candidate is: virtual void DummyFlow::setNumberOfKbytes(long unsigned int)
  void setNumberOfKbytes(unsigned long int numberOfKbytes);
       ^
../src/DummyFlow.cpp:902:24: error: prototype for ‘long long unsigned int DummyFlow::getNumberOfPackets() const’ does not match any in class ‘DummyFlow’
 unsigned long long int DummyFlow::getNumberOfPackets() const
                        ^
In file included from ../src/DummyFlow.cpp:9:0:
../src/DummyFlow.h:94:20: error: candidate is: virtual long unsigned int DummyFlow::getNumberOfPackets() const
  unsigned long int getNumberOfPackets() const;
                    ^
../src/DummyFlow.cpp:907:6: error: prototype for ‘void DummyFlow::setNumberOfPackets(long long unsigned int)’ does not match any in class ‘DummyFlow’
 void DummyFlow::setNumberOfPackets(unsigned long long int numberOfPackets)
      ^
In file included from ../src/DummyFlow.cpp:9:0:
../src/DummyFlow.h:95:7: error: candidate is: virtual void DummyFlow::setNumberOfPackets(long unsigned int)
  void setNumberOfPackets(unsigned long int numberOfPackets);
       ^
src/subdir.mk:45: recipe for target 'src/DummyFlow.o' failed
make: *** [src/DummyFlow.o] Error 1
21:23:24 **** Incremental Build of configuration Debug for project Prototypes ****
make all 
make: Warning: File 'Algorithms/subdir.mk' has modification time 163 s in the future
make: warning:  Clock skew detected.  Your build may be incomplete.
make: Nothing to be done for 'all'.
21:24:43 **** Incremental Build of configuration Debug for project CompactTraceDescriptor ****
make all 
make: Warning: File 'src/DitgFlow.d' has modification time 83 s in the future
Building file: ../src/DummyFlow.cpp
Invoking: GCC C++ Compiler
g++ -std=c++11 -I"/home/ldapusers/apaschoalon/ProjetoMestrado/Components/D-ITG-2.8.1-r1023//src/libITG" -O2 -g3 -Wall -c -fmessage-length=0 -std=c++11 -MMD -MP -MF"src/DummyFlow.d" -MT"src/DummyFlow.o" -o "src/DummyFlow.o" "../src/DummyFlow.cpp"
../src/DummyFlow.cpp: In member function ‘virtual void DummyFlow::flowGenerate()’:
../src/DummyFlow.cpp:154:15: warning: unused variable ‘usecs’ [-Wunused-variable]
  unsigned int usecs = (unsigned int) (this->getFlowStartDelay() * MEGA_POWER);
               ^
../src/DummyFlow.cpp: At global scope:
../src/DummyFlow.cpp:897:52: error: expected ‘,’ or ‘...’ before ‘numberOfKbytes’
 void DummyFlow::setNumberOfKbytes(unsigned longint numberOfKbytes)
                                                    ^
../src/DummyFlow.cpp:897:6: error: prototype for ‘void DummyFlow::setNumberOfKbytes(unsigned int)’ does not match any in class ‘DummyFlow’
 void DummyFlow::setNumberOfKbytes(unsigned longint numberOfKbytes)
      ^
In file included from ../src/DummyFlow.cpp:9:0:
../src/DummyFlow.h:93:7: error: candidate is: virtual void DummyFlow::setNumberOfKbytes(long unsigned int)
  void setNumberOfKbytes(unsigned long int numberOfKbytes);
       ^
../src/DummyFlow.cpp:902:24: error: prototype for ‘long long unsigned int DummyFlow::getNumberOfPackets() const’ does not match any in class ‘DummyFlow’
 unsigned long long int DummyFlow::getNumberOfPackets() const
                        ^
In file included from ../src/DummyFlow.cpp:9:0:
../src/DummyFlow.h:94:20: error: candidate is: virtual long unsigned int DummyFlow::getNumberOfPackets() const
  unsigned long int getNumberOfPackets() const;
                    ^
src/subdir.mk:45: recipe for target 'src/DummyFlow.o' failed
make: *** [src/DummyFlow.o] Error 1
21:24:44 **** Incremental Build of configuration Debug for project Prototypes ****
make all 
make: Warning: File 'Algorithms/subdir.mk' has modification time 163 s in the future
make: warning:  Clock skew detected.  Your build may be incomplete.
make: Nothing to be done for 'all'.
21:24:53 **** Incremental Build of configuration Debug for project CompactTraceDescriptor ****
make all 
make: Warning: File 'src/DitgFlow.d' has modification time 73 s in the future
Building file: ../src/DummyFlow.cpp
Invoking: GCC C++ Compiler
g++ -std=c++11 -I"/home/ldapusers/apaschoalon/ProjetoMestrado/Components/D-ITG-2.8.1-r1023//src/libITG" -O2 -g3 -Wall -c -fmessage-length=0 -std=c++11 -MMD -MP -MF"src/DummyFlow.d" -MT"src/DummyFlow.o" -o "src/DummyFlow.o" "../src/DummyFlow.cpp"
../src/DummyFlow.cpp: In member function ‘virtual void DummyFlow::flowGenerate()’:
../src/DummyFlow.cpp:154:15: warning: unused variable ‘usecs’ [-Wunused-variable]
  unsigned int usecs = (unsigned int) (this->getFlowStartDelay() * MEGA_POWER);
               ^
Finished building: ../src/DummyFlow.cpp
 
Building file: ../src/Main.cpp
Invoking: GCC C++ Compiler
g++ -std=c++11 -I"/home/ldapusers/apaschoalon/ProjetoMestrado/Components/D-ITG-2.8.1-r1023//src/libITG" -O2 -g3 -Wall -c -fmessage-length=0 -std=c++11 -MMD -MP -MF"src/Main.d" -MT"src/Main.o" -o "src/Main.o" "../src/Main.cpp"
Finished building: ../src/Main.cpp
 
Building file: ../src/NetworkFlow.cpp
Invoking: GCC C++ Compiler
g++ -std=c++11 -I"/home/ldapusers/apaschoalon/ProjetoMestrado/Components/D-ITG-2.8.1-r1023//src/libITG" -O2 -g3 -Wall -c -fmessage-length=0 -std=c++11 -MMD -MP -MF"src/NetworkFlow.d" -MT"src/NetworkFlow.o" -o "src/NetworkFlow.o" "../src/NetworkFlow.cpp"
Finished building: ../src/NetworkFlow.cpp
 
Building file: ../src/NetworkTrace.cpp
Invoking: GCC C++ Compiler
g++ -std=c++11 -I"/home/ldapusers/apaschoalon/ProjetoMestrado/Components/D-ITG-2.8.1-r1023//src/libITG" -O2 -g3 -Wall -c -fmessage-length=0 -std=c++11 -MMD -MP -MF"src/NetworkTrace.d" -MT"src/NetworkTrace.o" -o "src/NetworkTrace.o" "../src/NetworkTrace.cpp"
Finished building: ../src/NetworkTrace.cpp
 
Building file: ../src/TestClass.cpp
Invoking: GCC C++ Compiler
g++ -std=c++11 -I"/home/ldapusers/apaschoalon/ProjetoMestrado/Components/D-ITG-2.8.1-r1023//src/libITG" -O2 -g3 -Wall -c -fmessage-length=0 -std=c++11 -MMD -MP -MF"src/TestClass.d" -MT"src/TestClass.o" -o "src/TestClass.o" "../src/TestClass.cpp"
Finished building: ../src/TestClass.cpp
 
Building target: CompactTraceDescriptor
Invoking: GCC C++ Linker
g++  -o "CompactTraceDescriptor"  ./src/DataProcessor.o ./src/DatabaseInterface.o ./src/DitgFlow.o ./src/DummyFlow.o ./src/Main.o ./src/NetworkFlow.o ./src/NetworkTrace.o ./src/StochasticModelFit.o ./src/TestClass.o ./src/TraceAnalyzer.o   -lpthread -lsqlite3 -larmadillo -lITG
Finished building target: CompactTraceDescriptor
 
make: warning:  Clock skew detected.  Your build may be incomplete.
21:25:01 **** Incremental Build of configuration Debug for project Prototypes ****
make all 
make: Warning: File 'Algorithms/subdir.mk' has modification time 163 s in the future
make: Nothing to be done for 'all'.
make: warning:  Clock skew detected.  Your build may be incomplete.
21:25:05 **** Incremental Build of configuration Debug for project CompactTraceDescriptor ****
make all 
make: Warning: File 'src/TestClass.d' has modification time 158 s in the future
make: warning:  Clock skew detected.  Your build may be incomplete.
make: Nothing to be done for 'all'.
21:47:56 **** Incremental Build of configuration Debug for project CompactTraceDescriptor ****
make all 
make: Warning: File 'src/subdir.mk' has modification time 163 s in the future
Building file: ../src/DataProcessor.cpp
Invoking: GCC C++ Compiler
g++ -std=c++11 -I"/home/ldapusers/apaschoalon/ProjetoMestrado/Components/D-ITG-2.8.1-r1023//src/libITG" -O2 -g3 -Wall -c -fmessage-length=0 -std=c++11 -MMD -MP -MF"src/DataProcessor.d" -MT"src/DataProcessor.o" -o "src/DataProcessor.o" "../src/DataProcessor.cpp"
../src/DataProcessor.cpp: In member function ‘int DataProcessor::calculate(const string&, DatabaseInterface*, NetworkTrace*)’:
../src/DataProcessor.cpp:327:12: error: ‘class NetworkFlow’ has no member named ‘setPacketSizeModelMode1’
   netFlow->setPacketSizeModelMode1(
            ^
../src/DataProcessor.cpp:329:12: error: ‘class NetworkFlow’ has no member named ‘setPacketSizeModelMode2’
   netFlow->setPacketSizeModelMode2(
            ^
../src/DataProcessor.cpp:331:12: error: ‘class NetworkFlow’ has no member named ‘setNkbytesMode1’
   netFlow->setNkbytesMode1(nKbytesMode1);
            ^
../src/DataProcessor.cpp:332:12: error: ‘class NetworkFlow’ has no member named ‘setNkbytesMode2’
   netFlow->setNkbytesMode2(nKbytesMode2);
            ^
../src/DataProcessor.cpp:333:12: error: ‘class NetworkFlow’ has no member named ‘setNpacketMode1’
   netFlow->setNpacketMode1(psFirstMode.size());
            ^
../src/DataProcessor.cpp:334:12: error: ‘class NetworkFlow’ has no member named ‘setNpacketsMode2’
   netFlow->setNpacketsMode2(psSecondMode.size());
            ^
src/subdir.mk:45: recipe for target 'src/DataProcessor.o' failed
make: *** [src/DataProcessor.o] Error 1
21:47:58 **** Incremental Build of configuration Debug for project Prototypes ****
make all 
make: Warning: File 'Algorithms/subdir.mk' has modification time 163 s in the future
make: warning:  Clock skew detected.  Your build may be incomplete.
make: Nothing to be done for 'all'.
21:50:42 **** Incremental Build of configuration Debug for project CompactTraceDescriptor ****
make all 
make: Warning: File 'src/subdir.mk' has modification time 163 s in the future
Building file: ../src/DataProcessor.cpp
Invoking: GCC C++ Compiler
g++ -std=c++11 -I"/home/ldapusers/apaschoalon/ProjetoMestrado/Components/D-ITG-2.8.1-r1023//src/libITG" -O2 -g3 -Wall -c -fmessage-length=0 -std=c++11 -MMD -MP -MF"src/DataProcessor.d" -MT"src/DataProcessor.o" -o "src/DataProcessor.o" "../src/DataProcessor.cpp"
../src/DataProcessor.cpp: In member function ‘int DataProcessor::calculate(const string&, DatabaseInterface*, NetworkTrace*)’:
../src/DataProcessor.cpp:327:12: error: ‘class NetworkFlow’ has no member named ‘setPacketSizeModelMode1’
   netFlow->setPacketSizeModelMode1(
            ^
../src/DataProcessor.cpp:329:12: error: ‘class NetworkFlow’ has no member named ‘setPacketSizeModelMode2’
   netFlow->setPacketSizeModelMode2(
            ^
../src/DataProcessor.cpp:331:12: error: ‘class NetworkFlow’ has no member named ‘setNkbytesMode1’
   netFlow->setNkbytesMode1(nKbytesMode1);
            ^
../src/DataProcessor.cpp:332:12: error: ‘class NetworkFlow’ has no member named ‘setNkbytesMode2’
   netFlow->setNkbytesMode2(nKbytesMode2);
            ^
../src/DataProcessor.cpp:333:12: error: ‘class NetworkFlow’ has no member named ‘setNpacketMode1’
   netFlow->setNpacketMode1(psFirstMode.size());
            ^
../src/DataProcessor.cpp:334:12: error: ‘class NetworkFlow’ has no member named ‘setNpacketsMode2’
   netFlow->setNpacketsMode2(psSecondMode.size());
            ^
make: *** [src/DataProcessor.o] Error 1
src/subdir.mk:45: recipe for target 'src/DataProcessor.o' failed
21:50:44 **** Incremental Build of configuration Debug for project Prototypes ****
make all 
make: Warning: File 'Algorithms/subdir.mk' has modification time 163 s in the future
make: warning:  Clock skew detected.  Your build may be incomplete.
make: Nothing to be done for 'all'.
21:52:01 **** Clean-only build of configuration Debug for project CompactTraceDescriptor ****
make clean 
make: Warning: File 'src/subdir.mk' has modification time 84 s in the future
rm -rf  ./src/DataProcessor.o ./src/DatabaseInterface.o ./src/DitgFlow.o ./src/DummyFlow.o ./src/Main.o ./src/NetworkFlow.o ./src/NetworkTrace.o ./src/StochasticModelFit.o ./src/TestClass.o ./src/TraceAnalyzer.o  ./src/DataProcessor.d ./src/DatabaseInterface.d ./src/DitgFlow.d ./src/DummyFlow.d ./src/Main.d ./src/NetworkFlow.d ./src/NetworkTrace.d ./src/StochasticModelFit.d ./src/TestClass.d ./src/TraceAnalyzer.d  CompactTraceDescriptor
 
make: warning:  Clock skew detected.  Your build may be incomplete.
21:52:03 **** Build of configuration Debug for project CompactTraceDescriptor ****
make all 
make: Warning: File 'objects.mk' has modification time 162 s in the future
Building file: ../src/DataProcessor.cpp
Invoking: GCC C++ Compiler
g++ -std=c++11 -I"/home/ldapusers/apaschoalon/ProjetoMestrado/Components/D-ITG-2.8.1-r1023//src/libITG" -O2 -g3 -Wall -c -fmessage-length=0 -std=c++11 -MMD -MP -MF"src/DataProcessor.d" -MT"src/DataProcessor.o" -o "src/DataProcessor.o" "../src/DataProcessor.cpp"
Finished building: ../src/DataProcessor.cpp
 
Building file: ../src/DatabaseInterface.cpp
Invoking: GCC C++ Compiler
g++ -std=c++11 -I"/home/ldapusers/apaschoalon/ProjetoMestrado/Components/D-ITG-2.8.1-r1023//src/libITG" -O2 -g3 -Wall -c -fmessage-length=0 -std=c++11 -MMD -MP -MF"src/DatabaseInterface.d" -MT"src/DatabaseInterface.o" -o "src/DatabaseInterface.o" "../src/DatabaseInterface.cpp"
Finished building: ../src/DatabaseInterface.cpp
 
Building file: ../src/DitgFlow.cpp
Invoking: GCC C++ Compiler
g++ -std=c++11 -I"/home/ldapusers/apaschoalon/ProjetoMestrado/Components/D-ITG-2.8.1-r1023//src/libITG" -O2 -g3 -Wall -c -fmessage-length=0 -std=c++11 -MMD -MP -MF"src/DitgFlow.d" -MT"src/DitgFlow.o" -o "src/DitgFlow.o" "../src/DitgFlow.cpp"
Finished building: ../src/DitgFlow.cpp
 
Building file: ../src/DummyFlow.cpp
Invoking: GCC C++ Compiler
g++ -std=c++11 -I"/home/ldapusers/apaschoalon/ProjetoMestrado/Components/D-ITG-2.8.1-r1023//src/libITG" -O2 -g3 -Wall -c -fmessage-length=0 -std=c++11 -MMD -MP -MF"src/DummyFlow.d" -MT"src/DummyFlow.o" -o "src/DummyFlow.o" "../src/DummyFlow.cpp"
../src/DummyFlow.cpp: In member function ‘virtual void DummyFlow::flowGenerate()’:
../src/DummyFlow.cpp:155:15: warning: unused variable ‘usecs’ [-Wunused-variable]
  unsigned int usecs = (unsigned int) (this->getFlowStartDelay() * MEGA_POWER);
               ^
../src/DummyFlow.cpp: In member function ‘virtual StochasticModelFit DummyFlow::getPacketSizeModelMode1_next() const’:
../src/DummyFlow.cpp:1419:27: error: increment of member ‘DummyFlow::packetSizeModel1_counter’ in read-only object
   packetSizeModel1_counter++;
                           ^
../src/DummyFlow.cpp: In member function ‘virtual StochasticModelFit DummyFlow::getPacketSizeModelMode2_next() const’:
../src/DummyFlow.cpp:1441:27: error: increment of member ‘DummyFlow::packetSizeModel2_counter’ in read-only object
   packetSizeModel2_counter++;
                           ^
../src/DummyFlow.cpp: In member function ‘virtual void DummyFlow::setPacketSizeModel(StochasticModelFit*, StochasticModelFit*, long int, long int, long int, long int) const’:
../src/DummyFlow.cpp:1452:10: error: assignment of member ‘DummyFlow::psMode1’ in read-only object
  psMode1 = modelVet1;
          ^
../src/DummyFlow.cpp:1453:10: error: assignment of member ‘DummyFlow::psMode2’ in read-only object
  psMode2 = modelVet2;
          ^
../src/DummyFlow.cpp:1454:27: error: assignment of member ‘DummyFlow::packetSizeModel1_counter’ in read-only object
  packetSizeModel1_counter = 0;
                           ^
../src/DummyFlow.cpp:1455:27: error: assignment of member ‘DummyFlow::packetSizeModel2_counter’ in read-only object
  packetSizeModel2_counter = 0;
                           ^
../src/DummyFlow.cpp:1456:16: error: assignment of member ‘DummyFlow::nkbytes_mode1’ in read-only object
  nkbytes_mode1 = nkbytesMode1;
                ^
../src/DummyFlow.cpp:1457:16: error: assignment of member ‘DummyFlow::nkbytes_mode2’ in read-only object
  nkbytes_mode2 = nkbytesMode2;
                ^
../src/DummyFlow.cpp:1458:16: error: assignment of member ‘DummyFlow::npacket_mode1’ in read-only object
  npacket_mode1 = nPacketsMode1;
                ^
../src/DummyFlow.cpp:1459:17: error: assignment of member ‘DummyFlow::npackets_mode2’ in read-only object
  npackets_mode2 = nPacketsMode2;
                 ^
make: *** [src/DummyFlow.o] Error 1
src/subdir.mk:45: recipe for target 'src/DummyFlow.o' failed
21:52:11 **** Incremental Build of configuration Debug for project Prototypes ****
make all 
make: Warning: File 'Algorithms/subdir.mk' has modification time 163 s in the future
make: warning:  Clock skew detected.  Your build may be incomplete.
make: Nothing to be done for 'all'.
21:53:07 **** Incremental Build of configuration Debug for project CompactTraceDescriptor ****
make all 
make: Warning: File 'src/DitgFlow.d' has modification time 106 s in the future
Building file: ../src/DataProcessor.cpp
Invoking: GCC C++ Compiler
g++ -std=c++11 -I"/home/ldapusers/apaschoalon/ProjetoMestrado/Components/D-ITG-2.8.1-r1023//src/libITG" -O2 -g3 -Wall -c -fmessage-length=0 -std=c++11 -MMD -MP -MF"src/DataProcessor.d" -MT"src/DataProcessor.o" -o "src/DataProcessor.o" "../src/DataProcessor.cpp"
Finished building: ../src/DataProcessor.cpp
 
Building file: ../src/DitgFlow.cpp
Invoking: GCC C++ Compiler
g++ -std=c++11 -I"/home/ldapusers/apaschoalon/ProjetoMestrado/Components/D-ITG-2.8.1-r1023//src/libITG" -O2 -g3 -Wall -c -fmessage-length=0 -std=c++11 -MMD -MP -MF"src/DitgFlow.d" -MT"src/DitgFlow.o" -o "src/DitgFlow.o" "../src/DitgFlow.cpp"
Finished building: ../src/DitgFlow.cpp
 
Building file: ../src/DummyFlow.cpp
Invoking: GCC C++ Compiler
g++ -std=c++11 -I"/home/ldapusers/apaschoalon/ProjetoMestrado/Components/D-ITG-2.8.1-r1023//src/libITG" -O2 -g3 -Wall -c -fmessage-length=0 -std=c++11 -MMD -MP -MF"src/DummyFlow.d" -MT"src/DummyFlow.o" -o "src/DummyFlow.o" "../src/DummyFlow.cpp"
../src/DummyFlow.cpp: In member function ‘virtual void DummyFlow::flowGenerate()’:
../src/DummyFlow.cpp:155:15: warning: unused variable ‘usecs’ [-Wunused-variable]
  unsigned int usecs = (unsigned int) (this->getFlowStartDelay() * MEGA_POWER);
               ^
../src/DummyFlow.cpp: In member function ‘virtual StochasticModelFit DummyFlow::getPacketSizeModelMode1_next() const’:
../src/DummyFlow.cpp:1419:27: error: increment of member ‘DummyFlow::packetSizeModel1_counter’ in read-only object
   packetSizeModel1_counter++;
                           ^
../src/DummyFlow.cpp: In member function ‘virtual StochasticModelFit DummyFlow::getPacketSizeModelMode2_next() const’:
../src/DummyFlow.cpp:1441:27: error: increment of member ‘DummyFlow::packetSizeModel2_counter’ in read-only object
   packetSizeModel2_counter++;
                           ^
../src/DummyFlow.cpp: At global scope:
../src/DummyFlow.cpp:1447:6: error: prototype for ‘void DummyFlow::setPacketSizeModel(StochasticModelFit*, StochasticModelFit*, long int, long int, long int, long int) const’ does not match any in class ‘DummyFlow’
 void DummyFlow::setPacketSizeModel(StochasticModelFit* modelVet1,
      ^
In file included from ../src/DummyFlow.cpp:9:0:
../src/DummyFlow.h:125:7: error: candidate is: virtual void DummyFlow::setPacketSizeModel(StochasticModelFit*, StochasticModelFit*, long int, long int, long int, long int)
  void setPacketSizeModel(StochasticModelFit* modelVet1,
       ^
make: *** [src/DummyFlow.o] Error 1
src/subdir.mk:45: recipe for target 'src/DummyFlow.o' failed
21:53:13 **** Incremental Build of configuration Debug for project Prototypes ****
make all 
make: Warning: File 'Algorithms/subdir.mk' has modification time 163 s in the future
make: warning:  Clock skew detected.  Your build may be incomplete.
make: Nothing to be done for 'all'.
21:55:14 **** Incremental Build of configuration Debug for project CompactTraceDescriptor ****
make all 
make: Warning: File 'src/DitgFlow.d' has modification time 41 s in the future
Building file: ../src/DataProcessor.cpp
Invoking: GCC C++ Compiler
g++ -std=c++11 -I"/home/ldapusers/apaschoalon/ProjetoMestrado/Components/D-ITG-2.8.1-r1023//src/libITG" -O2 -g3 -Wall -c -fmessage-length=0 -std=c++11 -MMD -MP -MF"src/DataProcessor.d" -MT"src/DataProcessor.o" -o "src/DataProcessor.o" "../src/DataProcessor.cpp"
Finished building: ../src/DataProcessor.cpp
 
Building file: ../src/DitgFlow.cpp
Invoking: GCC C++ Compiler
g++ -std=c++11 -I"/home/ldapusers/apaschoalon/ProjetoMestrado/Components/D-ITG-2.8.1-r1023//src/libITG" -O2 -g3 -Wall -c -fmessage-length=0 -std=c++11 -MMD -MP -MF"src/DitgFlow.d" -MT"src/DitgFlow.o" -o "src/DitgFlow.o" "../src/DitgFlow.cpp"
Finished building: ../src/DitgFlow.cpp
 
Building file: ../src/DummyFlow.cpp
Invoking: GCC C++ Compiler
g++ -std=c++11 -I"/home/ldapusers/apaschoalon/ProjetoMestrado/Components/D-ITG-2.8.1-r1023//src/libITG" -O2 -g3 -Wall -c -fmessage-length=0 -std=c++11 -MMD -MP -MF"src/DummyFlow.d" -MT"src/DummyFlow.o" -o "src/DummyFlow.o" "../src/DummyFlow.cpp"
../src/DummyFlow.cpp: In member function ‘virtual void DummyFlow::flowGenerate()’:
../src/DummyFlow.cpp:155:15: warning: unused variable ‘usecs’ [-Wunused-variable]
  unsigned int usecs = (unsigned int) (this->getFlowStartDelay() * MEGA_POWER);
               ^
../src/DummyFlow.cpp: In member function ‘virtual StochasticModelFit DummyFlow::getPacketSizeModelMode1_next() const’:
../src/DummyFlow.cpp:1419:27: error: increment of member ‘DummyFlow::packetSizeModel1_counter’ in read-only object
   packetSizeModel1_counter++;
                           ^
../src/DummyFlow.cpp: In member function ‘virtual StochasticModelFit DummyFlow::getPacketSizeModelMode2_next() const’:
../src/DummyFlow.cpp:1441:27: error: increment of member ‘DummyFlow::packetSizeModel2_counter’ in read-only object
   packetSizeModel2_counter++;
                           ^
src/subdir.mk:45: recipe for target 'src/DummyFlow.o' failed
make: *** [src/DummyFlow.o] Error 1
21:55:20 **** Incremental Build of configuration Debug for project Prototypes ****
make all 
make: Warning: File 'Algorithms/subdir.mk' has modification time 163 s in the future
make: Nothing to be done for 'all'.
make: warning:  Clock skew detected.  Your build may be incomplete.
21:56:00 **** Incremental Build of configuration Debug for project CompactTraceDescriptor ****
make all 
make: Warning: File 'src/DitgFlow.d' has modification time 122 s in the future
Building file: ../src/DummyFlow.cpp
Invoking: GCC C++ Compiler
g++ -std=c++11 -I"/home/ldapusers/apaschoalon/ProjetoMestrado/Components/D-ITG-2.8.1-r1023//src/libITG" -O2 -g3 -Wall -c -fmessage-length=0 -std=c++11 -MMD -MP -MF"src/DummyFlow.d" -MT"src/DummyFlow.o" -o "src/DummyFlow.o" "../src/DummyFlow.cpp"
../src/DummyFlow.cpp: In member function ‘virtual void DummyFlow::flowGenerate()’:
../src/DummyFlow.cpp:155:15: warning: unused variable ‘usecs’ [-Wunused-variable]
  unsigned int usecs = (unsigned int) (this->getFlowStartDelay() * MEGA_POWER);
               ^
../src/DummyFlow.cpp: At global scope:
../src/DummyFlow.cpp:1403:20: error: prototype for ‘StochasticModelFit DummyFlow::getPacketSizeModelMode1_next()’ does not match any in class ‘DummyFlow’
 StochasticModelFit DummyFlow::getPacketSizeModelMode1_next()
                    ^
In file included from ../src/DummyFlow.cpp:9:0:
../src/DummyFlow.h:122:21: error: candidate is: virtual StochasticModelFit DummyFlow::getPacketSizeModelMode1_next() const
  StochasticModelFit getPacketSizeModelMode1_next() const;
                     ^
../src/DummyFlow.cpp:1425:20: error: prototype for ‘StochasticModelFit DummyFlow::getPacketSizeModelMode2_next()’ does not match any in class ‘DummyFlow’
 StochasticModelFit DummyFlow::getPacketSizeModelMode2_next()
                    ^
In file included from ../src/DummyFlow.cpp:9:0:
../src/DummyFlow.h:123:21: error: candidate is: virtual StochasticModelFit DummyFlow::getPacketSizeModelMode2_next() const
  StochasticModelFit getPacketSizeModelMode2_next() const;
                     ^
make: *** [src/DummyFlow.o] Error 1
src/subdir.mk:45: recipe for target 'src/DummyFlow.o' failed
21:56:01 **** Incremental Build of configuration Debug for project Prototypes ****
make all 
make: Warning: File 'Algorithms/subdir.mk' has modification time 163 s in the future
make: warning:  Clock skew detected.  Your build may be incomplete.
make: Nothing to be done for 'all'.
21:56:24 **** Incremental Build of configuration Debug for project CompactTraceDescriptor ****
make all 
make: Warning: File 'src/DitgFlow.d' has modification time 98 s in the future
Building file: ../src/DataProcessor.cpp
Invoking: GCC C++ Compiler
g++ -std=c++11 -I"/home/ldapusers/apaschoalon/ProjetoMestrado/Components/D-ITG-2.8.1-r1023//src/libITG" -O2 -g3 -Wall -c -fmessage-length=0 -std=c++11 -MMD -MP -MF"src/DataProcessor.d" -MT"src/DataProcessor.o" -o "src/DataProcessor.o" "../src/DataProcessor.cpp"
Finished building: ../src/DataProcessor.cpp
 
Building file: ../src/DitgFlow.cpp
Invoking: GCC C++ Compiler
g++ -std=c++11 -I"/home/ldapusers/apaschoalon/ProjetoMestrado/Components/D-ITG-2.8.1-r1023//src/libITG" -O2 -g3 -Wall -c -fmessage-length=0 -std=c++11 -MMD -MP -MF"src/DitgFlow.d" -MT"src/DitgFlow.o" -o "src/DitgFlow.o" "../src/DitgFlow.cpp"
Finished building: ../src/DitgFlow.cpp
 
Building file: ../src/DummyFlow.cpp
Invoking: GCC C++ Compiler
g++ -std=c++11 -I"/home/ldapusers/apaschoalon/ProjetoMestrado/Components/D-ITG-2.8.1-r1023//src/libITG" -O2 -g3 -Wall -c -fmessage-length=0 -std=c++11 -MMD -MP -MF"src/DummyFlow.d" -MT"src/DummyFlow.o" -o "src/DummyFlow.o" "../src/DummyFlow.cpp"
../src/DummyFlow.cpp: In member function ‘virtual void DummyFlow::flowGenerate()’:
../src/DummyFlow.cpp:155:15: warning: unused variable ‘usecs’ [-Wunused-variable]
  unsigned int usecs = (unsigned int) (this->getFlowStartDelay() * MEGA_POWER);
               ^
../src/DummyFlow.cpp: At global scope:
../src/DummyFlow.cpp:1403:20: error: prototype for ‘StochasticModelFit DummyFlow::getPacketSizeModelMode1_next()’ does not match any in class ‘DummyFlow’
 StochasticModelFit DummyFlow::getPacketSizeModelMode1_next()
                    ^
In file included from ../src/DummyFlow.cpp:9:0:
../src/DummyFlow.h:122:21: error: candidate is: StochasticModelFit DummyFlow::getPacketSizeModelMode1_next() const
  StochasticModelFit getPacketSizeModelMode1_next() const;
                     ^
../src/DummyFlow.cpp:1425:20: error: prototype for ‘StochasticModelFit DummyFlow::getPacketSizeModelMode2_next()’ does not match any in class ‘DummyFlow’
 StochasticModelFit DummyFlow::getPacketSizeModelMode2_next()
                    ^
In file included from ../src/DummyFlow.cpp:9:0:
../src/DummyFlow.h:123:21: error: candidate is: StochasticModelFit DummyFlow::getPacketSizeModelMode2_next() const
  StochasticModelFit getPacketSizeModelMode2_next() const;
                     ^
src/subdir.mk:45: recipe for target 'src/DummyFlow.o' failed
make: *** [src/DummyFlow.o] Error 1
21:56:30 **** Incremental Build of configuration Debug for project Prototypes ****
make all 
make: Warning: File 'Algorithms/subdir.mk' has modification time 163 s in the future
make: Nothing to be done for 'all'.
make: warning:  Clock skew detected.  Your build may be incomplete.
21:56:35 **** Incremental Build of configuration Debug for project CompactTraceDescriptor ****
make all 
make: Warning: File 'src/DitgFlow.d' has modification time 157 s in the future
Building file: ../src/DitgFlow.cpp
Invoking: GCC C++ Compiler
g++ -std=c++11 -I"/home/ldapusers/apaschoalon/ProjetoMestrado/Components/D-ITG-2.8.1-r1023//src/libITG" -O2 -g3 -Wall -c -fmessage-length=0 -std=c++11 -MMD -MP -MF"src/DitgFlow.d" -MT"src/DitgFlow.o" -o "src/DitgFlow.o" "../src/DitgFlow.cpp"
Finished building: ../src/DitgFlow.cpp
 
Building file: ../src/DummyFlow.cpp
Invoking: GCC C++ Compiler
g++ -std=c++11 -I"/home/ldapusers/apaschoalon/ProjetoMestrado/Components/D-ITG-2.8.1-r1023//src/libITG" -O2 -g3 -Wall -c -fmessage-length=0 -std=c++11 -MMD -MP -MF"src/DummyFlow.d" -MT"src/DummyFlow.o" -o "src/DummyFlow.o" "../src/DummyFlow.cpp"
../src/DummyFlow.cpp: In member function ‘virtual void DummyFlow::flowGenerate()’:
../src/DummyFlow.cpp:155:15: warning: unused variable ‘usecs’ [-Wunused-variable]
  unsigned int usecs = (unsigned int) (this->getFlowStartDelay() * MEGA_POWER);
               ^
Finished building: ../src/DummyFlow.cpp
 
Building file: ../src/Main.cpp
Invoking: GCC C++ Compiler
g++ -std=c++11 -I"/home/ldapusers/apaschoalon/ProjetoMestrado/Components/D-ITG-2.8.1-r1023//src/libITG" -O2 -g3 -Wall -c -fmessage-length=0 -std=c++11 -MMD -MP -MF"src/Main.d" -MT"src/Main.o" -o "src/Main.o" "../src/Main.cpp"
Finished building: ../src/Main.cpp
 
Building file: ../src/NetworkFlow.cpp
Invoking: GCC C++ Compiler
g++ -std=c++11 -I"/home/ldapusers/apaschoalon/ProjetoMestrado/Components/D-ITG-2.8.1-r1023//src/libITG" -O2 -g3 -Wall -c -fmessage-length=0 -std=c++11 -MMD -MP -MF"src/NetworkFlow.d" -MT"src/NetworkFlow.o" -o "src/NetworkFlow.o" "../src/NetworkFlow.cpp"
Finished building: ../src/NetworkFlow.cpp
 
Building file: ../src/NetworkTrace.cpp
Invoking: GCC C++ Compiler
g++ -std=c++11 -I"/home/ldapusers/apaschoalon/ProjetoMestrado/Components/D-ITG-2.8.1-r1023//src/libITG" -O2 -g3 -Wall -c -fmessage-length=0 -std=c++11 -MMD -MP -MF"src/NetworkTrace.d" -MT"src/NetworkTrace.o" -o "src/NetworkTrace.o" "../src/NetworkTrace.cpp"
Finished building: ../src/NetworkTrace.cpp
 
Building file: ../src/StochasticModelFit.cpp
Invoking: GCC C++ Compiler
g++ -std=c++11 -I"/home/ldapusers/apaschoalon/ProjetoMestrado/Components/D-ITG-2.8.1-r1023//src/libITG" -O2 -g3 -Wall -c -fmessage-length=0 -std=c++11 -MMD -MP -MF"src/StochasticModelFit.d" -MT"src/StochasticModelFit.o" -o "src/StochasticModelFit.o" "../src/StochasticModelFit.cpp"
Finished building: ../src/StochasticModelFit.cpp
 
Building file: ../src/TestClass.cpp
Invoking: GCC C++ Compiler
g++ -std=c++11 -I"/home/ldapusers/apaschoalon/ProjetoMestrado/Components/D-ITG-2.8.1-r1023//src/libITG" -O2 -g3 -Wall -c -fmessage-length=0 -std=c++11 -MMD -MP -MF"src/TestClass.d" -MT"src/TestClass.o" -o "src/TestClass.o" "../src/TestClass.cpp"
Finished building: ../src/TestClass.cpp
 
Building file: ../src/TraceAnalyzer.cpp
Invoking: GCC C++ Compiler
g++ -std=c++11 -I"/home/ldapusers/apaschoalon/ProjetoMestrado/Components/D-ITG-2.8.1-r1023//src/libITG" -O2 -g3 -Wall -c -fmessage-length=0 -std=c++11 -MMD -MP -MF"src/TraceAnalyzer.d" -MT"src/TraceAnalyzer.o" -o "src/TraceAnalyzer.o" "../src/TraceAnalyzer.cpp"
Finished building: ../src/TraceAnalyzer.cpp
 
Building target: CompactTraceDescriptor
Invoking: GCC C++ Linker
g++  -o "CompactTraceDescriptor"  ./src/DataProcessor.o ./src/DatabaseInterface.o ./src/DitgFlow.o ./src/DummyFlow.o ./src/Main.o ./src/NetworkFlow.o ./src/NetworkTrace.o ./src/StochasticModelFit.o ./src/TestClass.o ./src/TraceAnalyzer.o   -lpthread -lsqlite3 -larmadillo -lITG
Finished building target: CompactTraceDescriptor
 
make: warning:  Clock skew detected.  Your build may be incomplete.
21:56:44 **** Incremental Build of configuration Debug for project Prototypes ****
make all 
make: Warning: File 'Algorithms/subdir.mk' has modification time 163 s in the future
make: warning:  Clock skew detected.  Your build may be incomplete.
make: Nothing to be done for 'all'.
22:18:57 **** Incremental Build of configuration Debug for project CompactTraceDescriptor ****
make all 
make: Warning: File 'src/subdir.mk' has modification time 162 s in the future
Building file: ../src/DummyFlow.cpp
Invoking: GCC C++ Compiler
g++ -std=c++11 -I"/home/ldapusers/apaschoalon/ProjetoMestrado/Components/D-ITG-2.8.1-r1023//src/libITG" -O2 -g3 -Wall -c -fmessage-length=0 -std=c++11 -MMD -MP -MF"src/DummyFlow.d" -MT"src/DummyFlow.o" -o "src/DummyFlow.o" "../src/DummyFlow.cpp"
../src/DummyFlow.cpp: In member function ‘virtual void DummyFlow::flowGenerate()’:
../src/DummyFlow.cpp:81:15: warning: unused variable ‘usecs’ [-Wunused-variable]
  unsigned int usecs = (unsigned int) (this->getFlowStartDelay() * MEGA_POWER);
               ^
Finished building: ../src/DummyFlow.cpp
 
Building target: CompactTraceDescriptor
Invoking: GCC C++ Linker
g++  -o "CompactTraceDescriptor"  ./src/DataProcessor.o ./src/DatabaseInterface.o ./src/DitgFlow.o ./src/DummyFlow.o ./src/Main.o ./src/NetworkFlow.o ./src/NetworkTrace.o ./src/StochasticModelFit.o ./src/TestClass.o ./src/TraceAnalyzer.o   -lpthread -lsqlite3 -larmadillo -lITG
Finished building target: CompactTraceDescriptor
 
make: warning:  Clock skew detected.  Your build may be incomplete.
22:19:01 **** Incremental Build of configuration Debug for project Prototypes ****
make all 
make: Warning: File 'Algorithms/subdir.mk' has modification time 163 s in the future
make: warning:  Clock skew detected.  Your build may be incomplete.
make: Nothing to be done for 'all'.
22:19:04 **** Incremental Build of configuration Debug for project CompactTraceDescriptor ****
make all 
make: Warning: File 'src/DummyFlow.d' has modification time 158 s in the future
make: warning:  Clock skew detected.  Your build may be incomplete.
make: Nothing to be done for 'all'.
22:21:29 **** Incremental Build of configuration Debug for project CompactTraceDescriptor ****
make all 
make: Warning: File 'src/DummyFlow.d' has modification time 14 s in the future
Building file: ../src/DummyFlow.cpp
Invoking: GCC C++ Compiler
g++ -std=c++11 -I"/home/ldapusers/apaschoalon/ProjetoMestrado/Components/D-ITG-2.8.1-r1023//src/libITG" -O2 -g3 -Wall -c -fmessage-length=0 -std=c++11 -MMD -MP -MF"src/DummyFlow.d" -MT"src/DummyFlow.o" -o "src/DummyFlow.o" "../src/DummyFlow.cpp"
../src/DummyFlow.cpp: In member function ‘virtual void DummyFlow::flowGenerate()’:
../src/DummyFlow.cpp:81:15: warning: unused variable ‘usecs’ [-Wunused-variable]
  unsigned int usecs = (unsigned int) (this->getFlowStartDelay() * MEGA_POWER);
               ^
Finished building: ../src/DummyFlow.cpp
 
Building target: CompactTraceDescriptor
Invoking: GCC C++ Linker
g++  -o "CompactTraceDescriptor"  ./src/DataProcessor.o ./src/DatabaseInterface.o ./src/DitgFlow.o ./src/DummyFlow.o ./src/Main.o ./src/NetworkFlow.o ./src/NetworkTrace.o ./src/StochasticModelFit.o ./src/TestClass.o ./src/TraceAnalyzer.o   -lpthread -lsqlite3 -larmadillo -lITG
Finished building target: CompactTraceDescriptor
 
make: warning:  Clock skew detected.  Your build may be incomplete.
22:21:32 **** Incremental Build of configuration Debug for project Prototypes ****
make all 
make: Warning: File 'Algorithms/subdir.mk' has modification time 162 s in the future
make: warning:  Clock skew detected.  Your build may be incomplete.
make: Nothing to be done for 'all'.
22:21:35 **** Incremental Build of configuration Debug for project CompactTraceDescriptor ****
make all 
make: Warning: File 'src/DummyFlow.d' has modification time 159 s in the future
make: warning:  Clock skew detected.  Your build may be incomplete.
make: Nothing to be done for 'all'.
16:30:32 **** Incremental Build of configuration Debug for project CompactTraceDescriptor ****
make all 
make: Warning: File 'src/subdir.mk' has modification time 158 s in the future
Building file: ../src/DataProcessor.cpp
Invoking: GCC C++ Compiler
g++ -std=c++11 -I"/home/ldapusers/apaschoalon/ProjetoMestrado/Components/D-ITG-2.8.1-r1023//src/libITG" -O2 -g3 -Wall -c -fmessage-length=0 -std=c++11 -MMD -MP -MF"src/DataProcessor.d" -MT"src/DataProcessor.o" -o "src/DataProcessor.o" "../src/DataProcessor.cpp"
In file included from ../src/DataProcessor.cpp:8:0:
../src/DataProcessor.h:507:82: error: expected ‘,’ or ‘...’ before ‘::’ token
  StochasticModelFit* fitModelsSimplified(list<double>& empiricalDataDataProcessor::fitModelsSimplified);
                                                                                  ^
../src/DataProcessor.cpp: In member function ‘StochasticModelFit* DataProcessor::fitModelsSimplified(std::list<double>&)’:
../src/DataProcessor.cpp:694:7: error: ‘criterion’ was not declared in this scope
   if (criterion == "bic")
       ^
src/subdir.mk:45: recipe for target 'src/DataProcessor.o' failed
make: *** [src/DataProcessor.o] Error 1
16:30:35 **** Incremental Build of configuration Debug for project Prototypes ****
make all 
make: Warning: File 'Algorithms/subdir.mk' has modification time 158 s in the future
make: warning:  Clock skew detected.  Your build may be incomplete.
make: Nothing to be done for 'all'.
16:31:10 **** Incremental Build of configuration Debug for project CompactTraceDescriptor ****
make all 
make: Warning: File 'src/subdir.mk' has modification time 158 s in the future
Building file: ../src/DataProcessor.cpp
Invoking: GCC C++ Compiler
g++ -std=c++11 -I"/home/ldapusers/apaschoalon/ProjetoMestrado/Components/D-ITG-2.8.1-r1023//src/libITG" -O2 -g3 -Wall -c -fmessage-length=0 -std=c++11 -MMD -MP -MF"src/DataProcessor.d" -MT"src/DataProcessor.o" -o "src/DataProcessor.o" "../src/DataProcessor.cpp"
../src/DataProcessor.cpp: In member function ‘StochasticModelFit* DataProcessor::fitModelsSimplified(std::list<double>&)’:
../src/DataProcessor.cpp:694:7: error: ‘criterion’ was not declared in this scope
   if (criterion == "bic")
       ^
make: *** [src/DataProcessor.o] Error 1
src/subdir.mk:45: recipe for target 'src/DataProcessor.o' failed
16:31:13 **** Incremental Build of configuration Debug for project Prototypes ****
make all 
make: Warning: File 'Algorithms/subdir.mk' has modification time 158 s in the future
make: warning:  Clock skew detected.  Your build may be incomplete.
make: Nothing to be done for 'all'.
16:33:22 **** Incremental Build of configuration Debug for project CompactTraceDescriptor ****
make all 
make: Warning: File 'src/subdir.mk' has modification time 158 s in the future
Building file: ../src/DataProcessor.cpp
Invoking: GCC C++ Compiler
g++ -std=c++11 -I"/home/ldapusers/apaschoalon/ProjetoMestrado/Components/D-ITG-2.8.1-r1023//src/libITG" -O2 -g3 -Wall -c -fmessage-length=0 -std=c++11 -MMD -MP -MF"src/DataProcessor.d" -MT"src/DataProcessor.o" -o "src/DataProcessor.o" "../src/DataProcessor.cpp"
../src/DataProcessor.cpp: In member function ‘StochasticModelFit* DataProcessor::fitModelsPsSize(std::list<double>&)’:
../src/DataProcessor.cpp:694:7: error: ‘criterion’ was not declared in this scope
   if (criterion == "bic")
       ^
src/subdir.mk:45: recipe for target 'src/DataProcessor.o' failed
make: *** [src/DataProcessor.o] Error 1
16:33:25 **** Incremental Build of configuration Debug for project Prototypes ****
make all 
make: Warning: File 'Algorithms/subdir.mk' has modification time 159 s in the future
make: Nothing to be done for 'all'.
make: warning:  Clock skew detected.  Your build may be incomplete.
16:36:05 **** Incremental Build of configuration Debug for project CompactTraceDescriptor ****
make all 
make: Warning: File 'src/subdir.mk' has modification time 158 s in the future
Building file: ../src/DataProcessor.cpp
Invoking: GCC C++ Compiler
g++ -std=c++11 -I"/home/ldapusers/apaschoalon/ProjetoMestrado/Components/D-ITG-2.8.1-r1023//src/libITG" -O2 -g3 -Wall -c -fmessage-length=0 -std=c++11 -MMD -MP -MF"src/DataProcessor.d" -MT"src/DataProcessor.o" -o "src/DataProcessor.o" "../src/DataProcessor.cpp"
../src/DataProcessor.cpp:2020:48: error: no ‘bool DataProcessor::test_fitModelsInterArrival()’ member function declared in class ‘DataProcessor’
 bool DataProcessor::test_fitModelsInterArrival()
                                                ^
src/subdir.mk:45: recipe for target 'src/DataProcessor.o' failed
make: *** [src/DataProcessor.o] Error 1
16:36:08 **** Incremental Build of configuration Debug for project Prototypes ****
make all 
make: Warning: File 'Algorithms/subdir.mk' has modification time 159 s in the future
make: warning:  Clock skew detected.  Your build may be incomplete.
make: Nothing to be done for 'all'.
16:36:33 **** Incremental Build of configuration Debug for project CompactTraceDescriptor ****
make all 
make: Warning: File 'src/subdir.mk' has modification time 159 s in the future
Building file: ../src/DataProcessor.cpp
Invoking: GCC C++ Compiler
g++ -std=c++11 -I"/home/ldapusers/apaschoalon/ProjetoMestrado/Components/D-ITG-2.8.1-r1023//src/libITG" -O2 -g3 -Wall -c -fmessage-length=0 -std=c++11 -MMD -MP -MF"src/DataProcessor.d" -MT"src/DataProcessor.o" -o "src/DataProcessor.o" "../src/DataProcessor.cpp"
Finished building: ../src/DataProcessor.cpp
 
Building file: ../src/Main.cpp
Invoking: GCC C++ Compiler
g++ -std=c++11 -I"/home/ldapusers/apaschoalon/ProjetoMestrado/Components/D-ITG-2.8.1-r1023//src/libITG" -O2 -g3 -Wall -c -fmessage-length=0 -std=c++11 -MMD -MP -MF"src/Main.d" -MT"src/Main.o" -o "src/Main.o" "../src/Main.cpp"
Finished building: ../src/Main.cpp
 
Building file: ../src/TestClass.cpp
Invoking: GCC C++ Compiler
g++ -std=c++11 -I"/home/ldapusers/apaschoalon/ProjetoMestrado/Components/D-ITG-2.8.1-r1023//src/libITG" -O2 -g3 -Wall -c -fmessage-length=0 -std=c++11 -MMD -MP -MF"src/TestClass.d" -MT"src/TestClass.o" -o "src/TestClass.o" "../src/TestClass.cpp"
../src/TestClass.cpp: In constructor ‘std::TestClass::TestClass(std::string)’:
../src/TestClass.cpp:112:37: error: ‘class DataProcessor’ has no member named ‘test_fitModels’
   printTestResult("All fitting", dp.test_fitModels());
                                     ^
src/subdir.mk:45: recipe for target 'src/TestClass.o' failed
make: *** [src/TestClass.o] Error 1
16:36:41 **** Incremental Build of configuration Debug for project Prototypes ****
make all 
make: Warning: File 'Algorithms/subdir.mk' has modification time 159 s in the future
make: Nothing to be done for 'all'.
make: warning:  Clock skew detected.  Your build may be incomplete.
17:24:42 **** Incremental Build of configuration Debug for project CompactTraceDescriptor ****
make all 
make: Warning: File 'src/subdir.mk' has modification time 159 s in the future
Building file: ../src/TestClass.cpp
Invoking: GCC C++ Compiler
g++ -std=c++11 -I"/home/ldapusers/apaschoalon/ProjetoMestrado/Components/D-ITG-2.8.1-r1023//src/libITG" -O2 -g3 -Wall -c -fmessage-length=0 -std=c++11 -MMD -MP -MF"src/TestClass.d" -MT"src/TestClass.o" -o "src/TestClass.o" "../src/TestClass.cpp"
../src/TestClass.cpp: In constructor ‘std::TestClass::TestClass(std::string)’:
../src/TestClass.cpp:112:37: error: ‘class DataProcessor’ has no member named ‘test_fitModels’
   printTestResult("All fitting", dp.test_fitModels());
                                     ^
src/subdir.mk:45: recipe for target 'src/TestClass.o' failed
make: *** [src/TestClass.o] Error 1
17:24:44 **** Incremental Build of configuration Debug for project Prototypes ****
make all 
make: Warning: File 'Algorithms/subdir.mk' has modification time 158 s in the future
make: warning:  Clock skew detected.  Your build may be incomplete.
make: Nothing to be done for 'all'.
17:25:03 **** Incremental Build of configuration Debug for project CompactTraceDescriptor ****
make all 
make: Warning: File 'src/subdir.mk' has modification time 158 s in the future
Building file: ../src/TestClass.cpp
Invoking: GCC C++ Compiler
g++ -std=c++11 -I"/home/ldapusers/apaschoalon/ProjetoMestrado/Components/D-ITG-2.8.1-r1023//src/libITG" -O2 -g3 -Wall -c -fmessage-length=0 -std=c++11 -MMD -MP -MF"src/TestClass.d" -MT"src/TestClass.o" -o "src/TestClass.o" "../src/TestClass.cpp"
Finished building: ../src/TestClass.cpp
 
Building target: CompactTraceDescriptor
Invoking: GCC C++ Linker
g++  -o "CompactTraceDescriptor"  ./src/DataProcessor.o ./src/DatabaseInterface.o ./src/DitgFlow.o ./src/DummyFlow.o ./src/Main.o ./src/NetworkFlow.o ./src/NetworkTrace.o ./src/StochasticModelFit.o ./src/TestClass.o ./src/TraceAnalyzer.o   -lpthread -lsqlite3 -larmadillo -lITG
Finished building target: CompactTraceDescriptor
 
make: warning:  Clock skew detected.  Your build may be incomplete.
17:25:07 **** Incremental Build of configuration Debug for project Prototypes ****
make all 
make: Warning: File 'Algorithms/subdir.mk' has modification time 158 s in the future
make: warning:  Clock skew detected.  Your build may be incomplete.
make: Nothing to be done for 'all'.
17:29:21 **** Incremental Build of configuration Debug for project CompactTraceDescriptor ****
make all 
make: Warning: File 'src/subdir.mk' has modification time 159 s in the future
Building file: ../src/DataProcessor.cpp
Invoking: GCC C++ Compiler
g++ -std=c++11 -I"/home/ldapusers/apaschoalon/ProjetoMestrado/Components/D-ITG-2.8.1-r1023//src/libITG" -O2 -g3 -Wall -c -fmessage-length=0 -std=c++11 -MMD -MP -MF"src/DataProcessor.d" -MT"src/DataProcessor.o" -o "src/DataProcessor.o" "../src/DataProcessor.cpp"
Finished building: ../src/DataProcessor.cpp
 
Building target: CompactTraceDescriptor
Invoking: GCC C++ Linker
g++  -o "CompactTraceDescriptor"  ./src/DataProcessor.o ./src/DatabaseInterface.o ./src/DitgFlow.o ./src/DummyFlow.o ./src/Main.o ./src/NetworkFlow.o ./src/NetworkTrace.o ./src/StochasticModelFit.o ./src/TestClass.o ./src/TraceAnalyzer.o   -lpthread -lsqlite3 -larmadillo -lITG
Finished building target: CompactTraceDescriptor
 
make: warning:  Clock skew detected.  Your build may be incomplete.
17:29:27 **** Incremental Build of configuration Debug for project Prototypes ****
make all 
make: Warning: File 'Algorithms/subdir.mk' has modification time 159 s in the future
make: warning:  Clock skew detected.  Your build may be incomplete.
make: Nothing to be done for 'all'.
17:29:31 **** Incremental Build of configuration Debug for project CompactTraceDescriptor ****
make all 
make: Warning: File 'src/DataProcessor.d' has modification time 153 s in the future
make: warning:  Clock skew detected.  Your build may be incomplete.
make: Nothing to be done for 'all'.
17:33:30 **** Incremental Build of configuration Debug for project CompactTraceDescriptor ****
make all 
make: Warning: File 'src/subdir.mk' has modification time 158 s in the future
Building file: ../src/DataProcessor.cpp
Invoking: GCC C++ Compiler
g++ -std=c++11 -I"/home/ldapusers/apaschoalon/ProjetoMestrado/Components/D-ITG-2.8.1-r1023//src/libITG" -O2 -g3 -Wall -c -fmessage-length=0 -std=c++11 -MMD -MP -MF"src/DataProcessor.d" -MT"src/DataProcessor.o" -o "src/DataProcessor.o" "../src/DataProcessor.cpp"
Finished building: ../src/DataProcessor.cpp
 
Building target: CompactTraceDescriptor
Invoking: GCC C++ Linker
g++  -o "CompactTraceDescriptor"  ./src/DataProcessor.o ./src/DatabaseInterface.o ./src/DitgFlow.o ./src/DummyFlow.o ./src/Main.o ./src/NetworkFlow.o ./src/NetworkTrace.o ./src/StochasticModelFit.o ./src/TestClass.o ./src/TraceAnalyzer.o   -lpthread -lsqlite3 -larmadillo -lITG
Finished building target: CompactTraceDescriptor
 
make: warning:  Clock skew detected.  Your build may be incomplete.
17:33:37 **** Incremental Build of configuration Debug for project Prototypes ****
make all 
make: Warning: File 'Algorithms/subdir.mk' has modification time 158 s in the future
make: warning:  Clock skew detected.  Your build may be incomplete.
make: Nothing to be done for 'all'.
17:33:39 **** Incremental Build of configuration Debug for project CompactTraceDescriptor ****
make all 
make: Warning: File 'src/DataProcessor.d' has modification time 154 s in the future
make: warning:  Clock skew detected.  Your build may be incomplete.
make: Nothing to be done for 'all'.
17:35:41 **** Incremental Build of configuration Debug for project CompactTraceDescriptor ****
make all 
make: Warning: File 'src/DataProcessor.d' has modification time 32 s in the future
Building file: ../src/DummyFlow.cpp
Invoking: GCC C++ Compiler
g++ -std=c++11 -I"/home/ldapusers/apaschoalon/ProjetoMestrado/Components/D-ITG-2.8.1-r1023//src/libITG" -O2 -g3 -Wall -c -fmessage-length=0 -std=c++11 -MMD -MP -MF"src/DummyFlow.d" -MT"src/DummyFlow.o" -o "src/DummyFlow.o" "../src/DummyFlow.cpp"
../src/DummyFlow.cpp: In member function ‘virtual void DummyFlow::flowGenerate()’:
../src/DummyFlow.cpp:81:15: warning: unused variable ‘usecs’ [-Wunused-variable]
  unsigned int usecs = (unsigned int) (this->getFlowStartDelay() * MEGA_POWER);
               ^
Finished building: ../src/DummyFlow.cpp
 
Building target: CompactTraceDescriptor
Invoking: GCC C++ Linker
g++  -o "CompactTraceDescriptor"  ./src/DataProcessor.o ./src/DatabaseInterface.o ./src/DitgFlow.o ./src/DummyFlow.o ./src/Main.o ./src/NetworkFlow.o ./src/NetworkTrace.o ./src/StochasticModelFit.o ./src/TestClass.o ./src/TraceAnalyzer.o   -lpthread -lsqlite3 -larmadillo -lITG
Finished building target: CompactTraceDescriptor
 
make: warning:  Clock skew detected.  Your build may be incomplete.
17:35:45 **** Incremental Build of configuration Debug for project Prototypes ****
make all 
make: Warning: File 'Algorithms/subdir.mk' has modification time 158 s in the future
make: warning:  Clock skew detected.  Your build may be incomplete.
make: Nothing to be done for 'all'.
17:35:54 **** Incremental Build of configuration Debug for project CompactTraceDescriptor ****
make all 
make: Warning: File 'src/DummyFlow.d' has modification time 148 s in the future
make: warning:  Clock skew detected.  Your build may be incomplete.
make: Nothing to be done for 'all'.
